#
# There is insufficient memory for the Java Runtime Environment to continue.
# Native memory allocation (mmap) failed to map 67108864 bytes for Failed to commit area from 0x00000007b4000000 to 0x00000007b8000000 of length 67108864.
# Possible reasons:
#   The system is out of physical RAM or swap space
#   The process is running with CompressedOops enabled, and the Java Heap may be blocking the growth of the native heap
# Possible solutions:
#   Reduce memory load on the system
#   Increase physical memory or swap space
#   Check if swap backing store is full
#   Decrease Java heap size (-Xmx/-Xms)
#   Decrease number of Java threads
#   Decrease Java thread stack sizes (-Xss)
#   Set larger code cache with -XX:ReservedCodeCacheSize=
#   JVM is running with Zero Based Compressed Oops mode in which the Java heap is
#     placed in the first 32GB address space. The Java Heap base address is the
#     maximum limit for the native heap growth. Please use -XX:HeapBaseMinAddress
#     to set the Java Heap base and to place the Java Heap above 32GB virtual address.
# This output file may be truncated or incomplete.
#
#  Out of Memory Error (os_windows.cpp:3371), pid=12612, tid=0x0000000000003258
#
# JRE version: Java(TM) SE Runtime Environment (8.0_211-b12) (build 1.8.0_211-b12)
# Java VM: Java HotSpot(TM) 64-Bit Server VM (25.211-b12 mixed mode windows-amd64 compressed oops)
# Failed to write core dump. Minidumps are not enabled by default on client versions of Windows
#

---------------  T H R E A D  ---------------

Current thread (0x000000000291c000):  VMThread [stack: 0x00000000281b0000,0x00000000282b0000] [id=12888]

Stack: [0x00000000281b0000,0x00000000282b0000]
[error occurred during error reporting (printing stack bounds), id 0xc0000005]

Native frames: (J=compiled Java code, j=interpreted, Vv=VM code, C=native code)

VM_Operation (0x0000000056a2e730): G1IncCollectionPause, mode: safepoint, requested by thread 0x00000000452da000


---------------  P R O C E S S  ---------------

Java Threads: ( => current thread )
  0x00000000452d4800 JavaThread "JM-task-5" [_thread_blocked, id=15912, stack(0x000000003b4a0000,0x000000003b5a0000)]
  0x00000000452d3000 JavaThread "pool-3-thread-2" [_thread_blocked, id=7596, stack(0x0000000056430000,0x0000000056530000)]
  0x00000000452d8800 JavaThread "Chunk Batcher 7" daemon [_thread_blocked, id=12172, stack(0x0000000056a30000,0x0000000056b30000)]
  0x00000000452da000 JavaThread "Chunk Batcher 6" daemon [_thread_blocked, id=15316, stack(0x0000000056930000,0x0000000056a30000)]
  0x00000000452d2800 JavaThread "Chunk Batcher 5" daemon [_thread_blocked, id=1108, stack(0x0000000056830000,0x0000000056930000)]
  0x00000000452d9000 JavaThread "Chunk Batcher 4" daemon [_thread_blocked, id=7536, stack(0x0000000056730000,0x0000000056830000)]
  0x00000000452d7000 JavaThread "Netty Client IO #10" daemon [_thread_in_native, id=13552, stack(0x0000000053580000,0x0000000053680000)]
  0x00000000452d5800 JavaThread "Netty Client IO #9" daemon [_thread_in_native, id=9672, stack(0x0000000057f30000,0x0000000058030000)]
  0x00000000452d7800 JavaThread "Netty Client IO #8" daemon [_thread_in_native, id=12760, stack(0x0000000057a30000,0x0000000057b30000)]
  0x0000000045194800 JavaThread "Netty Client IO #7" daemon [_thread_in_native, id=14936, stack(0x0000000057630000,0x0000000057730000)]
  0x000000004b853000 JavaThread "Server Pinger #4" daemon [_thread_blocked, id=3564, stack(0x0000000057530000,0x0000000057630000)]
  0x000000004bb19800 JavaThread "Netty Client IO #6" daemon [_thread_in_native, id=4268, stack(0x0000000056330000,0x0000000056430000)]
  0x000000004bb19000 JavaThread "Netty Client IO #5" daemon [_thread_in_native, id=4328, stack(0x00000000538a0000,0x00000000539a0000)]
  0x0000000045199000 JavaThread "File IO Thread" [_thread_blocked, id=8560, stack(0x000000008c9b0000,0x000000008cab0000)]
  0x0000000045197000 JavaThread "JM-texture-3" [_thread_blocked, id=13728, stack(0x000000008d700000,0x000000008d800000)]
  0x0000000045192800 JavaThread "JM-texture-2" [_thread_blocked, id=4560, stack(0x000000008d2b0000,0x000000008d3b0000)]
  0x0000000045196000 JavaThread "Narrator" daemon [_thread_blocked, id=5988, stack(0x000000008a3b0000,0x000000008a4b0000)]
  0x000000004bb1f800 JavaThread "Netty Client IO #4" daemon [_thread_in_native, id=9748, stack(0x000000003b9a0000,0x000000003baa0000)]
  0x000000004bb1e000 JavaThread "Netty Client IO #3" daemon [_thread_in_native, id=15092, stack(0x0000000053690000,0x0000000053790000)]
  0x000000004bb1c800 JavaThread "Server Pinger #3" daemon [_thread_blocked, id=10952, stack(0x0000000053030000,0x0000000053130000)]
  0x000000004bb14800 JavaThread "Netty Client IO #2" daemon [_thread_in_native, id=6048, stack(0x0000000052cd0000,0x0000000052dd0000)]
  0x000000004bb16800 JavaThread "Server Pinger #2" daemon [_thread_blocked, id=10648, stack(0x0000000048f60000,0x0000000049060000)]
  0x000000004bb17800 JavaThread "Netty Client IO #1" daemon [_thread_in_native, id=9040, stack(0x0000000052a90000,0x0000000052b90000)]
  0x000000004bb1c000 JavaThread "Server Pinger #1" daemon [_thread_blocked, id=1840, stack(0x0000000052990000,0x0000000052a90000)]
  0x000000004bb15000 JavaThread "threadDeathWatcher-2-1" daemon [_thread_blocked, id=3120, stack(0x0000000049160000,0x0000000049260000)]
  0x000000004bb1b000 JavaThread "Netty Client IO #0" daemon [_thread_in_native, id=9548, stack(0x0000000049060000,0x0000000049160000)]
  0x000000004bb16000 JavaThread "Thread-26" daemon [_thread_in_native, id=7152, stack(0x000000003d8b0000,0x000000003d9b0000)]
  0x000000004bb1a800 JavaThread "Server Pinger #0" daemon [_thread_blocked, id=6600, stack(0x000000003baa0000,0x000000003bba0000)]
  0x000000002c4d2800 JavaThread "Narrator" daemon [_thread_blocked, id=11444, stack(0x00000000371d0000,0x00000000372d0000)]
  0x000000004b84e800 JavaThread "pool-4-thread-1" daemon [_thread_blocked, id=7732, stack(0x0000000052bd0000,0x0000000052cd0000)]
  0x000000004b851800 JavaThread "Ender IO Scheduler" [_thread_blocked, id=2268, stack(0x00000000507c0000,0x00000000508c0000)]
  0x000000004b848800 JavaThread "ic2-poolthread-1" daemon [_thread_blocked, id=11848, stack(0x000000003f880000,0x000000003f980000)]
  0x000000002c4c9000 JavaThread "Thread-12" [_thread_blocked, id=6256, stack(0x0000000041850000,0x0000000041950000)]
  0x000000002c4c8000 JavaThread "Thread-11" [_thread_blocked, id=6360, stack(0x0000000040be0000,0x0000000040ce0000)]
  0x000000002c4ce000 JavaThread "Thread-8" [_thread_blocked, id=15436, stack(0x0000000034f90000,0x0000000035090000)]
  0x00000000294be800 JavaThread "LWJGL Timer" daemon [_thread_blocked, id=7796, stack(0x0000000034c90000,0x0000000034d90000)]
  0x000000002dd46800 JavaThread "Java2D Disposer" daemon [_thread_blocked, id=3104, stack(0x0000000030af0000,0x0000000030bf0000)]
  0x000000002b733000 JavaThread "Timer hack thread" daemon [_thread_blocked, id=12640, stack(0x00000000300e0000,0x00000000301e0000)]
  0x000000002d6f0800 JavaThread "Snooper Timer" daemon [_thread_blocked, id=9928, stack(0x000000002c870000,0x000000002c970000)]
  0x000000002e13e000 JavaThread "Thread-1" [_thread_blocked, id=1492, stack(0x000000002ca60000,0x000000002cb60000)]
  0x00000000281ae000 JavaThread "Service Thread" daemon [_thread_blocked, id=12692, stack(0x0000000028fa0000,0x00000000290a0000)]
  0x000000002815d000 JavaThread "C1 CompilerThread2" daemon [_thread_blocked, id=11208, stack(0x0000000028aa0000,0x0000000028ba0000)]
  0x000000002815c000 JavaThread "C2 CompilerThread1" daemon [_thread_blocked, id=12496, stack(0x00000000289a0000,0x0000000028aa0000)]
  0x000000002815a800 JavaThread "C2 CompilerThread0" daemon [_thread_blocked, id=6052, stack(0x00000000288a0000,0x00000000289a0000)]
  0x0000000028158000 JavaThread "Attach Listener" daemon [_thread_blocked, id=12920, stack(0x00000000287a0000,0x00000000288a0000)]
  0x0000000028155000 JavaThread "Signal Dispatcher" daemon [_thread_blocked, id=4556, stack(0x00000000286a0000,0x00000000287a0000)]
  0x0000000028150800 JavaThread "Surrogate Locker Thread (Concurrent GC)" daemon [_thread_blocked, id=11192, stack(0x00000000285a0000,0x00000000286a0000)]
  0x00000000280fa000 JavaThread "Finalizer" daemon [_thread_blocked, id=14588, stack(0x00000000283b0000,0x00000000284b0000)]
  0x00000000280f3800 JavaThread "Reference Handler" daemon [_thread_blocked, id=8252, stack(0x00000000282b0000,0x00000000283b0000)]
  0x0000000002823800 JavaThread "Client thread" [_thread_blocked, id=15572, stack(0x0000000002490000,0x0000000002590000)]

Other Threads:
=>0x000000000291c000 VMThread [stack: 0x00000000281b0000,0x00000000282b0000] [id=12888]
  0x0000000028c35000 WatcherThread [stack: 0x00000000290a0000,0x00000000291a0000] [id=2192]

VM state:at safepoint (normal execution)

VM Mutex/Monitor currently owned by a thread:  ([mutex/lock_event])
[0x0000000002822ee0] Threads_lock - owner thread: 0x000000000291c000
[0x0000000002821760] Heap_lock - owner thread: 0x00000000452da000

heap address: 0x000000060a000000, size: 7008 MB, Compressed Oops mode: Zero based, Oop shift amount: 3
Narrow klass base: 0x0000000000000000, Narrow klass shift: 3
Compressed class space size: 1073741824 Address: 0x00000007c0000000

Heap:
 garbage-first heap   total 7045120K, used 1740033K [0x000000060a000000, 0x000000060c0006b8, 0x00000007c0000000)
  region size 32768K, 1 young (32768K), 1 survivors (32768K)
 Metaspace       used 247692K, capacity 266822K, committed 267108K, reserved 1265664K
  class space    used 41779K, capacity 51681K, committed 51812K, reserved 1048576K

Heap Regions: (Y=young(eden), SU=young(survivor), HS=humongous(starts), HC=humongous(continues), CS=collection set, F=free, TS=gc time stamp, PTAMS=previous top-at-mark-start, NTAMS=next top-at-mark-start)
AC   0  O    TS     0 PTAMS 0x000000060a000000 NTAMS 0x000000060a000000 space 32768K, 100% used [0x000000060a000000, 0x000000060c000000)
AC   0  O    TS     0 PTAMS 0x000000060c000000 NTAMS 0x000000060c000000 space 32768K,  99% used [0x000000060c000000, 0x000000060e000000)
AC   0  O    TS     0 PTAMS 0x000000060e000000 NTAMS 0x000000060e000000 space 32768K,  99% used [0x000000060e000000, 0x0000000610000000)
AC   0  O    TS     0 PTAMS 0x0000000610000000 NTAMS 0x0000000610000000 space 32768K,  99% used [0x0000000610000000, 0x0000000612000000)
AC   0 HS    TS     0 PTAMS 0x0000000612000000 NTAMS 0x0000000612000000 space 32768K,  50% used [0x0000000612000000, 0x0000000614000000)
AC   0  O    TS     0 PTAMS 0x0000000614000000 NTAMS 0x0000000614000000 space 32768K, 100% used [0x0000000614000000, 0x0000000616000000)
AC   0  O    TS     0 PTAMS 0x0000000616000000 NTAMS 0x0000000616000000 space 32768K,  99% used [0x0000000616000000, 0x0000000618000000)
AC   0  O    TS     0 PTAMS 0x0000000618000000 NTAMS 0x0000000618000000 space 32768K,  99% used [0x0000000618000000, 0x000000061a000000)
AC   0  O    TS     0 PTAMS 0x000000061a000000 NTAMS 0x000000061a000000 space 32768K,  99% used [0x000000061a000000, 0x000000061c000000)
AC   0  O    TS     0 PTAMS 0x000000061c000000 NTAMS 0x000000061c000000 space 32768K,  99% used [0x000000061c000000, 0x000000061e000000)
AC   0  O    TS     0 PTAMS 0x000000061e000000 NTAMS 0x000000061e000000 space 32768K,  99% used [0x000000061e000000, 0x0000000620000000)
AC   0  O    TS     0 PTAMS 0x0000000620000000 NTAMS 0x0000000620000000 space 32768K,  99% used [0x0000000620000000, 0x0000000622000000)
AC   0  O    TS     0 PTAMS 0x0000000622000000 NTAMS 0x0000000622000000 space 32768K,  98% used [0x0000000622000000, 0x0000000624000000)
AC   0  O    TS     0 PTAMS 0x0000000624000000 NTAMS 0x0000000624000000 space 32768K, 100% used [0x0000000624000000, 0x0000000626000000)
AC   0  O    TS     0 PTAMS 0x0000000626000000 NTAMS 0x0000000626000000 space 32768K,  99% used [0x0000000626000000, 0x0000000628000000)
AC   0  O    TS     0 PTAMS 0x0000000628000000 NTAMS 0x0000000628000000 space 32768K,  99% used [0x0000000628000000, 0x000000062a000000)
AC   0  O    TS     0 PTAMS 0x000000062a000000 NTAMS 0x000000062a000000 space 32768K,  99% used [0x000000062a000000, 0x000000062c000000)
AC   0  O    TS     0 PTAMS 0x000000062c000000 NTAMS 0x000000062c000000 space 32768K, 100% used [0x000000062c000000, 0x000000062e000000)
AC   0  O    TS     0 PTAMS 0x000000062e000000 NTAMS 0x000000062e000000 space 32768K,  99% used [0x000000062e000000, 0x0000000630000000)
AC   0  O    TS     0 PTAMS 0x0000000630000000 NTAMS 0x0000000630000000 space 32768K,  99% used [0x0000000630000000, 0x0000000632000000)
AC   0  O    TS     0 PTAMS 0x0000000632000000 NTAMS 0x0000000632000000 space 32768K,  99% used [0x0000000632000000, 0x0000000634000000)
AC   0  O    TS     0 PTAMS 0x0000000634000000 NTAMS 0x0000000634000000 space 32768K,  99% used [0x0000000634000000, 0x0000000636000000)
AC   0  O    TS     0 PTAMS 0x0000000636000000 NTAMS 0x0000000636000000 space 32768K,  99% used [0x0000000636000000, 0x0000000638000000)
AC   0  O    TS     0 PTAMS 0x0000000638000000 NTAMS 0x0000000638000000 space 32768K,  99% used [0x0000000638000000, 0x000000063a000000)
AC   0  O    TS     0 PTAMS 0x000000063a000000 NTAMS 0x000000063a000000 space 32768K,  99% used [0x000000063a000000, 0x000000063c000000)
AC   0  O    TS     0 PTAMS 0x000000063c000000 NTAMS 0x000000063c000000 space 32768K,  99% used [0x000000063c000000, 0x000000063e000000)
AC   0  O    TS     0 PTAMS 0x000000063e000000 NTAMS 0x000000063e000000 space 32768K,  99% used [0x000000063e000000, 0x0000000640000000)
AC   0  O    TS     0 PTAMS 0x0000000640000000 NTAMS 0x0000000640000000 space 32768K,  99% used [0x0000000640000000, 0x0000000642000000)
AC   0  O    TS     0 PTAMS 0x0000000642000000 NTAMS 0x0000000642000000 space 32768K,  99% used [0x0000000642000000, 0x0000000644000000)
AC   0  O    TS     0 PTAMS 0x0000000644000000 NTAMS 0x0000000644000000 space 32768K,  99% used [0x0000000644000000, 0x0000000646000000)
AC   0  O    TS     0 PTAMS 0x0000000646000000 NTAMS 0x0000000646000000 space 32768K,  99% used [0x0000000646000000, 0x0000000648000000)
AC   0  O    TS     0 PTAMS 0x0000000648000000 NTAMS 0x0000000648000000 space 32768K,  99% used [0x0000000648000000, 0x000000064a000000)
AC   0  O    TS     0 PTAMS 0x000000064a000000 NTAMS 0x000000064a000000 space 32768K,  99% used [0x000000064a000000, 0x000000064c000000)
AC   0  O    TS     0 PTAMS 0x000000064c000000 NTAMS 0x000000064c000000 space 32768K,  99% used [0x000000064c000000, 0x000000064e000000)
AC   0  O    TS     0 PTAMS 0x000000064e000000 NTAMS 0x000000064e000000 space 32768K,  99% used [0x000000064e000000, 0x0000000650000000)
AC   0  O    TS     0 PTAMS 0x0000000650000000 NTAMS 0x0000000650000000 space 32768K,  99% used [0x0000000650000000, 0x0000000652000000)
AC   0  O    TS     0 PTAMS 0x0000000652000000 NTAMS 0x0000000652000000 space 32768K,  99% used [0x0000000652000000, 0x0000000654000000)
AC   0  O    TS     0 PTAMS 0x0000000654000000 NTAMS 0x0000000654000000 space 32768K,  99% used [0x0000000654000000, 0x0000000656000000)
AC   0  O    TS     0 PTAMS 0x0000000656000000 NTAMS 0x0000000656000000 space 32768K, 100% used [0x0000000656000000, 0x0000000658000000)
AC   0  O    TS     0 PTAMS 0x0000000658000000 NTAMS 0x0000000658000000 space 32768K,  99% used [0x0000000658000000, 0x000000065a000000)
AC   0  O    TS     0 PTAMS 0x000000065a000000 NTAMS 0x000000065a000000 space 32768K,  99% used [0x000000065a000000, 0x000000065c000000)
AC   0  O    TS     0 PTAMS 0x000000065c000000 NTAMS 0x000000065c000000 space 32768K,  99% used [0x000000065c000000, 0x000000065e000000)
AC   0  O    TS     0 PTAMS 0x000000065e000000 NTAMS 0x000000065e000000 space 32768K,  99% used [0x000000065e000000, 0x0000000660000000)
AC   0  O    TS     0 PTAMS 0x0000000660000000 NTAMS 0x0000000660000000 space 32768K,  99% used [0x0000000660000000, 0x0000000662000000)
AC   0  O    TS     0 PTAMS 0x0000000662000000 NTAMS 0x0000000662000000 space 32768K, 100% used [0x0000000662000000, 0x0000000664000000)
AC   0  O    TS     0 PTAMS 0x0000000664000000 NTAMS 0x0000000664000000 space 32768K,  99% used [0x0000000664000000, 0x0000000666000000)
AC   0  O    TS     0 PTAMS 0x0000000666000000 NTAMS 0x0000000666000000 space 32768K,  99% used [0x0000000666000000, 0x0000000668000000)
AC   0  O    TS     0 PTAMS 0x0000000668000000 NTAMS 0x0000000668000000 space 32768K,  99% used [0x0000000668000000, 0x000000066a000000)
AC   0 HS    TS     0 PTAMS 0x000000066a000000 NTAMS 0x000000066a000000 space 32768K,  50% used [0x000000066a000000, 0x000000066c000000)
AC   0  O    TS     0 PTAMS 0x000000066c000000 NTAMS 0x000000066c000000 space 32768K,  99% used [0x000000066c000000, 0x000000066e000000)
AC   0  O    TS     0 PTAMS 0x000000066e000000 NTAMS 0x000000066e000000 space 32768K, 100% used [0x000000066e000000, 0x0000000670000000)
AC   0  O    TS     0 PTAMS 0x0000000670000000 NTAMS 0x0000000670000000 space 32768K,  84% used [0x0000000670000000, 0x0000000672000000)
AC   0 HS    TS     0 PTAMS 0x0000000672000000 NTAMS 0x0000000672000000 space 32768K,  50% used [0x0000000672000000, 0x0000000674000000)
AC   0  O    TS    17 PTAMS 0x0000000674000000 NTAMS 0x0000000674000000 space 32768K, 100% used [0x0000000674000000, 0x0000000676000000)
AC   0  O    TS    19 PTAMS 0x0000000676000000 NTAMS 0x0000000676000000 space 32768K,  17% used [0x0000000676000000, 0x0000000678000000)
AC   0  F    TS     0 PTAMS 0x0000000678000000 NTAMS 0x0000000678000000 space 32768K,   0% used [0x0000000678000000, 0x000000067a000000)
AC   0  F    TS     0 PTAMS 0x000000067a000000 NTAMS 0x000000067a000000 space 32768K,   0% used [0x000000067a000000, 0x000000067c000000)
AC   0  F    TS     0 PTAMS 0x000000067c000000 NTAMS 0x000000067c000000 space 32768K,   0% used [0x000000067c000000, 0x000000067e000000)
AC   0  F    TS     0 PTAMS 0x000000067e000000 NTAMS 0x000000067e000000 space 32768K,   0% used [0x000000067e000000, 0x0000000680000000)
AC   0  F    TS     0 PTAMS 0x0000000680000000 NTAMS 0x0000000680000000 space 32768K,   0% used [0x0000000680000000, 0x0000000682000000)
AC   0  F    TS     0 PTAMS 0x0000000682000000 NTAMS 0x0000000682000000 space 32768K,   0% used [0x0000000682000000, 0x0000000684000000)
AC   0  F    TS     0 PTAMS 0x0000000684000000 NTAMS 0x0000000684000000 space 32768K,   0% used [0x0000000684000000, 0x0000000686000000)
AC   0  F    TS     0 PTAMS 0x0000000686000000 NTAMS 0x0000000686000000 space 32768K,   0% used [0x0000000686000000, 0x0000000688000000)
AC   0  F    TS     0 PTAMS 0x0000000688000000 NTAMS 0x0000000688000000 space 32768K,   0% used [0x0000000688000000, 0x000000068a000000)
AC   0  F    TS     0 PTAMS 0x000000068a000000 NTAMS 0x000000068a000000 space 32768K,   0% used [0x000000068a000000, 0x000000068c000000)
AC   0  F    TS     0 PTAMS 0x000000068c000000 NTAMS 0x000000068c000000 space 32768K,   0% used [0x000000068c000000, 0x000000068e000000)
AC   0  F    TS     0 PTAMS 0x000000068e000000 NTAMS 0x000000068e000000 space 32768K,   0% used [0x000000068e000000, 0x0000000690000000)
AC   0  F    TS     0 PTAMS 0x0000000690000000 NTAMS 0x0000000690000000 space 32768K,   0% used [0x0000000690000000, 0x0000000692000000)
AC   0  F    TS     0 PTAMS 0x0000000692000000 NTAMS 0x0000000692000000 space 32768K,   0% used [0x0000000692000000, 0x0000000694000000)
AC   0  F    TS     0 PTAMS 0x0000000694000000 NTAMS 0x0000000694000000 space 32768K,   0% used [0x0000000694000000, 0x0000000696000000)
AC   0  F    TS     0 PTAMS 0x0000000696000000 NTAMS 0x0000000696000000 space 32768K,   0% used [0x0000000696000000, 0x0000000698000000)
AC   0  F    TS     0 PTAMS 0x0000000698000000 NTAMS 0x0000000698000000 space 32768K,   0% used [0x0000000698000000, 0x000000069a000000)
AC   0  F    TS     0 PTAMS 0x000000069a000000 NTAMS 0x000000069a000000 space 32768K,   0% used [0x000000069a000000, 0x000000069c000000)
AC   0  F    TS     0 PTAMS 0x000000069c000000 NTAMS 0x000000069c000000 space 32768K,   0% used [0x000000069c000000, 0x000000069e000000)
AC   0  F    TS     0 PTAMS 0x000000069e000000 NTAMS 0x000000069e000000 space 32768K,   0% used [0x000000069e000000, 0x00000006a0000000)
AC   0  F    TS     0 PTAMS 0x00000006a0000000 NTAMS 0x00000006a0000000 space 32768K,   0% used [0x00000006a0000000, 0x00000006a2000000)
AC   0  F    TS     0 PTAMS 0x00000006a2000000 NTAMS 0x00000006a2000000 space 32768K,   0% used [0x00000006a2000000, 0x00000006a4000000)
AC   0  F    TS     0 PTAMS 0x00000006a4000000 NTAMS 0x00000006a4000000 space 32768K,   0% used [0x00000006a4000000, 0x00000006a6000000)
AC   0  F    TS     0 PTAMS 0x00000006a6000000 NTAMS 0x00000006a6000000 space 32768K,   0% used [0x00000006a6000000, 0x00000006a8000000)
AC   0  F    TS     0 PTAMS 0x00000006a8000000 NTAMS 0x00000006a8000000 space 32768K,   0% used [0x00000006a8000000, 0x00000006aa000000)
AC   0  F    TS     0 PTAMS 0x00000006aa000000 NTAMS 0x00000006aa000000 space 32768K,   0% used [0x00000006aa000000, 0x00000006ac000000)
AC   0  F    TS     0 PTAMS 0x00000006ac000000 NTAMS 0x00000006ac000000 space 32768K,   0% used [0x00000006ac000000, 0x00000006ae000000)
AC   0  F    TS     0 PTAMS 0x00000006ae000000 NTAMS 0x00000006ae000000 space 32768K,   0% used [0x00000006ae000000, 0x00000006b0000000)
AC   0  F    TS     0 PTAMS 0x00000006b0000000 NTAMS 0x00000006b0000000 space 32768K,   0% used [0x00000006b0000000, 0x00000006b2000000)
AC   0  F    TS     0 PTAMS 0x00000006b2000000 NTAMS 0x00000006b2000000 space 32768K,   0% used [0x00000006b2000000, 0x00000006b4000000)
AC   0  F    TS     0 PTAMS 0x00000006b4000000 NTAMS 0x00000006b4000000 space 32768K,   0% used [0x00000006b4000000, 0x00000006b6000000)
AC   0  F    TS     0 PTAMS 0x00000006b6000000 NTAMS 0x00000006b6000000 space 32768K,   0% used [0x00000006b6000000, 0x00000006b8000000)
AC   0  F    TS     0 PTAMS 0x00000006b8000000 NTAMS 0x00000006b8000000 space 32768K,   0% used [0x00000006b8000000, 0x00000006ba000000)
AC   0  F    TS     0 PTAMS 0x00000006ba000000 NTAMS 0x00000006ba000000 space 32768K,   0% used [0x00000006ba000000, 0x00000006bc000000)
AC   0  F    TS     0 PTAMS 0x00000006bc000000 NTAMS 0x00000006bc000000 space 32768K,   0% used [0x00000006bc000000, 0x00000006be000000)
AC   0  F    TS     0 PTAMS 0x00000006be000000 NTAMS 0x00000006be000000 space 32768K,   0% used [0x00000006be000000, 0x00000006c0000000)
AC   0  F    TS     0 PTAMS 0x00000006c0000000 NTAMS 0x00000006c0000000 space 32768K,   0% used [0x00000006c0000000, 0x00000006c2000000)
AC   0  F    TS     0 PTAMS 0x00000006c2000000 NTAMS 0x00000006c2000000 space 32768K,   0% used [0x00000006c2000000, 0x00000006c4000000)
AC   0  F    TS     0 PTAMS 0x00000006c4000000 NTAMS 0x00000006c4000000 space 32768K,   0% used [0x00000006c4000000, 0x00000006c6000000)
AC   0  F    TS     0 PTAMS 0x00000006c6000000 NTAMS 0x00000006c6000000 space 32768K,   0% used [0x00000006c6000000, 0x00000006c8000000)
AC   0  F    TS     0 PTAMS 0x00000006c8000000 NTAMS 0x00000006c8000000 space 32768K,   0% used [0x00000006c8000000, 0x00000006ca000000)
AC   0  F    TS     0 PTAMS 0x00000006ca000000 NTAMS 0x00000006ca000000 space 32768K,   0% used [0x00000006ca000000, 0x00000006cc000000)
AC   0  F    TS     0 PTAMS 0x00000006cc000000 NTAMS 0x00000006cc000000 space 32768K,   0% used [0x00000006cc000000, 0x00000006ce000000)
AC   0  F    TS     0 PTAMS 0x00000006ce000000 NTAMS 0x00000006ce000000 space 32768K,   0% used [0x00000006ce000000, 0x00000006d0000000)
AC   0  F    TS     0 PTAMS 0x00000006d0000000 NTAMS 0x00000006d0000000 space 32768K,   0% used [0x00000006d0000000, 0x00000006d2000000)
AC   0  F    TS     0 PTAMS 0x00000006d2000000 NTAMS 0x00000006d2000000 space 32768K,   0% used [0x00000006d2000000, 0x00000006d4000000)
AC   0  F    TS     0 PTAMS 0x00000006d4000000 NTAMS 0x00000006d4000000 space 32768K,   0% used [0x00000006d4000000, 0x00000006d6000000)
AC   0  F    TS     0 PTAMS 0x00000006d6000000 NTAMS 0x00000006d6000000 space 32768K,   0% used [0x00000006d6000000, 0x00000006d8000000)
AC   0  F    TS     0 PTAMS 0x00000006d8000000 NTAMS 0x00000006d8000000 space 32768K,   0% used [0x00000006d8000000, 0x00000006da000000)
AC   0  F    TS     0 PTAMS 0x00000006da000000 NTAMS 0x00000006da000000 space 32768K,   0% used [0x00000006da000000, 0x00000006dc000000)
AC   0  F    TS     0 PTAMS 0x00000006dc000000 NTAMS 0x00000006dc000000 space 32768K,   0% used [0x00000006dc000000, 0x00000006de000000)
AC   0  F    TS     0 PTAMS 0x00000006de000000 NTAMS 0x00000006de000000 space 32768K,   0% used [0x00000006de000000, 0x00000006e0000000)
AC   0  F    TS     0 PTAMS 0x00000006e0000000 NTAMS 0x00000006e0000000 space 32768K,   0% used [0x00000006e0000000, 0x00000006e2000000)
AC   0  F    TS     0 PTAMS 0x00000006e2000000 NTAMS 0x00000006e2000000 space 32768K,   0% used [0x00000006e2000000, 0x00000006e4000000)
AC   0  F    TS     0 PTAMS 0x00000006e4000000 NTAMS 0x00000006e4000000 space 32768K,   0% used [0x00000006e4000000, 0x00000006e6000000)
AC   0  F    TS     0 PTAMS 0x00000006e6000000 NTAMS 0x00000006e6000000 space 32768K,   0% used [0x00000006e6000000, 0x00000006e8000000)
AC   0  F    TS     0 PTAMS 0x00000006e8000000 NTAMS 0x00000006e8000000 space 32768K,   0% used [0x00000006e8000000, 0x00000006ea000000)
AC   0  F    TS     0 PTAMS 0x00000006ea000000 NTAMS 0x00000006ea000000 space 32768K,   0% used [0x00000006ea000000, 0x00000006ec000000)
AC   0  F    TS     0 PTAMS 0x00000006ec000000 NTAMS 0x00000006ec000000 space 32768K,   0% used [0x00000006ec000000, 0x00000006ee000000)
AC   0  F    TS     0 PTAMS 0x00000006ee000000 NTAMS 0x00000006ee000000 space 32768K,   0% used [0x00000006ee000000, 0x00000006f0000000)
AC   0  F    TS     0 PTAMS 0x00000006f0000000 NTAMS 0x00000006f0000000 space 32768K,   0% used [0x00000006f0000000, 0x00000006f2000000)
AC   0  F    TS     0 PTAMS 0x00000006f2000000 NTAMS 0x00000006f2000000 space 32768K,   0% used [0x00000006f2000000, 0x00000006f4000000)
AC   0  F    TS     0 PTAMS 0x00000006f4000000 NTAMS 0x00000006f4000000 space 32768K,   0% used [0x00000006f4000000, 0x00000006f6000000)
AC   0  F    TS     0 PTAMS 0x00000006f6000000 NTAMS 0x00000006f6000000 space 32768K,   0% used [0x00000006f6000000, 0x00000006f8000000)
AC   0  F    TS     0 PTAMS 0x00000006f8000000 NTAMS 0x00000006f8000000 space 32768K,   0% used [0x00000006f8000000, 0x00000006fa000000)
AC   0  F    TS     0 PTAMS 0x00000006fa000000 NTAMS 0x00000006fa000000 space 32768K,   0% used [0x00000006fa000000, 0x00000006fc000000)
AC   0  F    TS     0 PTAMS 0x00000006fc000000 NTAMS 0x00000006fc000000 space 32768K,   0% used [0x00000006fc000000, 0x00000006fe000000)
AC   0  F    TS     0 PTAMS 0x00000006fe000000 NTAMS 0x00000006fe000000 space 32768K,   0% used [0x00000006fe000000, 0x0000000700000000)
AC   0  F    TS     0 PTAMS 0x0000000700000000 NTAMS 0x0000000700000000 space 32768K,   0% used [0x0000000700000000, 0x0000000702000000)
AC   0  F    TS     0 PTAMS 0x0000000702000000 NTAMS 0x0000000702000000 space 32768K,   0% used [0x0000000702000000, 0x0000000704000000)
AC   0  F    TS     0 PTAMS 0x0000000704000000 NTAMS 0x0000000704000000 space 32768K,   0% used [0x0000000704000000, 0x0000000706000000)
AC   0  F    TS     0 PTAMS 0x0000000706000000 NTAMS 0x0000000706000000 space 32768K,   0% used [0x0000000706000000, 0x0000000708000000)
AC   0  F    TS     0 PTAMS 0x0000000708000000 NTAMS 0x0000000708000000 space 32768K,   0% used [0x0000000708000000, 0x000000070a000000)
AC   0  F    TS     0 PTAMS 0x000000070a000000 NTAMS 0x000000070a000000 space 32768K,   0% used [0x000000070a000000, 0x000000070c000000)
AC   0  F    TS     0 PTAMS 0x000000070c000000 NTAMS 0x000000070c000000 space 32768K,   0% used [0x000000070c000000, 0x000000070e000000)
AC   0  F    TS     0 PTAMS 0x000000070e000000 NTAMS 0x000000070e000000 space 32768K,   0% used [0x000000070e000000, 0x0000000710000000)
AC   0  F    TS     0 PTAMS 0x0000000710000000 NTAMS 0x0000000710000000 space 32768K,   0% used [0x0000000710000000, 0x0000000712000000)
AC   0  F    TS     0 PTAMS 0x0000000712000000 NTAMS 0x0000000712000000 space 32768K,   0% used [0x0000000712000000, 0x0000000714000000)
AC   0  F    TS     0 PTAMS 0x0000000714000000 NTAMS 0x0000000714000000 space 32768K,   0% used [0x0000000714000000, 0x0000000716000000)
AC   0  F    TS     0 PTAMS 0x0000000716000000 NTAMS 0x0000000716000000 space 32768K,   0% used [0x0000000716000000, 0x0000000718000000)
AC   0  F    TS     0 PTAMS 0x0000000718000000 NTAMS 0x0000000718000000 space 32768K,   0% used [0x0000000718000000, 0x000000071a000000)
AC   0  F    TS     0 PTAMS 0x000000071a000000 NTAMS 0x000000071a000000 space 32768K,   0% used [0x000000071a000000, 0x000000071c000000)
AC   0  F    TS     0 PTAMS 0x000000071c000000 NTAMS 0x000000071c000000 space 32768K,   0% used [0x000000071c000000, 0x000000071e000000)
AC   0  F    TS     0 PTAMS 0x000000071e000000 NTAMS 0x000000071e000000 space 32768K,   0% used [0x000000071e000000, 0x0000000720000000)
AC   0  F    TS     0 PTAMS 0x0000000720000000 NTAMS 0x0000000720000000 space 32768K,   0% used [0x0000000720000000, 0x0000000722000000)
AC   0  F    TS     0 PTAMS 0x0000000722000000 NTAMS 0x0000000722000000 space 32768K,   0% used [0x0000000722000000, 0x0000000724000000)
AC   0  F    TS     0 PTAMS 0x0000000724000000 NTAMS 0x0000000724000000 space 32768K,   0% used [0x0000000724000000, 0x0000000726000000)
AC   0  F    TS     0 PTAMS 0x0000000726000000 NTAMS 0x0000000726000000 space 32768K,   0% used [0x0000000726000000, 0x0000000728000000)
AC   0  F    TS     0 PTAMS 0x0000000728000000 NTAMS 0x0000000728000000 space 32768K,   0% used [0x0000000728000000, 0x000000072a000000)
AC   0  F    TS     0 PTAMS 0x000000072a000000 NTAMS 0x000000072a000000 space 32768K,   0% used [0x000000072a000000, 0x000000072c000000)
AC   0  F    TS     0 PTAMS 0x000000072c000000 NTAMS 0x000000072c000000 space 32768K,   0% used [0x000000072c000000, 0x000000072e000000)
AC   0  F    TS     0 PTAMS 0x000000072e000000 NTAMS 0x000000072e000000 space 32768K,   0% used [0x000000072e000000, 0x0000000730000000)
AC   0  F    TS     0 PTAMS 0x0000000730000000 NTAMS 0x0000000730000000 space 32768K,   0% used [0x0000000730000000, 0x0000000732000000)
AC   0  F    TS     0 PTAMS 0x0000000732000000 NTAMS 0x0000000732000000 space 32768K,   0% used [0x0000000732000000, 0x0000000734000000)
AC   0  F    TS     0 PTAMS 0x0000000734000000 NTAMS 0x0000000734000000 space 32768K,   0% used [0x0000000734000000, 0x0000000736000000)
AC   0  F    TS     0 PTAMS 0x0000000736000000 NTAMS 0x0000000736000000 space 32768K,   0% used [0x0000000736000000, 0x0000000738000000)
AC   0  F    TS     0 PTAMS 0x0000000738000000 NTAMS 0x0000000738000000 space 32768K,   0% used [0x0000000738000000, 0x000000073a000000)
AC   0  F    TS     0 PTAMS 0x000000073a000000 NTAMS 0x000000073a000000 space 32768K,   0% used [0x000000073a000000, 0x000000073c000000)
AC   0  F    TS     0 PTAMS 0x000000073c000000 NTAMS 0x000000073c000000 space 32768K,   0% used [0x000000073c000000, 0x000000073e000000)
AC   0  F    TS     0 PTAMS 0x000000073e000000 NTAMS 0x000000073e000000 space 32768K,   0% used [0x000000073e000000, 0x0000000740000000)
AC   0  F    TS     0 PTAMS 0x0000000740000000 NTAMS 0x0000000740000000 space 32768K,   0% used [0x0000000740000000, 0x0000000742000000)
AC   0  F    TS     0 PTAMS 0x0000000742000000 NTAMS 0x0000000742000000 space 32768K,   0% used [0x0000000742000000, 0x0000000744000000)
AC   0  F    TS     0 PTAMS 0x0000000744000000 NTAMS 0x0000000744000000 space 32768K,   0% used [0x0000000744000000, 0x0000000746000000)
AC   0  F    TS     0 PTAMS 0x0000000746000000 NTAMS 0x0000000746000000 space 32768K,   0% used [0x0000000746000000, 0x0000000748000000)
AC   0  F    TS     0 PTAMS 0x0000000748000000 NTAMS 0x0000000748000000 space 32768K,   0% used [0x0000000748000000, 0x000000074a000000)
AC   0  F    TS     0 PTAMS 0x000000074a000000 NTAMS 0x000000074a000000 space 32768K,   0% used [0x000000074a000000, 0x000000074c000000)
AC   0  F    TS     0 PTAMS 0x000000074c000000 NTAMS 0x000000074c000000 space 32768K,   0% used [0x000000074c000000, 0x000000074e000000)
AC   0  F    TS     0 PTAMS 0x000000074e000000 NTAMS 0x000000074e000000 space 32768K,   0% used [0x000000074e000000, 0x0000000750000000)
AC   0  F    TS     0 PTAMS 0x0000000750000000 NTAMS 0x0000000750000000 space 32768K,   0% used [0x0000000750000000, 0x0000000752000000)
AC   0  F    TS     0 PTAMS 0x0000000752000000 NTAMS 0x0000000752000000 space 32768K,   0% used [0x0000000752000000, 0x0000000754000000)
AC   0  F    TS     0 PTAMS 0x0000000754000000 NTAMS 0x0000000754000000 space 32768K,   0% used [0x0000000754000000, 0x0000000756000000)
AC   0  F    TS     0 PTAMS 0x0000000756000000 NTAMS 0x0000000756000000 space 32768K,   0% used [0x0000000756000000, 0x0000000758000000)
AC   0  F    TS     1 PTAMS 0x0000000758000000 NTAMS 0x0000000758000000 space 32768K,   0% used [0x0000000758000000, 0x000000075a000000)
AC   0  F    TS     3 PTAMS 0x000000075a000000 NTAMS 0x000000075a000000 space 32768K,   0% used [0x000000075a000000, 0x000000075c000000)
AC   0  F    TS     0 PTAMS 0x000000075c000000 NTAMS 0x000000075c000000 space 32768K,   0% used [0x000000075c000000, 0x000000075e000000)
AC   0  F    TS     0 PTAMS 0x000000075e000000 NTAMS 0x000000075e000000 space 32768K,   0% used [0x000000075e000000, 0x0000000760000000)
AC   0  F    TS     0 PTAMS 0x0000000760000000 NTAMS 0x0000000760000000 space 32768K,   0% used [0x0000000760000000, 0x0000000762000000)
AC   0  F    TS     3 PTAMS 0x0000000762000000 NTAMS 0x0000000762000000 space 32768K,   0% used [0x0000000762000000, 0x0000000764000000)
AC   0  F    TS     3 PTAMS 0x0000000764000000 NTAMS 0x0000000764000000 space 32768K,   0% used [0x0000000764000000, 0x0000000766000000)
AC   0  F    TS     3 PTAMS 0x0000000766000000 NTAMS 0x0000000766000000 space 32768K,   0% used [0x0000000766000000, 0x0000000768000000)
AC   0  F    TS     3 PTAMS 0x0000000768000000 NTAMS 0x0000000768000000 space 32768K,   0% used [0x0000000768000000, 0x000000076a000000)
AC   0  F    TS     3 PTAMS 0x000000076a000000 NTAMS 0x000000076a000000 space 32768K,   0% used [0x000000076a000000, 0x000000076c000000)
AC   0  F    TS     3 PTAMS 0x000000076c000000 NTAMS 0x000000076c000000 space 32768K,   0% used [0x000000076c000000, 0x000000076e000000)
AC   0  F    TS     5 PTAMS 0x000000076e000000 NTAMS 0x000000076e000000 space 32768K,   0% used [0x000000076e000000, 0x0000000770000000)
AC   0  F    TS     3 PTAMS 0x0000000770000000 NTAMS 0x0000000770000000 space 32768K,   0% used [0x0000000770000000, 0x0000000772000000)
AC   0  F    TS     3 PTAMS 0x0000000772000000 NTAMS 0x0000000772000000 space 32768K,   0% used [0x0000000772000000, 0x0000000774000000)
AC   0  F    TS     3 PTAMS 0x0000000774000000 NTAMS 0x0000000774000000 space 32768K,   0% used [0x0000000774000000, 0x0000000776000000)
AC   0  F    TS     5 PTAMS 0x0000000776000000 NTAMS 0x0000000776000000 space 32768K,   0% used [0x0000000776000000, 0x0000000778000000)
AC   0  F    TS     5 PTAMS 0x0000000778000000 NTAMS 0x0000000778000000 space 32768K,   0% used [0x0000000778000000, 0x000000077a000000)
AC   0  F    TS     5 PTAMS 0x000000077a000000 NTAMS 0x000000077a000000 space 32768K,   0% used [0x000000077a000000, 0x000000077c000000)
AC   0  F    TS     5 PTAMS 0x000000077c000000 NTAMS 0x000000077c000000 space 32768K,   0% used [0x000000077c000000, 0x000000077e000000)
AC   0  F    TS     7 PTAMS 0x000000077e000000 NTAMS 0x000000077e000000 space 32768K,   0% used [0x000000077e000000, 0x0000000780000000)
AC   0  F    TS     5 PTAMS 0x0000000780000000 NTAMS 0x0000000780000000 space 32768K,   0% used [0x0000000780000000, 0x0000000782000000)
AC   0  F    TS     5 PTAMS 0x0000000782000000 NTAMS 0x0000000782000000 space 32768K,   0% used [0x0000000782000000, 0x0000000784000000)
AC   0  F    TS     5 PTAMS 0x0000000784000000 NTAMS 0x0000000784000000 space 32768K,   0% used [0x0000000784000000, 0x0000000786000000)
AC   0  F    TS     7 PTAMS 0x0000000786000000 NTAMS 0x0000000786000000 space 32768K,   0% used [0x0000000786000000, 0x0000000788000000)
AC   0  F    TS     7 PTAMS 0x0000000788000000 NTAMS 0x0000000788000000 space 32768K,   0% used [0x0000000788000000, 0x000000078a000000)
AC   0  F    TS     9 PTAMS 0x000000078a000000 NTAMS 0x000000078a000000 space 32768K,   0% used [0x000000078a000000, 0x000000078c000000)
AC   0  F    TS     7 PTAMS 0x000000078c000000 NTAMS 0x000000078c000000 space 32768K,   0% used [0x000000078c000000, 0x000000078e000000)
AC   0  F    TS     7 PTAMS 0x000000078e000000 NTAMS 0x000000078e000000 space 32768K,   0% used [0x000000078e000000, 0x0000000790000000)
AC   0  F    TS     7 PTAMS 0x0000000790000000 NTAMS 0x0000000790000000 space 32768K,   0% used [0x0000000790000000, 0x0000000792000000)
AC   0  F    TS     9 PTAMS 0x0000000792000000 NTAMS 0x0000000792000000 space 32768K,   0% used [0x0000000792000000, 0x0000000794000000)
AC   0  F    TS    11 PTAMS 0x0000000794000000 NTAMS 0x0000000794000000 space 32768K,   0% used [0x0000000794000000, 0x0000000796000000)
AC   0  F    TS     9 PTAMS 0x0000000796000000 NTAMS 0x0000000796000000 space 32768K,   0% used [0x0000000796000000, 0x0000000798000000)
AC   0  F    TS     9 PTAMS 0x0000000798000000 NTAMS 0x0000000798000000 space 32768K,   0% used [0x0000000798000000, 0x000000079a000000)
AC   0  F    TS     9 PTAMS 0x000000079a000000 NTAMS 0x000000079a000000 space 32768K,   0% used [0x000000079a000000, 0x000000079c000000)
AC   0  F    TS    13 PTAMS 0x000000079c000000 NTAMS 0x000000079c000000 space 32768K,   0% used [0x000000079c000000, 0x000000079e000000)
AC   0  F    TS    11 PTAMS 0x000000079e000000 NTAMS 0x000000079e000000 space 32768K,   0% used [0x000000079e000000, 0x00000007a0000000)
AC   0  F    TS    11 PTAMS 0x00000007a0000000 NTAMS 0x00000007a0000000 space 32768K,   0% used [0x00000007a0000000, 0x00000007a2000000)
AC   0  F    TS    15 PTAMS 0x00000007a2000000 NTAMS 0x00000007a2000000 space 32768K,   0% used [0x00000007a2000000, 0x00000007a4000000)
AC   0  F    TS    13 PTAMS 0x00000007a4000000 NTAMS 0x00000007a4000000 space 32768K,   0% used [0x00000007a4000000, 0x00000007a6000000)
AC   0  F    TS    13 PTAMS 0x00000007a6000000 NTAMS 0x00000007a6000000 space 32768K,   0% used [0x00000007a6000000, 0x00000007a8000000)
AC   0  F    TS    17 PTAMS 0x00000007a8000000 NTAMS 0x00000007a8000000 space 32768K,   0% used [0x00000007a8000000, 0x00000007aa000000)
AC   0  F    TS    15 PTAMS 0x00000007aa000000 NTAMS 0x00000007aa000000 space 32768K,   0% used [0x00000007aa000000, 0x00000007ac000000)
AC   0  S CS TS    19 PTAMS 0x00000007ac000000 NTAMS 0x00000007ac000000 space 32768K,  61% used [0x00000007ac000000, 0x00000007ae000000)
AC   0  F    TS    15 PTAMS 0x00000007ae000000 NTAMS 0x00000007ae000000 space 32768K,   0% used [0x00000007ae000000, 0x00000007b0000000)
AC   0  F    TS    17 PTAMS 0x00000007b0000000 NTAMS 0x00000007b0000000 space 32768K,   0% used [0x00000007b0000000, 0x00000007b2000000)
AC   0  F    TS    17 PTAMS 0x00000007b2000000 NTAMS 0x00000007b2000000 space 32768K,   0% used [0x00000007b2000000, 0x00000007b4000000)

Card table byte_map: [0x0000000014ba0000,0x0000000015950000] byte_map_base: 0x0000000011b50000

Marking Bits (Prev, Next): (CMBitMap*) 0x00000000028934f8, (CMBitMap*) 0x0000000002893550
 Prev Bits: [0x0000000016700000, 0x000000001d480000)
 Next Bits: [0x000000001d480000, 0x0000000024200000)

Polling page: 0x0000000002340000

CodeCache: size=245760Kb used=114976Kb max_used=115151Kb free=130783Kb
 bounds [0x0000000002920000, 0x0000000009a50000, 0x0000000011920000]
 total_blobs=29315 nmethods=27560 adapters=1663
 compilation: enabled

Compilation events (10 events):
Event: 1373.160 Thread 0x000000002815d000 44031       3       com.vicmatskiv.weaponlib.MiscUtils::clamp (18 bytes)
Event: 1373.160 Thread 0x000000002815d000 nmethod 44031 0x00000000099f7110 code [0x00000000099f7260, 0x00000000099f7450]
Event: 1373.162 Thread 0x000000002815d000 44032       3       net.minecraft.client.renderer.entity.RenderPlayer::func_177137_d (302 bytes)
Event: 1373.166 Thread 0x000000002815d000 nmethod 44032 0x0000000009603090 code [0x0000000009603520, 0x00000000096071e8]
Event: 1373.181 Thread 0x000000002815d000 44033       3       jobicade.betterhud.element.ArmorBars::shouldRender (61 bytes)
Event: 1373.182 Thread 0x000000002815d000 nmethod 44033 0x000000000801c9d0 code [0x000000000801cb80, 0x000000000801d2c8]
Event: 1373.182 Thread 0x000000002815d000 44034       3       jobicade.betterhud.util.bars.StatBarArmor::shouldRender (13 bytes)
Event: 1373.184 Thread 0x000000002815d000 nmethod 44034 0x000000000801ad10 code [0x000000000801ae80, 0x000000000801b1a8]
Event: 1373.357 Thread 0x000000002815a800 44035       4       java.util.concurrent.locks.AbstractQueuedSynchronizer$ConditionObject::addConditionWaiter (64 bytes)
Event: 1373.362 Thread 0x000000002815a800 nmethod 44035 0x0000000007f23910 code [0x0000000007f23a60, 0x0000000007f23f18]

GC Heap History (10 events):
Event: 1371.885 GC heap after
Heap after GC invocations=1520 (full 8):
 garbage-first heap   total 6586368K, used 1730226K [0x000000060a000000, 0x000000060c000648, 0x00000007c0000000)
  region size 32768K, 1 young (32768K), 1 survivors (32768K)
 Metaspace       used 247691K, capacity 266822K, committed 267108K, reserved 1265664K
  class space    used 41779K, capacity 51681K, committed 51812K, reserved 1048576K
}
Event: 1372.022 GC heap before
{Heap before GC invocations=1520 (full 8):
 garbage-first heap   total 6586368K, used 1828530K [0x000000060a000000, 0x000000060c000648, 0x00000007c0000000)
  region size 32768K, 4 young (131072K), 1 survivors (32768K)
 Metaspace       used 247691K, capacity 266822K, committed 267108K, reserved 1265664K
  class space    used 41779K, capacity 51681K, committed 51812K, reserved 1048576K
Event: 1372.041 GC heap after
Heap after GC invocations=1521 (full 8):
 garbage-first heap   total 6717440K, used 1727298K [0x000000060a000000, 0x000000060c000668, 0x00000007c0000000)
  region size 32768K, 1 young (32768K), 1 survivors (32768K)
 Metaspace       used 247691K, capacity 266822K, committed 267108K, reserved 1265664K
  class space    used 41779K, capacity 51681K, committed 51812K, reserved 1048576K
}
Event: 1372.314 GC heap before
{Heap before GC invocations=1521 (full 8):
 garbage-first heap   total 6717440K, used 1825602K [0x000000060a000000, 0x000000060c000668, 0x00000007c0000000)
  region size 32768K, 4 young (131072K), 1 survivors (32768K)
 Metaspace       used 247691K, capacity 266822K, committed 267108K, reserved 1265664K
  class space    used 41779K, capacity 51681K, committed 51812K, reserved 1048576K
Event: 1372.346 GC heap after
Heap after GC invocations=1522 (full 8):
 garbage-first heap   total 6815744K, used 1730192K [0x000000060a000000, 0x000000060c000680, 0x00000007c0000000)
  region size 32768K, 1 young (32768K), 1 survivors (32768K)
 Metaspace       used 247691K, capacity 266822K, committed 267108K, reserved 1265664K
  class space    used 41779K, capacity 51681K, committed 51812K, reserved 1048576K
}
Event: 1372.695 GC heap before
{Heap before GC invocations=1522 (full 8):
 garbage-first heap   total 6815744K, used 1828496K [0x000000060a000000, 0x000000060c000680, 0x00000007c0000000)
  region size 32768K, 4 young (131072K), 1 survivors (32768K)
 Metaspace       used 247691K, capacity 266822K, committed 267108K, reserved 1265664K
  class space    used 41779K, capacity 51681K, committed 51812K, reserved 1048576K
Event: 1372.711 GC heap after
Heap after GC invocations=1523 (full 8):
 garbage-first heap   total 6914048K, used 1738365K [0x000000060a000000, 0x000000060c000698, 0x00000007c0000000)
  region size 32768K, 1 young (32768K), 1 survivors (32768K)
 Metaspace       used 247691K, capacity 266822K, committed 267108K, reserved 1265664K
  class space    used 41779K, capacity 51681K, committed 51812K, reserved 1048576K
}
Event: 1373.075 GC heap before
{Heap before GC invocations=1523 (full 8):
 garbage-first heap   total 6914048K, used 1836669K [0x000000060a000000, 0x000000060c000698, 0x00000007c0000000)
  region size 32768K, 4 young (131072K), 1 survivors (32768K)
 Metaspace       used 247692K, capacity 266822K, committed 267108K, reserved 1265664K
  class space    used 41779K, capacity 51681K, committed 51812K, reserved 1048576K
Event: 1373.091 GC heap after
Heap after GC invocations=1524 (full 8):
 garbage-first heap   total 6979584K, used 1740096K [0x000000060a000000, 0x000000060c0006a8, 0x00000007c0000000)
  region size 32768K, 1 young (32768K), 1 survivors (32768K)
 Metaspace       used 247692K, capacity 266822K, committed 267108K, reserved 1265664K
  class space    used 41779K, capacity 51681K, committed 51812K, reserved 1048576K
}
Event: 1373.397 GC heap before
{Heap before GC invocations=1524 (full 8):
 garbage-first heap   total 6979584K, used 1838400K [0x000000060a000000, 0x000000060c0006a8, 0x00000007c0000000)
  region size 32768K, 4 young (131072K), 1 survivors (32768K)
 Metaspace       used 247692K, capacity 266822K, committed 267108K, reserved 1265664K
  class space    used 41779K, capacity 51681K, committed 51812K, reserved 1048576K

Deoptimization events (10 events):
Event: 1371.530 Thread 0x00000000452d4800 Uncommon trap: reason=predicate action=maybe_recompile pc=0x00000000087ff164 method=java.awt.image.BufferedImage.setData(Ljava/awt/image/Raster;)V @ 122
Event: 1371.706 Thread 0x00000000452d4800 Uncommon trap: reason=class_check action=maybe_recompile pc=0x0000000004579c10 method=java.awt.image.BufferedImage.setRGB(IIII[III)V @ 48
Event: 1371.706 Thread 0x00000000452d4800 Uncommon trap: reason=unstable_if action=reinterpret pc=0x00000000058f8e34 method=java.awt.image.ComponentColorModel.getDataElements(ILjava/lang/Object;)Ljava/lang/Object; @ 2993
Event: 1371.706 Thread 0x00000000452d4800 Uncommon trap: reason=class_check action=maybe_recompile pc=0x0000000004579c10 method=java.awt.image.BufferedImage.setRGB(IIII[III)V @ 48
Event: 1371.714 Thread 0x00000000452d4800 Uncommon trap: reason=class_check action=maybe_recompile pc=0x0000000004579c10 method=java.awt.image.BufferedImage.setRGB(IIII[III)V @ 48
Event: 1371.715 Thread 0x00000000452d4800 Uncommon trap: reason=class_check action=maybe_recompile pc=0x0000000004579c10 method=java.awt.image.BufferedImage.setRGB(IIII[III)V @ 48
Event: 1371.831 Thread 0x00000000452d4800 Uncommon trap: reason=speculate_class_check action=maybe_recompile pc=0x00000000099de2dc method=java.awt.image.BufferedImage.setData(Ljava/awt/image/Raster;)V @ 131
Event: 1371.835 Thread 0x00000000452d4800 Uncommon trap: reason=speculate_class_check action=maybe_recompile pc=0x00000000099de2dc method=java.awt.image.BufferedImage.setData(Ljava/awt/image/Raster;)V @ 131
Event: 1371.836 Thread 0x00000000452d4800 Uncommon trap: reason=speculate_class_check action=maybe_recompile pc=0x00000000099de2dc method=java.awt.image.BufferedImage.setData(Ljava/awt/image/Raster;)V @ 131
Event: 1371.840 Thread 0x00000000452d4800 Uncommon trap: reason=speculate_class_check action=maybe_recompile pc=0x00000000099de2dc method=java.awt.image.BufferedImage.setData(Ljava/awt/image/Raster;)V @ 131

Classes redefined (0 events):
No events

Internal exceptions (10 events):
Event: 1373.223 Thread 0x000000002c4c8000 Exception <a 'java/lang/InterruptedException': sleep interrupted> (0x00000007b2fc4f78) thrown at [C:\re\workspace\8-2-build-windows-amd64-cygwin\jdk8u211\12973\hotspot\src\share\vm\prims\jvm.cpp, line 3336]
Event: 1373.236 Thread 0x000000002c4c8000 Exception <a 'java/lang/InterruptedException': sleep interrupted> (0x00000007b01e2b08) thrown at [C:\re\workspace\8-2-build-windows-amd64-cygwin\jdk8u211\12973\hotspot\src\share\vm\prims\jvm.cpp, line 3336]
Event: 1373.253 Thread 0x000000002c4c8000 Exception <a 'java/lang/InterruptedException': sleep interrupted> (0x00000007b01e2d60) thrown at [C:\re\workspace\8-2-build-windows-amd64-cygwin\jdk8u211\12973\hotspot\src\share\vm\prims\jvm.cpp, line 3336]
Event: 1373.273 Thread 0x000000002c4c8000 Exception <a 'java/lang/InterruptedException': sleep interrupted> (0x00000007b01e2fb8) thrown at [C:\re\workspace\8-2-build-windows-amd64-cygwin\jdk8u211\12973\hotspot\src\share\vm\prims\jvm.cpp, line 3336]
Event: 1373.302 Thread 0x000000002c4c8000 Exception <a 'java/lang/InterruptedException': sleep interrupted> (0x00000007b19012d8) thrown at [C:\re\workspace\8-2-build-windows-amd64-cygwin\jdk8u211\12973\hotspot\src\share\vm\prims\jvm.cpp, line 3336]
Event: 1373.324 Thread 0x000000002c4c8000 Exception <a 'java/lang/InterruptedException': sleep interrupted> (0x00000007b1901530) thrown at [C:\re\workspace\8-2-build-windows-amd64-cygwin\jdk8u211\12973\hotspot\src\share\vm\prims\jvm.cpp, line 3336]
Event: 1373.336 Thread 0x000000002c4c8000 Exception <a 'java/lang/InterruptedException': sleep interrupted> (0x00000007b1901788) thrown at [C:\re\workspace\8-2-build-windows-amd64-cygwin\jdk8u211\12973\hotspot\src\share\vm\prims\jvm.cpp, line 3336]
Event: 1373.353 Thread 0x000000002c4c8000 Exception <a 'java/lang/InterruptedException': sleep interrupted> (0x00000007b19019e0) thrown at [C:\re\workspace\8-2-build-windows-amd64-cygwin\jdk8u211\12973\hotspot\src\share\vm\prims\jvm.cpp, line 3336]
Event: 1373.374 Thread 0x000000002c4c8000 Exception <a 'java/lang/InterruptedException': sleep interrupted> (0x00000007af4d7150) thrown at [C:\re\workspace\8-2-build-windows-amd64-cygwin\jdk8u211\12973\hotspot\src\share\vm\prims\jvm.cpp, line 3336]
Event: 1373.385 Thread 0x000000002c4c8000 Exception <a 'java/lang/InterruptedException': sleep interrupted> (0x00000007af4d73a8) thrown at [C:\re\workspace\8-2-build-windows-amd64-cygwin\jdk8u211\12973\hotspot\src\share\vm\prims\jvm.cpp, line 3336]

Events (10 events):
Event: 1372.870 Thread 0x000000002815c000 flushing nmethod 0x00000000081edc50
Event: 1372.886 Thread 0x000000002815a800 flushing nmethod 0x0000000008bf8090
Event: 1372.888 Thread 0x000000002815a800 flushing nmethod 0x0000000009235250
Event: 1372.889 Thread 0x000000002815a800 flushing nmethod 0x00000000093af150
Event: 1372.890 Thread 0x000000002815a800 flushing nmethod 0x00000000095fa7d0
Event: 1372.891 Thread 0x000000002815a800 flushing nmethod 0x00000000097f05d0
Event: 1372.891 Thread 0x000000002815a800 flushing nmethod 0x0000000009845890
Event: 1373.074 Executing VM operation: G1IncCollectionPause
Event: 1373.092 Executing VM operation: G1IncCollectionPause done
Event: 1373.397 Executing VM operation: G1IncCollectionPause


Dynamic libraries:
0x00007ff6ac240000 - 0x00007ff6ac277000 	C:\Program Files\Java\jre1.8.0_211\bin\javaw.exe
0x00007ffa37470000 - 0x00007ffa37632000 	C:\Windows\SYSTEM32\ntdll.dll
0x00007ffa36ff0000 - 0x00007ffa3709d000 	C:\Windows\system32\KERNEL32.DLL
0x00007ffa33f80000 - 0x00007ffa3415d000 	C:\Windows\system32\KERNELBASE.dll
0x00007ffa36a10000 - 0x00007ffa36ab6000 	C:\Windows\system32\ADVAPI32.dll
0x00007ffa36e20000 - 0x00007ffa36ebd000 	C:\Windows\system32\msvcrt.dll
0x00007ffa366b0000 - 0x00007ffa3670b000 	C:\Windows\system32\sechost.dll
0x00007ffa36ec0000 - 0x00007ffa36fe6000 	C:\Windows\system32\RPCRT4.dll
0x00007ffa36730000 - 0x00007ffa3687e000 	C:\Windows\system32\USER32.dll
0x00007ffa36880000 - 0x00007ffa36a04000 	C:\Windows\system32\GDI32.dll
0x00007ffa245f0000 - 0x00007ffa24864000 	C:\Windows\WinSxS\amd64_microsoft.windows.common-controls_6595b64144ccf1df_6.0.10240.17184_none_f41d7a705752bce6\COMCTL32.dll
0x00007ffa36670000 - 0x00007ffa366a6000 	C:\Windows\system32\IMM32.DLL
0x00007ffa34e30000 - 0x00007ffa34f8c000 	C:\Windows\system32\MSCTF.dll
0x0000000064d70000 - 0x0000000064e42000 	C:\Program Files\Java\jre1.8.0_211\bin\msvcr100.dll
0x00000000644c0000 - 0x0000000064d65000 	C:\Program Files\Java\jre1.8.0_211\bin\server\jvm.dll
0x00007ffa36da0000 - 0x00007ffa36da8000 	C:\Windows\system32\PSAPI.DLL
0x00007ffa233d0000 - 0x00007ffa233d9000 	C:\Windows\SYSTEM32\WSOCK32.dll
0x00007ffa36db0000 - 0x00007ffa36e19000 	C:\Windows\system32\WS2_32.dll
0x00007ffa36710000 - 0x00007ffa36718000 	C:\Windows\system32\NSI.dll
0x00007ffa32080000 - 0x00007ffa320a3000 	C:\Windows\SYSTEM32\WINMM.dll
0x00007ffa30cd0000 - 0x00007ffa30cda000 	C:\Windows\SYSTEM32\VERSION.dll
0x00007ffa31e70000 - 0x00007ffa31e9c000 	C:\Windows\SYSTEM32\WINMMBASE.dll
0x00007ffa33f30000 - 0x00007ffa33f74000 	C:\Windows\system32\cfgmgr32.dll
0x00007ffa32810000 - 0x00007ffa32837000 	C:\Windows\SYSTEM32\DEVOBJ.dll
0x00007ffa2de20000 - 0x00007ffa2de2f000 	C:\Program Files\Java\jre1.8.0_211\bin\verify.dll
0x00007ffa2bd40000 - 0x00007ffa2bd69000 	C:\Program Files\Java\jre1.8.0_211\bin\java.dll
0x00007ffa2ddc0000 - 0x00007ffa2ddd6000 	C:\Program Files\Java\jre1.8.0_211\bin\zip.dll
0x00007ffa34fb0000 - 0x00007ffa364d3000 	C:\Windows\system32\SHELL32.dll
0x00007ffa34160000 - 0x00007ffa34789000 	C:\Windows\system32\windows.storage.dll
0x00007ffa37180000 - 0x00007ffa373fc000 	C:\Windows\system32\combase.dll
0x00007ffa365b0000 - 0x00007ffa36601000 	C:\Windows\system32\shlwapi.dll
0x00007ffa33e90000 - 0x00007ffa33e9f000 	C:\Windows\system32\kernel.appcore.dll
0x00007ffa34840000 - 0x00007ffa348f3000 	C:\Windows\system32\shcore.dll
0x00007ffa33ee0000 - 0x00007ffa33f2a000 	C:\Windows\system32\powrprof.dll
0x00007ffa33ec0000 - 0x00007ffa33ed3000 	C:\Windows\system32\profapi.dll
0x00007ffa2dc50000 - 0x00007ffa2dc5d000 	C:\Program Files\Java\jre1.8.0_211\bin\management.dll
0x00007ffa2be40000 - 0x00007ffa2be5a000 	C:\Program Files\Java\jre1.8.0_211\bin\net.dll
0x00007ffa2abf0000 - 0x00007ffa2ad87000 	C:\Windows\SYSTEM32\urlmon.dll
0x00007ffa2a5b0000 - 0x00007ffa2a92d000 	C:\Windows\SYSTEM32\iertutil.dll
0x00007ffa338d0000 - 0x00007ffa338db000 	C:\Windows\SYSTEM32\CRYPTBASE.dll
0x00007ffa33ce0000 - 0x00007ffa33d4b000 	C:\Windows\SYSTEM32\bcryptPrimitives.dll
0x00007ffa33700000 - 0x00007ffa3375d000 	C:\Windows\system32\mswsock.dll
0x00007ffa25f70000 - 0x00007ffa25f85000 	C:\Windows\system32\napinsp.dll
0x00007ffa25fa0000 - 0x00007ffa25fba000 	C:\Windows\system32\pnrpnsp.dll
0x00007ffa31ba0000 - 0x00007ffa31bb8000 	C:\Windows\system32\NLAapi.dll
0x00007ffa33500000 - 0x00007ffa335a8000 	C:\Windows\SYSTEM32\DNSAPI.dll
0x00007ffa25f90000 - 0x00007ffa25f9d000 	C:\Windows\System32\winrnr.dll
0x00007ffa25fc0000 - 0x00007ffa25fd5000 	C:\Windows\system32\wshbth.dll
0x00007ffa31ea0000 - 0x00007ffa31ed8000 	C:\Windows\SYSTEM32\IPHLPAPI.DLL
0x00007ffa31bf0000 - 0x00007ffa31bfb000 	C:\Windows\SYSTEM32\WINNSI.DLL
0x00007ffa30100000 - 0x00007ffa30168000 	C:\Windows\System32\fwpuclnt.dll
0x00007ffa339d0000 - 0x00007ffa339f8000 	C:\Windows\SYSTEM32\bcrypt.dll
0x00007ffa2c4a0000 - 0x00007ffa2c4aa000 	C:\Windows\System32\rasadhlp.dll
0x00007ffa2bd20000 - 0x00007ffa2bd32000 	C:\Program Files\Java\jre1.8.0_211\bin\nio.dll
0x00007ffa20e90000 - 0x00007ffa20eb4000 	C:\Program Files\Java\jre1.8.0_211\bin\sunec.dll
0x00007ffa33760000 - 0x00007ffa33777000 	C:\Windows\SYSTEM32\CRYPTSP.dll
0x00007ffa333b0000 - 0x00007ffa333e3000 	C:\Windows\system32\rsaenh.dll
0x00007ffa334a0000 - 0x00007ffa334bf000 	C:\Windows\SYSTEM32\USERENV.dll
0x00007ffa30c40000 - 0x00007ffa30c56000 	C:\Windows\SYSTEM32\dhcpcsvc6.DLL
0x00007ffa30c20000 - 0x00007ffa30c3a000 	C:\Windows\SYSTEM32\dhcpcsvc.DLL
0x00007ffa2fa90000 - 0x00007ffa2faa7000 	C:\Program Files\Java\jre1.8.0_211\bin\unpack.dll
0x00000000025d0000 - 0x0000000002623000 	E:\.minecraft\versions\ForgeOptiFine 1.12.2\natives\lwjgl64.dll
0x00007ffa20410000 - 0x00007ffa20538000 	C:\Windows\SYSTEM32\OPENGL32.dll
0x00007ffa25f40000 - 0x00007ffa25f6e000 	C:\Windows\SYSTEM32\GLU32.dll
0x00007ffa1eee0000 - 0x00007ffa1efd6000 	C:\Windows\SYSTEM32\DDRAW.dll
0x00007ffa2fee0000 - 0x00007ffa2fee8000 	C:\Windows\SYSTEM32\DCIMAN32.dll
0x00007ffa19230000 - 0x00007ffa193c9000 	C:\Program Files\Java\jre1.8.0_211\bin\awt.dll
0x00007ffa364e0000 - 0x00007ffa365a2000 	C:\Windows\system32\OLEAUT32.dll
0x00007ffa32520000 - 0x00007ffa32598000 	C:\Windows\system32\apphelp.dll
0x00007ffa32770000 - 0x00007ffa32806000 	C:\Windows\system32\uxtheme.dll
0x00007ffa31500000 - 0x00007ffa31522000 	C:\Windows\system32\dwmapi.dll
0x00007ffa19030000 - 0x00007ffa19058000 	C:\Windows\SYSTEM32\atig6pxx.dll
0x00007ff9e9e00000 - 0x00007ff9ece93000 	C:\Windows\SYSTEM32\atio6axx.dll
0x00007ffa36bd0000 - 0x00007ffa36d95000 	C:\Windows\system32\SETUPAPI.dll
0x00007ffa34ce0000 - 0x00007ffa34e21000 	C:\Windows\system32\ole32.dll
0x00007ffa23eb0000 - 0x00007ffa23ed3000 	C:\Windows\SYSTEM32\dxva2.dll
0x00007ffa17f20000 - 0x00007ffa17f5a000 	C:\Windows\SYSTEM32\atig6txx.dll
0x00007ffa09740000 - 0x00007ffa098ea000 	C:\Windows\SYSTEM32\atiadlxx.dll
0x00007ffa312d0000 - 0x00007ffa31453000 	C:\Windows\SYSTEM32\PROPSYS.dll
0x00007ffa34ad0000 - 0x00007ffa34b24000 	C:\Windows\system32\WINTRUST.dll
0x00007ffa33ea0000 - 0x00007ffa33eb1000 	C:\Windows\system32\MSASN1.dll
0x00007ffa34900000 - 0x00007ffa34ac1000 	C:\Windows\system32\CRYPT32.dll
0x00007ffa2de50000 - 0x00007ffa2dee1000 	C:\Windows\SYSTEM32\mscms.dll
0x00007ffa28300000 - 0x00007ffa28342000 	C:\Windows\SYSTEM32\icm32.dll
0x00007ffa23a60000 - 0x00007ffa23aa2000 	C:\Users\User\AppData\Local\Temp\jna-2645995\jna3217893457129050877.dll
0x00007ffa23700000 - 0x00007ffa23749000 	C:\Program Files\Java\jre1.8.0_211\bin\fontmanager.dll
0x00007ffa2d0c0000 - 0x00007ffa2d0cb000 	C:\Program Files\Java\jre1.8.0_211\bin\sunmscapi.dll
0x00007ffa20970000 - 0x00007ffa209b2000 	C:\Program Files\Java\jre1.8.0_211\bin\t2k.dll
0x0000000030a00000 - 0x0000000030a64000 	E:\.minecraft\versions\ForgeOptiFine 1.12.2\natives\OpenAL64.dll
0x00007ffa36b20000 - 0x00007ffa36bc5000 	C:\Windows\system32\clbcatq.dll
0x00007ffa30170000 - 0x00007ffa301e2000 	C:\Windows\System32\MMDevApi.dll
0x00007ffa21560000 - 0x00007ffa215fc000 	C:\Windows\SYSTEM32\dsound.dll
0x00007ffa1a070000 - 0x00007ffa1a0f5000 	C:\Windows\SYSTEM32\AUDIOSES.DLL
0x00007ffa2d3e0000 - 0x00007ffa2d511000 	C:\Windows\SYSTEM32\wintypes.dll
0x00007ffa2dc10000 - 0x00007ffa2dc41000 	C:\Program Files\Java\jre1.8.0_211\bin\jpeg.dll
0x00007ffa2f930000 - 0x00007ffa2f94a000 	E:\.minecraft\versions\ForgeOptiFine 1.12.2\natives\SAPIWrapper_x64.dll

VM Arguments:
jvm_args: -Djava.net.preferIPv4Stack=true -Dos.name=Windows 10 -Dos.version=10.0 -Xmn128M -Xmx7000M -Djava.library.path=E:\.minecraft\versions\ForgeOptiFine 1.12.2\natives -Dminecraft.applet.TargetDirectory=E:\.minecraft -XX:+UnlockExperimentalVMOptions -XX:+UseG1GC -XX:G1NewSizePercent=20 -XX:G1ReservePercent=20 -XX:MaxGCPauseMillis=50 -XX:G1HeapRegionSize=32M -Dfml.ignoreInvalidMinecraftCertificates=true -Dfml.ignorePatchDiscrepancies=true 
java_command: net.minecraft.launchwrapper.Launch --username Veigar --version ForgeOptiFine 1.12.2 --gameDir E:\.minecraft --assetsDir E:\.minecraft\assets --assetIndex 1.12 --uuid 00000000-0000-0000-0000-000000000000 --accessToken null --userProperties [] --userType legacy --tweakClass net.minecraftforge.fml.common.launcher.FMLTweaker --versionType Forge --width 925 --height 530
java_class_path (initial): E:\.minecraft\libraries\net\minecraftforge\forge\1.12.2-14.23.5.2847\forge-1.12.2-14.23.5.2847.jar;E:\.minecraft\libraries\net\minecraft\launchwrapper\1.12\launchwrapper-1.12.jar;E:\.minecraft\libraries\org\ow2\asm\asm-all\5.2\asm-all-5.2.jar;E:\.minecraft\libraries\jline\jline\3.5.1\jline-3.5.1.jar;E:\.minecraft\libraries\com\typesafe\akka\akka-actor_2.11\2.3.3\akka-actor_2.11-2.3.3.jar;E:\.minecraft\libraries\com\typesafe\config\1.2.1\config-1.2.1.jar;E:\.minecraft\libraries\org\scala-lang\scala-actors-migration_2.11\1.1.0\scala-actors-migration_2.11-1.1.0.jar;E:\.minecraft\libraries\org\scala-lang\scala-compiler\2.11.1\scala-compiler-2.11.1.jar;E:\.minecraft\libraries\org\scala-lang\plugins\scala-continuations-library_2.11\1.0.2\scala-continuations-library_2.11-1.0.2.jar;E:\.minecraft\libraries\org\scala-lang\plugins\scala-continuations-plugin_2.11.1\1.0.2\scala-continuations-plugin_2.11.1-1.0.2.jar;E:\.minecraft\libraries\org\scala-lang\scala-library\2.11.1\scala-library-2.11.1.jar;E:\.minecraft\libraries\org\scala-lang\scala-parser-combinators_2.11\1.0.1\scala-parser-combinators_2.11-1.0.1.jar;E:\.minecraft\libraries\org\scala-lang\scala-reflect\2.11.1\scala-reflect-2.11.1.jar;E:\.minecraft\libraries\org\scala-lang\scala-swing_2.11\1.0.1\scala-swing_2.11-1.0.1.jar;E:\.minecraft\libraries\org\scala-lang\scala-xml_2.11\1.0.2\scala-xml_2.11-1.0.2.jar;E:\.minecraft\libraries\lzma\lzma\0.0.1\lzma-0.0.1.jar;E:\.minecraft\libraries\net\sf\jopt-simple\jopt-simple\5.0.3\jopt-simple-5.0.3.jar;E:\.minecraft\libraries\java3d\vecmath\1.5.2\vecmath-1.5.2.jar;E:\.minecraft\libraries\net\sf\trove4j\trove4j\3.0.3\trove4j-3.0.3.jar;E:\.minecraft\libraries\org\apache\maven\maven-artifact\3.5.3\maven-artifact-3.5.3.jar;E:\.minecraft\libraries\org\tlauncher\patchy\1.1\patchy-1.1.jar;E:\.minecraft\libraries\oshi-project\oshi-core\1.1\oshi-core-1.1.jar;E:\.minecraft\libraries\net\java\dev\jna\jna\4.4.0\jna-4.4.0.jar;E:\.minecraft\libraries\net\java\dev\jn
Launcher Type: SUN_STANDARD

Environment Variables:
PATH=C:\Program Files (x86)\NVIDIA Corporation\PhysX\Common;C:\Program Files (x86)\Common Files\Oracle\Java\javapath;C:\Windows\system32;C:\Windows;C:\Windows\System32\Wbem;C:\Windows\System32\WindowsPowerShell\v1.0\;C:\Program Files\Java\jre1.8.0_211\bin
USERNAME=User
OS=Windows_NT
PROCESSOR_IDENTIFIER=AMD64 Family 21 Model 2 Stepping 0, AuthenticAMD



---------------  S Y S T E M  ---------------

OS: Windows 10.0 , 64 bit Build 10240 (10.0.10240.17113)

CPU:total 6 (initial active 6) (6 cores per cpu, 1 threads per core) family 21 model 2 stepping 0, cmov, cx8, fxsr, mmx, sse, sse2, sse3, ssse3, sse4.1, sse4.2, popcnt, avx, aes, clmul, mmxext, 3dnowpref, lzcnt, sse4a, tsc, tscinvbit, tscinv, bmi1

Memory: 4k page, physical 8386100k(475896k free), swap 16774708k(67408k free)

vm_info: Java HotSpot(TM) 64-Bit Server VM (25.211-b12) for windows-amd64 JRE (1.8.0_211-b12), built on Apr  1 2019 20:53:26 by "java_re" with MS VC++ 10.0 (VS2010)

time: Fri Dec 06 18:59:39 2019
timezone: RTZ 2 ()
elapsed time: 1373 seconds (0d 0h 22m 53s)

