#
# There is insufficient memory for the Java Runtime Environment to continue.
# Native memory allocation (mmap) failed to map 369098752 bytes for Failed to commit area from 0x000000075a000000 to 0x0000000770000000 of length 369098752.
# Possible reasons:
#   The system is out of physical RAM or swap space
#   The process is running with CompressedOops enabled, and the Java Heap may be blocking the growth of the native heap
# Possible solutions:
#   Reduce memory load on the system
#   Increase physical memory or swap space
#   Check if swap backing store is full
#   Decrease Java heap size (-Xmx/-Xms)
#   Decrease number of Java threads
#   Decrease Java thread stack sizes (-Xss)
#   Set larger code cache with -XX:ReservedCodeCacheSize=
#   JVM is running with Zero Based Compressed Oops mode in which the Java heap is
#     placed in the first 32GB address space. The Java Heap base address is the
#     maximum limit for the native heap growth. Please use -XX:HeapBaseMinAddress
#     to set the Java Heap base and to place the Java Heap above 32GB virtual address.
# This output file may be truncated or incomplete.
#
#  Out of Memory Error (os_windows.cpp:3377), pid=1912, tid=0x0000000000002d00
#
# JRE version: Java(TM) SE Runtime Environment (8.0_241-b07) (build 1.8.0_241-b07)
# Java VM: Java HotSpot(TM) 64-Bit Server VM (25.241-b07 mixed mode windows-amd64 compressed oops)
# Failed to write core dump. Minidumps are not enabled by default on client versions of Windows
#

---------------  T H R E A D  ---------------

Current thread (0x000000003b233000):  VMThread [stack: 0x000000003b2c0000,0x000000003b3c0000] [id=11520]

Stack: [0x000000003b2c0000,0x000000003b3c0000]
[error occurred during error reporting (printing stack bounds), id 0xc0000005]

Native frames: (J=compiled Java code, j=interpreted, Vv=VM code, C=native code)

VM_Operation (0x000000000262c070): G1IncCollectionPause, mode: safepoint, requested by thread 0x0000000002634800


---------------  P R O C E S S  ---------------

Java Threads: ( => current thread )
  0x000000003c715000 JavaThread "Keep-Alive-Timer" daemon [_thread_blocked, id=5828, stack(0x000000004a930000,0x000000004aa30000)]
  0x000000003c71b000 JavaThread "Forge Version Check" [_thread_blocked, id=932, stack(0x000000003fca0000,0x000000003fda0000)]
  0x000000003c71b800 JavaThread "LWJGL Timer" daemon [_thread_blocked, id=5472, stack(0x000000004ea60000,0x000000004eb60000)]
  0x000000003c718800 JavaThread "Thread-4" [_thread_blocked, id=5100, stack(0x000000004aa30000,0x000000004ab30000)]
  0x000000003d8e8800 JavaThread "Java2D Disposer" daemon [_thread_blocked, id=2756, stack(0x0000000045500000,0x0000000045600000)]
  0x000000004205b000 JavaThread "Timer hack thread" daemon [_thread_blocked, id=2360, stack(0x0000000045400000,0x0000000045500000)]
  0x000000003ea1e800 JavaThread "Snooper Timer" daemon [_thread_blocked, id=3012, stack(0x000000003e560000,0x000000003e660000)]
  0x000000003e92d000 JavaThread "Thread-1" [_thread_blocked, id=11612, stack(0x000000003e260000,0x000000003e360000)]
  0x000000003bb32000 JavaThread "Service Thread" daemon [_thread_blocked, id=11948, stack(0x000000003c0d0000,0x000000003c1d0000)]
  0x000000003bb12800 JavaThread "C1 CompilerThread2" daemon [_thread_blocked, id=7260, stack(0x000000003bfd0000,0x000000003c0d0000)]
  0x000000003bb09000 JavaThread "C2 CompilerThread1" daemon [_thread_blocked, id=2208, stack(0x000000003bed0000,0x000000003bfd0000)]
  0x000000003b2a5000 JavaThread "C2 CompilerThread0" daemon [_thread_blocked, id=8680, stack(0x000000003b9d0000,0x000000003bad0000)]
  0x000000003b29c800 JavaThread "Attach Listener" daemon [_thread_blocked, id=1524, stack(0x000000003b8d0000,0x000000003b9d0000)]
  0x000000003b29b800 JavaThread "Signal Dispatcher" daemon [_thread_blocked, id=4880, stack(0x000000003b7d0000,0x000000003b8d0000)]
  0x000000003b299000 JavaThread "Surrogate Locker Thread (Concurrent GC)" daemon [_thread_blocked, id=3900, stack(0x000000003b6d0000,0x000000003b7d0000)]
  0x000000003b23f000 JavaThread "Finalizer" daemon [_thread_blocked, id=4040, stack(0x000000003b4c0000,0x000000003b5c0000)]
  0x000000003b238000 JavaThread "Reference Handler" daemon [_thread_blocked, id=11580, stack(0x000000003b3c0000,0x000000003b4c0000)]
  0x0000000002634800 JavaThread "Client thread" [_thread_blocked, id=11412, stack(0x0000000002530000,0x0000000002630000)]

Other Threads:
=>0x000000003b233000 VMThread [stack: 0x000000003b2c0000,0x000000003b3c0000] [id=11520]
  0x000000003bb38800 WatcherThread [stack: 0x000000003c1d0000,0x000000003c2d0000] [id=8736]

VM state:at safepoint (normal execution)

VM Mutex/Monitor currently owned by a thread:  ([mutex/lock_event])
[0x0000000002632e60] Threads_lock - owner thread: 0x000000003b233000
[0x00000000026330e0] Heap_lock - owner thread: 0x0000000002634800

heap address: 0x000000041a000000, size: 14944 MB, Compressed Oops mode: Zero based, Oop shift amount: 3
Narrow klass base: 0x0000000000000000, Narrow klass shift: 3
Compressed class space size: 1073741824 Address: 0x00000007c0000000

Heap:
 garbage-first heap   total 13991936K, used 831434K [0x000000041a000000, 0x000000041c000d58, 0x00000007c0000000)
  region size 32768K, 1 young (32768K), 1 survivors (32768K)
 Metaspace       used 79722K, capacity 80557K, committed 81280K, reserved 1118208K
  class space    used 11574K, capacity 11805K, committed 11904K, reserved 1048576K

Heap Regions: (Y=young(eden), SU=young(survivor), HS=humongous(starts), HC=humongous(continues), CS=collection set, F=free, TS=gc time stamp, PTAMS=previous top-at-mark-start, NTAMS=next top-at-mark-start)
AC   0  O    TS     0 PTAMS 0x000000041c000000 NTAMS 0x000000041c000000 space 32768K, 100% used [0x000000041a000000, 0x000000041c000000)
AC   0  O    TS     0 PTAMS 0x000000041e000000 NTAMS 0x000000041e000000 space 32768K, 100% used [0x000000041c000000, 0x000000041e000000)
AC   0  O    TS    25 PTAMS 0x000000041e000000 NTAMS 0x000000041e000000 space 32768K, 100% used [0x000000041e000000, 0x0000000420000000)
AC   0 HS    TS     0 PTAMS 0x0000000421000010 NTAMS 0x0000000421000010 space 32768K,  50% used [0x0000000420000000, 0x0000000422000000)
AC   0  O    TS     0 PTAMS 0x0000000424000000 NTAMS 0x0000000424000000 space 32768K, 100% used [0x0000000422000000, 0x0000000424000000)
AC   0  O    TS     0 PTAMS 0x0000000426000000 NTAMS 0x0000000426000000 space 32768K, 100% used [0x0000000424000000, 0x0000000426000000)
AC   0  O    TS     0 PTAMS 0x0000000428000000 NTAMS 0x0000000428000000 space 32768K, 100% used [0x0000000426000000, 0x0000000428000000)
AC   0  O    TS     0 PTAMS 0x000000042a000000 NTAMS 0x000000042a000000 space 32768K, 100% used [0x0000000428000000, 0x000000042a000000)
AC   0  O    TS     3 PTAMS 0x000000042a231600 NTAMS 0x000000042a231600 space 32768K, 100% used [0x000000042a000000, 0x000000042c000000)
AC   0  O    TS     0 PTAMS 0x000000042e000000 NTAMS 0x000000042e000000 space 32768K, 100% used [0x000000042c000000, 0x000000042e000000)
AC   0  O    TS    19 PTAMS 0x000000042e000000 NTAMS 0x000000042e000000 space 32768K, 100% used [0x000000042e000000, 0x0000000430000000)
AC   0  O    TS    27 PTAMS 0x0000000430000000 NTAMS 0x0000000430000000 space 32768K, 100% used [0x0000000430000000, 0x0000000432000000)
AC   0  O    TS    31 PTAMS 0x0000000432000000 NTAMS 0x0000000432000000 space 32768K, 100% used [0x0000000432000000, 0x0000000434000000)
AC   0  O    TS    35 PTAMS 0x0000000434000000 NTAMS 0x0000000434000000 space 32768K, 100% used [0x0000000434000000, 0x0000000436000000)
AC   0  O    TS    41 PTAMS 0x0000000436000000 NTAMS 0x0000000436000000 space 32768K, 100% used [0x0000000436000000, 0x0000000438000000)
AC   0  O    TS    51 PTAMS 0x0000000438000000 NTAMS 0x0000000438000000 space 32768K, 100% used [0x0000000438000000, 0x000000043a000000)
AC   0  O    TS    71 PTAMS 0x000000043a000000 NTAMS 0x000000043a000000 space 32768K, 100% used [0x000000043a000000, 0x000000043c000000)
AC   0  O    TS    81 PTAMS 0x000000043c000000 NTAMS 0x000000043c000000 space 32768K, 100% used [0x000000043c000000, 0x000000043e000000)
AC   0  O    TS    97 PTAMS 0x000000043e000000 NTAMS 0x000000043e000000 space 32768K, 100% used [0x000000043e000000, 0x0000000440000000)
AC   0  O    TS   111 PTAMS 0x0000000440000000 NTAMS 0x0000000440000000 space 32768K, 100% used [0x0000000440000000, 0x0000000442000000)
AC   0  O    TS   125 PTAMS 0x0000000442000000 NTAMS 0x0000000442000000 space 32768K, 100% used [0x0000000442000000, 0x0000000444000000)
AC   0  O    TS   137 PTAMS 0x0000000444000000 NTAMS 0x0000000444000000 space 32768K, 100% used [0x0000000444000000, 0x0000000446000000)
AC   0  O    TS   149 PTAMS 0x0000000446000000 NTAMS 0x0000000446000000 space 32768K, 100% used [0x0000000446000000, 0x0000000448000000)
AC   0  O    TS   151 PTAMS 0x0000000448000000 NTAMS 0x0000000448000000 space 32768K, 100% used [0x0000000448000000, 0x000000044a000000)
AC   0  O    TS   153 PTAMS 0x000000044a000000 NTAMS 0x000000044a000000 space 32768K,  87% used [0x000000044a000000, 0x000000044c000000)
AC   0  F    TS     3 PTAMS 0x000000044c000000 NTAMS 0x000000044c000000 space 32768K,   0% used [0x000000044c000000, 0x000000044e000000)
AC   0  F    TS     3 PTAMS 0x000000044e000000 NTAMS 0x000000044e000000 space 32768K,   0% used [0x000000044e000000, 0x0000000450000000)
AC   0  F    TS     3 PTAMS 0x0000000450000000 NTAMS 0x0000000450000000 space 32768K,   0% used [0x0000000450000000, 0x0000000452000000)
AC   0  F    TS     3 PTAMS 0x0000000452000000 NTAMS 0x0000000452000000 space 32768K,   0% used [0x0000000452000000, 0x0000000454000000)
AC   0  F    TS     3 PTAMS 0x0000000454000000 NTAMS 0x0000000454000000 space 32768K,   0% used [0x0000000454000000, 0x0000000456000000)
AC   0  F    TS     3 PTAMS 0x0000000456000000 NTAMS 0x0000000456000000 space 32768K,   0% used [0x0000000456000000, 0x0000000458000000)
AC   0  F    TS     3 PTAMS 0x0000000458000000 NTAMS 0x0000000458000000 space 32768K,   0% used [0x0000000458000000, 0x000000045a000000)
AC   0  F    TS     3 PTAMS 0x000000045a000000 NTAMS 0x000000045a000000 space 32768K,   0% used [0x000000045a000000, 0x000000045c000000)
AC   0  F    TS     3 PTAMS 0x000000045c000000 NTAMS 0x000000045c000000 space 32768K,   0% used [0x000000045c000000, 0x000000045e000000)
AC   0  F    TS     5 PTAMS 0x000000045e000000 NTAMS 0x000000045e000000 space 32768K,   0% used [0x000000045e000000, 0x0000000460000000)
AC   0  F    TS     3 PTAMS 0x0000000460000000 NTAMS 0x0000000460000000 space 32768K,   0% used [0x0000000460000000, 0x0000000462000000)
AC   0  F    TS     3 PTAMS 0x0000000462000000 NTAMS 0x0000000462000000 space 32768K,   0% used [0x0000000462000000, 0x0000000464000000)
AC   0  F    TS     3 PTAMS 0x0000000464000000 NTAMS 0x0000000464000000 space 32768K,   0% used [0x0000000464000000, 0x0000000466000000)
AC   0  F    TS     5 PTAMS 0x0000000466000000 NTAMS 0x0000000466000000 space 32768K,   0% used [0x0000000466000000, 0x0000000468000000)
AC   0  F    TS     5 PTAMS 0x0000000468000000 NTAMS 0x0000000468000000 space 32768K,   0% used [0x0000000468000000, 0x000000046a000000)
AC   0  F    TS     5 PTAMS 0x000000046a000000 NTAMS 0x000000046a000000 space 32768K,   0% used [0x000000046a000000, 0x000000046c000000)
AC   0  F    TS     5 PTAMS 0x000000046c000000 NTAMS 0x000000046c000000 space 32768K,   0% used [0x000000046c000000, 0x000000046e000000)
AC   0  F    TS     5 PTAMS 0x000000046e000000 NTAMS 0x000000046e000000 space 32768K,   0% used [0x000000046e000000, 0x0000000470000000)
AC   0  F    TS     5 PTAMS 0x0000000470000000 NTAMS 0x0000000470000000 space 32768K,   0% used [0x0000000470000000, 0x0000000472000000)
AC   0  F    TS     5 PTAMS 0x0000000472000000 NTAMS 0x0000000472000000 space 32768K,   0% used [0x0000000472000000, 0x0000000474000000)
AC   0  F    TS     5 PTAMS 0x0000000474000000 NTAMS 0x0000000474000000 space 32768K,   0% used [0x0000000474000000, 0x0000000476000000)
AC   0  F    TS     5 PTAMS 0x0000000476000000 NTAMS 0x0000000476000000 space 32768K,   0% used [0x0000000476000000, 0x0000000478000000)
AC   0  F    TS     5 PTAMS 0x0000000478000000 NTAMS 0x0000000478000000 space 32768K,   0% used [0x0000000478000000, 0x000000047a000000)
AC   0  F    TS     5 PTAMS 0x000000047a000000 NTAMS 0x000000047a000000 space 32768K,   0% used [0x000000047a000000, 0x000000047c000000)
AC   0  F    TS     5 PTAMS 0x000000047c000000 NTAMS 0x000000047c000000 space 32768K,   0% used [0x000000047c000000, 0x000000047e000000)
AC   0  F    TS     5 PTAMS 0x000000047e000000 NTAMS 0x000000047e000000 space 32768K,   0% used [0x000000047e000000, 0x0000000480000000)
AC   0  F    TS     5 PTAMS 0x0000000480000000 NTAMS 0x0000000480000000 space 32768K,   0% used [0x0000000480000000, 0x0000000482000000)
AC   0  F    TS     5 PTAMS 0x0000000482000000 NTAMS 0x0000000482000000 space 32768K,   0% used [0x0000000482000000, 0x0000000484000000)
AC   0  F    TS     5 PTAMS 0x0000000484000000 NTAMS 0x0000000484000000 space 32768K,   0% used [0x0000000484000000, 0x0000000486000000)
AC   0  F    TS     5 PTAMS 0x0000000486000000 NTAMS 0x0000000486000000 space 32768K,   0% used [0x0000000486000000, 0x0000000488000000)
AC   0  F    TS     5 PTAMS 0x0000000488000000 NTAMS 0x0000000488000000 space 32768K,   0% used [0x0000000488000000, 0x000000048a000000)
AC   0  F    TS     5 PTAMS 0x000000048a000000 NTAMS 0x000000048a000000 space 32768K,   0% used [0x000000048a000000, 0x000000048c000000)
AC   0  F    TS     5 PTAMS 0x000000048c000000 NTAMS 0x000000048c000000 space 32768K,   0% used [0x000000048c000000, 0x000000048e000000)
AC   0  F    TS     5 PTAMS 0x000000048e000000 NTAMS 0x000000048e000000 space 32768K,   0% used [0x000000048e000000, 0x0000000490000000)
AC   0  F    TS     5 PTAMS 0x0000000490000000 NTAMS 0x0000000490000000 space 32768K,   0% used [0x0000000490000000, 0x0000000492000000)
AC   0  F    TS     5 PTAMS 0x0000000492000000 NTAMS 0x0000000492000000 space 32768K,   0% used [0x0000000492000000, 0x0000000494000000)
AC   0  F    TS     5 PTAMS 0x0000000494000000 NTAMS 0x0000000494000000 space 32768K,   0% used [0x0000000494000000, 0x0000000496000000)
AC   0  F    TS     5 PTAMS 0x0000000496000000 NTAMS 0x0000000496000000 space 32768K,   0% used [0x0000000496000000, 0x0000000498000000)
AC   0  F    TS     5 PTAMS 0x0000000498000000 NTAMS 0x0000000498000000 space 32768K,   0% used [0x0000000498000000, 0x000000049a000000)
AC   0  F    TS     5 PTAMS 0x000000049a000000 NTAMS 0x000000049a000000 space 32768K,   0% used [0x000000049a000000, 0x000000049c000000)
AC   0  F    TS     5 PTAMS 0x000000049c000000 NTAMS 0x000000049c000000 space 32768K,   0% used [0x000000049c000000, 0x000000049e000000)
AC   0  F    TS     5 PTAMS 0x000000049e000000 NTAMS 0x000000049e000000 space 32768K,   0% used [0x000000049e000000, 0x00000004a0000000)
AC   0  F    TS     5 PTAMS 0x00000004a0000000 NTAMS 0x00000004a0000000 space 32768K,   0% used [0x00000004a0000000, 0x00000004a2000000)
AC   0  F    TS     5 PTAMS 0x00000004a2000000 NTAMS 0x00000004a2000000 space 32768K,   0% used [0x00000004a2000000, 0x00000004a4000000)
AC   0  F    TS     5 PTAMS 0x00000004a4000000 NTAMS 0x00000004a4000000 space 32768K,   0% used [0x00000004a4000000, 0x00000004a6000000)
AC   0  F    TS     5 PTAMS 0x00000004a6000000 NTAMS 0x00000004a6000000 space 32768K,   0% used [0x00000004a6000000, 0x00000004a8000000)
AC   0  F    TS     5 PTAMS 0x00000004a8000000 NTAMS 0x00000004a8000000 space 32768K,   0% used [0x00000004a8000000, 0x00000004aa000000)
AC   0  F    TS     7 PTAMS 0x00000004aa000000 NTAMS 0x00000004aa000000 space 32768K,   0% used [0x00000004aa000000, 0x00000004ac000000)
AC   0  F    TS     5 PTAMS 0x00000004ac000000 NTAMS 0x00000004ac000000 space 32768K,   0% used [0x00000004ac000000, 0x00000004ae000000)
AC   0  F    TS     5 PTAMS 0x00000004ae000000 NTAMS 0x00000004ae000000 space 32768K,   0% used [0x00000004ae000000, 0x00000004b0000000)
AC   0  F    TS     5 PTAMS 0x00000004b0000000 NTAMS 0x00000004b0000000 space 32768K,   0% used [0x00000004b0000000, 0x00000004b2000000)
AC   0  F    TS     7 PTAMS 0x00000004b2000000 NTAMS 0x00000004b2000000 space 32768K,   0% used [0x00000004b2000000, 0x00000004b4000000)
AC   0  F    TS     7 PTAMS 0x00000004b4000000 NTAMS 0x00000004b4000000 space 32768K,   0% used [0x00000004b4000000, 0x00000004b6000000)
AC   0  F    TS     7 PTAMS 0x00000004b6000000 NTAMS 0x00000004b6000000 space 32768K,   0% used [0x00000004b6000000, 0x00000004b8000000)
AC   0  F    TS     7 PTAMS 0x00000004b8000000 NTAMS 0x00000004b8000000 space 32768K,   0% used [0x00000004b8000000, 0x00000004ba000000)
AC   0  F    TS     7 PTAMS 0x00000004ba000000 NTAMS 0x00000004ba000000 space 32768K,   0% used [0x00000004ba000000, 0x00000004bc000000)
AC   0  F    TS     7 PTAMS 0x00000004bc000000 NTAMS 0x00000004bc000000 space 32768K,   0% used [0x00000004bc000000, 0x00000004be000000)
AC   0  F    TS     7 PTAMS 0x00000004be000000 NTAMS 0x00000004be000000 space 32768K,   0% used [0x00000004be000000, 0x00000004c0000000)
AC   0  F    TS     7 PTAMS 0x00000004c0000000 NTAMS 0x00000004c0000000 space 32768K,   0% used [0x00000004c0000000, 0x00000004c2000000)
AC   0  F    TS     7 PTAMS 0x00000004c2000000 NTAMS 0x00000004c2000000 space 32768K,   0% used [0x00000004c2000000, 0x00000004c4000000)
AC   0  F    TS     7 PTAMS 0x00000004c4000000 NTAMS 0x00000004c4000000 space 32768K,   0% used [0x00000004c4000000, 0x00000004c6000000)
AC   0  F    TS     7 PTAMS 0x00000004c6000000 NTAMS 0x00000004c6000000 space 32768K,   0% used [0x00000004c6000000, 0x00000004c8000000)
AC   0  F    TS     7 PTAMS 0x00000004c8000000 NTAMS 0x00000004c8000000 space 32768K,   0% used [0x00000004c8000000, 0x00000004ca000000)
AC   0  F    TS     7 PTAMS 0x00000004ca000000 NTAMS 0x00000004ca000000 space 32768K,   0% used [0x00000004ca000000, 0x00000004cc000000)
AC   0  F    TS     7 PTAMS 0x00000004cc000000 NTAMS 0x00000004cc000000 space 32768K,   0% used [0x00000004cc000000, 0x00000004ce000000)
AC   0  F    TS     7 PTAMS 0x00000004ce000000 NTAMS 0x00000004ce000000 space 32768K,   0% used [0x00000004ce000000, 0x00000004d0000000)
AC   0  F    TS     7 PTAMS 0x00000004d0000000 NTAMS 0x00000004d0000000 space 32768K,   0% used [0x00000004d0000000, 0x00000004d2000000)
AC   0  F    TS     7 PTAMS 0x00000004d2000000 NTAMS 0x00000004d2000000 space 32768K,   0% used [0x00000004d2000000, 0x00000004d4000000)
AC   0  F    TS     7 PTAMS 0x00000004d4000000 NTAMS 0x00000004d4000000 space 32768K,   0% used [0x00000004d4000000, 0x00000004d6000000)
AC   0  F    TS     7 PTAMS 0x00000004d6000000 NTAMS 0x00000004d6000000 space 32768K,   0% used [0x00000004d6000000, 0x00000004d8000000)
AC   0  F    TS     7 PTAMS 0x00000004d8000000 NTAMS 0x00000004d8000000 space 32768K,   0% used [0x00000004d8000000, 0x00000004da000000)
AC   0  F    TS     7 PTAMS 0x00000004da000000 NTAMS 0x00000004da000000 space 32768K,   0% used [0x00000004da000000, 0x00000004dc000000)
AC   0  F    TS     7 PTAMS 0x00000004dc000000 NTAMS 0x00000004dc000000 space 32768K,   0% used [0x00000004dc000000, 0x00000004de000000)
AC   0  F    TS     7 PTAMS 0x00000004de000000 NTAMS 0x00000004de000000 space 32768K,   0% used [0x00000004de000000, 0x00000004e0000000)
AC   0  F    TS     7 PTAMS 0x00000004e0000000 NTAMS 0x00000004e0000000 space 32768K,   0% used [0x00000004e0000000, 0x00000004e2000000)
AC   0  F    TS     7 PTAMS 0x00000004e2000000 NTAMS 0x00000004e2000000 space 32768K,   0% used [0x00000004e2000000, 0x00000004e4000000)
AC   0  F    TS     7 PTAMS 0x00000004e4000000 NTAMS 0x00000004e4000000 space 32768K,   0% used [0x00000004e4000000, 0x00000004e6000000)
AC   0  F    TS     7 PTAMS 0x00000004e6000000 NTAMS 0x00000004e6000000 space 32768K,   0% used [0x00000004e6000000, 0x00000004e8000000)
AC   0  F    TS     7 PTAMS 0x00000004e8000000 NTAMS 0x00000004e8000000 space 32768K,   0% used [0x00000004e8000000, 0x00000004ea000000)
AC   0  F    TS     7 PTAMS 0x00000004ea000000 NTAMS 0x00000004ea000000 space 32768K,   0% used [0x00000004ea000000, 0x00000004ec000000)
AC   0  F    TS     7 PTAMS 0x00000004ec000000 NTAMS 0x00000004ec000000 space 32768K,   0% used [0x00000004ec000000, 0x00000004ee000000)
AC   0  F    TS     7 PTAMS 0x00000004ee000000 NTAMS 0x00000004ee000000 space 32768K,   0% used [0x00000004ee000000, 0x00000004f0000000)
AC   0  F    TS     7 PTAMS 0x00000004f0000000 NTAMS 0x00000004f0000000 space 32768K,   0% used [0x00000004f0000000, 0x00000004f2000000)
AC   0  F    TS     7 PTAMS 0x00000004f2000000 NTAMS 0x00000004f2000000 space 32768K,   0% used [0x00000004f2000000, 0x00000004f4000000)
AC   0  F    TS     7 PTAMS 0x00000004f4000000 NTAMS 0x00000004f4000000 space 32768K,   0% used [0x00000004f4000000, 0x00000004f6000000)
AC   0  F    TS     7 PTAMS 0x00000004f6000000 NTAMS 0x00000004f6000000 space 32768K,   0% used [0x00000004f6000000, 0x00000004f8000000)
AC   0  F    TS     7 PTAMS 0x00000004f8000000 NTAMS 0x00000004f8000000 space 32768K,   0% used [0x00000004f8000000, 0x00000004fa000000)
AC   0  F    TS     7 PTAMS 0x00000004fa000000 NTAMS 0x00000004fa000000 space 32768K,   0% used [0x00000004fa000000, 0x00000004fc000000)
AC   0  F    TS     7 PTAMS 0x00000004fc000000 NTAMS 0x00000004fc000000 space 32768K,   0% used [0x00000004fc000000, 0x00000004fe000000)
AC   0  F    TS     7 PTAMS 0x00000004fe000000 NTAMS 0x00000004fe000000 space 32768K,   0% used [0x00000004fe000000, 0x0000000500000000)
AC   0  F    TS     7 PTAMS 0x0000000500000000 NTAMS 0x0000000500000000 space 32768K,   0% used [0x0000000500000000, 0x0000000502000000)
AC   0  F    TS     7 PTAMS 0x0000000502000000 NTAMS 0x0000000502000000 space 32768K,   0% used [0x0000000502000000, 0x0000000504000000)
AC   0  F    TS     7 PTAMS 0x0000000504000000 NTAMS 0x0000000504000000 space 32768K,   0% used [0x0000000504000000, 0x0000000506000000)
AC   0  F    TS     7 PTAMS 0x0000000506000000 NTAMS 0x0000000506000000 space 32768K,   0% used [0x0000000506000000, 0x0000000508000000)
AC   0  F    TS     7 PTAMS 0x0000000508000000 NTAMS 0x0000000508000000 space 32768K,   0% used [0x0000000508000000, 0x000000050a000000)
AC   0  F    TS     7 PTAMS 0x000000050a000000 NTAMS 0x000000050a000000 space 32768K,   0% used [0x000000050a000000, 0x000000050c000000)
AC   0  F    TS     7 PTAMS 0x000000050c000000 NTAMS 0x000000050c000000 space 32768K,   0% used [0x000000050c000000, 0x000000050e000000)
AC   0  F    TS     7 PTAMS 0x000000050e000000 NTAMS 0x000000050e000000 space 32768K,   0% used [0x000000050e000000, 0x0000000510000000)
AC   0  F    TS     7 PTAMS 0x0000000510000000 NTAMS 0x0000000510000000 space 32768K,   0% used [0x0000000510000000, 0x0000000512000000)
AC   0  F    TS     7 PTAMS 0x0000000512000000 NTAMS 0x0000000512000000 space 32768K,   0% used [0x0000000512000000, 0x0000000514000000)
AC   0  F    TS     7 PTAMS 0x0000000514000000 NTAMS 0x0000000514000000 space 32768K,   0% used [0x0000000514000000, 0x0000000516000000)
AC   0  F    TS     7 PTAMS 0x0000000516000000 NTAMS 0x0000000516000000 space 32768K,   0% used [0x0000000516000000, 0x0000000518000000)
AC   0  F    TS     7 PTAMS 0x0000000518000000 NTAMS 0x0000000518000000 space 32768K,   0% used [0x0000000518000000, 0x000000051a000000)
AC   0  F    TS     7 PTAMS 0x000000051a000000 NTAMS 0x000000051a000000 space 32768K,   0% used [0x000000051a000000, 0x000000051c000000)
AC   0  F    TS     7 PTAMS 0x000000051c000000 NTAMS 0x000000051c000000 space 32768K,   0% used [0x000000051c000000, 0x000000051e000000)
AC   0  F    TS     7 PTAMS 0x000000051e000000 NTAMS 0x000000051e000000 space 32768K,   0% used [0x000000051e000000, 0x0000000520000000)
AC   0  F    TS     7 PTAMS 0x0000000520000000 NTAMS 0x0000000520000000 space 32768K,   0% used [0x0000000520000000, 0x0000000522000000)
AC   0  F    TS     7 PTAMS 0x0000000522000000 NTAMS 0x0000000522000000 space 32768K,   0% used [0x0000000522000000, 0x0000000524000000)
AC   0  F    TS     7 PTAMS 0x0000000524000000 NTAMS 0x0000000524000000 space 32768K,   0% used [0x0000000524000000, 0x0000000526000000)
AC   0  F    TS     7 PTAMS 0x0000000526000000 NTAMS 0x0000000526000000 space 32768K,   0% used [0x0000000526000000, 0x0000000528000000)
AC   0  F    TS     7 PTAMS 0x0000000528000000 NTAMS 0x0000000528000000 space 32768K,   0% used [0x0000000528000000, 0x000000052a000000)
AC   0  F    TS     7 PTAMS 0x000000052a000000 NTAMS 0x000000052a000000 space 32768K,   0% used [0x000000052a000000, 0x000000052c000000)
AC   0  F    TS     7 PTAMS 0x000000052c000000 NTAMS 0x000000052c000000 space 32768K,   0% used [0x000000052c000000, 0x000000052e000000)
AC   0  F    TS     7 PTAMS 0x000000052e000000 NTAMS 0x000000052e000000 space 32768K,   0% used [0x000000052e000000, 0x0000000530000000)
AC   0  F    TS     7 PTAMS 0x0000000530000000 NTAMS 0x0000000530000000 space 32768K,   0% used [0x0000000530000000, 0x0000000532000000)
AC   0  F    TS     7 PTAMS 0x0000000532000000 NTAMS 0x0000000532000000 space 32768K,   0% used [0x0000000532000000, 0x0000000534000000)
AC   0  F    TS     7 PTAMS 0x0000000534000000 NTAMS 0x0000000534000000 space 32768K,   0% used [0x0000000534000000, 0x0000000536000000)
AC   0  F    TS     7 PTAMS 0x0000000536000000 NTAMS 0x0000000536000000 space 32768K,   0% used [0x0000000536000000, 0x0000000538000000)
AC   0  F    TS     7 PTAMS 0x0000000538000000 NTAMS 0x0000000538000000 space 32768K,   0% used [0x0000000538000000, 0x000000053a000000)
AC   0  F    TS     7 PTAMS 0x000000053a000000 NTAMS 0x000000053a000000 space 32768K,   0% used [0x000000053a000000, 0x000000053c000000)
AC   0  F    TS     7 PTAMS 0x000000053c000000 NTAMS 0x000000053c000000 space 32768K,   0% used [0x000000053c000000, 0x000000053e000000)
AC   0  F    TS     7 PTAMS 0x000000053e000000 NTAMS 0x000000053e000000 space 32768K,   0% used [0x000000053e000000, 0x0000000540000000)
AC   0  F    TS    39 PTAMS 0x0000000540000000 NTAMS 0x0000000540000000 space 32768K,   0% used [0x0000000540000000, 0x0000000542000000)
AC   0  F    TS    37 PTAMS 0x0000000542000000 NTAMS 0x0000000542000000 space 32768K,   0% used [0x0000000542000000, 0x0000000544000000)
AC   0  F    TS     7 PTAMS 0x0000000544000000 NTAMS 0x0000000544000000 space 32768K,   0% used [0x0000000544000000, 0x0000000546000000)
AC   0  F    TS     7 PTAMS 0x0000000546000000 NTAMS 0x0000000546000000 space 32768K,   0% used [0x0000000546000000, 0x0000000548000000)
AC   0  F    TS     7 PTAMS 0x0000000548000000 NTAMS 0x0000000548000000 space 32768K,   0% used [0x0000000548000000, 0x000000054a000000)
AC   0  F    TS    39 PTAMS 0x000000054a000000 NTAMS 0x000000054a000000 space 32768K,   0% used [0x000000054a000000, 0x000000054c000000)
AC   0  F    TS    39 PTAMS 0x000000054c000000 NTAMS 0x000000054c000000 space 32768K,   0% used [0x000000054c000000, 0x000000054e000000)
AC   0  F    TS    39 PTAMS 0x000000054e000000 NTAMS 0x000000054e000000 space 32768K,   0% used [0x000000054e000000, 0x0000000550000000)
AC   0  F    TS    39 PTAMS 0x0000000550000000 NTAMS 0x0000000550000000 space 32768K,   0% used [0x0000000550000000, 0x0000000552000000)
AC   0  F    TS    39 PTAMS 0x0000000552000000 NTAMS 0x0000000552000000 space 32768K,   0% used [0x0000000552000000, 0x0000000554000000)
AC   0  F    TS    39 PTAMS 0x0000000554000000 NTAMS 0x0000000554000000 space 32768K,   0% used [0x0000000554000000, 0x0000000556000000)
AC   0  F    TS    39 PTAMS 0x0000000556000000 NTAMS 0x0000000556000000 space 32768K,   0% used [0x0000000556000000, 0x0000000558000000)
AC   0  F    TS    39 PTAMS 0x0000000558000000 NTAMS 0x0000000558000000 space 32768K,   0% used [0x0000000558000000, 0x000000055a000000)
AC   0  F    TS    39 PTAMS 0x000000055a000000 NTAMS 0x000000055a000000 space 32768K,   0% used [0x000000055a000000, 0x000000055c000000)
AC   0  F    TS    39 PTAMS 0x000000055c000000 NTAMS 0x000000055c000000 space 32768K,   0% used [0x000000055c000000, 0x000000055e000000)
AC   0  F    TS    39 PTAMS 0x000000055e000000 NTAMS 0x000000055e000000 space 32768K,   0% used [0x000000055e000000, 0x0000000560000000)
AC   0  F    TS    39 PTAMS 0x0000000560000000 NTAMS 0x0000000560000000 space 32768K,   0% used [0x0000000560000000, 0x0000000562000000)
AC   0  F    TS    39 PTAMS 0x0000000562000000 NTAMS 0x0000000562000000 space 32768K,   0% used [0x0000000562000000, 0x0000000564000000)
AC   0  F    TS    39 PTAMS 0x0000000564000000 NTAMS 0x0000000564000000 space 32768K,   0% used [0x0000000564000000, 0x0000000566000000)
AC   0  F    TS    39 PTAMS 0x0000000566000000 NTAMS 0x0000000566000000 space 32768K,   0% used [0x0000000566000000, 0x0000000568000000)
AC   0  F    TS    39 PTAMS 0x0000000568000000 NTAMS 0x0000000568000000 space 32768K,   0% used [0x0000000568000000, 0x000000056a000000)
AC   0  F    TS    39 PTAMS 0x000000056a000000 NTAMS 0x000000056a000000 space 32768K,   0% used [0x000000056a000000, 0x000000056c000000)
AC   0  F    TS    39 PTAMS 0x000000056c000000 NTAMS 0x000000056c000000 space 32768K,   0% used [0x000000056c000000, 0x000000056e000000)
AC   0  F    TS    39 PTAMS 0x000000056e000000 NTAMS 0x000000056e000000 space 32768K,   0% used [0x000000056e000000, 0x0000000570000000)
AC   0  F    TS    39 PTAMS 0x0000000570000000 NTAMS 0x0000000570000000 space 32768K,   0% used [0x0000000570000000, 0x0000000572000000)
AC   0  F    TS    39 PTAMS 0x0000000572000000 NTAMS 0x0000000572000000 space 32768K,   0% used [0x0000000572000000, 0x0000000574000000)
AC   0  F    TS    39 PTAMS 0x0000000574000000 NTAMS 0x0000000574000000 space 32768K,   0% used [0x0000000574000000, 0x0000000576000000)
AC   0  F    TS    39 PTAMS 0x0000000576000000 NTAMS 0x0000000576000000 space 32768K,   0% used [0x0000000576000000, 0x0000000578000000)
AC   0  F    TS    39 PTAMS 0x0000000578000000 NTAMS 0x0000000578000000 space 32768K,   0% used [0x0000000578000000, 0x000000057a000000)
AC   0  F    TS    39 PTAMS 0x000000057a000000 NTAMS 0x000000057a000000 space 32768K,   0% used [0x000000057a000000, 0x000000057c000000)
AC   0  F    TS    39 PTAMS 0x000000057c000000 NTAMS 0x000000057c000000 space 32768K,   0% used [0x000000057c000000, 0x000000057e000000)
AC   0  F    TS    39 PTAMS 0x000000057e000000 NTAMS 0x000000057e000000 space 32768K,   0% used [0x000000057e000000, 0x0000000580000000)
AC   0  F    TS    39 PTAMS 0x0000000580000000 NTAMS 0x0000000580000000 space 32768K,   0% used [0x0000000580000000, 0x0000000582000000)
AC   0  F    TS    39 PTAMS 0x0000000582000000 NTAMS 0x0000000582000000 space 32768K,   0% used [0x0000000582000000, 0x0000000584000000)
AC   0  F    TS    39 PTAMS 0x0000000584000000 NTAMS 0x0000000584000000 space 32768K,   0% used [0x0000000584000000, 0x0000000586000000)
AC   0  F    TS    39 PTAMS 0x0000000586000000 NTAMS 0x0000000586000000 space 32768K,   0% used [0x0000000586000000, 0x0000000588000000)
AC   0  F    TS    39 PTAMS 0x0000000588000000 NTAMS 0x0000000588000000 space 32768K,   0% used [0x0000000588000000, 0x000000058a000000)
AC   0  F    TS    39 PTAMS 0x000000058a000000 NTAMS 0x000000058a000000 space 32768K,   0% used [0x000000058a000000, 0x000000058c000000)
AC   0  F    TS    39 PTAMS 0x000000058c000000 NTAMS 0x000000058c000000 space 32768K,   0% used [0x000000058c000000, 0x000000058e000000)
AC   0  F    TS    39 PTAMS 0x000000058e000000 NTAMS 0x000000058e000000 space 32768K,   0% used [0x000000058e000000, 0x0000000590000000)
AC   0  F    TS    39 PTAMS 0x0000000590000000 NTAMS 0x0000000590000000 space 32768K,   0% used [0x0000000590000000, 0x0000000592000000)
AC   0  F    TS    39 PTAMS 0x0000000592000000 NTAMS 0x0000000592000000 space 32768K,   0% used [0x0000000592000000, 0x0000000594000000)
AC   0  F    TS    39 PTAMS 0x0000000594000000 NTAMS 0x0000000594000000 space 32768K,   0% used [0x0000000594000000, 0x0000000596000000)
AC   0  F    TS    39 PTAMS 0x0000000596000000 NTAMS 0x0000000596000000 space 32768K,   0% used [0x0000000596000000, 0x0000000598000000)
AC   0  F    TS    39 PTAMS 0x0000000598000000 NTAMS 0x0000000598000000 space 32768K,   0% used [0x0000000598000000, 0x000000059a000000)
AC   0  F    TS    39 PTAMS 0x000000059a000000 NTAMS 0x000000059a000000 space 32768K,   0% used [0x000000059a000000, 0x000000059c000000)
AC   0  F    TS    39 PTAMS 0x000000059c000000 NTAMS 0x000000059c000000 space 32768K,   0% used [0x000000059c000000, 0x000000059e000000)
AC   0  F    TS    39 PTAMS 0x000000059e000000 NTAMS 0x000000059e000000 space 32768K,   0% used [0x000000059e000000, 0x00000005a0000000)
AC   0  F    TS    39 PTAMS 0x00000005a0000000 NTAMS 0x00000005a0000000 space 32768K,   0% used [0x00000005a0000000, 0x00000005a2000000)
AC   0  F    TS    39 PTAMS 0x00000005a2000000 NTAMS 0x00000005a2000000 space 32768K,   0% used [0x00000005a2000000, 0x00000005a4000000)
AC   0  F    TS    39 PTAMS 0x00000005a4000000 NTAMS 0x00000005a4000000 space 32768K,   0% used [0x00000005a4000000, 0x00000005a6000000)
AC   0  F    TS    39 PTAMS 0x00000005a6000000 NTAMS 0x00000005a6000000 space 32768K,   0% used [0x00000005a6000000, 0x00000005a8000000)
AC   0  F    TS    39 PTAMS 0x00000005a8000000 NTAMS 0x00000005a8000000 space 32768K,   0% used [0x00000005a8000000, 0x00000005aa000000)
AC   0  F    TS    39 PTAMS 0x00000005aa000000 NTAMS 0x00000005aa000000 space 32768K,   0% used [0x00000005aa000000, 0x00000005ac000000)
AC   0  F    TS    39 PTAMS 0x00000005ac000000 NTAMS 0x00000005ac000000 space 32768K,   0% used [0x00000005ac000000, 0x00000005ae000000)
AC   0  F    TS    39 PTAMS 0x00000005ae000000 NTAMS 0x00000005ae000000 space 32768K,   0% used [0x00000005ae000000, 0x00000005b0000000)
AC   0  F    TS    39 PTAMS 0x00000005b0000000 NTAMS 0x00000005b0000000 space 32768K,   0% used [0x00000005b0000000, 0x00000005b2000000)
AC   0  F    TS    39 PTAMS 0x00000005b2000000 NTAMS 0x00000005b2000000 space 32768K,   0% used [0x00000005b2000000, 0x00000005b4000000)
AC   0  F    TS    39 PTAMS 0x00000005b4000000 NTAMS 0x00000005b4000000 space 32768K,   0% used [0x00000005b4000000, 0x00000005b6000000)
AC   0  F    TS    39 PTAMS 0x00000005b6000000 NTAMS 0x00000005b6000000 space 32768K,   0% used [0x00000005b6000000, 0x00000005b8000000)
AC   0  F    TS    39 PTAMS 0x00000005b8000000 NTAMS 0x00000005b8000000 space 32768K,   0% used [0x00000005b8000000, 0x00000005ba000000)
AC   0  F    TS    39 PTAMS 0x00000005ba000000 NTAMS 0x00000005ba000000 space 32768K,   0% used [0x00000005ba000000, 0x00000005bc000000)
AC   0  F    TS    39 PTAMS 0x00000005bc000000 NTAMS 0x00000005bc000000 space 32768K,   0% used [0x00000005bc000000, 0x00000005be000000)
AC   0  F    TS    39 PTAMS 0x00000005be000000 NTAMS 0x00000005be000000 space 32768K,   0% used [0x00000005be000000, 0x00000005c0000000)
AC   0  F    TS    41 PTAMS 0x00000005c0000000 NTAMS 0x00000005c0000000 space 32768K,   0% used [0x00000005c0000000, 0x00000005c2000000)
AC   0  F    TS    39 PTAMS 0x00000005c2000000 NTAMS 0x00000005c2000000 space 32768K,   0% used [0x00000005c2000000, 0x00000005c4000000)
AC   0  F    TS    39 PTAMS 0x00000005c4000000 NTAMS 0x00000005c4000000 space 32768K,   0% used [0x00000005c4000000, 0x00000005c6000000)
AC   0  F    TS    39 PTAMS 0x00000005c6000000 NTAMS 0x00000005c6000000 space 32768K,   0% used [0x00000005c6000000, 0x00000005c8000000)
AC   0  F    TS    41 PTAMS 0x00000005c8000000 NTAMS 0x00000005c8000000 space 32768K,   0% used [0x00000005c8000000, 0x00000005ca000000)
AC   0  F    TS    41 PTAMS 0x00000005ca000000 NTAMS 0x00000005ca000000 space 32768K,   0% used [0x00000005ca000000, 0x00000005cc000000)
AC   0  F    TS    41 PTAMS 0x00000005cc000000 NTAMS 0x00000005cc000000 space 32768K,   0% used [0x00000005cc000000, 0x00000005ce000000)
AC   0  F    TS    41 PTAMS 0x00000005ce000000 NTAMS 0x00000005ce000000 space 32768K,   0% used [0x00000005ce000000, 0x00000005d0000000)
AC   0  F    TS    41 PTAMS 0x00000005d0000000 NTAMS 0x00000005d0000000 space 32768K,   0% used [0x00000005d0000000, 0x00000005d2000000)
AC   0  F    TS    41 PTAMS 0x00000005d2000000 NTAMS 0x00000005d2000000 space 32768K,   0% used [0x00000005d2000000, 0x00000005d4000000)
AC   0  F    TS    41 PTAMS 0x00000005d4000000 NTAMS 0x00000005d4000000 space 32768K,   0% used [0x00000005d4000000, 0x00000005d6000000)
AC   0  F    TS    41 PTAMS 0x00000005d6000000 NTAMS 0x00000005d6000000 space 32768K,   0% used [0x00000005d6000000, 0x00000005d8000000)
AC   0  F    TS    41 PTAMS 0x00000005d8000000 NTAMS 0x00000005d8000000 space 32768K,   0% used [0x00000005d8000000, 0x00000005da000000)
AC   0  F    TS    41 PTAMS 0x00000005da000000 NTAMS 0x00000005da000000 space 32768K,   0% used [0x00000005da000000, 0x00000005dc000000)
AC   0  F    TS    41 PTAMS 0x00000005dc000000 NTAMS 0x00000005dc000000 space 32768K,   0% used [0x00000005dc000000, 0x00000005de000000)
AC   0  F    TS    41 PTAMS 0x00000005de000000 NTAMS 0x00000005de000000 space 32768K,   0% used [0x00000005de000000, 0x00000005e0000000)
AC   0  F    TS    41 PTAMS 0x00000005e0000000 NTAMS 0x00000005e0000000 space 32768K,   0% used [0x00000005e0000000, 0x00000005e2000000)
AC   0  F    TS    41 PTAMS 0x00000005e2000000 NTAMS 0x00000005e2000000 space 32768K,   0% used [0x00000005e2000000, 0x00000005e4000000)
AC   0  F    TS    41 PTAMS 0x00000005e4000000 NTAMS 0x00000005e4000000 space 32768K,   0% used [0x00000005e4000000, 0x00000005e6000000)
AC   0  F    TS    41 PTAMS 0x00000005e6000000 NTAMS 0x00000005e6000000 space 32768K,   0% used [0x00000005e6000000, 0x00000005e8000000)
AC   0  F    TS    41 PTAMS 0x00000005e8000000 NTAMS 0x00000005e8000000 space 32768K,   0% used [0x00000005e8000000, 0x00000005ea000000)
AC   0  F    TS    41 PTAMS 0x00000005ea000000 NTAMS 0x00000005ea000000 space 32768K,   0% used [0x00000005ea000000, 0x00000005ec000000)
AC   0  F    TS    41 PTAMS 0x00000005ec000000 NTAMS 0x00000005ec000000 space 32768K,   0% used [0x00000005ec000000, 0x00000005ee000000)
AC   0  F    TS    41 PTAMS 0x00000005ee000000 NTAMS 0x00000005ee000000 space 32768K,   0% used [0x00000005ee000000, 0x00000005f0000000)
AC   0  F    TS    41 PTAMS 0x00000005f0000000 NTAMS 0x00000005f0000000 space 32768K,   0% used [0x00000005f0000000, 0x00000005f2000000)
AC   0  F    TS    41 PTAMS 0x00000005f2000000 NTAMS 0x00000005f2000000 space 32768K,   0% used [0x00000005f2000000, 0x00000005f4000000)
AC   0  F    TS    41 PTAMS 0x00000005f4000000 NTAMS 0x00000005f4000000 space 32768K,   0% used [0x00000005f4000000, 0x00000005f6000000)
AC   0  F    TS    41 PTAMS 0x00000005f6000000 NTAMS 0x00000005f6000000 space 32768K,   0% used [0x00000005f6000000, 0x00000005f8000000)
AC   0  F    TS    41 PTAMS 0x00000005f8000000 NTAMS 0x00000005f8000000 space 32768K,   0% used [0x00000005f8000000, 0x00000005fa000000)
AC   0  F    TS    41 PTAMS 0x00000005fa000000 NTAMS 0x00000005fa000000 space 32768K,   0% used [0x00000005fa000000, 0x00000005fc000000)
AC   0  F    TS    41 PTAMS 0x00000005fc000000 NTAMS 0x00000005fc000000 space 32768K,   0% used [0x00000005fc000000, 0x00000005fe000000)
AC   0  F    TS    41 PTAMS 0x00000005fe000000 NTAMS 0x00000005fe000000 space 32768K,   0% used [0x00000005fe000000, 0x0000000600000000)
AC   0  F    TS    41 PTAMS 0x0000000600000000 NTAMS 0x0000000600000000 space 32768K,   0% used [0x0000000600000000, 0x0000000602000000)
AC   0  F    TS    41 PTAMS 0x0000000602000000 NTAMS 0x0000000602000000 space 32768K,   0% used [0x0000000602000000, 0x0000000604000000)
AC   0  F    TS    41 PTAMS 0x0000000604000000 NTAMS 0x0000000604000000 space 32768K,   0% used [0x0000000604000000, 0x0000000606000000)
AC   0  F    TS    41 PTAMS 0x0000000606000000 NTAMS 0x0000000606000000 space 32768K,   0% used [0x0000000606000000, 0x0000000608000000)
AC   0  F    TS    41 PTAMS 0x0000000608000000 NTAMS 0x0000000608000000 space 32768K,   0% used [0x0000000608000000, 0x000000060a000000)
AC   0  F    TS    41 PTAMS 0x000000060a000000 NTAMS 0x000000060a000000 space 32768K,   0% used [0x000000060a000000, 0x000000060c000000)
AC   0  F    TS    41 PTAMS 0x000000060c000000 NTAMS 0x000000060c000000 space 32768K,   0% used [0x000000060c000000, 0x000000060e000000)
AC   0  F    TS    41 PTAMS 0x000000060e000000 NTAMS 0x000000060e000000 space 32768K,   0% used [0x000000060e000000, 0x0000000610000000)
AC   0  F    TS    41 PTAMS 0x0000000610000000 NTAMS 0x0000000610000000 space 32768K,   0% used [0x0000000610000000, 0x0000000612000000)
AC   0  F    TS    41 PTAMS 0x0000000612000000 NTAMS 0x0000000612000000 space 32768K,   0% used [0x0000000612000000, 0x0000000614000000)
AC   0  F    TS    41 PTAMS 0x0000000614000000 NTAMS 0x0000000614000000 space 32768K,   0% used [0x0000000614000000, 0x0000000616000000)
AC   0  F    TS    41 PTAMS 0x0000000616000000 NTAMS 0x0000000616000000 space 32768K,   0% used [0x0000000616000000, 0x0000000618000000)
AC   0  F    TS    41 PTAMS 0x0000000618000000 NTAMS 0x0000000618000000 space 32768K,   0% used [0x0000000618000000, 0x000000061a000000)
AC   0  F    TS    41 PTAMS 0x000000061a000000 NTAMS 0x000000061a000000 space 32768K,   0% used [0x000000061a000000, 0x000000061c000000)
AC   0  F    TS    41 PTAMS 0x000000061c000000 NTAMS 0x000000061c000000 space 32768K,   0% used [0x000000061c000000, 0x000000061e000000)
AC   0  F    TS    41 PTAMS 0x000000061e000000 NTAMS 0x000000061e000000 space 32768K,   0% used [0x000000061e000000, 0x0000000620000000)
AC   0  F    TS    41 PTAMS 0x0000000620000000 NTAMS 0x0000000620000000 space 32768K,   0% used [0x0000000620000000, 0x0000000622000000)
AC   0  F    TS    41 PTAMS 0x0000000622000000 NTAMS 0x0000000622000000 space 32768K,   0% used [0x0000000622000000, 0x0000000624000000)
AC   0  F    TS    41 PTAMS 0x0000000624000000 NTAMS 0x0000000624000000 space 32768K,   0% used [0x0000000624000000, 0x0000000626000000)
AC   0  F    TS    43 PTAMS 0x0000000626000000 NTAMS 0x0000000626000000 space 32768K,   0% used [0x0000000626000000, 0x0000000628000000)
AC   0  F    TS    41 PTAMS 0x0000000628000000 NTAMS 0x0000000628000000 space 32768K,   0% used [0x0000000628000000, 0x000000062a000000)
AC   0  F    TS    41 PTAMS 0x000000062a000000 NTAMS 0x000000062a000000 space 32768K,   0% used [0x000000062a000000, 0x000000062c000000)
AC   0  F    TS    41 PTAMS 0x000000062c000000 NTAMS 0x000000062c000000 space 32768K,   0% used [0x000000062c000000, 0x000000062e000000)
AC   0  F    TS    43 PTAMS 0x000000062e000000 NTAMS 0x000000062e000000 space 32768K,   0% used [0x000000062e000000, 0x0000000630000000)
AC   0  F    TS    43 PTAMS 0x0000000630000000 NTAMS 0x0000000630000000 space 32768K,   0% used [0x0000000630000000, 0x0000000632000000)
AC   0  F    TS    43 PTAMS 0x0000000632000000 NTAMS 0x0000000632000000 space 32768K,   0% used [0x0000000632000000, 0x0000000634000000)
AC   0  F    TS    43 PTAMS 0x0000000634000000 NTAMS 0x0000000634000000 space 32768K,   0% used [0x0000000634000000, 0x0000000636000000)
AC   0  F    TS    43 PTAMS 0x0000000636000000 NTAMS 0x0000000636000000 space 32768K,   0% used [0x0000000636000000, 0x0000000638000000)
AC   0  F    TS    43 PTAMS 0x0000000638000000 NTAMS 0x0000000638000000 space 32768K,   0% used [0x0000000638000000, 0x000000063a000000)
AC   0  F    TS    43 PTAMS 0x000000063a000000 NTAMS 0x000000063a000000 space 32768K,   0% used [0x000000063a000000, 0x000000063c000000)
AC   0  F    TS    43 PTAMS 0x000000063c000000 NTAMS 0x000000063c000000 space 32768K,   0% used [0x000000063c000000, 0x000000063e000000)
AC   0  F    TS    43 PTAMS 0x000000063e000000 NTAMS 0x000000063e000000 space 32768K,   0% used [0x000000063e000000, 0x0000000640000000)
AC   0  F    TS    43 PTAMS 0x0000000640000000 NTAMS 0x0000000640000000 space 32768K,   0% used [0x0000000640000000, 0x0000000642000000)
AC   0  F    TS    43 PTAMS 0x0000000642000000 NTAMS 0x0000000642000000 space 32768K,   0% used [0x0000000642000000, 0x0000000644000000)
AC   0  F    TS    43 PTAMS 0x0000000644000000 NTAMS 0x0000000644000000 space 32768K,   0% used [0x0000000644000000, 0x0000000646000000)
AC   0  F    TS    43 PTAMS 0x0000000646000000 NTAMS 0x0000000646000000 space 32768K,   0% used [0x0000000646000000, 0x0000000648000000)
AC   0  F    TS    43 PTAMS 0x0000000648000000 NTAMS 0x0000000648000000 space 32768K,   0% used [0x0000000648000000, 0x000000064a000000)
AC   0  F    TS    43 PTAMS 0x000000064a000000 NTAMS 0x000000064a000000 space 32768K,   0% used [0x000000064a000000, 0x000000064c000000)
AC   0  F    TS    43 PTAMS 0x000000064c000000 NTAMS 0x000000064c000000 space 32768K,   0% used [0x000000064c000000, 0x000000064e000000)
AC   0  F    TS    43 PTAMS 0x000000064e000000 NTAMS 0x000000064e000000 space 32768K,   0% used [0x000000064e000000, 0x0000000650000000)
AC   0  F    TS    43 PTAMS 0x0000000650000000 NTAMS 0x0000000650000000 space 32768K,   0% used [0x0000000650000000, 0x0000000652000000)
AC   0  F    TS    43 PTAMS 0x0000000652000000 NTAMS 0x0000000652000000 space 32768K,   0% used [0x0000000652000000, 0x0000000654000000)
AC   0  F    TS    43 PTAMS 0x0000000654000000 NTAMS 0x0000000654000000 space 32768K,   0% used [0x0000000654000000, 0x0000000656000000)
AC   0  F    TS    43 PTAMS 0x0000000656000000 NTAMS 0x0000000656000000 space 32768K,   0% used [0x0000000656000000, 0x0000000658000000)
AC   0  F    TS    43 PTAMS 0x0000000658000000 NTAMS 0x0000000658000000 space 32768K,   0% used [0x0000000658000000, 0x000000065a000000)
AC   0  F    TS    43 PTAMS 0x000000065a000000 NTAMS 0x000000065a000000 space 32768K,   0% used [0x000000065a000000, 0x000000065c000000)
AC   0  F    TS    43 PTAMS 0x000000065c000000 NTAMS 0x000000065c000000 space 32768K,   0% used [0x000000065c000000, 0x000000065e000000)
AC   0  F    TS    43 PTAMS 0x000000065e000000 NTAMS 0x000000065e000000 space 32768K,   0% used [0x000000065e000000, 0x0000000660000000)
AC   0  F    TS    43 PTAMS 0x0000000660000000 NTAMS 0x0000000660000000 space 32768K,   0% used [0x0000000660000000, 0x0000000662000000)
AC   0  F    TS    43 PTAMS 0x0000000662000000 NTAMS 0x0000000662000000 space 32768K,   0% used [0x0000000662000000, 0x0000000664000000)
AC   0  F    TS    43 PTAMS 0x0000000664000000 NTAMS 0x0000000664000000 space 32768K,   0% used [0x0000000664000000, 0x0000000666000000)
AC   0  F    TS    43 PTAMS 0x0000000666000000 NTAMS 0x0000000666000000 space 32768K,   0% used [0x0000000666000000, 0x0000000668000000)
AC   0  F    TS    43 PTAMS 0x0000000668000000 NTAMS 0x0000000668000000 space 32768K,   0% used [0x0000000668000000, 0x000000066a000000)
AC   0  F    TS    43 PTAMS 0x000000066a000000 NTAMS 0x000000066a000000 space 32768K,   0% used [0x000000066a000000, 0x000000066c000000)
AC   0  F    TS    43 PTAMS 0x000000066c000000 NTAMS 0x000000066c000000 space 32768K,   0% used [0x000000066c000000, 0x000000066e000000)
AC   0  F    TS    43 PTAMS 0x000000066e000000 NTAMS 0x000000066e000000 space 32768K,   0% used [0x000000066e000000, 0x0000000670000000)
AC   0  F    TS    43 PTAMS 0x0000000670000000 NTAMS 0x0000000670000000 space 32768K,   0% used [0x0000000670000000, 0x0000000672000000)
AC   0  F    TS    43 PTAMS 0x0000000672000000 NTAMS 0x0000000672000000 space 32768K,   0% used [0x0000000672000000, 0x0000000674000000)
AC   0  F    TS    43 PTAMS 0x0000000674000000 NTAMS 0x0000000674000000 space 32768K,   0% used [0x0000000674000000, 0x0000000676000000)
AC   0  F    TS    43 PTAMS 0x0000000676000000 NTAMS 0x0000000676000000 space 32768K,   0% used [0x0000000676000000, 0x0000000678000000)
AC   0  F    TS    45 PTAMS 0x0000000678000000 NTAMS 0x0000000678000000 space 32768K,   0% used [0x0000000678000000, 0x000000067a000000)
AC   0  F    TS    43 PTAMS 0x000000067a000000 NTAMS 0x000000067a000000 space 32768K,   0% used [0x000000067a000000, 0x000000067c000000)
AC   0  F    TS    43 PTAMS 0x000000067c000000 NTAMS 0x000000067c000000 space 32768K,   0% used [0x000000067c000000, 0x000000067e000000)
AC   0  F    TS    43 PTAMS 0x000000067e000000 NTAMS 0x000000067e000000 space 32768K,   0% used [0x000000067e000000, 0x0000000680000000)
AC   0  F    TS    45 PTAMS 0x0000000680000000 NTAMS 0x0000000680000000 space 32768K,   0% used [0x0000000680000000, 0x0000000682000000)
AC   0  F    TS    45 PTAMS 0x0000000682000000 NTAMS 0x0000000682000000 space 32768K,   0% used [0x0000000682000000, 0x0000000684000000)
AC   0  F    TS    45 PTAMS 0x0000000684000000 NTAMS 0x0000000684000000 space 32768K,   0% used [0x0000000684000000, 0x0000000686000000)
AC   0  F    TS    45 PTAMS 0x0000000686000000 NTAMS 0x0000000686000000 space 32768K,   0% used [0x0000000686000000, 0x0000000688000000)
AC   0  F    TS    45 PTAMS 0x0000000688000000 NTAMS 0x0000000688000000 space 32768K,   0% used [0x0000000688000000, 0x000000068a000000)
AC   0  F    TS    45 PTAMS 0x000000068a000000 NTAMS 0x000000068a000000 space 32768K,   0% used [0x000000068a000000, 0x000000068c000000)
AC   0  F    TS    45 PTAMS 0x000000068c000000 NTAMS 0x000000068c000000 space 32768K,   0% used [0x000000068c000000, 0x000000068e000000)
AC   0  F    TS    45 PTAMS 0x000000068e000000 NTAMS 0x000000068e000000 space 32768K,   0% used [0x000000068e000000, 0x0000000690000000)
AC   0  F    TS    45 PTAMS 0x0000000690000000 NTAMS 0x0000000690000000 space 32768K,   0% used [0x0000000690000000, 0x0000000692000000)
AC   0  F    TS    45 PTAMS 0x0000000692000000 NTAMS 0x0000000692000000 space 32768K,   0% used [0x0000000692000000, 0x0000000694000000)
AC   0  F    TS    45 PTAMS 0x0000000694000000 NTAMS 0x0000000694000000 space 32768K,   0% used [0x0000000694000000, 0x0000000696000000)
AC   0  F    TS    45 PTAMS 0x0000000696000000 NTAMS 0x0000000696000000 space 32768K,   0% used [0x0000000696000000, 0x0000000698000000)
AC   0  F    TS    45 PTAMS 0x0000000698000000 NTAMS 0x0000000698000000 space 32768K,   0% used [0x0000000698000000, 0x000000069a000000)
AC   0  F    TS    45 PTAMS 0x000000069a000000 NTAMS 0x000000069a000000 space 32768K,   0% used [0x000000069a000000, 0x000000069c000000)
AC   0  F    TS    45 PTAMS 0x000000069c000000 NTAMS 0x000000069c000000 space 32768K,   0% used [0x000000069c000000, 0x000000069e000000)
AC   0  F    TS    45 PTAMS 0x000000069e000000 NTAMS 0x000000069e000000 space 32768K,   0% used [0x000000069e000000, 0x00000006a0000000)
AC   0  F    TS    45 PTAMS 0x00000006a0000000 NTAMS 0x00000006a0000000 space 32768K,   0% used [0x00000006a0000000, 0x00000006a2000000)
AC   0  F    TS    45 PTAMS 0x00000006a2000000 NTAMS 0x00000006a2000000 space 32768K,   0% used [0x00000006a2000000, 0x00000006a4000000)
AC   0  F    TS    45 PTAMS 0x00000006a4000000 NTAMS 0x00000006a4000000 space 32768K,   0% used [0x00000006a4000000, 0x00000006a6000000)
AC   0  F    TS    45 PTAMS 0x00000006a6000000 NTAMS 0x00000006a6000000 space 32768K,   0% used [0x00000006a6000000, 0x00000006a8000000)
AC   0  F    TS    45 PTAMS 0x00000006a8000000 NTAMS 0x00000006a8000000 space 32768K,   0% used [0x00000006a8000000, 0x00000006aa000000)
AC   0  F    TS    45 PTAMS 0x00000006aa000000 NTAMS 0x00000006aa000000 space 32768K,   0% used [0x00000006aa000000, 0x00000006ac000000)
AC   0  F    TS    45 PTAMS 0x00000006ac000000 NTAMS 0x00000006ac000000 space 32768K,   0% used [0x00000006ac000000, 0x00000006ae000000)
AC   0  F    TS    45 PTAMS 0x00000006ae000000 NTAMS 0x00000006ae000000 space 32768K,   0% used [0x00000006ae000000, 0x00000006b0000000)
AC   0  F    TS    45 PTAMS 0x00000006b0000000 NTAMS 0x00000006b0000000 space 32768K,   0% used [0x00000006b0000000, 0x00000006b2000000)
AC   0  F    TS    45 PTAMS 0x00000006b2000000 NTAMS 0x00000006b2000000 space 32768K,   0% used [0x00000006b2000000, 0x00000006b4000000)
AC   0  F    TS    45 PTAMS 0x00000006b4000000 NTAMS 0x00000006b4000000 space 32768K,   0% used [0x00000006b4000000, 0x00000006b6000000)
AC   0  F    TS    45 PTAMS 0x00000006b6000000 NTAMS 0x00000006b6000000 space 32768K,   0% used [0x00000006b6000000, 0x00000006b8000000)
AC   0  F    TS    47 PTAMS 0x00000006b8000000 NTAMS 0x00000006b8000000 space 32768K,   0% used [0x00000006b8000000, 0x00000006ba000000)
AC   0  F    TS    45 PTAMS 0x00000006ba000000 NTAMS 0x00000006ba000000 space 32768K,   0% used [0x00000006ba000000, 0x00000006bc000000)
AC   0  F    TS    45 PTAMS 0x00000006bc000000 NTAMS 0x00000006bc000000 space 32768K,   0% used [0x00000006bc000000, 0x00000006be000000)
AC   0  F    TS    45 PTAMS 0x00000006be000000 NTAMS 0x00000006be000000 space 32768K,   0% used [0x00000006be000000, 0x00000006c0000000)
AC   0  F    TS    47 PTAMS 0x00000006c0000000 NTAMS 0x00000006c0000000 space 32768K,   0% used [0x00000006c0000000, 0x00000006c2000000)
AC   0  F    TS    47 PTAMS 0x00000006c2000000 NTAMS 0x00000006c2000000 space 32768K,   0% used [0x00000006c2000000, 0x00000006c4000000)
AC   0  F    TS    47 PTAMS 0x00000006c4000000 NTAMS 0x00000006c4000000 space 32768K,   0% used [0x00000006c4000000, 0x00000006c6000000)
AC   0  F    TS    47 PTAMS 0x00000006c6000000 NTAMS 0x00000006c6000000 space 32768K,   0% used [0x00000006c6000000, 0x00000006c8000000)
AC   0  F    TS    47 PTAMS 0x00000006c8000000 NTAMS 0x00000006c8000000 space 32768K,   0% used [0x00000006c8000000, 0x00000006ca000000)
AC   0  F    TS    47 PTAMS 0x00000006ca000000 NTAMS 0x00000006ca000000 space 32768K,   0% used [0x00000006ca000000, 0x00000006cc000000)
AC   0  F    TS    47 PTAMS 0x00000006cc000000 NTAMS 0x00000006cc000000 space 32768K,   0% used [0x00000006cc000000, 0x00000006ce000000)
AC   0  F    TS    47 PTAMS 0x00000006ce000000 NTAMS 0x00000006ce000000 space 32768K,   0% used [0x00000006ce000000, 0x00000006d0000000)
AC   0  F    TS    47 PTAMS 0x00000006d0000000 NTAMS 0x00000006d0000000 space 32768K,   0% used [0x00000006d0000000, 0x00000006d2000000)
AC   0  F    TS    47 PTAMS 0x00000006d2000000 NTAMS 0x00000006d2000000 space 32768K,   0% used [0x00000006d2000000, 0x00000006d4000000)
AC   0  F    TS    47 PTAMS 0x00000006d4000000 NTAMS 0x00000006d4000000 space 32768K,   0% used [0x00000006d4000000, 0x00000006d6000000)
AC   0  F    TS    47 PTAMS 0x00000006d6000000 NTAMS 0x00000006d6000000 space 32768K,   0% used [0x00000006d6000000, 0x00000006d8000000)
AC   0  F    TS    47 PTAMS 0x00000006d8000000 NTAMS 0x00000006d8000000 space 32768K,   0% used [0x00000006d8000000, 0x00000006da000000)
AC   0  F    TS    47 PTAMS 0x00000006da000000 NTAMS 0x00000006da000000 space 32768K,   0% used [0x00000006da000000, 0x00000006dc000000)
AC   0  F    TS    47 PTAMS 0x00000006dc000000 NTAMS 0x00000006dc000000 space 32768K,   0% used [0x00000006dc000000, 0x00000006de000000)
AC   0  F    TS    47 PTAMS 0x00000006de000000 NTAMS 0x00000006de000000 space 32768K,   0% used [0x00000006de000000, 0x00000006e0000000)
AC   0  F    TS    47 PTAMS 0x00000006e0000000 NTAMS 0x00000006e0000000 space 32768K,   0% used [0x00000006e0000000, 0x00000006e2000000)
AC   0  F    TS    47 PTAMS 0x00000006e2000000 NTAMS 0x00000006e2000000 space 32768K,   0% used [0x00000006e2000000, 0x00000006e4000000)
AC   0  F    TS    47 PTAMS 0x00000006e4000000 NTAMS 0x00000006e4000000 space 32768K,   0% used [0x00000006e4000000, 0x00000006e6000000)
AC   0  F    TS    47 PTAMS 0x00000006e6000000 NTAMS 0x00000006e6000000 space 32768K,   0% used [0x00000006e6000000, 0x00000006e8000000)
AC   0  F    TS    47 PTAMS 0x00000006e8000000 NTAMS 0x00000006e8000000 space 32768K,   0% used [0x00000006e8000000, 0x00000006ea000000)
AC   0  F    TS    47 PTAMS 0x00000006ea000000 NTAMS 0x00000006ea000000 space 32768K,   0% used [0x00000006ea000000, 0x00000006ec000000)
AC   0  F    TS    49 PTAMS 0x00000006ec000000 NTAMS 0x00000006ec000000 space 32768K,   0% used [0x00000006ec000000, 0x00000006ee000000)
AC   0  F    TS    47 PTAMS 0x00000006ee000000 NTAMS 0x00000006ee000000 space 32768K,   0% used [0x00000006ee000000, 0x00000006f0000000)
AC   0  F    TS    47 PTAMS 0x00000006f0000000 NTAMS 0x00000006f0000000 space 32768K,   0% used [0x00000006f0000000, 0x00000006f2000000)
AC   0  F    TS    47 PTAMS 0x00000006f2000000 NTAMS 0x00000006f2000000 space 32768K,   0% used [0x00000006f2000000, 0x00000006f4000000)
AC   0  F    TS    49 PTAMS 0x00000006f4000000 NTAMS 0x00000006f4000000 space 32768K,   0% used [0x00000006f4000000, 0x00000006f6000000)
AC   0  F    TS    49 PTAMS 0x00000006f6000000 NTAMS 0x00000006f6000000 space 32768K,   0% used [0x00000006f6000000, 0x00000006f8000000)
AC   0  F    TS    49 PTAMS 0x00000006f8000000 NTAMS 0x00000006f8000000 space 32768K,   0% used [0x00000006f8000000, 0x00000006fa000000)
AC   0  F    TS    49 PTAMS 0x00000006fa000000 NTAMS 0x00000006fa000000 space 32768K,   0% used [0x00000006fa000000, 0x00000006fc000000)
AC   0  F    TS    49 PTAMS 0x00000006fc000000 NTAMS 0x00000006fc000000 space 32768K,   0% used [0x00000006fc000000, 0x00000006fe000000)
AC   0  F    TS    49 PTAMS 0x00000006fe000000 NTAMS 0x00000006fe000000 space 32768K,   0% used [0x00000006fe000000, 0x0000000700000000)
AC   0  F    TS    49 PTAMS 0x0000000700000000 NTAMS 0x0000000700000000 space 32768K,   0% used [0x0000000700000000, 0x0000000702000000)
AC   0  F    TS    49 PTAMS 0x0000000702000000 NTAMS 0x0000000702000000 space 32768K,   0% used [0x0000000702000000, 0x0000000704000000)
AC   0  F    TS    49 PTAMS 0x0000000704000000 NTAMS 0x0000000704000000 space 32768K,   0% used [0x0000000704000000, 0x0000000706000000)
AC   0  F    TS    49 PTAMS 0x0000000706000000 NTAMS 0x0000000706000000 space 32768K,   0% used [0x0000000706000000, 0x0000000708000000)
AC   0  F    TS    49 PTAMS 0x0000000708000000 NTAMS 0x0000000708000000 space 32768K,   0% used [0x0000000708000000, 0x000000070a000000)
AC   0  F    TS    49 PTAMS 0x000000070a000000 NTAMS 0x000000070a000000 space 32768K,   0% used [0x000000070a000000, 0x000000070c000000)
AC   0  F    TS    49 PTAMS 0x000000070c000000 NTAMS 0x000000070c000000 space 32768K,   0% used [0x000000070c000000, 0x000000070e000000)
AC   0  F    TS    49 PTAMS 0x000000070e000000 NTAMS 0x000000070e000000 space 32768K,   0% used [0x000000070e000000, 0x0000000710000000)
AC   0  F    TS    49 PTAMS 0x0000000710000000 NTAMS 0x0000000710000000 space 32768K,   0% used [0x0000000710000000, 0x0000000712000000)
AC   0  F    TS    49 PTAMS 0x0000000712000000 NTAMS 0x0000000712000000 space 32768K,   0% used [0x0000000712000000, 0x0000000714000000)
AC   0  F    TS   149 PTAMS 0x0000000714000000 NTAMS 0x0000000714000000 space 32768K,   0% used [0x0000000714000000, 0x0000000716000000)
AC   0  F    TS   147 PTAMS 0x0000000716000000 NTAMS 0x0000000716000000 space 32768K,   0% used [0x0000000716000000, 0x0000000718000000)
AC   0  F    TS    49 PTAMS 0x0000000718000000 NTAMS 0x0000000718000000 space 32768K,   0% used [0x0000000718000000, 0x000000071a000000)
AC   0  F    TS    49 PTAMS 0x000000071a000000 NTAMS 0x000000071a000000 space 32768K,   0% used [0x000000071a000000, 0x000000071c000000)
AC   0  F    TS    49 PTAMS 0x000000071c000000 NTAMS 0x000000071c000000 space 32768K,   0% used [0x000000071c000000, 0x000000071e000000)
AC   0  F    TS   149 PTAMS 0x000000071e000000 NTAMS 0x000000071e000000 space 32768K,   0% used [0x000000071e000000, 0x0000000720000000)
AC   0  F    TS   149 PTAMS 0x0000000720000000 NTAMS 0x0000000720000000 space 32768K,   0% used [0x0000000720000000, 0x0000000722000000)
AC   0  F    TS   149 PTAMS 0x0000000722000000 NTAMS 0x0000000722000000 space 32768K,   0% used [0x0000000722000000, 0x0000000724000000)
AC   0  F    TS   149 PTAMS 0x0000000724000000 NTAMS 0x0000000724000000 space 32768K,   0% used [0x0000000724000000, 0x0000000726000000)
AC   0  F    TS   149 PTAMS 0x0000000726000000 NTAMS 0x0000000726000000 space 32768K,   0% used [0x0000000726000000, 0x0000000728000000)
AC   0  F    TS   149 PTAMS 0x0000000728000000 NTAMS 0x0000000728000000 space 32768K,   0% used [0x0000000728000000, 0x000000072a000000)
AC   0  F    TS   149 PTAMS 0x000000072a000000 NTAMS 0x000000072a000000 space 32768K,   0% used [0x000000072a000000, 0x000000072c000000)
AC   0  F    TS   149 PTAMS 0x000000072c000000 NTAMS 0x000000072c000000 space 32768K,   0% used [0x000000072c000000, 0x000000072e000000)
AC   0  F    TS   149 PTAMS 0x000000072e000000 NTAMS 0x000000072e000000 space 32768K,   0% used [0x000000072e000000, 0x0000000730000000)
AC   0  F    TS   149 PTAMS 0x0000000730000000 NTAMS 0x0000000730000000 space 32768K,   0% used [0x0000000730000000, 0x0000000732000000)
AC   0  F    TS   149 PTAMS 0x0000000732000000 NTAMS 0x0000000732000000 space 32768K,   0% used [0x0000000732000000, 0x0000000734000000)
AC   0  F    TS   149 PTAMS 0x0000000734000000 NTAMS 0x0000000734000000 space 32768K,   0% used [0x0000000734000000, 0x0000000736000000)
AC   0  F    TS   149 PTAMS 0x0000000736000000 NTAMS 0x0000000736000000 space 32768K,   0% used [0x0000000736000000, 0x0000000738000000)
AC   0  F    TS   151 PTAMS 0x0000000738000000 NTAMS 0x0000000738000000 space 32768K,   0% used [0x0000000738000000, 0x000000073a000000)
AC   0  F    TS   149 PTAMS 0x000000073a000000 NTAMS 0x000000073a000000 space 32768K,   0% used [0x000000073a000000, 0x000000073c000000)
AC   0  F    TS   149 PTAMS 0x000000073c000000 NTAMS 0x000000073c000000 space 32768K,   0% used [0x000000073c000000, 0x000000073e000000)
AC   0  F    TS   149 PTAMS 0x000000073e000000 NTAMS 0x000000073e000000 space 32768K,   0% used [0x000000073e000000, 0x0000000740000000)
AC   0  F    TS   151 PTAMS 0x0000000740000000 NTAMS 0x0000000740000000 space 32768K,   0% used [0x0000000740000000, 0x0000000742000000)
AC   0  F    TS   151 PTAMS 0x0000000742000000 NTAMS 0x0000000742000000 space 32768K,   0% used [0x0000000742000000, 0x0000000744000000)
AC   0  F    TS   151 PTAMS 0x0000000744000000 NTAMS 0x0000000744000000 space 32768K,   0% used [0x0000000744000000, 0x0000000746000000)
AC   0  F    TS   151 PTAMS 0x0000000746000000 NTAMS 0x0000000746000000 space 32768K,   0% used [0x0000000746000000, 0x0000000748000000)
AC   0  F    TS   151 PTAMS 0x0000000748000000 NTAMS 0x0000000748000000 space 32768K,   0% used [0x0000000748000000, 0x000000074a000000)
AC   0  F    TS   151 PTAMS 0x000000074a000000 NTAMS 0x000000074a000000 space 32768K,   0% used [0x000000074a000000, 0x000000074c000000)
AC   0  F    TS   151 PTAMS 0x000000074c000000 NTAMS 0x000000074c000000 space 32768K,   0% used [0x000000074c000000, 0x000000074e000000)
AC   0  F    TS   151 PTAMS 0x000000074e000000 NTAMS 0x000000074e000000 space 32768K,   0% used [0x000000074e000000, 0x0000000750000000)
AC   0  F    TS   151 PTAMS 0x0000000750000000 NTAMS 0x0000000750000000 space 32768K,   0% used [0x0000000750000000, 0x0000000752000000)
AC   0  S CS TS   153 PTAMS 0x0000000752000000 NTAMS 0x0000000752000000 space 32768K, 100% used [0x0000000752000000, 0x0000000754000000)
AC   0  F    TS   151 PTAMS 0x0000000754000000 NTAMS 0x0000000754000000 space 32768K,   0% used [0x0000000754000000, 0x0000000756000000)
AC   0  F    TS   151 PTAMS 0x0000000756000000 NTAMS 0x0000000756000000 space 32768K,   0% used [0x0000000756000000, 0x0000000758000000)
AC   0  F    TS   151 PTAMS 0x0000000758000000 NTAMS 0x0000000758000000 space 32768K,   0% used [0x0000000758000000, 0x000000075a000000)

Card table byte_map: [0x0000000016290000,0x0000000017fc0000] byte_map_base: 0x00000000141c0000

Marking Bits (Prev, Next): (CMBitMap*) 0x00000000026d7850, (CMBitMap*) 0x00000000026d77f8
 Prev Bits: [0x0000000028670000, 0x0000000036ff0000)
 Next Bits: [0x0000000019cf0000, 0x0000000028670000)

Polling page: 0x0000000000c80000

CodeCache: size=245760Kb used=24962Kb max_used=25493Kb free=220797Kb
 bounds [0x0000000002730000, 0x0000000004040000, 0x0000000011730000]
 total_blobs=7225 nmethods=6304 adapters=834
 compilation: enabled

Compilation events (10 events):
Event: 68.445 Thread 0x000000003bb09000 9234       4       com.google.common.collect.ImmutableSet$Indexed::iterator (5 bytes)
Event: 68.462 Thread 0x000000003bb09000 nmethod 9234 0x0000000003194dd0 code [0x0000000003194fc0, 0x0000000003195c80]
Event: 68.637 Thread 0x000000003b2a5000 9235       4       net.minecraft.block.properties.PropertyBool::equals (26 bytes)
Event: 68.639 Thread 0x000000003b2a5000 nmethod 9235 0x0000000003194810 code [0x0000000003194960, 0x0000000003194b98]
Event: 68.680 Thread 0x000000003bb09000 9236       4       com.google.common.collect.ImmutableMap$Builder::build (148 bytes)
Event: 68.685 Thread 0x000000003bb09000 nmethod 9236 0x00000000034f0c50 code [0x00000000034f0dc0, 0x00000000034f1198]
Event: 68.989 Thread 0x000000003bb12800 9237       1       java.security.AlgorithmParameters::getAlgorithm (5 bytes)
Event: 68.989 Thread 0x000000003bb12800 nmethod 9237 0x00000000034b9b90 code [0x00000000034b9ce0, 0x00000000034b9df0]
Event: 68.990 Thread 0x000000003bb12800 9238       3       sun.security.ssl.HandshakeOutStream::checkOverflow (42 bytes)
Event: 68.991 Thread 0x000000003bb12800 nmethod 9238 0x00000000034039d0 code [0x0000000003403be0, 0x0000000003404698]

GC Heap History (10 events):
Event: 67.621 GC heap after
Heap after GC invocations=137 (full 0):
 garbage-first heap   total 12648448K, used 744593K [0x000000041a000000, 0x000000041c000c10, 0x00000007c0000000)
  region size 32768K, 1 young (32768K), 1 survivors (32768K)
 Metaspace       used 79536K, capacity 80331K, committed 81152K, reserved 1118208K
  class space    used 11548K, capacity 11772K, committed 11776K, reserved 1048576K
}
Event: 67.945 GC heap before
{Heap before GC invocations=137 (full 0):
 garbage-first heap   total 12648448K, used 842897K [0x000000041a000000, 0x000000041c000c10, 0x00000007c0000000)
  region size 32768K, 4 young (131072K), 1 survivors (32768K)
 Metaspace       used 79715K, capacity 80557K, committed 81280K, reserved 1118208K
  class space    used 11573K, capacity 11805K, committed 11904K, reserved 1048576K
Event: 67.987 GC heap after
Heap after GC invocations=138 (full 0):
 garbage-first heap   total 12648448K, used 750126K [0x000000041a000000, 0x000000041c000c10, 0x00000007c0000000)
  region size 32768K, 1 young (32768K), 1 survivors (32768K)
 Metaspace       used 79715K, capacity 80557K, committed 81280K, reserved 1118208K
  class space    used 11573K, capacity 11805K, committed 11904K, reserved 1048576K
}
Event: 68.220 GC heap before
{Heap before GC invocations=138 (full 0):
 garbage-first heap   total 12648448K, used 848430K [0x000000041a000000, 0x000000041c000c10, 0x00000007c0000000)
  region size 32768K, 4 young (131072K), 1 survivors (32768K)
 Metaspace       used 79715K, capacity 80557K, committed 81280K, reserved 1118208K
  class space    used 11573K, capacity 11805K, committed 11904K, reserved 1048576K
Event: 68.279 GC heap after
Heap after GC invocations=139 (full 0):
 garbage-first heap   total 12648448K, used 768152K [0x000000041a000000, 0x000000041c000c10, 0x00000007c0000000)
  region size 32768K, 1 young (32768K), 1 survivors (32768K)
 Metaspace       used 79715K, capacity 80557K, committed 81280K, reserved 1118208K
  class space    used 11573K, capacity 11805K, committed 11904K, reserved 1048576K
}
Event: 68.466 GC heap before
{Heap before GC invocations=139 (full 0):
 garbage-first heap   total 12648448K, used 866456K [0x000000041a000000, 0x000000041c000c10, 0x00000007c0000000)
  region size 32768K, 4 young (131072K), 1 survivors (32768K)
 Metaspace       used 79715K, capacity 80557K, committed 81280K, reserved 1118208K
  class space    used 11573K, capacity 11805K, committed 11904K, reserved 1048576K
Event: 68.525 GC heap after
Heap after GC invocations=140 (full 0):
 garbage-first heap   total 13205504K, used 791621K [0x000000041a000000, 0x000000041c000c98, 0x00000007c0000000)
  region size 32768K, 1 young (32768K), 1 survivors (32768K)
 Metaspace       used 79715K, capacity 80557K, committed 81280K, reserved 1118208K
  class space    used 11573K, capacity 11805K, committed 11904K, reserved 1048576K
}
Event: 68.741 GC heap before
{Heap before GC invocations=140 (full 0):
 garbage-first heap   total 13205504K, used 889925K [0x000000041a000000, 0x000000041c000c98, 0x00000007c0000000)
  region size 32768K, 4 young (131072K), 1 survivors (32768K)
 Metaspace       used 79715K, capacity 80557K, committed 81280K, reserved 1118208K
  class space    used 11573K, capacity 11805K, committed 11904K, reserved 1048576K
Event: 68.789 GC heap after
Heap after GC invocations=141 (full 0):
 garbage-first heap   total 13631488K, used 810246K [0x000000041a000000, 0x000000041c000d00, 0x00000007c0000000)
  region size 32768K, 1 young (32768K), 1 survivors (32768K)
 Metaspace       used 79715K, capacity 80557K, committed 81280K, reserved 1118208K
  class space    used 11573K, capacity 11805K, committed 11904K, reserved 1048576K
}
Event: 69.058 GC heap before
{Heap before GC invocations=141 (full 0):
 garbage-first heap   total 13631488K, used 908550K [0x000000041a000000, 0x000000041c000d00, 0x00000007c0000000)
  region size 32768K, 4 young (131072K), 1 survivors (32768K)
 Metaspace       used 79722K, capacity 80557K, committed 81280K, reserved 1118208K
  class space    used 11574K, capacity 11805K, committed 11904K, reserved 1048576K

Deoptimization events (10 events):
Event: 66.036 Thread 0x000000003c71b000 Uncommon trap: reason=unstable_if action=reinterpret pc=0x00000000030d93c0 method=java.security.MessageDigest.isEqual([B[B)Z @ 12
Event: 66.263 Thread 0x000000003c71b000 Uncommon trap: reason=unstable_if action=reinterpret pc=0x0000000002db3d8c method=org.dimdev.vanillafix.crashes.DeobfuscatingRewritePolicy.rewrite(Lorg/apache/logging/log4j/core/LogEvent;)Lorg/apache/logging/log4j/core/LogEvent; @ 6
Event: 66.653 Thread 0x000000003c71b000 Uncommon trap: reason=unstable_if action=reinterpret pc=0x0000000003eab410 method=org.apache.logging.log4j.message.ParameterFormatter.appendSpecialTypes(Ljava/lang/Object;Ljava/lang/StringBuilder;)Z @ 1
Event: 66.953 Thread 0x0000000002634800 Uncommon trap: reason=unstable_if action=reinterpret pc=0x0000000002cf0364 method=java.lang.CharacterDataLatin1.digit(II)I @ 60
Event: 67.475 Thread 0x0000000002634800 Uncommon trap: reason=unstable_if action=reinterpret pc=0x000000000401eb88 method=java.util.IdentityHashMap.maskNull(Ljava/lang/Object;)Ljava/lang/Object; @ 1
Event: 67.717 Thread 0x000000003c71b000 Uncommon trap: reason=unstable_if action=reinterpret pc=0x0000000003ed53bc method=java.net.URL.<init>(Ljava/net/URL;Ljava/lang/String;Ljava/net/URLStreamHandler;)V @ 233
Event: 67.870 Thread 0x0000000002634800 Uncommon trap: reason=class_check action=maybe_recompile pc=0x00000000031c6bb4 method=java.lang.Boolean.equals(Ljava/lang/Object;)Z @ 1
Event: 67.871 Thread 0x0000000002634800 Uncommon trap: reason=class_check action=maybe_recompile pc=0x00000000031c6bb4 method=java.lang.Boolean.equals(Ljava/lang/Object;)Z @ 1
Event: 67.871 Thread 0x0000000002634800 Uncommon trap: reason=class_check action=maybe_recompile pc=0x00000000031c6bb4 method=java.lang.Boolean.equals(Ljava/lang/Object;)Z @ 1
Event: 67.872 Thread 0x0000000002634800 Uncommon trap: reason=class_check action=maybe_recompile pc=0x00000000031c6bb4 method=java.lang.Boolean.equals(Ljava/lang/Object;)Z @ 1

Classes redefined (0 events):
No events

Internal exceptions (10 events):
Event: 66.036 Thread 0x000000003c71b000 Implicit null exception at 0x0000000002db8f58 to 0x0000000002db908d
Event: 66.036 Thread 0x000000003c71b000 Implicit null exception at 0x00000000030d9239 to 0x00000000030d93ad
Event: 66.262 Thread 0x000000003c71b000 Exception <a 'java/security/PrivilegedActionException'> (0x000000071c7868d0) thrown at [C:\ade\jenkins\workspace\8-2-build-windows-amd64-cygwin\jdk8u241\331\hotspot\src\share\vm\prims\jvm.cpp, line 1502]
Event: 66.263 Thread 0x000000003c71b000 Exception <a 'java/security/PrivilegedActionException'> (0x000000071c787090) thrown at [C:\ade\jenkins\workspace\8-2-build-windows-amd64-cygwin\jdk8u241\331\hotspot\src\share\vm\prims\jvm.cpp, line 1502]
Event: 66.263 Thread 0x000000003c71b000 Exception <a 'java/security/PrivilegedActionException'> (0x000000071c7876e0) thrown at [C:\ade\jenkins\workspace\8-2-build-windows-amd64-cygwin\jdk8u241\331\hotspot\src\share\vm\prims\jvm.cpp, line 1502]
Event: 66.653 Thread 0x000000003c71b000 Implicit null exception at 0x0000000003eaa08f to 0x0000000003eab3d1
Event: 67.475 Thread 0x0000000002634800 Implicit null exception at 0x000000000401e4bc to 0x000000000401eb79
Event: 68.682 Thread 0x000000003c71b000 Exception <a 'java/security/PrivilegedActionException'> (0x000000073e1f4308) thrown at [C:\ade\jenkins\workspace\8-2-build-windows-amd64-cygwin\jdk8u241\331\hotspot\src\share\vm\prims\jvm.cpp, line 1502]
Event: 68.682 Thread 0x000000003c71b000 Exception <a 'java/security/PrivilegedActionException'> (0x000000073e1f48e8) thrown at [C:\ade\jenkins\workspace\8-2-build-windows-amd64-cygwin\jdk8u241\331\hotspot\src\share\vm\prims\jvm.cpp, line 1502]
Event: 68.683 Thread 0x000000003c71b000 Exception <a 'java/security/PrivilegedActionException'> (0x000000073e1f4f28) thrown at [C:\ade\jenkins\workspace\8-2-build-windows-amd64-cygwin\jdk8u241\331\hotspot\src\share\vm\prims\jvm.cpp, line 1502]

Events (10 events):
Event: 68.298 Thread 0x0000000002634800 DEOPT UNPACKING pc=0x0000000002777490 sp=0x000000000262c040 mode 0
Event: 68.314 Thread 0x0000000002634800 DEOPT PACKING pc=0x0000000003c7dfa1 sp=0x000000000262c210
Event: 68.314 Thread 0x0000000002634800 DEOPT UNPACKING pc=0x0000000002777490 sp=0x000000000262c040 mode 0
Event: 68.466 Executing VM operation: G1IncCollectionPause
Event: 68.525 Executing VM operation: G1IncCollectionPause done
Event: 68.741 Executing VM operation: G1IncCollectionPause
Event: 68.789 Executing VM operation: G1IncCollectionPause done
Event: 68.913 loading class sun/net/www/http/ChunkedInputStream
Event: 68.913 loading class sun/net/www/http/ChunkedInputStream done
Event: 69.058 Executing VM operation: G1IncCollectionPause


Dynamic libraries:
0x00007ff7baf10000 - 0x00007ff7baf47000 	C:\Program Files\Java\jre1.8.0_241\bin\javaw.exe
0x00007fff63a20000 - 0x00007fff63c10000 	C:\WINDOWS\SYSTEM32\ntdll.dll
0x00007fff62a50000 - 0x00007fff62b02000 	C:\WINDOWS\System32\KERNEL32.DLL
0x00007fff609b0000 - 0x00007fff60c53000 	C:\WINDOWS\System32\KERNELBASE.dll
0x00007fff62e00000 - 0x00007fff62ea3000 	C:\WINDOWS\System32\ADVAPI32.dll
0x00007fff62d00000 - 0x00007fff62d9e000 	C:\WINDOWS\System32\msvcrt.dll
0x00007fff62c60000 - 0x00007fff62cf7000 	C:\WINDOWS\System32\sechost.dll
0x00007fff62eb0000 - 0x00007fff62fd0000 	C:\WINDOWS\System32\RPCRT4.dll
0x00007fff628b0000 - 0x00007fff62a44000 	C:\WINDOWS\System32\USER32.dll
0x00007fff60c90000 - 0x00007fff60cb1000 	C:\WINDOWS\System32\win32u.dll
0x00007fff63800000 - 0x00007fff63826000 	C:\WINDOWS\System32\GDI32.dll
0x00007fff60e10000 - 0x00007fff60fa4000 	C:\WINDOWS\System32\gdi32full.dll
0x00007fff61980000 - 0x00007fff61a1e000 	C:\WINDOWS\System32\msvcp_win.dll
0x00007fff60cc0000 - 0x00007fff60dba000 	C:\WINDOWS\System32\ucrtbase.dll
0x00007fff4d2d0000 - 0x00007fff4d555000 	C:\WINDOWS\WinSxS\amd64_microsoft.windows.common-controls_6595b64144ccf1df_6.0.18362.720_none_e6beb5c51314836b\COMCTL32.dll
0x00007fff63180000 - 0x00007fff634b6000 	C:\WINDOWS\System32\combase.dll
0x00007fff61900000 - 0x00007fff61980000 	C:\WINDOWS\System32\bcryptPrimitives.dll
0x00007fff634e0000 - 0x00007fff6350e000 	C:\WINDOWS\System32\IMM32.DLL
0x0000000062700000 - 0x00000000627d2000 	C:\Program Files\Java\jre1.8.0_241\bin\msvcr100.dll
0x0000000060c60000 - 0x000000006150c000 	C:\Program Files\Java\jre1.8.0_241\bin\server\jvm.dll
0x00007fff628a0000 - 0x00007fff628a8000 	C:\WINDOWS\System32\PSAPI.DLL
0x00007fff5d890000 - 0x00007fff5d899000 	C:\WINDOWS\SYSTEM32\WSOCK32.dll
0x00007fff62fd0000 - 0x00007fff6303f000 	C:\WINDOWS\System32\WS2_32.dll
0x00007fff5db30000 - 0x00007fff5db54000 	C:\WINDOWS\SYSTEM32\WINMM.dll
0x00007fff5aff0000 - 0x00007fff5affa000 	C:\WINDOWS\SYSTEM32\VERSION.dll
0x00007fff5db00000 - 0x00007fff5db2d000 	C:\WINDOWS\SYSTEM32\WINMMBASE.dll
0x00007fff60dc0000 - 0x00007fff60e0a000 	C:\WINDOWS\System32\cfgmgr32.dll
0x00007fff5c360000 - 0x00007fff5c36f000 	C:\Program Files\Java\jre1.8.0_241\bin\verify.dll
0x00007fff55030000 - 0x00007fff55059000 	C:\Program Files\Java\jre1.8.0_241\bin\java.dll
0x00007fff5c0c0000 - 0x00007fff5c0d6000 	C:\Program Files\Java\jre1.8.0_241\bin\zip.dll
0x00007fff61ce0000 - 0x00007fff623c5000 	C:\WINDOWS\System32\SHELL32.dll
0x00007fff63750000 - 0x00007fff637f9000 	C:\WINDOWS\System32\shcore.dll
0x00007fff61180000 - 0x00007fff61900000 	C:\WINDOWS\System32\windows.storage.dll
0x00007fff60910000 - 0x00007fff60933000 	C:\WINDOWS\System32\profapi.dll
0x00007fff60960000 - 0x00007fff609aa000 	C:\WINDOWS\System32\powrprof.dll
0x00007fff608e0000 - 0x00007fff608f0000 	C:\WINDOWS\System32\UMPDC.dll
0x00007fff623d0000 - 0x00007fff62422000 	C:\WINDOWS\System32\shlwapi.dll
0x00007fff60940000 - 0x00007fff60951000 	C:\WINDOWS\System32\kernel.appcore.dll
0x00007fff60fb0000 - 0x00007fff60fc7000 	C:\WINDOWS\System32\cryptsp.dll
0x00007fff5c350000 - 0x00007fff5c35d000 	C:\Program Files\Java\jre1.8.0_241\bin\management.dll
0x00007fff5be90000 - 0x00007fff5beaa000 	C:\Program Files\Java\jre1.8.0_241\bin\net.dll
0x00007fff600f0000 - 0x00007fff60157000 	C:\WINDOWS\system32\mswsock.dll
0x00007fff42240000 - 0x00007fff42256000 	C:\WINDOWS\system32\napinsp.dll
0x00007fff42220000 - 0x00007fff4223a000 	C:\WINDOWS\system32\pnrpnsp.dll
0x00007fff44630000 - 0x00007fff44645000 	C:\WINDOWS\system32\wshbth.dll
0x00007fff5d4e0000 - 0x00007fff5d4fc000 	C:\WINDOWS\system32\NLAapi.dll
0x00007fff5fe00000 - 0x00007fff5fe3a000 	C:\WINDOWS\SYSTEM32\IPHLPAPI.DLL
0x00007fff5fe40000 - 0x00007fff5ff0a000 	C:\WINDOWS\SYSTEM32\DNSAPI.dll
0x00007fff62b10000 - 0x00007fff62b18000 	C:\WINDOWS\System32\NSI.dll
0x00007fff41f20000 - 0x00007fff41f2e000 	C:\WINDOWS\System32\winrnr.dll
0x0000000062b80000 - 0x0000000062ba6000 	C:\Program Files\Bonjour\mdnsNSP.dll
0x00007fff5aa90000 - 0x00007fff5ab07000 	C:\WINDOWS\System32\fwpuclnt.dll
0x00007fff60c60000 - 0x00007fff60c86000 	C:\WINDOWS\System32\bcrypt.dll
0x00007fff59090000 - 0x00007fff5909a000 	C:\Windows\System32\rasadhlp.dll
0x00007fff55370000 - 0x00007fff55382000 	C:\Program Files\Java\jre1.8.0_241\bin\nio.dll
0x00007fff47a80000 - 0x00007fff47aa4000 	C:\Program Files\Java\jre1.8.0_241\bin\sunec.dll
0x00007fff5fc60000 - 0x00007fff5fc93000 	C:\WINDOWS\system32\rsaenh.dll
0x00007fff60800000 - 0x00007fff60825000 	C:\WINDOWS\SYSTEM32\USERENV.dll
0x00007fff602c0000 - 0x00007fff602cc000 	C:\WINDOWS\SYSTEM32\CRYPTBASE.dll
0x00007fff5b090000 - 0x00007fff5b0a6000 	C:\WINDOWS\SYSTEM32\dhcpcsvc6.DLL
0x00007fff5b070000 - 0x00007fff5b08c000 	C:\WINDOWS\SYSTEM32\dhcpcsvc.DLL
0x00007fff4b230000 - 0x00007fff4b247000 	C:\Program Files\Java\jre1.8.0_241\bin\unpack.dll
0x0000000180000000 - 0x0000000180053000 	C:\Users\Fruksus\AppData\Roaming\.minecraft\versions\ForgeOptiFine 1.12.2\natives\lwjgl64.dll
0x00007fff363d0000 - 0x00007fff36526000 	C:\WINDOWS\SYSTEM32\OPENGL32.dll
0x00007fff36300000 - 0x00007fff3632c000 	C:\WINDOWS\SYSTEM32\GLU32.dll
0x00007fff5f5c0000 - 0x00007fff5f5e0000 	C:\WINDOWS\SYSTEM32\dxcore.dll
0x00007fff14990000 - 0x00007fff14b2a000 	C:\Program Files\Java\jre1.8.0_241\bin\awt.dll
0x00007fff62b90000 - 0x00007fff62c54000 	C:\WINDOWS\System32\OLEAUT32.dll
0x00007fff5dc30000 - 0x00007fff5dcbf000 	C:\WINDOWS\SYSTEM32\apphelp.dll
0x00007fff58d50000 - 0x00007fff58dfe000 	C:\WINDOWS\SYSTEM32\mscms.dll
0x00007fff5a890000 - 0x00007fff5a8a7000 	C:\WINDOWS\SYSTEM32\ColorAdapterClient.dll
0x00007fff63050000 - 0x00007fff630f2000 	C:\WINDOWS\System32\clbcatq.dll
0x00007fff5dd70000 - 0x00007fff5de09000 	C:\WINDOWS\system32\uxtheme.dll
0x00007fff61ad0000 - 0x00007fff61c06000 	C:\WINDOWS\System32\MSCTF.dll
0x00007fff4dc30000 - 0x00007fff4dd40000 	C:\PO\BandicamPortable\App\Bandicam\bdcam64.dll
0x00007fff0ad30000 - 0x00007fff0d454000 	C:\WINDOWS\System32\DriverStore\FileRepository\nv_dispi.inf_amd64_63268710a2dc3648\nvoglv64.dll
0x00007fff62430000 - 0x00007fff628a0000 	C:\WINDOWS\System32\SETUPAPI.dll
0x00007fff635f0000 - 0x00007fff63747000 	C:\WINDOWS\System32\ole32.dll
0x00007fff5c410000 - 0x00007fff5c423000 	C:\WINDOWS\SYSTEM32\WTSAPI32.dll
0x00007fff60680000 - 0x00007fff606aa000 	C:\WINDOWS\SYSTEM32\DEVOBJ.dll
0x00007fff60fd0000 - 0x00007fff6102c000 	C:\WINDOWS\System32\WINTRUST.dll
0x00007fff608f0000 - 0x00007fff60902000 	C:\WINDOWS\System32\MSASN1.dll
0x00007fff61030000 - 0x00007fff61179000 	C:\WINDOWS\System32\CRYPT32.dll
0x00007fff5f940000 - 0x00007fff5f971000 	C:\WINDOWS\SYSTEM32\ntmarta.dll
0x00007fff5e340000 - 0x00007fff5e36d000 	C:\WINDOWS\SYSTEM32\dwmapi.dll
0x00007fff37550000 - 0x00007fff37814000 	C:\WINDOWS\system32\nvspcap64.dll
0x00007fff408c0000 - 0x00007fff40b30000 	C:\WINDOWS\SYSTEM32\UIAutomationCore.DLL
0x00007fff55880000 - 0x00007fff558e5000 	C:\WINDOWS\SYSTEM32\OLEACC.dll
0x00007fff26f10000 - 0x00007fff26f53000 	C:\WINDOWS\SYSTEM32\icm32.dll
0x00007fff60770000 - 0x00007fff607cc000 	C:\WINDOWS\SYSTEM32\WINSTA.dll
0x00007fff26dd0000 - 0x00007fff26e12000 	C:\Users\Fruksus\AppData\Local\Temp\jna-1075825295\jna6326996849433108232.dll
0x00007fff47c70000 - 0x00007fff47d0e000 	C:\WINDOWS\System32\TextInputFramework.dll
0x00007fff5d3a0000 - 0x00007fff5d474000 	C:\WINDOWS\System32\CoreMessaging.dll
0x00007fff59d10000 - 0x00007fff5a03a000 	C:\WINDOWS\System32\CoreUIComponents.dll
0x00007fff5c790000 - 0x00007fff5c8e3000 	C:\WINDOWS\SYSTEM32\wintypes.dll
0x00007fff533d0000 - 0x00007fff53676000 	C:\WINDOWS\System32\iertutil.dll
0x00007fff4ab00000 - 0x00007fff4ab49000 	C:\Program Files\Java\jre1.8.0_241\bin\fontmanager.dll
0x00007fff544a0000 - 0x00007fff544ab000 	C:\Program Files\Java\jre1.8.0_241\bin\sunmscapi.dll

VM Arguments:
jvm_args: -Djava.net.preferIPv4Stack=true -Dos.name=Windows 10 -Dos.version=10.0 -Xmn128M -Xmx14936M -Djava.library.path=C:\Users\Fruksus\AppData\Roaming\.minecraft\versions\ForgeOptiFine 1.12.2\natives -Dminecraft.applet.TargetDirectory=C:\Users\Fruksus\AppData\Roaming\.minecraft -XX:+UnlockExperimentalVMOptions -XX:+UseG1GC -XX:G1NewSizePercent=20 -XX:G1ReservePercent=20 -XX:MaxGCPauseMillis=50 -XX:G1HeapRegionSize=32M -Dfml.ignoreInvalidMinecraftCertificates=true -Dfml.ignorePatchDiscrepancies=true 
java_command: net.minecraft.launchwrapper.Launch --username 32 --version ForgeOptiFine 1.12.2 --gameDir C:\Users\Fruksus\AppData\Roaming\.minecraft --assetsDir C:\Users\Fruksus\AppData\Roaming\.minecraft\assets --assetIndex 1.12 --uuid 00000000-0000-0000-0000-000000000000 --accessToken null --userProperties [] --userType legacy --tweakClass net.minecraftforge.fml.common.launcher.FMLTweaker --versionType Forge --width 925 --height 530
java_class_path (initial): C:\Users\Fruksus\AppData\Roaming\.minecraft\libraries\net\minecraftforge\forge\1.12.2-14.23.5.2847\forge-1.12.2-14.23.5.2847.jar;C:\Users\Fruksus\AppData\Roaming\.minecraft\libraries\net\minecraft\launchwrapper\1.12\launchwrapper-1.12.jar;C:\Users\Fruksus\AppData\Roaming\.minecraft\libraries\org\ow2\asm\asm-all\5.2\asm-all-5.2.jar;C:\Users\Fruksus\AppData\Roaming\.minecraft\libraries\jline\jline\3.5.1\jline-3.5.1.jar;C:\Users\Fruksus\AppData\Roaming\.minecraft\libraries\com\typesafe\akka\akka-actor_2.11\2.3.3\akka-actor_2.11-2.3.3.jar;C:\Users\Fruksus\AppData\Roaming\.minecraft\libraries\com\typesafe\config\1.2.1\config-1.2.1.jar;C:\Users\Fruksus\AppData\Roaming\.minecraft\libraries\org\scala-lang\scala-actors-migration_2.11\1.1.0\scala-actors-migration_2.11-1.1.0.jar;C:\Users\Fruksus\AppData\Roaming\.minecraft\libraries\org\scala-lang\scala-compiler\2.11.1\scala-compiler-2.11.1.jar;C:\Users\Fruksus\AppData\Roaming\.minecraft\libraries\org\scala-lang\plugins\scala-continuations-library_2.11\1.0.2\scala-continuations-library_2.11-1.0.2.jar;C:\Users\Fruksus\AppData\Roaming\.minecraft\libraries\org\scala-lang\plugins\scala-continuations-plugin_2.11.1\1.0.2\scala-continuations-plugin_2.11.1-1.0.2.jar;C:\Users\Fruksus\AppData\Roaming\.minecraft\libraries\org\scala-lang\scala-library\2.11.1\scala-library-2.11.1.jar;C:\Users\Fruksus\AppData\Roaming\.minecraft\libraries\org\scala-lang\scala-parser-combinators_2.11\1.0.1\scala-parser-combinators_2.11-1.0.1.jar;C:\Users\Fruksus\AppData\Roaming\.minecraft\libraries\org\scala-lang\scala-reflect\2.11.1\scala-reflect-2.11.1.jar;C:\Users\Fruksus\AppData\Roaming\.minecraft\libraries\org\scala-lang\scala-swing_2.11\1.0.1\scala-swing_2.11-1.0.1.jar;C:\Users\Fruksus\AppData\Roaming\.minecraft\libraries\org\scala-lang\scala-xml_2.11\1.0.2\scala-xml_2.11-1.0.2.jar;C:\Users\Fruksus\AppData\Roaming\.minecraft\libraries\lzma\lzma\0.0.1\lzma-0.0.1.jar;C:\Users\Fruksus\AppData\Roaming\.minecraft\libraries\net\sf\
Launcher Type: SUN_STANDARD

Environment Variables:
PATH=C:\Users\Fruksus\AppData\Local\Yandex\YandexBrowser\Application;C:\Program Files (x86)\Common Files\Oracle\Java\javapath;C:\WINDOWS\system32;C:\WINDOWS;C:\WINDOWS\System32\Wbem;C:\WINDOWS\System32\WindowsPowerShell\v1.0\;C:\WINDOWS\System32\OpenSSH\;C:\Program Files\NVIDIA Corporation\NVIDIA NvDLISR;E:\PO\Git\cmd;C:\Program Files\Git LFS;C:\Program Files\dotnet\;C:\Program Files (x86)\NVIDIA Corporation\PhysX\Common;C:\Users\Fruksus\AppData\Local\Microsoft\WindowsApps;C:\Users\Fruksus\AppData\Local\GitHubDesktop\bin;C:\Program Files\Java\jre1.8.0_241\bin
USERNAME=Fruksus
OS=Windows_NT
PROCESSOR_IDENTIFIER=Intel64 Family 6 Model 158 Stepping 9, GenuineIntel



---------------  S Y S T E M  ---------------

OS: Windows 10.0 , 64 bit Build 18362 (10.0.18362.329)

CPU:total 4 (initial active 4) (2 cores per cpu, 2 threads per core) family 6 model 158 stepping 9, cmov, cx8, fxsr, mmx, sse, sse2, sse3, ssse3, sse4.1, sse4.2, popcnt, aes, clmul, erms, 3dnowpref, lzcnt, ht, tsc, tscinvbit

Memory: 4k page, physical 16728504k(7845420k free), swap 22872504k(182328k free)

vm_info: Java HotSpot(TM) 64-Bit Server VM (25.241-b07) for windows-amd64 JRE (1.8.0_241-b07), built on Dec 11 2019 10:21:40 by "rejava" with MS VC++ 10.0 (VS2010)

time: Tue Apr 07 16:39:52 2020
timezone: RTZ 4 ()
elapsed time: 69 seconds (0d 0h 1m 9s)

