#
# A fatal error has been detected by the Java Runtime Environment:
#
#  EXCEPTION_PRIV_INSTRUCTION (0xc0000096) at pc=0x0000000008a1ee10, pid=424, tid=0x0000000000003f44
#
# JRE version: Java(TM) SE Runtime Environment (8.0_211-b12) (build 1.8.0_211-b12)
# Java VM: Java HotSpot(TM) 64-Bit Server VM (25.211-b12 mixed mode windows-amd64 compressed oops)
# Problematic frame:
# J 46278 C2 com.brandon3055.draconicevolution.handlers.CustomArmorHandler$ArmorSummery.getBaubles(Lnet/minecraft/entity/player/EntityPlayer;Ljava/util/List;)V (74 bytes) @ 0x0000000008a1ee10 [0x0000000008a1ea60+0x3b0]
#
# Failed to write core dump. Minidumps are not enabled by default on client versions of Windows
#
# If you would like to submit a bug report, please visit:
#   http://bugreport.java.com/bugreport/crash.jsp
#

---------------  T H R E A D  ---------------

Current thread (0x0000000002ee4000):  JavaThread "Client thread" [_thread_in_Java, id=16196, stack(0x0000000002b50000,0x0000000002c50000)]

siginfo: ExceptionCode=0xc0000096

Registers:
RAX=0x00000000d3c20b53, RBX=0x00000007b7bffac0, RCX=0x0000000015dbdff4, RDX=0x00000007b7bffa78
RSP=0x0000000002c4e3f0, RBP=0x00000007b7bffaa8, RSI=0x00000007c0350058, RDI=0x0000000003dbdffe
R8 =0x00000000f6f7ff58, R9 =0x00000007c0000f28, R10=0x2e42f4bf344df4e0, R11=0x0000000000000000
R12=0x0000000000000000, R13=0x0000000000000001, R14=0x0000000000000007, R15=0x0000000002ee4000
RIP=0x0000000008a1ee10, EFLAGS=0x0000000000010297

Top of Stack: (sp=0x0000000002c4e3f0)
0x0000000002c4e3f0:   0000000000000000 c4012527c635f5c1
0x0000000002c4e400:   0000000000000000 000000062008fd00
0x0000000002c4e410:   ffffffffffffffff 0000000600000000
0x0000000002c4e420:   00000007b7bffa20 00000007b7bff9a8
0x0000000002c4e430:   000000068dcdf868 00000007b7bffa78
0x0000000002c4e440:   00000007b7bffa58 000000000405ee54
0x0000000002c4e450:   0000000000000004 000000000376b40c
0x0000000002c4e460:   0000000000008367 0000000002c4e560
0x0000000002c4e470:   00000007b7bffa20 00000000097a10b0
0x0000000002c4e480:   000000067a90ef80 000000000b240de0
0x0000000002c4e490:   00000000000080e1 0000000000008367
0x0000000002c4e4a0:   00000007b7bff9a8 000000068dcdd988
0x0000000002c4e4b0:   0000000700000004 00000007b7bffa20
0x0000000002c4e4c0:   00000007d1b9c5f5 00000007b7bffa38
0x0000000002c4e4d0:   00000007b7bffa58 0000000012000000
0x0000000002c4e4e0:   0000000600000000 00000007c0757580 

Instructions: (pc=0x0000000008a1ee10)
0x0000000008a1edf0:   0f 85 ec 0b 00 00 c7 45 14 3c ca 84 c5 49 ba e0
0x0000000008a1ee00:   f4 4d 34 bf f4 42 2e b1 f4 40 2d ad f4 3d 2c aa
0x0000000008a1ee10:   f4 3c 2b ad f4 3c 2b ad f4 3c 2b ad f4 3c 2b aa
0x0000000008a1ee20:   f4 3d 2c ad f4 3d 2c ad f4 3e 2c ad f4 41 2d af 


Register to memory mapping:

RAX=0x00000000d3c20b53 is an unknown value
RBX=
[error occurred during error reporting (printing register info), id 0xc0000005]

Stack: [0x0000000002b50000,0x0000000002c50000],  sp=0x0000000002c4e3f0,  free space=1016k
Native frames: (J=compiled Java code, j=interpreted, Vv=VM code, C=native code)
C  0x0000000008a1ee10


---------------  P R O C E S S  ---------------

Java Threads: ( => current thread )
  0x000000004d037800 JavaThread "JM-task-5" [_thread_blocked, id=8140, stack(0x000000008b310000,0x000000008b410000)]
  0x000000002a203000 JavaThread "Chunk Batcher 11" daemon [_thread_blocked, id=14740, stack(0x000000008aff0000,0x000000008b0f0000)]
  0x000000004aaf6000 JavaThread "Chunk Batcher 10" daemon [_thread_blocked, id=11224, stack(0x000000008aef0000,0x000000008aff0000)]
  0x000000004aaef800 JavaThread "Chunk Batcher 9" daemon [_thread_blocked, id=10976, stack(0x000000008adf0000,0x000000008aef0000)]
  0x000000004aaf2800 JavaThread "Chunk Batcher 8" daemon [_thread_blocked, id=10408, stack(0x000000008a260000,0x000000008a360000)]
  0x000000004c3f0800 JavaThread "Netty Client IO #7" daemon [_thread_in_native, id=13680, stack(0x0000000046aa0000,0x0000000046ba0000)]
  0x000000004c3f6000 JavaThread "Netty Client IO #6" daemon [_thread_in_native, id=8992, stack(0x0000000087ec0000,0x0000000087fc0000)]
  0x000000004c3f6800 JavaThread "Server Pinger #4" daemon [_thread_blocked, id=12012, stack(0x0000000087dc0000,0x0000000087ec0000)]
  0x000000004d034800 JavaThread "Netty Client IO #5" daemon [_thread_in_native, id=3504, stack(0x0000000055cd0000,0x0000000055dd0000)]
  0x000000004d034000 JavaThread "Server Pinger #3" daemon [_thread_blocked, id=11604, stack(0x0000000055bd0000,0x0000000055cd0000)]
  0x000000004d033000 JavaThread "Netty Client IO #4" daemon [_thread_in_native, id=6996, stack(0x00000000559d0000,0x0000000055ad0000)]
  0x000000004d031800 JavaThread "Server Pinger #2" daemon [_thread_blocked, id=14504, stack(0x0000000053570000,0x0000000053670000)]
  0x000000003de96000 JavaThread "Chunk Batcher 7" daemon [_thread_blocked, id=6104, stack(0x000000009cae0000,0x000000009cbe0000)]
  0x000000003de96800 JavaThread "Chunk Batcher 6" daemon [_thread_blocked, id=8352, stack(0x000000009c150000,0x000000009c250000)]
  0x000000002cb5c000 JavaThread "Chunk Batcher 5" daemon [_thread_blocked, id=10864, stack(0x0000000097d20000,0x0000000097e20000)]
  0x00000000296e0800 JavaThread "Chunk Batcher 4" daemon [_thread_blocked, id=11728, stack(0x00000000975b0000,0x00000000976b0000)]
  0x000000002a203800 JavaThread "File IO Thread" [_thread_blocked, id=15600, stack(0x000000008a060000,0x000000008a160000)]
  0x000000002a202000 JavaThread "Narrator" daemon [_thread_blocked, id=15996, stack(0x000000008fc10000,0x000000008fd10000)]
  0x000000002a200000 JavaThread "JM-texture-3" [_thread_blocked, id=4840, stack(0x000000008a470000,0x000000008a570000)]
  0x000000002a1fb800 JavaThread "JM-texture-2" [_thread_blocked, id=14312, stack(0x000000008a370000,0x000000008a470000)]
  0x000000004c3f5000 JavaThread "Netty Client IO #3" daemon [_thread_in_native, id=2636, stack(0x00000000569d0000,0x0000000056ad0000)]
  0x000000004c3f3800 JavaThread "threadDeathWatcher-2-1" daemon [_thread_blocked, id=2516, stack(0x00000000557d0000,0x00000000558d0000)]
  0x000000004c3ed000 JavaThread "Netty Client IO #2" daemon [_thread_in_native, id=13368, stack(0x000000003b610000,0x000000003b710000)]
  0x000000004c3f3000 JavaThread "Netty Client IO #1" daemon [_thread_in_native, id=12668, stack(0x0000000052c80000,0x0000000052d80000)]
  0x000000004c3f2000 JavaThread "Server Pinger #1" daemon [_thread_blocked, id=14332, stack(0x00000000406f0000,0x00000000407f0000)]
  0x000000004c3ea800 JavaThread "AWT-Windows" daemon [_thread_in_native, id=6472, stack(0x0000000050970000,0x0000000050a70000)]
  0x000000004c3ee800 JavaThread "Netty Client IO #0" daemon [_thread_in_native, id=14724, stack(0x0000000053470000,0x0000000053570000)]
  0x000000004c3f1800 JavaThread "Thread-26" daemon [_thread_in_native, id=2280, stack(0x000000003b810000,0x000000003b910000)]
  0x000000004c3ef000 JavaThread "Server Pinger #0" daemon [_thread_blocked, id=6720, stack(0x000000003b710000,0x000000003b810000)]
  0x000000004c3eb800 JavaThread "Narrator" daemon [_thread_blocked, id=6100, stack(0x0000000032040000,0x0000000032140000)]
  0x000000004aaf7000 JavaThread "pool-4-thread-1" daemon [_thread_blocked, id=13760, stack(0x000000004b810000,0x000000004b910000)]
  0x000000004aaf5800 JavaThread "Ender IO Scheduler" [_thread_blocked, id=5028, stack(0x0000000034ea0000,0x0000000034fa0000)]
  0x000000002cb5f000 JavaThread "ic2-poolthread-1" daemon [_thread_blocked, id=13012, stack(0x0000000039350000,0x0000000039450000)]
  0x000000002cb5d000 JavaThread "Thread-12" [_thread_blocked, id=4032, stack(0x00000000428b0000,0x00000000429b0000)]
  0x000000002cb5a800 JavaThread "Thread-11" [_thread_blocked, id=8872, stack(0x000000003d520000,0x000000003d620000)]
  0x000000002cb5d800 JavaThread "Thread-8" [_thread_blocked, id=15436, stack(0x0000000034ba0000,0x0000000034ca0000)]
  0x00000000296e4000 JavaThread "LWJGL Timer" daemon [_thread_blocked, id=12672, stack(0x000000003b110000,0x000000003b210000)]
  0x000000002bf67800 JavaThread "Java2D Disposer" daemon [_thread_blocked, id=12824, stack(0x0000000030420000,0x0000000030520000)]
  0x000000002bc64000 JavaThread "Timer hack thread" daemon [_thread_blocked, id=12804, stack(0x000000002c7a0000,0x000000002c8a0000)]
  0x00000000292df000 JavaThread "Snooper Timer" daemon [_thread_blocked, id=14788, stack(0x000000002bff0000,0x000000002c0f0000)]
  0x000000002b29d000 JavaThread "Thread-1" [_thread_blocked, id=13300, stack(0x000000002c2a0000,0x000000002c3a0000)]
  0x0000000028458800 JavaThread "Service Thread" daemon [_thread_blocked, id=6044, stack(0x0000000028820000,0x0000000028920000)]
  0x00000000279dc000 JavaThread "C1 CompilerThread2" daemon [_thread_blocked, id=15140, stack(0x0000000028320000,0x0000000028420000)]
  0x00000000279db800 JavaThread "C2 CompilerThread1" daemon [_thread_blocked, id=10596, stack(0x0000000028220000,0x0000000028320000)]
  0x00000000279da800 JavaThread "C2 CompilerThread0" daemon [_thread_blocked, id=3992, stack(0x0000000028120000,0x0000000028220000)]
  0x00000000279d8000 JavaThread "Attach Listener" daemon [_thread_blocked, id=14264, stack(0x0000000028020000,0x0000000028120000)]
  0x00000000279d5000 JavaThread "Signal Dispatcher" daemon [_thread_blocked, id=15792, stack(0x0000000027f20000,0x0000000028020000)]
  0x00000000279d4800 JavaThread "Surrogate Locker Thread (Concurrent GC)" daemon [_thread_blocked, id=9724, stack(0x0000000027e20000,0x0000000027f20000)]
  0x000000002797f800 JavaThread "Finalizer" daemon [_thread_blocked, id=6872, stack(0x0000000027c30000,0x0000000027d30000)]
  0x0000000027977000 JavaThread "Reference Handler" daemon [_thread_blocked, id=10920, stack(0x0000000027b30000,0x0000000027c30000)]
=>0x0000000002ee4000 JavaThread "Client thread" [_thread_in_Java, id=16196, stack(0x0000000002b50000,0x0000000002c50000)]

Other Threads:
  0x0000000027974000 VMThread [stack: 0x0000000027a30000,0x0000000027b30000] [id=4804]
  0x0000000027a2e800 WatcherThread [stack: 0x0000000028920000,0x0000000028a20000] [id=8532]

VM state:not at safepoint (normal execution)

VM Mutex/Monitor currently owned by a thread: None

OutOfMemory and StackOverflow Exception counts:
OutOfMemoryError java_heap_errors=1

heap address: 0x0000000620000000, size: 6656 MB, Compressed Oops mode: Zero based, Oop shift amount: 3
Narrow klass base: 0x0000000000000000, Narrow klass shift: 3
Compressed class space size: 1073741824 Address: 0x00000007c0000000

Heap:
 garbage-first heap   total 6750208K, used 2556779K [0x0000000620000000, 0x0000000622000670, 0x00000007c0000000)
  region size 32768K, 4 young (131072K), 1 survivors (32768K)
 Metaspace       used 254621K, capacity 274880K, committed 275064K, reserved 1271808K
  class space    used 42282K, capacity 52314K, committed 52376K, reserved 1048576K

Heap Regions: (Y=young(eden), SU=young(survivor), HS=humongous(starts), HC=humongous(continues), CS=collection set, F=free, TS=gc time stamp, PTAMS=previous top-at-mark-start, NTAMS=next top-at-mark-start)
AC   0  O    TS     0 PTAMS 0x0000000620000000 NTAMS 0x0000000620000000 space 32768K, 100% used [0x0000000620000000, 0x0000000622000000)
AC   0  O    TS     0 PTAMS 0x0000000622000000 NTAMS 0x0000000622000000 space 32768K,  99% used [0x0000000622000000, 0x0000000624000000)
AC   0 HS    TS     0 PTAMS 0x0000000624000000 NTAMS 0x0000000624000000 space 32768K,  50% used [0x0000000624000000, 0x0000000626000000)
AC   0  O    TS     0 PTAMS 0x0000000626000000 NTAMS 0x0000000626000000 space 32768K, 100% used [0x0000000626000000, 0x0000000628000000)
AC   0  O    TS     0 PTAMS 0x0000000628000000 NTAMS 0x0000000628000000 space 32768K,  99% used [0x0000000628000000, 0x000000062a000000)
AC   0  O    TS     0 PTAMS 0x000000062a000000 NTAMS 0x000000062a000000 space 32768K,  99% used [0x000000062a000000, 0x000000062c000000)
AC   0  O    TS     0 PTAMS 0x000000062c000000 NTAMS 0x000000062c000000 space 32768K,  99% used [0x000000062c000000, 0x000000062e000000)
AC   0  O    TS     0 PTAMS 0x000000062e000000 NTAMS 0x000000062e000000 space 32768K, 100% used [0x000000062e000000, 0x0000000630000000)
AC   0  O    TS     0 PTAMS 0x0000000630000000 NTAMS 0x0000000630000000 space 32768K,  99% used [0x0000000630000000, 0x0000000632000000)
AC   0  O    TS     0 PTAMS 0x0000000632000000 NTAMS 0x0000000632000000 space 32768K,  99% used [0x0000000632000000, 0x0000000634000000)
AC   0  O    TS     0 PTAMS 0x0000000634000000 NTAMS 0x0000000634000000 space 32768K, 100% used [0x0000000634000000, 0x0000000636000000)
AC   0  O    TS     0 PTAMS 0x0000000636000000 NTAMS 0x0000000636000000 space 32768K,  99% used [0x0000000636000000, 0x0000000638000000)
AC   0  O    TS     0 PTAMS 0x0000000638000000 NTAMS 0x0000000638000000 space 32768K,  99% used [0x0000000638000000, 0x000000063a000000)
AC   0  O    TS     0 PTAMS 0x000000063a000000 NTAMS 0x000000063a000000 space 32768K,  99% used [0x000000063a000000, 0x000000063c000000)
AC   0  O    TS     0 PTAMS 0x000000063c000000 NTAMS 0x000000063c000000 space 32768K,  99% used [0x000000063c000000, 0x000000063e000000)
AC   0  O    TS     0 PTAMS 0x000000063e000000 NTAMS 0x000000063e000000 space 32768K,  99% used [0x000000063e000000, 0x0000000640000000)
AC   0  O    TS     0 PTAMS 0x0000000640000000 NTAMS 0x0000000640000000 space 32768K,  99% used [0x0000000640000000, 0x0000000642000000)
AC   0  O    TS     0 PTAMS 0x0000000642000000 NTAMS 0x0000000642000000 space 32768K,  99% used [0x0000000642000000, 0x0000000644000000)
AC   0  O    TS     0 PTAMS 0x0000000644000000 NTAMS 0x0000000644000000 space 32768K,  99% used [0x0000000644000000, 0x0000000646000000)
AC   0  O    TS     0 PTAMS 0x0000000646000000 NTAMS 0x0000000646000000 space 32768K,  99% used [0x0000000646000000, 0x0000000648000000)
AC   0  O    TS     0 PTAMS 0x0000000648000000 NTAMS 0x0000000648000000 space 32768K, 100% used [0x0000000648000000, 0x000000064a000000)
AC   0  O    TS     0 PTAMS 0x000000064a000000 NTAMS 0x000000064a000000 space 32768K,  99% used [0x000000064a000000, 0x000000064c000000)
AC   0  O    TS     0 PTAMS 0x000000064c000000 NTAMS 0x000000064c000000 space 32768K,  99% used [0x000000064c000000, 0x000000064e000000)
AC   0  O    TS     0 PTAMS 0x000000064e000000 NTAMS 0x000000064e000000 space 32768K,  99% used [0x000000064e000000, 0x0000000650000000)
AC   0  O    TS     0 PTAMS 0x0000000650000000 NTAMS 0x0000000650000000 space 32768K,  99% used [0x0000000650000000, 0x0000000652000000)
AC   0  O    TS     0 PTAMS 0x0000000652000000 NTAMS 0x0000000652000000 space 32768K,  99% used [0x0000000652000000, 0x0000000654000000)
AC   0  O    TS     0 PTAMS 0x0000000654000000 NTAMS 0x0000000654000000 space 32768K,  99% used [0x0000000654000000, 0x0000000656000000)
AC   0  O    TS     0 PTAMS 0x0000000656000000 NTAMS 0x0000000656000000 space 32768K,  99% used [0x0000000656000000, 0x0000000658000000)
AC   0  O    TS     0 PTAMS 0x0000000658000000 NTAMS 0x0000000658000000 space 32768K,  99% used [0x0000000658000000, 0x000000065a000000)
AC   0  O    TS     0 PTAMS 0x000000065a000000 NTAMS 0x000000065a000000 space 32768K,  99% used [0x000000065a000000, 0x000000065c000000)
AC   0  O    TS     0 PTAMS 0x000000065c000000 NTAMS 0x000000065c000000 space 32768K,  99% used [0x000000065c000000, 0x000000065e000000)
AC   0  O    TS     0 PTAMS 0x000000065e000000 NTAMS 0x000000065e000000 space 32768K,  99% used [0x000000065e000000, 0x0000000660000000)
AC   0  O    TS     0 PTAMS 0x0000000660000000 NTAMS 0x0000000660000000 space 32768K, 100% used [0x0000000660000000, 0x0000000662000000)
AC   0  O    TS     0 PTAMS 0x0000000662000000 NTAMS 0x0000000662000000 space 32768K,  99% used [0x0000000662000000, 0x0000000664000000)
AC   0  O    TS     0 PTAMS 0x0000000664000000 NTAMS 0x0000000664000000 space 32768K,  99% used [0x0000000664000000, 0x0000000666000000)
AC   0  O    TS     0 PTAMS 0x0000000666000000 NTAMS 0x0000000666000000 space 32768K, 100% used [0x0000000666000000, 0x0000000668000000)
AC   0  O    TS     0 PTAMS 0x0000000668000000 NTAMS 0x0000000668000000 space 32768K,  99% used [0x0000000668000000, 0x000000066a000000)
AC   0  O    TS     0 PTAMS 0x000000066a000000 NTAMS 0x000000066a000000 space 32768K,  99% used [0x000000066a000000, 0x000000066c000000)
AC   0  O    TS     0 PTAMS 0x000000066c000000 NTAMS 0x000000066c000000 space 32768K,  99% used [0x000000066c000000, 0x000000066e000000)
AC   0  O    TS     0 PTAMS 0x000000066e000000 NTAMS 0x000000066e000000 space 32768K,  99% used [0x000000066e000000, 0x0000000670000000)
AC   0  O    TS     0 PTAMS 0x0000000670000000 NTAMS 0x0000000670000000 space 32768K,  99% used [0x0000000670000000, 0x0000000672000000)
AC   0  O    TS     0 PTAMS 0x0000000672000000 NTAMS 0x0000000672000000 space 32768K, 100% used [0x0000000672000000, 0x0000000674000000)
AC   0  O    TS     0 PTAMS 0x0000000674000000 NTAMS 0x0000000674000000 space 32768K,  99% used [0x0000000674000000, 0x0000000676000000)
AC   0  O    TS     0 PTAMS 0x0000000676000000 NTAMS 0x0000000676000000 space 32768K,  99% used [0x0000000676000000, 0x0000000678000000)
AC   0  O    TS     0 PTAMS 0x0000000678000000 NTAMS 0x0000000678000000 space 32768K, 100% used [0x0000000678000000, 0x000000067a000000)
AC   0  O    TS     0 PTAMS 0x000000067a000000 NTAMS 0x000000067a000000 space 32768K, 100% used [0x000000067a000000, 0x000000067c000000)
AC   0  O    TS     0 PTAMS 0x000000067c000000 NTAMS 0x000000067c000000 space 32768K,  99% used [0x000000067c000000, 0x000000067e000000)
AC   0  O    TS     0 PTAMS 0x000000067e000000 NTAMS 0x000000067e000000 space 32768K,  99% used [0x000000067e000000, 0x0000000680000000)
AC   0 HS    TS     0 PTAMS 0x0000000680000000 NTAMS 0x0000000680000000 space 32768K,  50% used [0x0000000680000000, 0x0000000682000000)
AC   0 HS    TS     0 PTAMS 0x0000000682000000 NTAMS 0x0000000682000000 space 32768K,  50% used [0x0000000682000000, 0x0000000684000000)
AC   0  O    TS     0 PTAMS 0x0000000684000000 NTAMS 0x0000000684000000 space 32768K, 100% used [0x0000000684000000, 0x0000000686000000)
AC   0  O    TS     0 PTAMS 0x0000000686000000 NTAMS 0x0000000686000000 space 32768K,  99% used [0x0000000686000000, 0x0000000688000000)
AC   0  O    TS     0 PTAMS 0x0000000688000000 NTAMS 0x0000000688000000 space 32768K,  98% used [0x0000000688000000, 0x000000068a000000)
AC   0  O    TS     0 PTAMS 0x000000068a000000 NTAMS 0x000000068a000000 space 32768K, 100% used [0x000000068a000000, 0x000000068c000000)
AC   0  O    TS     0 PTAMS 0x000000068c000000 NTAMS 0x000000068c000000 space 32768K,  95% used [0x000000068c000000, 0x000000068e000000)
AC   0 HS    TS     0 PTAMS 0x000000068e000000 NTAMS 0x000000068e000000 space 32768K,  50% used [0x000000068e000000, 0x0000000690000000)
AC   0  O    TS     5 PTAMS 0x0000000690000000 NTAMS 0x0000000690000000 space 32768K, 100% used [0x0000000690000000, 0x0000000692000000)
AC   0  O    TS    45 PTAMS 0x0000000692000000 NTAMS 0x0000000692000000 space 32768K, 100% used [0x0000000692000000, 0x0000000694000000)
AC   0  O    TS    49 PTAMS 0x0000000694000000 NTAMS 0x0000000694000000 space 32768K, 100% used [0x0000000694000000, 0x0000000696000000)
AC   0  O    TS    51 PTAMS 0x0000000696000000 NTAMS 0x0000000696000000 space 32768K, 100% used [0x0000000696000000, 0x0000000698000000)
AC   0  O    TS    55 PTAMS 0x0000000698000000 NTAMS 0x0000000698000000 space 32768K, 100% used [0x0000000698000000, 0x000000069a000000)
AC   0  O    TS    83 PTAMS 0x000000069a000000 NTAMS 0x000000069a000000 space 32768K, 100% used [0x000000069a000000, 0x000000069c000000)
AC   0  O    TS    85 PTAMS 0x000000069c000000 NTAMS 0x000000069c000000 space 32768K, 100% used [0x000000069c000000, 0x000000069e000000)
AC   0  O    TS   111 PTAMS 0x000000069e000000 NTAMS 0x000000069e000000 space 32768K, 100% used [0x000000069e000000, 0x00000006a0000000)
AC   0  O    TS   177 PTAMS 0x00000006a0000000 NTAMS 0x00000006a0000000 space 32768K, 100% used [0x00000006a0000000, 0x00000006a2000000)
AC   0  O    TS   249 PTAMS 0x00000006a2000000 NTAMS 0x00000006a2000000 space 32768K, 100% used [0x00000006a2000000, 0x00000006a4000000)
AC   0  O    TS   291 PTAMS 0x00000006a4000000 NTAMS 0x00000006a4000000 space 32768K, 100% used [0x00000006a4000000, 0x00000006a6000000)
AC   0  O    TS   387 PTAMS 0x00000006a6000000 NTAMS 0x00000006a6000000 space 32768K, 100% used [0x00000006a6000000, 0x00000006a8000000)
AC   0  O    TS   501 PTAMS 0x00000006a8000000 NTAMS 0x00000006a8000000 space 32768K, 100% used [0x00000006a8000000, 0x00000006aa000000)
AC   0  O    TS   593 PTAMS 0x00000006aa000000 NTAMS 0x00000006aa000000 space 32768K, 100% used [0x00000006aa000000, 0x00000006ac000000)
AC   0  O    TS   747 PTAMS 0x00000006ac000000 NTAMS 0x00000006ac000000 space 32768K, 100% used [0x00000006ac000000, 0x00000006ae000000)
AC   0  O    TS   857 PTAMS 0x00000006ae000000 NTAMS 0x00000006ae000000 space 32768K, 100% used [0x00000006ae000000, 0x00000006b0000000)
AC   0  O    TS  1005 PTAMS 0x00000006b0000000 NTAMS 0x00000006b0000000 space 32768K, 100% used [0x00000006b0000000, 0x00000006b2000000)
AC   0  O    TS  1159 PTAMS 0x00000006b2000000 NTAMS 0x00000006b2000000 space 32768K, 100% used [0x00000006b2000000, 0x00000006b4000000)
AC   0  O    TS  1295 PTAMS 0x00000006b4000000 NTAMS 0x00000006b4000000 space 32768K, 100% used [0x00000006b4000000, 0x00000006b6000000)
AC   0  O    TS  1377 PTAMS 0x00000006b6000000 NTAMS 0x00000006b6000000 space 32768K, 100% used [0x00000006b6000000, 0x00000006b8000000)
AC   0  O    TS  1481 PTAMS 0x00000006b8000000 NTAMS 0x00000006b8000000 space 32768K, 100% used [0x00000006b8000000, 0x00000006ba000000)
AC   0  O    TS  1535 PTAMS 0x00000006ba000000 NTAMS 0x00000006ba000000 space 32768K,  60% used [0x00000006ba000000, 0x00000006bc000000)
AC   0  F    TS     0 PTAMS 0x00000006bc000000 NTAMS 0x00000006bc000000 space 32768K,   0% used [0x00000006bc000000, 0x00000006be000000)
AC   0  F    TS     0 PTAMS 0x00000006be000000 NTAMS 0x00000006be000000 space 32768K,   0% used [0x00000006be000000, 0x00000006c0000000)
AC   0  F    TS     0 PTAMS 0x00000006c0000000 NTAMS 0x00000006c0000000 space 32768K,   0% used [0x00000006c0000000, 0x00000006c2000000)
AC   0  F    TS     0 PTAMS 0x00000006c2000000 NTAMS 0x00000006c2000000 space 32768K,   0% used [0x00000006c2000000, 0x00000006c4000000)
AC   0  F    TS     0 PTAMS 0x00000006c4000000 NTAMS 0x00000006c4000000 space 32768K,   0% used [0x00000006c4000000, 0x00000006c6000000)
AC   0  F    TS     0 PTAMS 0x00000006c6000000 NTAMS 0x00000006c6000000 space 32768K,   0% used [0x00000006c6000000, 0x00000006c8000000)
AC   0  F    TS     0 PTAMS 0x00000006c8000000 NTAMS 0x00000006c8000000 space 32768K,   0% used [0x00000006c8000000, 0x00000006ca000000)
AC   0  F    TS     0 PTAMS 0x00000006ca000000 NTAMS 0x00000006ca000000 space 32768K,   0% used [0x00000006ca000000, 0x00000006cc000000)
AC   0  F    TS     0 PTAMS 0x00000006cc000000 NTAMS 0x00000006cc000000 space 32768K,   0% used [0x00000006cc000000, 0x00000006ce000000)
AC   0  F    TS     0 PTAMS 0x00000006ce000000 NTAMS 0x00000006ce000000 space 32768K,   0% used [0x00000006ce000000, 0x00000006d0000000)
AC   0  F    TS     0 PTAMS 0x00000006d0000000 NTAMS 0x00000006d0000000 space 32768K,   0% used [0x00000006d0000000, 0x00000006d2000000)
AC   0  F    TS     0 PTAMS 0x00000006d2000000 NTAMS 0x00000006d2000000 space 32768K,   0% used [0x00000006d2000000, 0x00000006d4000000)
AC   0  F    TS     0 PTAMS 0x00000006d4000000 NTAMS 0x00000006d4000000 space 32768K,   0% used [0x00000006d4000000, 0x00000006d6000000)
AC   0  F    TS     0 PTAMS 0x00000006d6000000 NTAMS 0x00000006d6000000 space 32768K,   0% used [0x00000006d6000000, 0x00000006d8000000)
AC   0  F    TS     0 PTAMS 0x00000006d8000000 NTAMS 0x00000006d8000000 space 32768K,   0% used [0x00000006d8000000, 0x00000006da000000)
AC   0  F    TS     0 PTAMS 0x00000006da000000 NTAMS 0x00000006da000000 space 32768K,   0% used [0x00000006da000000, 0x00000006dc000000)
AC   0  F    TS     0 PTAMS 0x00000006dc000000 NTAMS 0x00000006dc000000 space 32768K,   0% used [0x00000006dc000000, 0x00000006de000000)
AC   0  F    TS     0 PTAMS 0x00000006de000000 NTAMS 0x00000006de000000 space 32768K,   0% used [0x00000006de000000, 0x00000006e0000000)
AC   0  F    TS     0 PTAMS 0x00000006e0000000 NTAMS 0x00000006e0000000 space 32768K,   0% used [0x00000006e0000000, 0x00000006e2000000)
AC   0  F    TS     0 PTAMS 0x00000006e2000000 NTAMS 0x00000006e2000000 space 32768K,   0% used [0x00000006e2000000, 0x00000006e4000000)
AC   0  F    TS     0 PTAMS 0x00000006e4000000 NTAMS 0x00000006e4000000 space 32768K,   0% used [0x00000006e4000000, 0x00000006e6000000)
AC   0  F    TS     0 PTAMS 0x00000006e6000000 NTAMS 0x00000006e6000000 space 32768K,   0% used [0x00000006e6000000, 0x00000006e8000000)
AC   0  F    TS     0 PTAMS 0x00000006e8000000 NTAMS 0x00000006e8000000 space 32768K,   0% used [0x00000006e8000000, 0x00000006ea000000)
AC   0  F    TS     0 PTAMS 0x00000006ea000000 NTAMS 0x00000006ea000000 space 32768K,   0% used [0x00000006ea000000, 0x00000006ec000000)
AC   0  F    TS     0 PTAMS 0x00000006ec000000 NTAMS 0x00000006ec000000 space 32768K,   0% used [0x00000006ec000000, 0x00000006ee000000)
AC   0  F    TS     0 PTAMS 0x00000006ee000000 NTAMS 0x00000006ee000000 space 32768K,   0% used [0x00000006ee000000, 0x00000006f0000000)
AC   0  F    TS     0 PTAMS 0x00000006f0000000 NTAMS 0x00000006f0000000 space 32768K,   0% used [0x00000006f0000000, 0x00000006f2000000)
AC   0  F    TS     0 PTAMS 0x00000006f2000000 NTAMS 0x00000006f2000000 space 32768K,   0% used [0x00000006f2000000, 0x00000006f4000000)
AC   0  F    TS     0 PTAMS 0x00000006f4000000 NTAMS 0x00000006f4000000 space 32768K,   0% used [0x00000006f4000000, 0x00000006f6000000)
AC   0  F    TS     0 PTAMS 0x00000006f6000000 NTAMS 0x00000006f6000000 space 32768K,   0% used [0x00000006f6000000, 0x00000006f8000000)
AC   0  F    TS     0 PTAMS 0x00000006f8000000 NTAMS 0x00000006f8000000 space 32768K,   0% used [0x00000006f8000000, 0x00000006fa000000)
AC   0  F    TS     0 PTAMS 0x00000006fa000000 NTAMS 0x00000006fa000000 space 32768K,   0% used [0x00000006fa000000, 0x00000006fc000000)
AC   0  F    TS     0 PTAMS 0x00000006fc000000 NTAMS 0x00000006fc000000 space 32768K,   0% used [0x00000006fc000000, 0x00000006fe000000)
AC   0  F    TS     0 PTAMS 0x00000006fe000000 NTAMS 0x00000006fe000000 space 32768K,   0% used [0x00000006fe000000, 0x0000000700000000)
AC   0  F    TS     0 PTAMS 0x0000000700000000 NTAMS 0x0000000700000000 space 32768K,   0% used [0x0000000700000000, 0x0000000702000000)
AC   0  F    TS     0 PTAMS 0x0000000702000000 NTAMS 0x0000000702000000 space 32768K,   0% used [0x0000000702000000, 0x0000000704000000)
AC   0  F    TS     0 PTAMS 0x0000000704000000 NTAMS 0x0000000704000000 space 32768K,   0% used [0x0000000704000000, 0x0000000706000000)
AC   0  F    TS     0 PTAMS 0x0000000706000000 NTAMS 0x0000000706000000 space 32768K,   0% used [0x0000000706000000, 0x0000000708000000)
AC   0  F    TS     0 PTAMS 0x0000000708000000 NTAMS 0x0000000708000000 space 32768K,   0% used [0x0000000708000000, 0x000000070a000000)
AC   0  F    TS     0 PTAMS 0x000000070a000000 NTAMS 0x000000070a000000 space 32768K,   0% used [0x000000070a000000, 0x000000070c000000)
AC   0  F    TS     0 PTAMS 0x000000070c000000 NTAMS 0x000000070c000000 space 32768K,   0% used [0x000000070c000000, 0x000000070e000000)
AC   0  F    TS     0 PTAMS 0x000000070e000000 NTAMS 0x000000070e000000 space 32768K,   0% used [0x000000070e000000, 0x0000000710000000)
AC   0  F    TS     0 PTAMS 0x0000000710000000 NTAMS 0x0000000710000000 space 32768K,   0% used [0x0000000710000000, 0x0000000712000000)
AC   0  F    TS     0 PTAMS 0x0000000712000000 NTAMS 0x0000000712000000 space 32768K,   0% used [0x0000000712000000, 0x0000000714000000)
AC   0  F    TS     0 PTAMS 0x0000000714000000 NTAMS 0x0000000714000000 space 32768K,   0% used [0x0000000714000000, 0x0000000716000000)
AC   0  F    TS     0 PTAMS 0x0000000716000000 NTAMS 0x0000000716000000 space 32768K,   0% used [0x0000000716000000, 0x0000000718000000)
AC   0  F    TS     0 PTAMS 0x0000000718000000 NTAMS 0x0000000718000000 space 32768K,   0% used [0x0000000718000000, 0x000000071a000000)
AC   0  F    TS     0 PTAMS 0x000000071a000000 NTAMS 0x000000071a000000 space 32768K,   0% used [0x000000071a000000, 0x000000071c000000)
AC   0  F    TS     0 PTAMS 0x000000071c000000 NTAMS 0x000000071c000000 space 32768K,   0% used [0x000000071c000000, 0x000000071e000000)
AC   0  F    TS     0 PTAMS 0x000000071e000000 NTAMS 0x000000071e000000 space 32768K,   0% used [0x000000071e000000, 0x0000000720000000)
AC   0  F    TS     0 PTAMS 0x0000000720000000 NTAMS 0x0000000720000000 space 32768K,   0% used [0x0000000720000000, 0x0000000722000000)
AC   0  F    TS     0 PTAMS 0x0000000722000000 NTAMS 0x0000000722000000 space 32768K,   0% used [0x0000000722000000, 0x0000000724000000)
AC   0  F    TS     0 PTAMS 0x0000000724000000 NTAMS 0x0000000724000000 space 32768K,   0% used [0x0000000724000000, 0x0000000726000000)
AC   0  F    TS     0 PTAMS 0x0000000726000000 NTAMS 0x0000000726000000 space 32768K,   0% used [0x0000000726000000, 0x0000000728000000)
AC   0  F    TS     0 PTAMS 0x0000000728000000 NTAMS 0x0000000728000000 space 32768K,   0% used [0x0000000728000000, 0x000000072a000000)
AC   0  F    TS     0 PTAMS 0x000000072a000000 NTAMS 0x000000072a000000 space 32768K,   0% used [0x000000072a000000, 0x000000072c000000)
AC   0  F    TS     0 PTAMS 0x000000072c000000 NTAMS 0x000000072c000000 space 32768K,   0% used [0x000000072c000000, 0x000000072e000000)
AC   0  F    TS     0 PTAMS 0x000000072e000000 NTAMS 0x000000072e000000 space 32768K,   0% used [0x000000072e000000, 0x0000000730000000)
AC   0  F    TS     0 PTAMS 0x0000000730000000 NTAMS 0x0000000730000000 space 32768K,   0% used [0x0000000730000000, 0x0000000732000000)
AC   0  F    TS     0 PTAMS 0x0000000732000000 NTAMS 0x0000000732000000 space 32768K,   0% used [0x0000000732000000, 0x0000000734000000)
AC   0  F    TS     0 PTAMS 0x0000000734000000 NTAMS 0x0000000734000000 space 32768K,   0% used [0x0000000734000000, 0x0000000736000000)
AC   0  F    TS     0 PTAMS 0x0000000736000000 NTAMS 0x0000000736000000 space 32768K,   0% used [0x0000000736000000, 0x0000000738000000)
AC   0  F    TS     0 PTAMS 0x0000000738000000 NTAMS 0x0000000738000000 space 32768K,   0% used [0x0000000738000000, 0x000000073a000000)
AC   0  F    TS     0 PTAMS 0x000000073a000000 NTAMS 0x000000073a000000 space 32768K,   0% used [0x000000073a000000, 0x000000073c000000)
AC   0  F    TS     0 PTAMS 0x000000073c000000 NTAMS 0x000000073c000000 space 32768K,   0% used [0x000000073c000000, 0x000000073e000000)
AC   0  F    TS     0 PTAMS 0x000000073e000000 NTAMS 0x000000073e000000 space 32768K,   0% used [0x000000073e000000, 0x0000000740000000)
AC   0  F    TS     0 PTAMS 0x0000000740000000 NTAMS 0x0000000740000000 space 32768K,   0% used [0x0000000740000000, 0x0000000742000000)
AC   0  F    TS     0 PTAMS 0x0000000742000000 NTAMS 0x0000000742000000 space 32768K,   0% used [0x0000000742000000, 0x0000000744000000)
AC   0  F    TS     0 PTAMS 0x0000000744000000 NTAMS 0x0000000744000000 space 32768K,   0% used [0x0000000744000000, 0x0000000746000000)
AC   0  F    TS     0 PTAMS 0x0000000746000000 NTAMS 0x0000000746000000 space 32768K,   0% used [0x0000000746000000, 0x0000000748000000)
AC   0  F    TS     0 PTAMS 0x0000000748000000 NTAMS 0x0000000748000000 space 32768K,   0% used [0x0000000748000000, 0x000000074a000000)
AC   0  F    TS     0 PTAMS 0x000000074a000000 NTAMS 0x000000074a000000 space 32768K,   0% used [0x000000074a000000, 0x000000074c000000)
AC   0  F    TS     0 PTAMS 0x000000074c000000 NTAMS 0x000000074c000000 space 32768K,   0% used [0x000000074c000000, 0x000000074e000000)
AC   0  F    TS     0 PTAMS 0x000000074e000000 NTAMS 0x000000074e000000 space 32768K,   0% used [0x000000074e000000, 0x0000000750000000)
AC   0  F    TS     0 PTAMS 0x0000000750000000 NTAMS 0x0000000750000000 space 32768K,   0% used [0x0000000750000000, 0x0000000752000000)
AC   0  F    TS     0 PTAMS 0x0000000752000000 NTAMS 0x0000000752000000 space 32768K,   0% used [0x0000000752000000, 0x0000000754000000)
AC   0  F    TS     0 PTAMS 0x0000000754000000 NTAMS 0x0000000754000000 space 32768K,   0% used [0x0000000754000000, 0x0000000756000000)
AC   0  F    TS     0 PTAMS 0x0000000756000000 NTAMS 0x0000000756000000 space 32768K,   0% used [0x0000000756000000, 0x0000000758000000)
AC   0  F    TS     0 PTAMS 0x0000000758000000 NTAMS 0x0000000758000000 space 32768K,   0% used [0x0000000758000000, 0x000000075a000000)
AC   0  F    TS     0 PTAMS 0x000000075a000000 NTAMS 0x000000075a000000 space 32768K,   0% used [0x000000075a000000, 0x000000075c000000)
AC   0  F    TS     0 PTAMS 0x000000075c000000 NTAMS 0x000000075c000000 space 32768K,   0% used [0x000000075c000000, 0x000000075e000000)
AC   0  F    TS     0 PTAMS 0x000000075e000000 NTAMS 0x000000075e000000 space 32768K,   0% used [0x000000075e000000, 0x0000000760000000)
AC   0  F    TS     0 PTAMS 0x0000000760000000 NTAMS 0x0000000760000000 space 32768K,   0% used [0x0000000760000000, 0x0000000762000000)
AC   0  F    TS     0 PTAMS 0x0000000762000000 NTAMS 0x0000000762000000 space 32768K,   0% used [0x0000000762000000, 0x0000000764000000)
AC   0  F    TS     0 PTAMS 0x0000000764000000 NTAMS 0x0000000764000000 space 32768K,   0% used [0x0000000764000000, 0x0000000766000000)
AC   0  F    TS     0 PTAMS 0x0000000766000000 NTAMS 0x0000000766000000 space 32768K,   0% used [0x0000000766000000, 0x0000000768000000)
AC   0  F    TS     0 PTAMS 0x0000000768000000 NTAMS 0x0000000768000000 space 32768K,   0% used [0x0000000768000000, 0x000000076a000000)
AC   0  F    TS     0 PTAMS 0x000000076a000000 NTAMS 0x000000076a000000 space 32768K,   0% used [0x000000076a000000, 0x000000076c000000)
AC   0  F    TS     0 PTAMS 0x000000076c000000 NTAMS 0x000000076c000000 space 32768K,   0% used [0x000000076c000000, 0x000000076e000000)
AC   0  F    TS     0 PTAMS 0x000000076e000000 NTAMS 0x000000076e000000 space 32768K,   0% used [0x000000076e000000, 0x0000000770000000)
AC   0  F    TS     0 PTAMS 0x0000000770000000 NTAMS 0x0000000770000000 space 32768K,   0% used [0x0000000770000000, 0x0000000772000000)
AC   0  F    TS     0 PTAMS 0x0000000772000000 NTAMS 0x0000000772000000 space 32768K,   0% used [0x0000000772000000, 0x0000000774000000)
AC   0  F    TS     0 PTAMS 0x0000000774000000 NTAMS 0x0000000774000000 space 32768K,   0% used [0x0000000774000000, 0x0000000776000000)
AC   0  F    TS     0 PTAMS 0x0000000776000000 NTAMS 0x0000000776000000 space 32768K,   0% used [0x0000000776000000, 0x0000000778000000)
AC   0  F    TS     0 PTAMS 0x0000000778000000 NTAMS 0x0000000778000000 space 32768K,   0% used [0x0000000778000000, 0x000000077a000000)
AC   0  F    TS     0 PTAMS 0x000000077a000000 NTAMS 0x000000077a000000 space 32768K,   0% used [0x000000077a000000, 0x000000077c000000)
AC   0  F    TS     0 PTAMS 0x000000077c000000 NTAMS 0x000000077c000000 space 32768K,   0% used [0x000000077c000000, 0x000000077e000000)
AC   0  F    TS     1 PTAMS 0x000000077e000000 NTAMS 0x000000077e000000 space 32768K,   0% used [0x000000077e000000, 0x0000000780000000)
AC   0  F    TS     3 PTAMS 0x0000000780000000 NTAMS 0x0000000780000000 space 32768K,   0% used [0x0000000780000000, 0x0000000782000000)
AC   0  F    TS     0 PTAMS 0x0000000782000000 NTAMS 0x0000000782000000 space 32768K,   0% used [0x0000000782000000, 0x0000000784000000)
AC   0  F    TS     0 PTAMS 0x0000000784000000 NTAMS 0x0000000784000000 space 32768K,   0% used [0x0000000784000000, 0x0000000786000000)
AC   0  F    TS     0 PTAMS 0x0000000786000000 NTAMS 0x0000000786000000 space 32768K,   0% used [0x0000000786000000, 0x0000000788000000)
AC   0  F    TS     3 PTAMS 0x0000000788000000 NTAMS 0x0000000788000000 space 32768K,   0% used [0x0000000788000000, 0x000000078a000000)
AC   0  F    TS     3 PTAMS 0x000000078a000000 NTAMS 0x000000078a000000 space 32768K,   0% used [0x000000078a000000, 0x000000078c000000)
AC   0  F    TS     5 PTAMS 0x000000078c000000 NTAMS 0x000000078c000000 space 32768K,   0% used [0x000000078c000000, 0x000000078e000000)
AC   0  F    TS     3 PTAMS 0x000000078e000000 NTAMS 0x000000078e000000 space 32768K,   0% used [0x000000078e000000, 0x0000000790000000)
AC   0  F    TS     3 PTAMS 0x0000000790000000 NTAMS 0x0000000790000000 space 32768K,   0% used [0x0000000790000000, 0x0000000792000000)
AC   0  F    TS     3 PTAMS 0x0000000792000000 NTAMS 0x0000000792000000 space 32768K,   0% used [0x0000000792000000, 0x0000000794000000)
AC   0  F    TS     5 PTAMS 0x0000000794000000 NTAMS 0x0000000794000000 space 32768K,   0% used [0x0000000794000000, 0x0000000796000000)
AC   0  F    TS     7 PTAMS 0x0000000796000000 NTAMS 0x0000000796000000 space 32768K,   0% used [0x0000000796000000, 0x0000000798000000)
AC   0  F    TS     5 PTAMS 0x0000000798000000 NTAMS 0x0000000798000000 space 32768K,   0% used [0x0000000798000000, 0x000000079a000000)
AC   0  F    TS     5 PTAMS 0x000000079a000000 NTAMS 0x000000079a000000 space 32768K,   0% used [0x000000079a000000, 0x000000079c000000)
AC   0  F    TS     5 PTAMS 0x000000079c000000 NTAMS 0x000000079c000000 space 32768K,   0% used [0x000000079c000000, 0x000000079e000000)
AC   0  F    TS     9 PTAMS 0x000000079e000000 NTAMS 0x000000079e000000 space 32768K,   0% used [0x000000079e000000, 0x00000007a0000000)
AC   0  F    TS     7 PTAMS 0x00000007a0000000 NTAMS 0x00000007a0000000 space 32768K,   0% used [0x00000007a0000000, 0x00000007a2000000)
AC   0  F    TS     7 PTAMS 0x00000007a2000000 NTAMS 0x00000007a2000000 space 32768K,   0% used [0x00000007a2000000, 0x00000007a4000000)
AC   0  F    TS    11 PTAMS 0x00000007a4000000 NTAMS 0x00000007a4000000 space 32768K,   0% used [0x00000007a4000000, 0x00000007a6000000)
AC   0  F    TS     9 PTAMS 0x00000007a6000000 NTAMS 0x00000007a6000000 space 32768K,   0% used [0x00000007a6000000, 0x00000007a8000000)
AC   0  F    TS    13 PTAMS 0x00000007a8000000 NTAMS 0x00000007a8000000 space 32768K,   0% used [0x00000007a8000000, 0x00000007aa000000)
AC   0  F    TS     9 PTAMS 0x00000007aa000000 NTAMS 0x00000007aa000000 space 32768K,   0% used [0x00000007aa000000, 0x00000007ac000000)
AC   0  F    TS    15 PTAMS 0x00000007ac000000 NTAMS 0x00000007ac000000 space 32768K,   0% used [0x00000007ac000000, 0x00000007ae000000)
AC   0  F    TS    11 PTAMS 0x00000007ae000000 NTAMS 0x00000007ae000000 space 32768K,   0% used [0x00000007ae000000, 0x00000007b0000000)
AC   0  F    TS    17 PTAMS 0x00000007b0000000 NTAMS 0x00000007b0000000 space 32768K,   0% used [0x00000007b0000000, 0x00000007b2000000)
AC   0  S CS TS  1535 PTAMS 0x00000007b2000000 NTAMS 0x00000007b2000000 space 32768K,  49% used [0x00000007b2000000, 0x00000007b4000000)
AC   0  F    TS  1533 PTAMS 0x00000007b4000000 NTAMS 0x00000007b4000000 space 32768K,   0% used [0x00000007b4000000, 0x00000007b6000000)
AC   0  E    TS    15 PTAMS 0x00000007b6000000 NTAMS 0x00000007b6000000 space 32768K,  89% used [0x00000007b6000000, 0x00000007b8000000)
AC   0  E CS TS    17 PTAMS 0x00000007b8000000 NTAMS 0x00000007b8000000 space 32768K, 100% used [0x00000007b8000000, 0x00000007ba000000)
AC   0  E CS TS    19 PTAMS 0x00000007ba000000 NTAMS 0x00000007ba000000 space 32768K, 100% used [0x00000007ba000000, 0x00000007bc000000)

Card table byte_map: [0x0000000015100000,0x0000000015e00000] byte_map_base: 0x0000000012000000

Marking Bits (Prev, Next): (CMBitMap*) 0x0000000002f54b48, (CMBitMap*) 0x0000000002f54ba0
 Prev Bits: [0x0000000016b00000, 0x000000001d300000)
 Next Bits: [0x000000001d300000, 0x0000000023b00000)

Polling page: 0x0000000002a00000

CodeCache: size=245760Kb used=140177Kb max_used=141014Kb free=105582Kb
 bounds [0x0000000002fe0000, 0x000000000baa0000, 0x0000000011fe0000]
 total_blobs=34375 nmethods=32567 adapters=1715
 compilation: enabled

Compilation events (10 events):
Event: 3801.857 Thread 0x00000000279dc000 54736       3       journeymap.client.render.map.TileDrawStep::lambda$updateScaledTexture$1 (41 bytes)
Event: 3801.859 Thread 0x00000000279dc000 nmethod 54736 0x00000000093fcad0 code [0x00000000093fcce0, 0x00000000093fd858]
Event: 3801.859 Thread 0x00000000279dc000 54737   !   3       journeymap.client.render.map.TileDrawStep::getScaledRegionArea (108 bytes)
Event: 3801.861 Thread 0x00000000279dc000 nmethod 54737 0x0000000009e2d290 code [0x0000000009e2d580, 0x0000000009e2ecd8]
Event: 3801.867 Thread 0x00000000279dc000 54738       3       journeymap.client.model.RegionCoord::toString (52 bytes)
Event: 3801.867 Thread 0x00000000279dc000 nmethod 54738 0x0000000009904450 code [0x0000000009904660, 0x0000000009905118]
Event: 3802.594 Thread 0x00000000279dc000 54739   !   3       java.util.concurrent.FutureTask::run (126 bytes)
Event: 3802.595 Thread 0x00000000279dc000 nmethod 54739 0x00000000059caa90 code [0x00000000059cac80, 0x00000000059cb6a8]
Event: 3802.601 Thread 0x00000000279db800 54740       4       org.apache.logging.log4j.spi.AbstractLogger::logIfEnabled (25 bytes)
Event: 3802.602 Thread 0x00000000279da800 54741       4       org.apache.logging.log4j.core.Logger::isEnabled (13 bytes)

GC Heap History (10 events):
Event: 3795.660 GC heap before
{Heap before GC invocations=3262 (full 6):
 garbage-first heap   total 6750208K, used 2583056K [0x0000000620000000, 0x0000000622000670, 0x00000007c0000000)
  region size 32768K, 4 young (131072K), 1 survivors (32768K)
 Metaspace       used 254619K, capacity 274880K, committed 275064K, reserved 1271808K
  class space    used 42282K, capacity 52314K, committed 52376K, reserved 1048576K
Event: 3795.673 GC heap after
Heap after GC invocations=3263 (full 6):
 garbage-first heap   total 6750208K, used 2490123K [0x0000000620000000, 0x0000000622000670, 0x00000007c0000000)
  region size 32768K, 1 young (32768K), 1 survivors (32768K)
 Metaspace       used 254619K, capacity 274880K, committed 275064K, reserved 1271808K
  class space    used 42282K, capacity 52314K, committed 52376K, reserved 1048576K
}
Event: 3797.557 GC heap before
{Heap before GC invocations=3263 (full 6):
 garbage-first heap   total 6750208K, used 2588427K [0x0000000620000000, 0x0000000622000670, 0x00000007c0000000)
  region size 32768K, 4 young (131072K), 1 survivors (32768K)
 Metaspace       used 254619K, capacity 274880K, committed 275064K, reserved 1271808K
  class space    used 42282K, capacity 52314K, committed 52376K, reserved 1048576K
Event: 3797.570 GC heap after
Heap after GC invocations=3264 (full 6):
 garbage-first heap   total 6750208K, used 2490126K [0x0000000620000000, 0x0000000622000670, 0x00000007c0000000)
  region size 32768K, 1 young (32768K), 1 survivors (32768K)
 Metaspace       used 254619K, capacity 274880K, committed 275064K, reserved 1271808K
  class space    used 42282K, capacity 52314K, committed 52376K, reserved 1048576K
}
Event: 3798.340 GC heap before
{Heap before GC invocations=3264 (full 6):
 garbage-first heap   total 6750208K, used 2588430K [0x0000000620000000, 0x0000000622000670, 0x00000007c0000000)
  region size 32768K, 4 young (131072K), 1 survivors (32768K)
 Metaspace       used 254619K, capacity 274880K, committed 275064K, reserved 1271808K
  class space    used 42282K, capacity 52314K, committed 52376K, reserved 1048576K
Event: 3798.352 GC heap after
Heap after GC invocations=3265 (full 6):
 garbage-first heap   total 6750208K, used 2490171K [0x0000000620000000, 0x0000000622000670, 0x00000007c0000000)
  region size 32768K, 1 young (32768K), 1 survivors (32768K)
 Metaspace       used 254619K, capacity 274880K, committed 275064K, reserved 1271808K
  class space    used 42282K, capacity 52314K, committed 52376K, reserved 1048576K
}
Event: 3800.350 GC heap before
{Heap before GC invocations=3265 (full 6):
 garbage-first heap   total 6750208K, used 2588475K [0x0000000620000000, 0x0000000622000670, 0x00000007c0000000)
  region size 32768K, 4 young (131072K), 1 survivors (32768K)
 Metaspace       used 254620K, capacity 274880K, committed 275064K, reserved 1271808K
  class space    used 42282K, capacity 52314K, committed 52376K, reserved 1048576K
Event: 3800.366 GC heap after
Heap after GC invocations=3266 (full 6):
 garbage-first heap   total 6750208K, used 2494856K [0x0000000620000000, 0x0000000622000670, 0x00000007c0000000)
  region size 32768K, 1 young (32768K), 1 survivors (32768K)
 Metaspace       used 254620K, capacity 274880K, committed 275064K, reserved 1271808K
  class space    used 42282K, capacity 52314K, committed 52376K, reserved 1048576K
}
Event: 3801.720 GC heap before
{Heap before GC invocations=3266 (full 6):
 garbage-first heap   total 6750208K, used 2593160K [0x0000000620000000, 0x0000000622000670, 0x00000007c0000000)
  region size 32768K, 4 young (131072K), 1 survivors (32768K)
 Metaspace       used 254620K, capacity 274880K, committed 275064K, reserved 1271808K
  class space    used 42282K, capacity 52314K, committed 52376K, reserved 1048576K
Event: 3801.734 GC heap after
Heap after GC invocations=3267 (full 6):
 garbage-first heap   total 6750208K, used 2491243K [0x0000000620000000, 0x0000000622000670, 0x00000007c0000000)
  region size 32768K, 1 young (32768K), 1 survivors (32768K)
 Metaspace       used 254620K, capacity 274880K, committed 275064K, reserved 1271808K
  class space    used 42282K, capacity 52314K, committed 52376K, reserved 1048576K
}

Deoptimization events (10 events):
Event: 3788.814 Thread 0x0000000002ee4000 Uncommon trap: reason=unstable_if action=reinterpret pc=0x0000000007ad4e6c method=com.vicmatskiv.mw.models.Biped.func_78087_a(FFFFFFLnet/minecraft/entity/Entity;)V @ 37
Event: 3791.886 Thread 0x0000000002ee4000 Uncommon trap: reason=class_check action=maybe_recompile pc=0x0000000009282e30 method=net.minecraft.client.renderer.entity.RenderSlime.func_77041_b(Lnet/minecraft/entity/EntityLivingBase;F)V @ 2
Event: 3791.907 Thread 0x0000000002ee4000 Uncommon trap: reason=class_check action=maybe_recompile pc=0x0000000009282e30 method=net.minecraft.client.renderer.entity.RenderSlime.func_77041_b(Lnet/minecraft/entity/EntityLivingBase;F)V @ 2
Event: 3791.938 Thread 0x0000000002ee4000 Uncommon trap: reason=class_check action=maybe_recompile pc=0x0000000009282e30 method=net.minecraft.client.renderer.entity.RenderSlime.func_77041_b(Lnet/minecraft/entity/EntityLivingBase;F)V @ 2
Event: 3791.955 Thread 0x0000000002ee4000 Uncommon trap: reason=class_check action=maybe_recompile pc=0x0000000009282e30 method=net.minecraft.client.renderer.entity.RenderSlime.func_77041_b(Lnet/minecraft/entity/EntityLivingBase;F)V @ 2
Event: 3801.914 Thread 0x000000002a1fb800 Uncommon trap: reason=unstable_if action=reinterpret pc=0x000000000950ee10 method=java.util.concurrent.FutureTask.run()V @ 66
Event: 3802.587 Thread 0x0000000002ee4000 Uncommon trap: reason=unstable_if action=reinterpret pc=0x00000000092dde08 method=journeymap.client.render.map.TileDrawStep.draw(Ljourneymap/client/render/map/TilePos;DDFIILjourneymap/client/model/GridSpec;)Z @ 756
Event: 3802.598 Thread 0x0000000002ee4000 Uncommon trap: reason=unstable_if action=reinterpret pc=0x000000000b58b650 method=pl.asie.foamfix.client.FastTextureAtlasSprite.checkGLError(Ljava/lang/String;)V @ 5
Event: 3802.598 Thread 0x0000000002ee4000 Uncommon trap: reason=unstable_if action=reinterpret pc=0x00000000079dbaa0 method=pl.asie.foamfix.client.FastTextureAtlasSprite.checkGLError(Ljava/lang/String;)V @ 5
Event: 3802.601 Thread 0x0000000002ee4000 Uncommon trap: reason=unstable_if action=reinterpret pc=0x0000000007b0c26c method=pl.asie.foamfix.client.FastTextureAtlasSprite.checkGLError(Ljava/lang/String;)V @ 5

Classes redefined (0 events):
No events

Internal exceptions (10 events):
Event: 3801.589 Thread 0x000000002cb5a800 Exception <a 'java/lang/InterruptedException': sleep interrupted> (0x00000007b60bd7b8) thrown at [C:\re\workspace\8-2-build-windows-amd64-cygwin\jdk8u211\12973\hotspot\src\share\vm\prims\jvm.cpp, line 3336]
Event: 3801.614 Thread 0x000000002cb5a800 Exception <a 'java/lang/InterruptedException': sleep interrupted> (0x00000007b66cd260) thrown at [C:\re\workspace\8-2-build-windows-amd64-cygwin\jdk8u211\12973\hotspot\src\share\vm\prims\jvm.cpp, line 3336]
Event: 3801.638 Thread 0x000000002cb5a800 Exception <a 'java/lang/InterruptedException': sleep interrupted> (0x00000007b66cd4b8) thrown at [C:\re\workspace\8-2-build-windows-amd64-cygwin\jdk8u211\12973\hotspot\src\share\vm\prims\jvm.cpp, line 3336]
Event: 3801.662 Thread 0x000000002cb5a800 Exception <a 'java/lang/InterruptedException': sleep interrupted> (0x00000007b66cd710) thrown at [C:\re\workspace\8-2-build-windows-amd64-cygwin\jdk8u211\12973\hotspot\src\share\vm\prims\jvm.cpp, line 3336]
Event: 3801.686 Thread 0x000000002cb5a800 Exception <a 'java/lang/InterruptedException': sleep interrupted> (0x00000007b66cd968) thrown at [C:\re\workspace\8-2-build-windows-amd64-cygwin\jdk8u211\12973\hotspot\src\share\vm\prims\jvm.cpp, line 3336]
Event: 3801.709 Thread 0x000000002cb5a800 Exception <a 'java/lang/InterruptedException': sleep interrupted> (0x00000007b7095198) thrown at [C:\re\workspace\8-2-build-windows-amd64-cygwin\jdk8u211\12973\hotspot\src\share\vm\prims\jvm.cpp, line 3336]
Event: 3801.748 Thread 0x000000002cb5a800 Exception <a 'java/lang/InterruptedException': sleep interrupted> (0x00000007bab9d9f8) thrown at [C:\re\workspace\8-2-build-windows-amd64-cygwin\jdk8u211\12973\hotspot\src\share\vm\prims\jvm.cpp, line 3336]
Event: 3801.778 Thread 0x000000002cb5a800 Exception <a 'java/lang/InterruptedException': sleep interrupted> (0x00000007bab9dc50) thrown at [C:\re\workspace\8-2-build-windows-amd64-cygwin\jdk8u211\12973\hotspot\src\share\vm\prims\jvm.cpp, line 3336]
Event: 3801.812 Thread 0x000000002cb5a800 Exception <a 'java/lang/InterruptedException': sleep interrupted> (0x00000007bab9dea8) thrown at [C:\re\workspace\8-2-build-windows-amd64-cygwin\jdk8u211\12973\hotspot\src\share\vm\prims\jvm.cpp, line 3336]
Event: 3801.914 Thread 0x000000002a1fb800 Exception <a 'java/lang/OutOfMemoryError'> (0x00000007b9e1bbe8) thrown at [C:\re\workspace\8-2-build-windows-amd64-cygwin\jdk8u211\12973\hotspot\src\share\vm\prims\unsafe.cpp, line 618]

Events (10 events):
Event: 3802.596 Thread 0x00000000279dc000 flushing nmethod 0x00000000031c1190
Event: 3802.598 Thread 0x0000000002ee4000 Uncommon trap: trap_request=0xffffff65 fr.pc=0x000000000b58b650
Event: 3802.598 Thread 0x0000000002ee4000 DEOPT PACKING pc=0x000000000b58b650 sp=0x0000000002c4e6f0
Event: 3802.598 Thread 0x0000000002ee4000 DEOPT UNPACKING pc=0x000000000302583b sp=0x0000000002c4e5d8 mode 2
Event: 3802.598 Thread 0x0000000002ee4000 Uncommon trap: trap_request=0xffffff65 fr.pc=0x00000000079dbaa0
Event: 3802.598 Thread 0x0000000002ee4000 DEOPT PACKING pc=0x00000000079dbaa0 sp=0x0000000002c4e600
Event: 3802.598 Thread 0x0000000002ee4000 DEOPT UNPACKING pc=0x000000000302583b sp=0x0000000002c4e5c8 mode 2
Event: 3802.601 Thread 0x0000000002ee4000 Uncommon trap: trap_request=0xffffff65 fr.pc=0x0000000007b0c26c
Event: 3802.601 Thread 0x0000000002ee4000 DEOPT PACKING pc=0x0000000007b0c26c sp=0x0000000002c4e570
Event: 3802.601 Thread 0x0000000002ee4000 DEOPT UNPACKING pc=0x000000000302583b sp=0x0000000002c4e4a8 mode 2


Dynamic libraries:
0x00007ff6ac240000 - 0x00007ff6ac277000 	C:\Program Files\Java\jre1.8.0_211\bin\javaw.exe
0x00007ffa37470000 - 0x00007ffa37632000 	C:\Windows\SYSTEM32\ntdll.dll
0x00007ffa36ff0000 - 0x00007ffa3709d000 	C:\Windows\system32\KERNEL32.DLL
0x00007ffa33f80000 - 0x00007ffa3415d000 	C:\Windows\system32\KERNELBASE.dll
0x00007ffa36a10000 - 0x00007ffa36ab6000 	C:\Windows\system32\ADVAPI32.dll
0x00007ffa36e20000 - 0x00007ffa36ebd000 	C:\Windows\system32\msvcrt.dll
0x00007ffa366b0000 - 0x00007ffa3670b000 	C:\Windows\system32\sechost.dll
0x00007ffa36ec0000 - 0x00007ffa36fe6000 	C:\Windows\system32\RPCRT4.dll
0x00007ffa36730000 - 0x00007ffa3687e000 	C:\Windows\system32\USER32.dll
0x00007ffa36880000 - 0x00007ffa36a04000 	C:\Windows\system32\GDI32.dll
0x00007ffa245f0000 - 0x00007ffa24864000 	C:\Windows\WinSxS\amd64_microsoft.windows.common-controls_6595b64144ccf1df_6.0.10240.17184_none_f41d7a705752bce6\COMCTL32.dll
0x00007ffa36670000 - 0x00007ffa366a6000 	C:\Windows\system32\IMM32.DLL
0x00007ffa34e30000 - 0x00007ffa34f8c000 	C:\Windows\system32\MSCTF.dll
0x0000000064d70000 - 0x0000000064e42000 	C:\Program Files\Java\jre1.8.0_211\bin\msvcr100.dll
0x00000000644c0000 - 0x0000000064d65000 	C:\Program Files\Java\jre1.8.0_211\bin\server\jvm.dll
0x00007ffa36da0000 - 0x00007ffa36da8000 	C:\Windows\system32\PSAPI.DLL
0x00007ffa233d0000 - 0x00007ffa233d9000 	C:\Windows\SYSTEM32\WSOCK32.dll
0x00007ffa36db0000 - 0x00007ffa36e19000 	C:\Windows\system32\WS2_32.dll
0x00007ffa36710000 - 0x00007ffa36718000 	C:\Windows\system32\NSI.dll
0x00007ffa32080000 - 0x00007ffa320a3000 	C:\Windows\SYSTEM32\WINMM.dll
0x00007ffa30cd0000 - 0x00007ffa30cda000 	C:\Windows\SYSTEM32\VERSION.dll
0x00007ffa31e70000 - 0x00007ffa31e9c000 	C:\Windows\SYSTEM32\WINMMBASE.dll
0x00007ffa33f30000 - 0x00007ffa33f74000 	C:\Windows\system32\cfgmgr32.dll
0x00007ffa32810000 - 0x00007ffa32837000 	C:\Windows\SYSTEM32\DEVOBJ.dll
0x00007ffa2ff40000 - 0x00007ffa2ff4f000 	C:\Program Files\Java\jre1.8.0_211\bin\verify.dll
0x00007ffa2ff10000 - 0x00007ffa2ff39000 	C:\Program Files\Java\jre1.8.0_211\bin\java.dll
0x00007ffa2fab0000 - 0x00007ffa2fac6000 	C:\Program Files\Java\jre1.8.0_211\bin\zip.dll
0x00007ffa34fb0000 - 0x00007ffa364d3000 	C:\Windows\system32\SHELL32.dll
0x00007ffa34160000 - 0x00007ffa34789000 	C:\Windows\system32\windows.storage.dll
0x00007ffa37180000 - 0x00007ffa373fc000 	C:\Windows\system32\combase.dll
0x00007ffa365b0000 - 0x00007ffa36601000 	C:\Windows\system32\shlwapi.dll
0x00007ffa33e90000 - 0x00007ffa33e9f000 	C:\Windows\system32\kernel.appcore.dll
0x00007ffa34840000 - 0x00007ffa348f3000 	C:\Windows\system32\shcore.dll
0x00007ffa33ee0000 - 0x00007ffa33f2a000 	C:\Windows\system32\powrprof.dll
0x00007ffa33ec0000 - 0x00007ffa33ed3000 	C:\Windows\system32\profapi.dll
0x00007ffa2fce0000 - 0x00007ffa2fced000 	C:\Program Files\Java\jre1.8.0_211\bin\management.dll
0x00007ffa2fa90000 - 0x00007ffa2faaa000 	C:\Program Files\Java\jre1.8.0_211\bin\net.dll
0x00007ffa2abf0000 - 0x00007ffa2ad87000 	C:\Windows\SYSTEM32\urlmon.dll
0x00007ffa2a5b0000 - 0x00007ffa2a92d000 	C:\Windows\SYSTEM32\iertutil.dll
0x00007ffa338d0000 - 0x00007ffa338db000 	C:\Windows\SYSTEM32\CRYPTBASE.dll
0x00007ffa33ce0000 - 0x00007ffa33d4b000 	C:\Windows\SYSTEM32\bcryptPrimitives.dll
0x00007ffa33700000 - 0x00007ffa3375d000 	C:\Windows\system32\mswsock.dll
0x00007ffa25f70000 - 0x00007ffa25f85000 	C:\Windows\system32\napinsp.dll
0x00007ffa25fa0000 - 0x00007ffa25fba000 	C:\Windows\system32\pnrpnsp.dll
0x00007ffa31ba0000 - 0x00007ffa31bb8000 	C:\Windows\system32\NLAapi.dll
0x00007ffa33500000 - 0x00007ffa335a8000 	C:\Windows\SYSTEM32\DNSAPI.dll
0x00007ffa25f90000 - 0x00007ffa25f9d000 	C:\Windows\System32\winrnr.dll
0x00007ffa25fc0000 - 0x00007ffa25fd5000 	C:\Windows\system32\wshbth.dll
0x00007ffa31ea0000 - 0x00007ffa31ed8000 	C:\Windows\SYSTEM32\IPHLPAPI.DLL
0x00007ffa31bf0000 - 0x00007ffa31bfb000 	C:\Windows\SYSTEM32\WINNSI.DLL
0x00007ffa30100000 - 0x00007ffa30168000 	C:\Windows\System32\fwpuclnt.dll
0x00007ffa339d0000 - 0x00007ffa339f8000 	C:\Windows\SYSTEM32\bcrypt.dll
0x00007ffa2c4a0000 - 0x00007ffa2c4aa000 	C:\Windows\System32\rasadhlp.dll
0x00007ffa2f820000 - 0x00007ffa2f832000 	C:\Program Files\Java\jre1.8.0_211\bin\nio.dll
0x00007ffa2de20000 - 0x00007ffa2de44000 	C:\Program Files\Java\jre1.8.0_211\bin\sunec.dll
0x00007ffa33760000 - 0x00007ffa33777000 	C:\Windows\SYSTEM32\CRYPTSP.dll
0x00007ffa333b0000 - 0x00007ffa333e3000 	C:\Windows\system32\rsaenh.dll
0x00007ffa334a0000 - 0x00007ffa334bf000 	C:\Windows\SYSTEM32\USERENV.dll
0x00007ffa30c40000 - 0x00007ffa30c56000 	C:\Windows\SYSTEM32\dhcpcsvc6.DLL
0x00007ffa30c20000 - 0x00007ffa30c3a000 	C:\Windows\SYSTEM32\dhcpcsvc.DLL
0x00007ffa2f930000 - 0x00007ffa2f947000 	C:\Program Files\Java\jre1.8.0_211\bin\unpack.dll
0x0000000002c80000 - 0x0000000002cd3000 	C:\Users\User\AppData\Roaming\.minecraft\versions\ForgeOptiFine 1.12.2\natives\lwjgl64.dll
0x00007ffa20410000 - 0x00007ffa20538000 	C:\Windows\SYSTEM32\OPENGL32.dll
0x00007ffa25f40000 - 0x00007ffa25f6e000 	C:\Windows\SYSTEM32\GLU32.dll
0x00007ffa1eee0000 - 0x00007ffa1efd6000 	C:\Windows\SYSTEM32\DDRAW.dll
0x00007ffa2fee0000 - 0x00007ffa2fee8000 	C:\Windows\SYSTEM32\DCIMAN32.dll
0x00007ffa188d0000 - 0x00007ffa18a69000 	C:\Program Files\Java\jre1.8.0_211\bin\awt.dll
0x00007ffa364e0000 - 0x00007ffa365a2000 	C:\Windows\system32\OLEAUT32.dll
0x00007ffa32520000 - 0x00007ffa32598000 	C:\Windows\system32\apphelp.dll
0x00007ffa32770000 - 0x00007ffa32806000 	C:\Windows\system32\uxtheme.dll
0x00007ffa31500000 - 0x00007ffa31522000 	C:\Windows\system32\dwmapi.dll
0x00007ffa19030000 - 0x00007ffa19058000 	C:\Windows\SYSTEM32\atig6pxx.dll
0x00007ff9e9e00000 - 0x00007ff9ece93000 	C:\Windows\SYSTEM32\atio6axx.dll
0x00007ffa36bd0000 - 0x00007ffa36d95000 	C:\Windows\system32\SETUPAPI.dll
0x00007ffa34ce0000 - 0x00007ffa34e21000 	C:\Windows\system32\ole32.dll
0x00007ffa23eb0000 - 0x00007ffa23ed3000 	C:\Windows\SYSTEM32\dxva2.dll
0x00007ffa17f20000 - 0x00007ffa17f5a000 	C:\Windows\SYSTEM32\atig6txx.dll
0x00007ffa09740000 - 0x00007ffa098ea000 	C:\Windows\SYSTEM32\atiadlxx.dll
0x00007ffa312d0000 - 0x00007ffa31453000 	C:\Windows\SYSTEM32\PROPSYS.dll
0x00007ffa34ad0000 - 0x00007ffa34b24000 	C:\Windows\system32\WINTRUST.dll
0x00007ffa33ea0000 - 0x00007ffa33eb1000 	C:\Windows\system32\MSASN1.dll
0x00007ffa34900000 - 0x00007ffa34ac1000 	C:\Windows\system32\CRYPT32.dll
0x00007ffa2de50000 - 0x00007ffa2dee1000 	C:\Windows\SYSTEM32\mscms.dll
0x00007ffa28300000 - 0x00007ffa28342000 	C:\Windows\SYSTEM32\icm32.dll
0x00007ffa282b0000 - 0x00007ffa282f2000 	C:\Users\User\AppData\Local\Temp\jna-2645995\jna7248317532852401653.dll
0x00007ffa2e1c0000 - 0x00007ffa2e1cb000 	C:\Program Files\Java\jre1.8.0_211\bin\sunmscapi.dll
0x00007ffa23760000 - 0x00007ffa237a9000 	C:\Program Files\Java\jre1.8.0_211\bin\fontmanager.dll
0x00007ffa36b20000 - 0x00007ffa36bc5000 	C:\Windows\system32\clbcatq.dll
0x00007ffa23710000 - 0x00007ffa23752000 	C:\Program Files\Java\jre1.8.0_211\bin\t2k.dll
0x000000002ff80000 - 0x000000002ffe4000 	C:\Users\User\AppData\Roaming\.minecraft\versions\ForgeOptiFine 1.12.2\natives\OpenAL64.dll
0x00007ffa30170000 - 0x00007ffa301e2000 	C:\Windows\System32\MMDevApi.dll
0x00007ffa28450000 - 0x00007ffa284ec000 	C:\Windows\SYSTEM32\dsound.dll
0x00007ffa1a070000 - 0x00007ffa1a0f5000 	C:\Windows\SYSTEM32\AUDIOSES.DLL
0x00007ffa2d3e0000 - 0x00007ffa2d511000 	C:\Windows\SYSTEM32\wintypes.dll
0x00007ffa2dc50000 - 0x00007ffa2dc81000 	C:\Program Files\Java\jre1.8.0_211\bin\jpeg.dll
0x00007ffa2f910000 - 0x00007ffa2f92a000 	C:\Users\User\AppData\Roaming\.minecraft\versions\ForgeOptiFine 1.12.2\natives\SAPIWrapper_x64.dll
0x00007ffa1e600000 - 0x00007ffa1e810000 	C:\Windows\system32\d3d9.dll
0x00007ffa30a40000 - 0x00007ffa30c20000 	C:\Windows\SYSTEM32\aticfx64.dll
0x00007ffa0a400000 - 0x00007ffa0a431000 	C:\Windows\SYSTEM32\atiu9p64.dll
0x00007ffa00ad0000 - 0x00007ffa017ac000 	C:\Windows\SYSTEM32\atiumd64.dll
0x00007ffa18e80000 - 0x00007ffa1900a000 	C:\Windows\SYSTEM32\dbghelp.dll
0x00007ffa245c0000 - 0x00007ffa245e5000 	C:\Windows\SYSTEM32\dbgcore.DLL
0x00000000f2200000 - 0x00000000f2f99000 	C:\Windows\SYSTEM32\atiumd6a.dll
0x00007ffa32620000 - 0x00007ffa3264b000 	C:\Windows\SYSTEM32\amdihk64.dll

VM Arguments:
jvm_args: -Djava.net.preferIPv4Stack=true -Dos.name=Windows 10 -Dos.version=10.0 -Xmn128M -Xmx6652M -Djava.library.path=C:\Users\User\AppData\Roaming\.minecraft\versions\ForgeOptiFine 1.12.2\natives -Dminecraft.applet.TargetDirectory=C:\Users\User\AppData\Roaming\.minecraft -XX:+UnlockExperimentalVMOptions -XX:+UseG1GC -XX:G1NewSizePercent=20 -XX:G1ReservePercent=20 -XX:MaxGCPauseMillis=50 -XX:G1HeapRegionSize=32M -Dfml.ignoreInvalidMinecraftCertificates=true -Dfml.ignorePatchDiscrepancies=true 
java_command: net.minecraft.launchwrapper.Launch --username Veigar --version ForgeOptiFine 1.12.2 --gameDir C:\Users\User\AppData\Roaming\.minecraft --assetsDir C:\Users\User\AppData\Roaming\.minecraft\assets --assetIndex 1.12 --uuid 00000000-0000-0000-0000-000000000000 --accessToken null --userProperties [] --userType legacy --tweakClass net.minecraftforge.fml.common.launcher.FMLTweaker --versionType Forge --width 925 --height 530
java_class_path (initial): C:\Users\User\AppData\Roaming\.minecraft\libraries\net\minecraftforge\forge\1.12.2-14.23.5.2847\forge-1.12.2-14.23.5.2847.jar;C:\Users\User\AppData\Roaming\.minecraft\libraries\net\minecraft\launchwrapper\1.12\launchwrapper-1.12.jar;C:\Users\User\AppData\Roaming\.minecraft\libraries\org\ow2\asm\asm-all\5.2\asm-all-5.2.jar;C:\Users\User\AppData\Roaming\.minecraft\libraries\jline\jline\3.5.1\jline-3.5.1.jar;C:\Users\User\AppData\Roaming\.minecraft\libraries\com\typesafe\akka\akka-actor_2.11\2.3.3\akka-actor_2.11-2.3.3.jar;C:\Users\User\AppData\Roaming\.minecraft\libraries\com\typesafe\config\1.2.1\config-1.2.1.jar;C:\Users\User\AppData\Roaming\.minecraft\libraries\org\scala-lang\scala-actors-migration_2.11\1.1.0\scala-actors-migration_2.11-1.1.0.jar;C:\Users\User\AppData\Roaming\.minecraft\libraries\org\scala-lang\scala-compiler\2.11.1\scala-compiler-2.11.1.jar;C:\Users\User\AppData\Roaming\.minecraft\libraries\org\scala-lang\plugins\scala-continuations-library_2.11\1.0.2\scala-continuations-library_2.11-1.0.2.jar;C:\Users\User\AppData\Roaming\.minecraft\libraries\org\scala-lang\plugins\scala-continuations-plugin_2.11.1\1.0.2\scala-continuations-plugin_2.11.1-1.0.2.jar;C:\Users\User\AppData\Roaming\.minecraft\libraries\org\scala-lang\scala-library\2.11.1\scala-library-2.11.1.jar;C:\Users\User\AppData\Roaming\.minecraft\libraries\org\scala-lang\scala-parser-combinators_2.11\1.0.1\scala-parser-combinators_2.11-1.0.1.jar;C:\Users\User\AppData\Roaming\.minecraft\libraries\org\scala-lang\scala-reflect\2.11.1\scala-reflect-2.11.1.jar;C:\Users\User\AppData\Roaming\.minecraft\libraries\org\scala-lang\scala-swing_2.11\1.0.1\scala-swing_2.11-1.0.1.jar;C:\Users\User\AppData\Roaming\.minecraft\libraries\org\scala-lang\scala-xml_2.11\1.0.2\scala-xml_2.11-1.0.2.jar;C:\Users\User\AppData\Roaming\.minecraft\libraries\lzma\lzma\0.0.1\lzma-0.0.1.jar;C:\Users\User\AppData\Roaming\.minecraft\libraries\net\sf\jopt-simple\jopt-simple\5.0.3\jopt-simple-5.0.3.jar
Launcher Type: SUN_STANDARD

Environment Variables:
PATH=C:\Program Files (x86)\NVIDIA Corporation\PhysX\Common;C:\Program Files (x86)\Common Files\Oracle\Java\javapath;C:\Windows\system32;C:\Windows;C:\Windows\System32\Wbem;C:\Windows\System32\WindowsPowerShell\v1.0\;C:\Program Files\Java\jre1.8.0_211\bin
USERNAME=User
OS=Windows_NT
PROCESSOR_IDENTIFIER=AMD64 Family 21 Model 2 Stepping 0, AuthenticAMD



---------------  S Y S T E M  ---------------

OS: Windows 10.0 , 64 bit Build 10240 (10.0.10240.17113)

CPU:total 6 (initial active 6) (6 cores per cpu, 1 threads per core) family 21 model 2 stepping 0, cmov, cx8, fxsr, mmx, sse, sse2, sse3, ssse3, sse4.1, sse4.2, popcnt, avx, aes, clmul, mmxext, 3dnowpref, lzcnt, sse4a, tsc, tscinvbit, tscinv, bmi1

Memory: 4k page, physical 8386100k(2081324k free), swap 16774708k(13748k free)

vm_info: Java HotSpot(TM) 64-Bit Server VM (25.211-b12) for windows-amd64 JRE (1.8.0_211-b12), built on Apr  1 2019 20:53:26 by "java_re" with MS VC++ 10.0 (VS2010)

time: Fri Dec 06 16:11:15 2019
timezone: RTZ 2 ()
elapsed time: 3802 seconds (0d 1h 3m 22s)

