2019-12-05 17:56:39,475 main 
2019-12-05 17:56:39,476 main -------------------------------------------------------------------
2019-12-05 17:56:41,750 main [Downloader2] Loaded configuration: normal
2019-12-05 17:56:42,211 main [TLAUNCHER][STATIC] initialize inner config
2019-12-05 17:56:42,214 MD#1 [Downloader2] Files in queue 14
2019-12-05 17:56:42,215 MD#1 [Downloader2] Starting download 14 files...
2019-12-05 17:56:42,793 DT#2#3 [D#2] >  http://central.maven.org/maven2/javax/inject/javax.inject/1/javax.inject-1.jar 
2019-12-05 17:56:42,794 DT#1#2 [D#1] >  http://repo.tlauncher.org/update/downloads/libraries/com/google/inject/guice/4.1.0/guice-4.1.0.jar 
2019-12-05 17:56:43,105 DT#2#3 [D#2] >  http://central.maven.org/maven2/aopalliance/aopalliance/1.0/aopalliance-1.0.jar 
2019-12-05 17:56:43,180 DT#2#3 [D#2] >  http://repo.tlauncher.org/update/downloads/libraries/net/sf/jopt-simple/jopt-simple/4.9/jopt-simple-4.9.jar 
2019-12-05 17:56:43,516 DT#2#3 [D#2] >  http://repo.tlauncher.org/update/downloads/libraries/log4j/log4j/1.2.17/log4j-1.2.17.jar 
2019-12-05 17:56:44,518 DT#1#2 [D#1] >  http://central.maven.org/maven2/com/google/inject/extensions/guice-assistedinject/4.1.0/guice-assistedinject-4.1.0.jar 
2019-12-05 17:56:44,630 DT#2#3 [D#2] >  https://securerepository.net/update/downloads/libraries/org/tlauncher/tlauncher-resource/1.4/tlauncher-resource-1.4.jar 
2019-12-05 17:56:44,656 DT#1#2 [D#1] >  http://repo.tlauncher.org/update/downloads/libraries/com/google/guava/guava/19.0/guava-19.0.jar 
2019-12-05 17:56:46,784 DT#2#3 [D#2] >  https://securerepository.net/update/downloads/libraries/com/github/junrar/junrar/0.7/junrar-0.7.jar 
2019-12-05 17:56:47,041 DT#2#3 [D#2] >  http://central.maven.org/maven2/dnsjava/dnsjava/2.1.8/dnsjava-2.1.8.jar 
2019-12-05 17:56:49,806 DT#1#2 [D#1] >  https://securerepository.net/update/downloads/libraries/org/apache/commons/commons-lang3/3.4/commons-lang3-3.4.jar 
2019-12-05 17:56:50,199 DT#1#2 [D#1] >  http://repo.tlauncher.org/update/downloads/libraries/org/tukaani/xz/1.5/xz-1.5.jar 
2019-12-05 17:56:50,508 DT#1#2 [D#1] >  https://securerepository.net/update/downloads/libraries/org/tlauncher/picture-bundle/2.8/picture-bundle-2.8.jar 
2019-12-05 17:56:51,790 DT#1#2 [D#1] >  http://repo.tlauncher.org/update/downloads/libraries/org/tlauncher/skin-server-API/1.0/skin-server-API-1.0.jar 
2019-12-05 17:56:51,873 main [Bootstrapper] createLauncher
2019-12-05 17:56:51,874 main path C:\Program Files\Java\jre1.8.0_211
2019-12-05 17:56:51,874 main [Bootstrapper] choose jvm:C:\Program Files\Java\jre1.8.0_211\bin\javaw.exe
2019-12-05 17:56:51,877 main [Bootstrapper] validate files
2019-12-05 17:56:51,877 main [Bootstrapper] end validated files
2019-12-05 17:56:51,878 main [Bootstrapper] Starting launcher...
2019-12-05 17:56:52,165 Thread-3 > [TLAUNCHER][STATIC] initialize inner config
2019-12-05 17:56:52,227 Thread-3 > [Loading] INITIALIZING
2019-12-05 17:56:54,855 Thread-3 > Starting TLauncher 2.67 RELEASE
2019-12-05 17:56:54,856 Thread-3 > For more information, visit https://tlauncher.org/
2019-12-05 17:56:54,856 Thread-3 > Startup time: 05.12.2019 17:56:54
2019-12-05 17:56:54,857 Thread-3 > ---
2019-12-05 17:56:55,059 Thread-3 > [Loading] LOADING_CONFIGURATION
2019-12-05 17:56:55,060 Thread-3 > Loading configuration from file: C:\Users\User\AppData\Roaming\.tlauncher\tlauncher-2.0.properties
2019-12-05 17:56:55,070 Thread-3 > [Configuration] Constant values: {}
2019-12-05 17:56:55,102 Thread-3 > Machine info: -------------------------------------------------------
2019-12-05 17:56:55,102 Thread-3 > Windows 10 10.0, Java 1.8.0_211, jvm bit x64, 8189 MB RAM
2019-12-05 17:56:55,103 Thread-3 > java path=C:\Program Files\Java\jre1.8.0_211\bin\javaw.exe
2019-12-05 17:56:55,103 Thread-3 > AMD FX(tm)-6300 Six-Core Processor
2019-12-05 17:56:55,104 Thread-3 >  Radeon RX 560 Series, AMD Radeon Graphics Processor (0x67FF), 7878 MB
2019-12-05 17:56:55,104 Thread-3 > -------------------------------------------------------
2019-12-05 17:56:55,105 Thread-3 > Selected locale: ru_RU
2019-12-05 17:56:55,157 Thread-3 > [Loading] LOADING_CONSOLE
2019-12-05 17:56:55,365 Thread-3 > [Swing] Favicons loaded: 256px, 128px, 96px, 64px, 48px, 32px, 24px, 16px
2019-12-05 17:56:55,593 Thread-3 > 
2019-12-05 17:56:55,990 Thread-3 > [Downloader2] Loaded configuration: good
2019-12-05 17:56:56,125 Thread-3 > [Updater] Requesting an update...
2019-12-05 17:56:56,127 Thread-3 > [Updater] Requesting from: http://repo.tlauncher.org/update/lch/update_2.0.json
2019-12-05 17:56:56,128 Thread-3 > [Updater] Making request: http://repo.tlauncher.org/update/lch/update_2.0.json?version=2.67&client=e92f19cb-8a88-4aab-ba18-6037bdf72a48
2019-12-05 17:56:56,291 Thread-3 > [Updater] Request time: 163 ms
2019-12-05 17:56:56,291 Thread-3 > [Updater] Successfully requested from: http://repo.tlauncher.org/update/lch/update_2.0.json
2019-12-05 17:56:56,786 Thread-3 > [Browser] Loading resources...
2019-12-05 17:56:56,889 Thread-3 > [Browser] Loading background...
2019-12-05 17:56:56,946 Thread-3 > [Browser] Cleaning up after loading:
2019-12-05 17:56:56,949 Thread-3 > Starting garbage collector: 20 / 109 MB
2019-12-05 17:56:57,039 Thread-3 > Garbage collector completed: 15 / 151 MB
2019-12-05 17:56:57,041 Thread-3 > [Loading] LOADING_MANAGERS
2019-12-05 17:56:57,051 Thread-3 > [LocalVersionList] Base directory: C:\Users\User\AppData\Roaming\.minecraft
2019-12-05 17:56:59,210 Thread-3 > [ProfileManager] Refreshing profiles from: C:\Users\User\AppData\Roaming\.minecraft\TlauncherProfiles.json
2019-12-05 17:56:59,221 Thread-3 > [AdvertisingStatusObserver]  started to get ad information
2019-12-05 17:56:59,222 Thread-3 > [GsonUtil]  request to http://repo.tlauncher.org/update/downloads/libraries/org/tlauncher/authlib/libraries-1.5.json
2019-12-05 17:56:59,222 Thread-3 > [AdvertisingStatusObserver]  finished to get add information
2019-12-05 17:56:59,226 Thread-3 > [Loading] LOADING_WINDOW
2019-12-05 17:56:59,293 Thread-3 > [Loading] PREPARING_MAINPANE
2019-12-05 17:56:59,586 Thread-3 > [REPO][SERVER_LIST_REPO] Success: Reached the repo in 360 ms.
2019-12-05 17:56:59,896 Thread-3 > [JFXStartPageLoader]  start load page: http://page.tlauncher.org/update/downloads/configs/client/index.html
2019-12-05 17:56:59,903 Thread-3 > [Browser] Running in JavaFX Thread
2019-12-05 17:56:59,905 Thread-3 > [Browser] Preparing JavaFX...
2019-12-05 17:57:00,034 Thread-3 > [Browser] Initializing...
2019-12-05 17:57:00,299 Thread-3 > [Downloader2] Loaded configuration: good
2019-12-05 17:57:00,878 Thread-3 > [JFXStartPageLoader]  succeeded load page: http://page.tlauncher.org/update/downloads/configs/client/index.html during 0
2019-12-05 17:57:00,879 Thread-3 > [Browser@2056645022] Loaded successfully: "http://page.tlauncher.org/update/downloads/configs/client/index.html"
2019-12-05 17:57:00,998 Thread-3 > [Browser] add listens into server_choose
2019-12-05 17:57:00,999 Thread-3 > [Browser] finished listens into server_choose
2019-12-05 17:57:01,720 Thread-3 > [Loading] POSTINIT_GUI
2019-12-05 17:57:01,720 Thread-3 > [Frame] Packing main frame...
2019-12-05 17:57:01,792 Thread-3 > [Frame] Resizing main pane...
2019-12-05 17:57:01,793 Thread-3 > Updater is already closed. Showing up...
2019-12-05 17:57:01,794 Thread-3 > Visibility set.
2019-12-05 17:57:01,796 Thread-3 > [Loading] REFRESHING_INFO
2019-12-05 17:57:01,798 Thread-3 > [VersionManager] Refreshing versions remotely...
2019-12-05 17:57:01,799 Thread-3 > [REPO][EXTRA_VERSION_REPO] Attempt #1; timeout: 45000 ms; url: http://repo.tlauncher.org/update/downloads/versions/new3/
2019-12-05 17:57:01,801 Thread-3 > Started! (6741 ms.)
2019-12-05 17:57:01,801 Thread-3 > [Loading] SUCCESS
2019-12-05 17:57:01,802 Thread-3 [Bootstrapper] I can be terminated now: 0
