2019-12-07 16:03:25,072 main 
2019-12-07 16:03:25,074 main -------------------------------------------------------------------
2019-12-07 16:03:27,217 main [Downloader2] Loaded configuration: normal
2019-12-07 16:03:28,001 main [Bootstrapper] createLauncher
2019-12-07 16:03:28,002 main path C:\Program Files\Java\jre1.8.0_211
2019-12-07 16:03:28,002 main [Bootstrapper] choose jvm:C:\Program Files\Java\jre1.8.0_211\bin\javaw.exe
2019-12-07 16:03:28,005 main [Bootstrapper] validate files
2019-12-07 16:03:28,006 main [Bootstrapper] end validated files
2019-12-07 16:03:28,006 main [Bootstrapper] Starting launcher...
2019-12-07 16:03:28,294 Thread-2 > [TLAUNCHER][STATIC] initialize inner config
2019-12-07 16:03:28,329 Thread-2 > [Loading] INITIALIZING
2019-12-07 16:03:30,783 Thread-2 > Starting TLauncher 2.67 RELEASE
2019-12-07 16:03:30,783 Thread-2 > For more information, visit https://tlauncher.org/
2019-12-07 16:03:30,784 Thread-2 > Startup time: 07.12.2019 16:03:30
2019-12-07 16:03:30,784 Thread-2 > ---
2019-12-07 16:03:30,986 Thread-2 > [Loading] LOADING_CONFIGURATION
2019-12-07 16:03:30,987 Thread-2 > Loading configuration from file: C:\Users\User\AppData\Roaming\.tlauncher\tlauncher-2.0.properties
2019-12-07 16:03:30,996 Thread-2 > [Configuration] Constant values: {}
2019-12-07 16:03:31,029 Thread-2 > Machine info: -------------------------------------------------------
2019-12-07 16:03:31,029 Thread-2 > Windows 10 10.0, Java 1.8.0_211, jvm bit x64, 8189 MB RAM
2019-12-07 16:03:31,030 Thread-2 > java path=C:\Program Files\Java\jre1.8.0_211\bin\javaw.exe
2019-12-07 16:03:31,030 Thread-2 > AMD FX(tm)-6300 Six-Core Processor
2019-12-07 16:03:31,031 Thread-2 >  Radeon RX 560 Series, AMD Radeon Graphics Processor (0x67FF), 7878 MB
2019-12-07 16:03:31,031 Thread-2 > -------------------------------------------------------
2019-12-07 16:03:31,032 Thread-2 > Selected locale: ru_RU
2019-12-07 16:03:31,087 Thread-2 > [Loading] LOADING_CONSOLE
2019-12-07 16:03:31,298 Thread-2 > [Swing] Favicons loaded: 256px, 128px, 96px, 64px, 48px, 32px, 24px, 16px
2019-12-07 16:03:31,531 Thread-2 > 
2019-12-07 16:03:32,041 Thread-2 > [Downloader2] Loaded configuration: good
2019-12-07 16:03:32,176 Thread-2 > [Updater] Requesting an update...
2019-12-07 16:03:32,181 Thread-2 > [Updater] Requesting from: http://repo.tlauncher.org/update/lch/update_2.0.json
2019-12-07 16:03:32,182 Thread-2 > [Updater] Making request: http://repo.tlauncher.org/update/lch/update_2.0.json?version=2.67&client=e92f19cb-8a88-4aab-ba18-6037bdf72a48
2019-12-07 16:03:32,343 Thread-2 > [Updater] Request time: 163 ms
2019-12-07 16:03:32,344 Thread-2 > [Updater] Successfully requested from: http://repo.tlauncher.org/update/lch/update_2.0.json
2019-12-07 16:03:32,782 Thread-2 > [Browser] Loading resources...
2019-12-07 16:03:32,948 Thread-2 > [Browser] Loading background...
2019-12-07 16:03:33,003 Thread-2 > [Browser] Cleaning up after loading:
2019-12-07 16:03:33,006 Thread-2 > Starting garbage collector: 19 / 109 MB
2019-12-07 16:03:33,088 Thread-2 > Garbage collector completed: 15 / 150 MB
2019-12-07 16:03:33,090 Thread-2 > [Loading] LOADING_MANAGERS
2019-12-07 16:03:33,097 Thread-2 > [LocalVersionList] Base directory: E:\.minecraft
2019-12-07 16:03:34,990 Thread-2 > [ProfileManager] Refreshing profiles from: E:\.minecraft\TlauncherProfiles.json
2019-12-07 16:03:34,995 Thread-2 > [AdvertisingStatusObserver]  started to get ad information
2019-12-07 16:03:34,996 Thread-2 > [GsonUtil]  request to http://repo.tlauncher.org/update/downloads/libraries/org/tlauncher/authlib/libraries-1.5.json
2019-12-07 16:03:35,358 Thread-2 > [AdvertisingStatusObserver]  finished to get add information
2019-12-07 16:03:35,364 Thread-2 > [Loading] LOADING_WINDOW
2019-12-07 16:03:35,431 Thread-2 > [REPO][SERVER_LIST_REPO] Success: Reached the repo in 68 ms.
2019-12-07 16:03:35,477 Thread-2 > [Loading] PREPARING_MAINPANE
2019-12-07 16:03:35,549 Thread-2 > [JFXStartPageLoader]  start load page: http://page.tlauncher.org/update/downloads/configs/client/index.html
2019-12-07 16:03:35,554 Thread-2 > [Browser] Running in JavaFX Thread
2019-12-07 16:03:35,555 Thread-2 > [Browser] Preparing JavaFX...
2019-12-07 16:03:35,653 Thread-2 > [Browser] Initializing...
2019-12-07 16:03:36,627 Thread-2 > [Downloader2] Loaded configuration: good
2019-12-07 16:03:37,115 Thread-2 > [JFXStartPageLoader]  succeeded load page: http://page.tlauncher.org/update/downloads/configs/client/index.html during 1
2019-12-07 16:03:37,116 Thread-2 > [Browser@953183013] Loaded successfully: "http://page.tlauncher.org/update/downloads/configs/client/index.html"
2019-12-07 16:03:37,248 Thread-2 > [Browser] add listens into server_choose
2019-12-07 16:03:37,249 Thread-2 > [Browser] finished listens into server_choose
2019-12-07 16:03:38,038 Thread-2 > [Loading] POSTINIT_GUI
2019-12-07 16:03:38,039 Thread-2 > [Frame] Packing main frame...
2019-12-07 16:03:38,115 Thread-2 > [Frame] Resizing main pane...
2019-12-07 16:03:38,116 Thread-2 > Updater is already closed. Showing up...
2019-12-07 16:03:38,116 Thread-2 > Visibility set.
2019-12-07 16:03:38,118 Thread-2 > [Loading] REFRESHING_INFO
2019-12-07 16:03:38,120 Thread-2 > [VersionManager] Refreshing versions remotely...
2019-12-07 16:03:38,121 Thread-2 > [REPO][EXTRA_VERSION_REPO] Attempt #1; timeout: 45000 ms; url: http://repo.tlauncher.org/update/downloads/versions/new3/
2019-12-07 16:03:38,122 Thread-2 > Started! (7136 ms.)
2019-12-07 16:03:38,123 Thread-2 > [Loading] SUCCESS
2019-12-07 16:03:38,123 Thread-2 [Bootstrapper] I can be terminated now: 0
