2019-12-08 15:26:00,695 main 
2019-12-08 15:26:00,696 main -------------------------------------------------------------------
2019-12-08 15:26:02,830 main [Downloader2] Loaded configuration: normal
2019-12-08 15:26:04,071 main [Bootstrapper] createLauncher
2019-12-08 15:26:04,072 main path C:\Program Files\Java\jre1.8.0_211
2019-12-08 15:26:04,073 main [Bootstrapper] choose jvm:C:\Program Files\Java\jre1.8.0_211\bin\javaw.exe
2019-12-08 15:26:04,076 main [Bootstrapper] validate files
2019-12-08 15:26:04,077 main [Bootstrapper] end validated files
2019-12-08 15:26:04,077 main [Bootstrapper] Starting launcher...
2019-12-08 15:26:04,369 Thread-2 > [TLAUNCHER][STATIC] initialize inner config
2019-12-08 15:26:04,418 Thread-2 > [Loading] INITIALIZING
2019-12-08 15:26:07,130 Thread-2 > Starting TLauncher 2.67 RELEASE
2019-12-08 15:26:07,131 Thread-2 > For more information, visit https://tlauncher.org/
2019-12-08 15:26:07,131 Thread-2 > Startup time: 08.12.2019 15:26:07
2019-12-08 15:26:07,132 Thread-2 > ---
2019-12-08 15:26:07,406 Thread-2 > [Loading] LOADING_CONFIGURATION
2019-12-08 15:26:07,409 Thread-2 > Loading configuration from file: C:\Users\User\AppData\Roaming\.tlauncher\tlauncher-2.0.properties
2019-12-08 15:26:07,422 Thread-2 > [Configuration] Constant values: {}
2019-12-08 15:26:07,467 Thread-2 > Machine info: -------------------------------------------------------
2019-12-08 15:26:07,468 Thread-2 > Windows 10 10.0, Java 1.8.0_211, jvm bit x64, 8189 MB RAM
2019-12-08 15:26:07,468 Thread-2 > java path=C:\Program Files\Java\jre1.8.0_211\bin\javaw.exe
2019-12-08 15:26:07,469 Thread-2 > AMD FX(tm)-6300 Six-Core Processor
2019-12-08 15:26:07,469 Thread-2 >  Radeon RX 560 Series, AMD Radeon Graphics Processor (0x67FF), 7878 MB
2019-12-08 15:26:07,470 Thread-2 > -------------------------------------------------------
2019-12-08 15:26:07,470 Thread-2 > Selected locale: ru_RU
2019-12-08 15:26:07,537 Thread-2 > [Loading] LOADING_CONSOLE
2019-12-08 15:26:07,776 Thread-2 > [Swing] Favicons loaded: 256px, 128px, 96px, 64px, 48px, 32px, 24px, 16px
2019-12-08 15:26:08,001 Thread-2 > 
2019-12-08 15:26:08,506 Thread-2 > [Downloader2] Loaded configuration: good
2019-12-08 15:26:08,656 Thread-2 > [Updater] Requesting an update...
2019-12-08 15:26:08,660 Thread-2 > [Updater] Requesting from: http://repo.tlauncher.org/update/lch/update_2.0.json
2019-12-08 15:26:08,661 Thread-2 > [Updater] Making request: http://repo.tlauncher.org/update/lch/update_2.0.json?version=2.67&client=e92f19cb-8a88-4aab-ba18-6037bdf72a48
2019-12-08 15:26:08,813 Thread-2 > [Updater] Request time: 152 ms
2019-12-08 15:26:08,814 Thread-2 > [Updater] Successfully requested from: http://repo.tlauncher.org/update/lch/update_2.0.json
2019-12-08 15:26:09,264 Thread-2 > [Browser] Loading resources...
2019-12-08 15:26:09,439 Thread-2 > [Browser] Loading background...
2019-12-08 15:26:09,495 Thread-2 > [Browser] Cleaning up after loading:
2019-12-08 15:26:09,496 Thread-2 > Starting garbage collector: 20 / 108 MB
2019-12-08 15:26:09,583 Thread-2 > Garbage collector completed: 15 / 148 MB
2019-12-08 15:26:09,586 Thread-2 > [Loading] LOADING_MANAGERS
2019-12-08 15:26:09,595 Thread-2 > [LocalVersionList] Base directory: E:\.minecraft
2019-12-08 15:26:11,409 Thread-2 > [ProfileManager] Refreshing profiles from: E:\.minecraft\TlauncherProfiles.json
2019-12-08 15:26:11,414 Thread-2 > [AdvertisingStatusObserver]  started to get ad information
2019-12-08 15:26:11,415 Thread-2 > [GsonUtil]  request to http://repo.tlauncher.org/update/downloads/libraries/org/tlauncher/authlib/libraries-1.5.json
2019-12-08 15:26:11,772 Thread-2 > [JFXStartPageLoader]  start load page: http://page.tlauncher.org/update/downloads/configs/client/index.html
2019-12-08 15:26:11,784 Thread-2 > [Browser] Running in JavaFX Thread
2019-12-08 15:26:11,784 Thread-2 > [Browser] Preparing JavaFX...
2019-12-08 15:26:11,793 Thread-2 > [AdvertisingStatusObserver]  finished to get add information
2019-12-08 15:26:11,798 Thread-2 > [Loading] LOADING_WINDOW
2019-12-08 15:26:11,877 Thread-2 > [REPO][SERVER_LIST_REPO] Success: Reached the repo in 69 ms.
2019-12-08 15:26:11,895 Thread-2 > [Browser] Initializing...
2019-12-08 15:26:11,950 Thread-2 > [Loading] PREPARING_MAINPANE
2019-12-08 15:26:12,510 Thread-2 > [Downloader2] Loaded configuration: good
2019-12-08 15:26:13,233 Thread-2 > [JFXStartPageLoader]  succeeded load page: http://page.tlauncher.org/update/downloads/configs/client/index.html during 1
2019-12-08 15:26:13,234 Thread-2 > [Browser@449761027] Loaded successfully: "http://page.tlauncher.org/update/downloads/configs/client/index.html"
2019-12-08 15:26:13,351 Thread-2 > [Browser] add listens into server_choose
2019-12-08 15:26:13,352 Thread-2 > [Browser] finished listens into server_choose
2019-12-08 15:26:14,009 Thread-2 > [Loading] POSTINIT_GUI
2019-12-08 15:26:14,010 Thread-2 > [Frame] Packing main frame...
2019-12-08 15:26:14,087 Thread-2 > [Frame] Resizing main pane...
2019-12-08 15:26:14,088 Thread-2 > Updater is already closed. Showing up...
2019-12-08 15:26:14,089 Thread-2 > Visibility set.
2019-12-08 15:26:14,090 Thread-2 > [Loading] REFRESHING_INFO
2019-12-08 15:26:14,093 Thread-2 > [VersionManager] Refreshing versions remotely...
2019-12-08 15:26:14,094 Thread-2 > [REPO][EXTRA_VERSION_REPO] Attempt #1; timeout: 45000 ms; url: http://repo.tlauncher.org/update/downloads/versions/new3/
2019-12-08 15:26:14,094 Thread-2 > Started! (6688 ms.)
2019-12-08 15:26:14,095 Thread-2 > [Loading] SUCCESS
2019-12-08 15:26:14,095 Thread-2 [Bootstrapper] I can be terminated now: 0
