2019-12-07 13:46:04,980 main 
2019-12-07 13:46:04,982 main -------------------------------------------------------------------
2019-12-07 13:46:09,357 main [Downloader2] Loaded configuration: normal
2019-12-07 13:46:11,631 main [Bootstrapper] createLauncher
2019-12-07 13:46:11,632 main path C:\Program Files\Java\jre1.8.0_211
2019-12-07 13:46:11,632 main [Bootstrapper] choose jvm:C:\Program Files\Java\jre1.8.0_211\bin\javaw.exe
2019-12-07 13:46:11,637 main [Bootstrapper] validate files
2019-12-07 13:46:11,637 main [Bootstrapper] end validated files
2019-12-07 13:46:11,638 main [Bootstrapper] Starting launcher...
2019-12-07 13:46:13,141 Thread-2 > [TLAUNCHER][STATIC] initialize inner config
2019-12-07 13:46:13,195 Thread-2 > [Loading] INITIALIZING
2019-12-07 13:46:19,883 Thread-2 > Starting TLauncher 2.67 RELEASE
2019-12-07 13:46:19,884 Thread-2 > For more information, visit https://tlauncher.org/
2019-12-07 13:46:19,885 Thread-2 > Startup time: 07.12.2019 13:46:19
2019-12-07 13:46:19,886 Thread-2 > ---
2019-12-07 13:46:20,180 Thread-2 > [Loading] LOADING_CONFIGURATION
2019-12-07 13:46:20,181 Thread-2 > Loading configuration from file: C:\Users\User\AppData\Roaming\.tlauncher\tlauncher-2.0.properties
2019-12-07 13:46:20,221 Thread-2 > [Configuration] Constant values: {}
2019-12-07 13:46:20,254 Thread-2 > Machine info: -------------------------------------------------------
2019-12-07 13:46:20,255 Thread-2 > Windows 10 10.0, Java 1.8.0_211, jvm bit x64, 8189 MB RAM
2019-12-07 13:46:20,256 Thread-2 > java path=C:\Program Files\Java\jre1.8.0_211\bin\javaw.exe
2019-12-07 13:46:20,256 Thread-2 > AMD FX(tm)-6300 Six-Core Processor
2019-12-07 13:46:20,257 Thread-2 >  Radeon RX 560 Series, AMD Radeon Graphics Processor (0x67FF), 7878 MB
2019-12-07 13:46:20,257 Thread-2 > -------------------------------------------------------
2019-12-07 13:46:20,258 Thread-2 > Selected locale: ru_RU
2019-12-07 13:46:20,339 Thread-2 > [Loading] LOADING_CONSOLE
2019-12-07 13:46:20,806 Thread-2 > [Swing] Favicons loaded: 256px, 128px, 96px, 64px, 48px, 32px, 24px, 16px
2019-12-07 13:46:21,074 Thread-2 > 
2019-12-07 13:46:22,655 Thread-2 > [Downloader2] Loaded configuration: good
2019-12-07 13:46:22,951 Thread-2 > [Updater] Requesting an update...
2019-12-07 13:46:22,957 Thread-2 > [Updater] Requesting from: http://repo.tlauncher.org/update/lch/update_2.0.json
2019-12-07 13:46:22,958 Thread-2 > [Updater] Making request: http://repo.tlauncher.org/update/lch/update_2.0.json?version=2.67&client=e92f19cb-8a88-4aab-ba18-6037bdf72a48
2019-12-07 13:46:23,342 Thread-2 > [Updater] Request time: 384 ms
2019-12-07 13:46:23,344 Thread-2 > [Updater] Successfully requested from: http://repo.tlauncher.org/update/lch/update_2.0.json
2019-12-07 13:46:25,242 Thread-2 > [Browser] Loading resources...
2019-12-07 13:46:25,582 Thread-2 > [Browser] Loading background...
2019-12-07 13:46:25,771 Thread-2 > [Browser] Cleaning up after loading:
2019-12-07 13:46:25,772 Thread-2 > Starting garbage collector: 35 / 78 MB
2019-12-07 13:46:25,939 Thread-2 > Garbage collector completed: 14 / 112 MB
2019-12-07 13:46:25,944 Thread-2 > [Loading] LOADING_MANAGERS
2019-12-07 13:46:25,981 Thread-2 > [LocalVersionList] Base directory: E:\.minecraft
2019-12-07 13:46:29,019 Thread-2 > [ProfileManager] Refreshing profiles from: E:\.minecraft\TlauncherProfiles.json
2019-12-07 13:46:29,025 Thread-2 > [AdvertisingStatusObserver]  started to get ad information
2019-12-07 13:46:29,026 Thread-2 > [GsonUtil]  request to http://repo.tlauncher.org/update/downloads/libraries/org/tlauncher/authlib/libraries-1.5.json
2019-12-07 13:46:30,214 Thread-2 > [AdvertisingStatusObserver]  finished to get add information
2019-12-07 13:46:30,219 Thread-2 > [Loading] LOADING_WINDOW
2019-12-07 13:46:30,315 Thread-2 > [Loading] PREPARING_MAINPANE
2019-12-07 13:46:30,427 Thread-2 > [REPO][SERVER_LIST_REPO] Success: Reached the repo in 208 ms.
2019-12-07 13:46:30,526 Thread-2 > [JFXStartPageLoader]  start load page: http://page.tlauncher.org/update/downloads/configs/client/index.html
2019-12-07 13:46:30,533 Thread-2 > [Browser] Running in JavaFX Thread
2019-12-07 13:46:30,533 Thread-2 > [Browser] Preparing JavaFX...
2019-12-07 13:46:30,629 Thread-2 > [Browser] Initializing...
2019-12-07 13:46:32,232 Thread-2 > [JFXStartPageLoader]  succeeded load page: http://page.tlauncher.org/update/downloads/configs/client/index.html during 1
2019-12-07 13:46:32,233 Thread-2 > [Browser@225460438] Loaded successfully: "http://page.tlauncher.org/update/downloads/configs/client/index.html"
2019-12-07 13:46:32,421 Thread-2 > [Browser] add listens into server_choose
2019-12-07 13:46:32,422 Thread-2 > [Browser] finished listens into server_choose
2019-12-07 13:46:32,779 Thread-2 > [Downloader2] Loaded configuration: good
2019-12-07 13:46:34,935 Thread-2 > [Loading] POSTINIT_GUI
2019-12-07 13:46:34,936 Thread-2 > [Frame] Packing main frame...
2019-12-07 13:46:35,033 Thread-2 > [Frame] Resizing main pane...
2019-12-07 13:46:35,041 Thread-2 > Updater is already closed. Showing up...
2019-12-07 13:46:35,041 Thread-2 > Visibility set.
2019-12-07 13:46:35,042 Thread-2 > [Loading] REFRESHING_INFO
2019-12-07 13:46:35,044 Thread-2 > [VersionManager] Refreshing versions remotely...
2019-12-07 13:46:35,046 Thread-2 > [REPO][EXTRA_VERSION_REPO] Attempt #1; timeout: 45000 ms; url: http://repo.tlauncher.org/update/downloads/versions/new3/
2019-12-07 13:46:35,047 Thread-2 > Started! (14867 ms.)
2019-12-07 13:46:35,047 Thread-2 > [Loading] SUCCESS
2019-12-07 13:46:35,048 Thread-2 [Bootstrapper] I can be terminated now: 0
