2020-04-07 16:35:23,473 main 
2020-04-07 16:35:23,476 main -------------------------------------------------------------------
2020-04-07 16:35:24,474 main run double running protectin
2020-04-07 16:35:24,483 main [Downloader2] Loaded configuration: normal
2020-04-07 16:35:24,992 main [Bootstrapper] createLauncher
2020-04-07 16:35:24,992 main path C:\Program Files\Java\jre1.8.0_241
2020-04-07 16:35:24,992 main [Bootstrapper] choose jvm:C:\Program Files\Java\jre1.8.0_241\bin\javaw.exe
2020-04-07 16:35:24,994 main [Bootstrapper] validate files
2020-04-07 16:35:24,996 main [Bootstrapper] end validated files
2020-04-07 16:35:24,996 main [Bootstrapper] Starting launcher...
2020-04-07 16:35:25,224 Thread-2 > [TLAUNCHER][STATIC] initialize inner config
2020-04-07 16:35:25,325 Thread-2 > [Loading] INITIALIZING
2020-04-07 16:35:28,284 Thread-2 > Starting TLauncher 2.69 RELEASE
2020-04-07 16:35:28,284 Thread-2 > For more information, visit https://tlauncher.org/
2020-04-07 16:35:28,285 Thread-2 > Startup time: 07.04.2020 16:35:28
2020-04-07 16:35:28,285 Thread-2 > ---
2020-04-07 16:35:28,287 Thread-2 > run double running protectin
2020-04-07 16:35:28,528 Thread-2 > [Loading] LOADING_CONFIGURATION
2020-04-07 16:35:28,529 Thread-2 > Loading configuration from file: C:\Users\Fruksus\AppData\Roaming\.tlauncher\tlauncher-2.0.properties
2020-04-07 16:35:28,538 Thread-2 > [Configuration] Constant values: {}
2020-04-07 16:35:28,552 Thread-2 > [Configuration] Key "minecraft.versions.release" is invalid!
2020-04-07 16:35:28,553 Thread-2 > [Configuration] Key "minecraft.versions.sub.old_release" is invalid!
2020-04-07 16:35:28,553 Thread-2 > [Configuration] Key "minecraft.onlaunch" is invalid!
2020-04-07 16:35:28,553 Thread-2 > [Configuration] Key "gui.notice.ad_server" is invalid!
2020-04-07 16:35:28,553 Thread-2 > [Configuration] Key "gui.notice.ad_other" is invalid!
2020-04-07 16:35:28,553 Thread-2 > [Configuration] Key "gui.settings.servers.recommendation" is invalid!
2020-04-07 16:35:28,554 Thread-2 > [Configuration] Key "minecraft.gamedir" is invalid!
2020-04-07 16:35:28,554 Thread-2 > [Configuration] Key "gui.statistics.checkbox" is invalid!
2020-04-07 16:35:28,554 Thread-2 > [Configuration] Key "minecraft.versions.sub.remote" is invalid!
2020-04-07 16:35:28,554 Thread-2 > [Configuration] Key "gui.console.width" is invalid!
2020-04-07 16:35:28,554 Thread-2 > [Configuration] Key "gui.console.height" is invalid!
2020-04-07 16:35:28,555 Thread-2 > [Configuration] Key "minecraft.versions.modified" is invalid!
2020-04-07 16:35:28,555 Thread-2 > [Configuration] Key "gui.console.x" is invalid!
2020-04-07 16:35:28,555 Thread-2 > [Configuration] Key "gui.settings.guard.checkbox" is invalid!
2020-04-07 16:35:28,555 Thread-2 > [Configuration] Key "minecraft.memory.ram2" is invalid!
2020-04-07 16:35:28,555 Thread-2 > [Configuration] Key "gui.console.y" is invalid!
2020-04-07 16:35:28,555 Thread-2 > [Configuration] Key "gui.console" is invalid!
2020-04-07 16:35:28,556 Thread-2 > [Configuration] Key "minecraft.size" is invalid!
2020-04-07 16:35:28,556 Thread-2 > [Configuration] Key "client" is invalid!
2020-04-07 16:35:28,556 Thread-2 > [Configuration] Key "connection" is invalid!
2020-04-07 16:35:28,556 Thread-2 > [Configuration] Key "minecraft.fullscreen" is invalid!
2020-04-07 16:35:28,556 Thread-2 > [Configuration] Key "gui.notice.ad_youtube" is invalid!
2020-04-07 16:35:28,625 Thread-2 > [Configuration] Selected locale is not supported, rolling back to default one
2020-04-07 16:35:28,634 Thread-2 > Machine info: -------------------------------------------------------
2020-04-07 16:35:28,635 Thread-2 > Windows 10 10.0, Java 1.8.0_241, jvm bit x64, 16336 MB RAM
2020-04-07 16:35:28,635 Thread-2 > java path=C:\Program Files\Java\jre1.8.0_241\bin\javaw.exe
2020-04-07 16:35:28,635 Thread-2 > -------------------------------------------------------
2020-04-07 16:35:28,635 Thread-2 > Selected locale: ru_RU
2020-04-07 16:35:28,768 Thread-2 > [Loading] LOADING_CONSOLE
2020-04-07 16:35:29,046 Thread-2 > [Swing] Favicons loaded: 256px, 128px, 96px, 64px, 48px, 32px, 24px, 16px
2020-04-07 16:35:29,272 Thread-2 > 
2020-04-07 16:35:29,321 Thread-2 > [Downloader2] Loaded configuration: good
2020-04-07 16:35:29,467 Thread-2 > [Updater] Requesting an update...
2020-04-07 16:35:29,475 Thread-2 > [Updater] Requesting from: http://repo.tlauncher.org/update/lch/update_2.0.json
2020-04-07 16:35:29,477 Thread-2 > [Updater] Making request: http://repo.tlauncher.org/update/lch/update_2.0.json?version=2.69&client=dc242789-ec95-40cc-aa3b-9202199e3f32
2020-04-07 16:35:29,699 Thread-2 > [Updater] Request time: 225 ms
2020-04-07 16:35:29,700 Thread-2 > [Updater] Successfully requested from: http://repo.tlauncher.org/update/lch/update_2.0.json
2020-04-07 16:35:29,942 Thread-2 > [Browser] Loading resources...
2020-04-07 16:35:30,196 Thread-2 > [Browser] Loading background...
2020-04-07 16:35:30,258 Thread-2 > [Browser] Cleaning up after loading:
2020-04-07 16:35:30,258 Thread-2 > Starting garbage collector: 66 / 191 MB
2020-04-07 16:35:30,333 Thread-2 > Garbage collector completed: 13 / 191 MB
2020-04-07 16:35:30,337 Thread-2 > [Loading] LOADING_MANAGERS
2020-04-07 16:35:30,346 Thread-2 > [LocalVersionList] Base directory: C:\Users\Fruksus\AppData\Roaming\.minecraft
2020-04-07 16:35:30,365 Thread-2 > [ProfileManager] Refreshing profiles from: C:\Users\Fruksus\AppData\Roaming\.minecraft\TlauncherProfiles.json
2020-04-07 16:35:30,374 Thread-2 > [AdvertisingStatusObserver]  started to get ad information
2020-04-07 16:35:30,374 Thread-2 > [AdvertisingStatusObserver]  finished to get add information
2020-04-07 16:35:30,376 Thread-2 > [GsonUtil]  request to http://repo.tlauncher.org/update/downloads/libraries/org/tlauncher/authlib/libraries-1.6.json
2020-04-07 16:35:30,380 Thread-2 > [Loading] LOADING_WINDOW
2020-04-07 16:35:30,452 Thread-2 > [Loading] PREPARING_MAINPANE
2020-04-07 16:35:30,721 Thread-2 > [REPO][SERVER_LIST_REPO] Success: Reached the repo in 338 ms.
2020-04-07 16:35:31,448 Thread-2 > [JFXStartPageLoader]  start load page: http://page.tlauncher.org/update/downloads/configs/client/index.html
2020-04-07 16:35:31,461 Thread-2 > [Downloader2] Loaded configuration: good
2020-04-07 16:35:31,467 Thread-2 > [Browser] Running in JavaFX Thread
2020-04-07 16:35:31,467 Thread-2 > [Browser] Preparing JavaFX...
2020-04-07 16:35:31,567 Thread-2 > [Browser] Initializing...
2020-04-07 16:35:33,985 Thread-2 > [JFXStartPageLoader]  succeeded load page: http://page.tlauncher.org/update/downloads/configs/client/index.html during 2
2020-04-07 16:35:33,986 Thread-2 > [Browser@1479547574] Loaded successfully: "http://page.tlauncher.org/update/downloads/configs/client/index.html"
2020-04-07 16:35:34,194 Thread-2 > [Browser] add listens into server_choose
2020-04-07 16:35:34,195 Thread-2 > [Browser] finished listens into server_choose
2020-04-07 16:35:34,704 Thread-2 > [Loading] POSTINIT_GUI
2020-04-07 16:35:34,704 Thread-2 > [Frame] Packing main frame...
2020-04-07 16:35:34,863 Thread-2 > [Frame] Resizing main pane...
2020-04-07 16:35:34,865 Thread-2 > Updater is already closed. Showing up...
2020-04-07 16:35:34,866 Thread-2 > Visibility set.
2020-04-07 16:35:34,866 Thread-2 > [Loading] REFRESHING_INFO
2020-04-07 16:35:34,871 Thread-2 > [VersionManager] Refreshing versions remotely...
2020-04-07 16:35:34,871 Thread-2 > Started! (6343 ms.)
2020-04-07 16:35:34,872 Thread-2 > [Loading] SUCCESS
2020-04-07 16:35:34,872 Thread-2 [Bootstrapper] I can be terminated now: 0
