2019-12-05 21:39:37,273 main 
2019-12-05 21:39:37,275 main -------------------------------------------------------------------
2019-12-05 21:39:39,177 main [Downloader2] Loaded configuration: normal
2019-12-05 21:39:39,787 main [Bootstrapper] createLauncher
2019-12-05 21:39:39,787 main path C:\Program Files\Java\jre1.8.0_211
2019-12-05 21:39:39,788 main [Bootstrapper] choose jvm:C:\Program Files\Java\jre1.8.0_211\bin\javaw.exe
2019-12-05 21:39:39,790 main [Bootstrapper] validate files
2019-12-05 21:39:39,791 main [Bootstrapper] end validated files
2019-12-05 21:39:39,791 main [Bootstrapper] Starting launcher...
2019-12-05 21:39:39,982 Thread-2 > [TLAUNCHER][STATIC] initialize inner config
2019-12-05 21:39:40,016 Thread-2 > [Loading] INITIALIZING
2019-12-05 21:39:42,146 Thread-2 > Starting TLauncher 2.67 RELEASE
2019-12-05 21:39:42,147 Thread-2 > For more information, visit https://tlauncher.org/
2019-12-05 21:39:42,148 Thread-2 > Startup time: 05.12.2019 21:39:42
2019-12-05 21:39:42,148 Thread-2 > ---
2019-12-05 21:39:42,387 Thread-2 > [Loading] LOADING_CONFIGURATION
2019-12-05 21:39:42,388 Thread-2 > Loading configuration from file: C:\Users\User\AppData\Roaming\.tlauncher\tlauncher-2.0.properties
2019-12-05 21:39:42,396 Thread-2 > [Configuration] Constant values: {}
2019-12-05 21:39:42,430 Thread-2 > Machine info: -------------------------------------------------------
2019-12-05 21:39:42,431 Thread-2 > Windows 10 10.0, Java 1.8.0_211, jvm bit x64, 8189 MB RAM
2019-12-05 21:39:42,431 Thread-2 > java path=C:\Program Files\Java\jre1.8.0_211\bin\javaw.exe
2019-12-05 21:39:42,432 Thread-2 > AMD FX(tm)-6300 Six-Core Processor
2019-12-05 21:39:42,432 Thread-2 >  Radeon RX 560 Series, AMD Radeon Graphics Processor (0x67FF), 7878 MB
2019-12-05 21:39:42,433 Thread-2 > -------------------------------------------------------
2019-12-05 21:39:42,433 Thread-2 > Selected locale: ru_RU
2019-12-05 21:39:42,484 Thread-2 > [Loading] LOADING_CONSOLE
2019-12-05 21:39:42,682 Thread-2 > [Swing] Favicons loaded: 256px, 128px, 96px, 64px, 48px, 32px, 24px, 16px
2019-12-05 21:39:42,921 Thread-2 > 
2019-12-05 21:39:43,372 Thread-2 > [Downloader2] Loaded configuration: good
2019-12-05 21:39:43,508 Thread-2 > [Updater] Requesting an update...
2019-12-05 21:39:43,510 Thread-2 > [Updater] Requesting from: http://repo.tlauncher.org/update/lch/update_2.0.json
2019-12-05 21:39:43,511 Thread-2 > [Updater] Making request: http://repo.tlauncher.org/update/lch/update_2.0.json?version=2.67&client=e92f19cb-8a88-4aab-ba18-6037bdf72a48
2019-12-05 21:39:43,689 Thread-2 > [Updater] Request time: 179 ms
2019-12-05 21:39:43,690 Thread-2 > [Updater] Successfully requested from: http://repo.tlauncher.org/update/lch/update_2.0.json
2019-12-05 21:39:43,994 Thread-2 > [Browser] Loading resources...
2019-12-05 21:39:44,109 Thread-2 > [Browser] Loading background...
2019-12-05 21:39:44,165 Thread-2 > [Browser] Cleaning up after loading:
2019-12-05 21:39:44,167 Thread-2 > Starting garbage collector: 22 / 109 MB
2019-12-05 21:39:44,251 Thread-2 > Garbage collector completed: 15 / 149 MB
2019-12-05 21:39:44,253 Thread-2 > [Loading] LOADING_MANAGERS
2019-12-05 21:39:44,261 Thread-2 > [LocalVersionList] Base directory: C:\Users\User\AppData\Roaming\.minecraft
2019-12-05 21:39:46,182 Thread-2 > [ProfileManager] Refreshing profiles from: C:\Users\User\AppData\Roaming\.minecraft\TlauncherProfiles.json
2019-12-05 21:39:46,191 Thread-2 > [AdvertisingStatusObserver]  started to get ad information
2019-12-05 21:39:46,192 Thread-2 > [GsonUtil]  request to http://repo.tlauncher.org/update/downloads/libraries/org/tlauncher/authlib/libraries-1.5.json
2019-12-05 21:39:46,576 Thread-2 > [AdvertisingStatusObserver]  finished to get add information
2019-12-05 21:39:46,581 Thread-2 > [Loading] LOADING_WINDOW
2019-12-05 21:39:46,657 Thread-2 > [Loading] PREPARING_MAINPANE
2019-12-05 21:39:46,669 Thread-2 > [REPO][SERVER_LIST_REPO] Success: Reached the repo in 87 ms.
2019-12-05 21:39:46,730 Thread-2 > [JFXStartPageLoader]  start load page: http://page.tlauncher.org/update/downloads/configs/client/index.html
2019-12-05 21:39:46,734 Thread-2 > [Browser] Running in JavaFX Thread
2019-12-05 21:39:46,734 Thread-2 > [Browser] Preparing JavaFX...
2019-12-05 21:39:46,828 Thread-2 > [Browser] Initializing...
2019-12-05 21:39:47,723 Thread-2 > [Downloader2] Loaded configuration: good
2019-12-05 21:39:47,904 Thread-2 > [JFXStartPageLoader]  succeeded load page: http://page.tlauncher.org/update/downloads/configs/client/index.html during 1
2019-12-05 21:39:47,905 Thread-2 > [Browser@1193972495] Loaded successfully: "http://page.tlauncher.org/update/downloads/configs/client/index.html"
2019-12-05 21:39:48,022 Thread-2 > [Browser] add listens into server_choose
2019-12-05 21:39:48,023 Thread-2 > [Browser] finished listens into server_choose
2019-12-05 21:39:49,177 Thread-2 > [Loading] POSTINIT_GUI
2019-12-05 21:39:49,178 Thread-2 > [Frame] Packing main frame...
2019-12-05 21:39:49,256 Thread-2 > [Frame] Resizing main pane...
2019-12-05 21:39:49,258 Thread-2 > Updater is already closed. Showing up...
2019-12-05 21:39:49,258 Thread-2 > Visibility set.
2019-12-05 21:39:49,260 Thread-2 > [Loading] REFRESHING_INFO
2019-12-05 21:39:49,263 Thread-2 > [VersionManager] Refreshing versions remotely...
2019-12-05 21:39:49,264 Thread-2 > [REPO][EXTRA_VERSION_REPO] Attempt #1; timeout: 45000 ms; url: http://repo.tlauncher.org/update/downloads/versions/new3/
2019-12-05 21:39:49,265 Thread-2 > Started! (6877 ms.)
2019-12-05 21:39:49,266 Thread-2 > [Loading] SUCCESS
2019-12-05 21:39:49,266 Thread-2 [Bootstrapper] I can be terminated now: 0
