2020-04-08 17:10:15,414 main [Loading] INITIALIZING
Starting TLauncher 2.69 RELEASE
For more information, visit https://tlauncher.org/
Startup time: 08.04.2020 17:10:14
---
run double running protectin
[Loading] LOADING_CONFIGURATION
Loading configuration from file: C:\Users\Fruksus\AppData\Roaming\.tlauncher\tlauncher-2.0.properties
[Configuration] Constant values: {}
Machine info: -------------------------------------------------------
Windows 10 10.0, Java 1.8.0_241, jvm bit x64, 16336 MB RAM
java path=C:\Program Files\Java\jre1.8.0_241\bin\javaw.exe
Intel(R) Pentium(R) CPU G4600 @ 3.60GHz
 NVIDIA GeForce GT 1030, GeForce GT 1030, 10150 MB, spacedesk Graphics Adapter, Unknown, 8168 MB
-------------------------------------------------------
Selected locale: ru_RU
[Loading] LOADING_CONSOLE
[Swing] Favicons loaded: 256px, 128px, 96px, 64px, 48px, 32px, 24px, 16px


2020-04-08 17:10:15,415 main [Downloader2] Loaded configuration: good
2020-04-08 17:10:15,551 ExtendedThread#4 [Updater] Requesting an update...
2020-04-08 17:10:15,554 ExtendedThread#4 [Updater] Requesting from: http://repo.tlauncher.org/update/lch/update_2.0.json
2020-04-08 17:10:15,555 ExtendedThread#4 [Updater] Making request: http://repo.tlauncher.org/update/lch/update_2.0.json?version=2.69&client=dc242789-ec95-40cc-aa3b-9202199e3f32
2020-04-08 17:10:15,645 ExtendedThread#4 [Updater] Request time: 91 ms
2020-04-08 17:10:15,645 ExtendedThread#4 [Updater] Successfully requested from: http://repo.tlauncher.org/update/lch/update_2.0.json
2020-04-08 17:10:15,764 main [Browser] Loading resources...
2020-04-08 17:10:16,007 main [Browser] Loading background...
2020-04-08 17:10:16,061 main [Browser] Cleaning up after loading:
2020-04-08 17:10:16,063 main Starting garbage collector: 72 / 196 MB
2020-04-08 17:10:16,139 main Garbage collector completed: 14 / 196 MB
2020-04-08 17:10:16,143 main [Loading] LOADING_MANAGERS
2020-04-08 17:10:16,164 main [LocalVersionList] Base directory: D:\BILD\MAIN1.12.2
2020-04-08 17:10:16,195 JavaFX Application Thread [JFXStartPageLoader]  start load page: http://page.tlauncher.org/update/downloads/configs/client/index.html
2020-04-08 17:10:16,219 main [ProfileManager] Refreshing profiles from: D:\BILD\MAIN1.12.2\TlauncherProfiles.json
2020-04-08 17:10:16,225 JavaFX Application Thread [Browser] Running in JavaFX Thread
2020-04-08 17:10:16,226 JavaFX Application Thread [Browser] Preparing JavaFX...
2020-04-08 17:10:16,229 main [AdvertisingStatusObserver]  started to get ad information
2020-04-08 17:10:16,230 ExtendedThread#4 [GsonUtil]  request to http://repo.tlauncher.org/update/downloads/libraries/org/tlauncher/authlib/libraries-1.6.json
2020-04-08 17:10:16,230 main [AdvertisingStatusObserver]  finished to get add information
2020-04-08 17:10:16,234 main [Loading] LOADING_WINDOW
2020-04-08 17:10:16,321 JavaFX Application Thread [Browser] Initializing...
2020-04-08 17:10:16,563 ExtendedThread#6 [REPO][SERVER_LIST_REPO] Success: Reached the repo in 319 ms.
2020-04-08 17:10:16,999 main [Loading] PREPARING_MAINPANE
2020-04-08 17:10:17,872 main [Downloader2] Loaded configuration: good
2020-04-08 17:10:18,552 JavaFX Application Thread [JFXStartPageLoader]  succeeded load page: http://page.tlauncher.org/update/downloads/configs/client/index.html during 2
2020-04-08 17:10:18,552 JavaFX Application Thread [Browser@182496005] Loaded successfully: "http://page.tlauncher.org/update/downloads/configs/client/index.html"
2020-04-08 17:10:18,669 JavaFX Application Thread [Browser] add listens into server_choose
2020-04-08 17:10:18,670 JavaFX Application Thread [Browser] finished listens into server_choose
2020-04-08 17:10:19,636 main [Loading] POSTINIT_GUI
2020-04-08 17:10:19,636 main [Frame] Packing main frame...
2020-04-08 17:10:19,832 main [Frame] Resizing main pane...
2020-04-08 17:10:19,833 main Updater is already closed. Showing up...
2020-04-08 17:10:19,834 main Visibility set.
2020-04-08 17:10:19,835 main [Loading] REFRESHING_INFO
2020-04-08 17:10:19,839 ExtendedThread#4 [VersionManager] Refreshing versions remotely...
2020-04-08 17:10:19,840 ExtendedThread#6 [REPO][EXTRA_VERSION_REPO] Attempt #1; timeout: 45000 ms; url: http://repo.tlauncher.org/update/downloads/versions/new3/
2020-04-08 17:10:19,840 main Started! (5115 ms.)
2020-04-08 17:10:19,840 main [Loading] SUCCESS
2020-04-08 17:10:19,907 ExtendedThread#6 [REPO][EXTRA_VERSION_REPO] Success: Reached the repo in 67 ms.
2020-04-08 17:10:19,991 main [TLauncher] show tlauncher!!!
2020-04-08 17:10:19,991 main [Double running] clear time label
2020-04-08 17:10:20,456 AsyncObject#14 [REPO][SKIN_VERSION_REPO] Attempt #1; timeout: 45000 ms; url: http://repo.tlauncher.org/update/downloads/versions/new3/skin/versions/
2020-04-08 17:10:20,460 AsyncObject#12 [REPO][OFFICIAL_VERSION_REPO] Attempt #1; timeout: 45000 ms; url: https://launchermeta.mojang.com/mc/game/
2020-04-08 17:10:20,472 AsyncObject#13 [REPO][EXTRA_VERSION_REPO] Attempt #1; timeout: 45000 ms; url: http://repo.tlauncher.org/update/downloads/versions/new3/
2020-04-08 17:10:20,500 AsyncObject#14 [REPO][SKIN_VERSION_REPO] Success: Reached the repo in 41 ms.
2020-04-08 17:10:20,519 AsyncObject#13 [REPO][EXTRA_VERSION_REPO] Success: Reached the repo in 44 ms.
2020-04-08 17:10:20,525 AsyncObject#14 [SkinVersionList] Got in 66 ms
2020-04-08 17:10:20,572 AsyncObject#13 [ExtraVersionList] Got in 115 ms
2020-04-08 17:10:20,795 AsyncObject#12 [REPO][OFFICIAL_VERSION_REPO] Success: Reached the repo in 323 ms.
2020-04-08 17:10:20,899 AsyncObject#12 [OfficialVersionList] Got in 442 ms
2020-04-08 17:10:20,901 ExtendedThread#4 [VersionManager] Versions has been refreshed (455 ms)
2020-04-08 17:10:20,968 ExtendedThread#6 [REPO][ADD_HOT_SERVERS_REPO] Attempt #1; timeout: 45000 ms; url: http://repo.tlauncher.org/update/lch/additional_hot_servers-1.0.json
2020-04-08 17:10:21,010 ExtendedThread#6 [REPO][ADD_HOT_SERVERS_REPO] Success: Reached the repo in 38 ms.
2020-04-08 17:10:21,031 ExtendedThread#15 [REPO][HOT_SERVERS_REPO] Attempt #1; timeout: 45000 ms; url: http://repo.tlauncher.org/update/lch/servers/hot_servers-1.0.json
2020-04-08 17:10:21,046 Thread-13 run server on  37842
2020-04-08 17:10:21,075 JavaFX Application Thread server id hasn't found = RushMC.ru
2020-04-08 17:10:21,079 JavaFX Application Thread server id hasn't found = mlegacy.ru
2020-04-08 17:10:21,092 ExtendedThread#15 [REPO][HOT_SERVERS_REPO] Success: Reached the repo in 47 ms.
2020-04-08 17:10:21,101 JavaFX Application Thread server id hasn't found = mlegacy.ru
2020-04-08 17:10:22,172 AWT-EventQueue-0 Good bye!
