#
# There is insufficient memory for the Java Runtime Environment to continue.
# Native memory allocation (malloc) failed to allocate 1721776 bytes for Chunk::new
# Possible reasons:
#   The system is out of physical RAM or swap space
#   The process is running with CompressedOops enabled, and the Java Heap may be blocking the growth of the native heap
# Possible solutions:
#   Reduce memory load on the system
#   Increase physical memory or swap space
#   Check if swap backing store is full
#   Decrease Java heap size (-Xmx/-Xms)
#   Decrease number of Java threads
#   Decrease Java thread stack sizes (-Xss)
#   Set larger code cache with -XX:ReservedCodeCacheSize=
#   JVM is running with Zero Based Compressed Oops mode in which the Java heap is
#     placed in the first 32GB address space. The Java Heap base address is the
#     maximum limit for the native heap growth. Please use -XX:HeapBaseMinAddress
#     to set the Java Heap base and to place the Java Heap above 32GB virtual address.
# This output file may be truncated or incomplete.
#
#  Out of Memory Error (allocation.cpp:389), pid=3472, tid=0x00000000000024e8
#
# JRE version: Java(TM) SE Runtime Environment (8.0_241-b07) (build 1.8.0_241-b07)
# Java VM: Java HotSpot(TM) 64-Bit Server VM (25.241-b07 mixed mode windows-amd64 compressed oops)
# Failed to write core dump. Minidumps are not enabled by default on client versions of Windows
#

---------------  T H R E A D  ---------------

Current thread (0x0000000026e4b800):  JavaThread "C2 CompilerThread1" daemon [_thread_in_native, id=9448, stack(0x00000000276c0000,0x00000000277c0000)]

Stack: [0x00000000276c0000,0x00000000277c0000]
[error occurred during error reporting (printing stack bounds), id 0xc0000005]

Native frames: (J=compiled Java code, j=interpreted, Vv=VM code, C=native code)


Current CompileTask:
C2: 488589 25935   !   4       net.minecraft.entity.Entity::func_70091_d (2602 bytes)


---------------  P R O C E S S  ---------------

Java Threads: ( => current thread )
  0x0000000033d07800 JavaThread "Chunk I/O Executor Thread-1" daemon [_thread_blocked, id=11744, stack(0x000000003cb20000,0x000000003cc20000)]
  0x0000000033d06000 JavaThread "AE Compass Service" [_thread_blocked, id=11368, stack(0x00000000396f0000,0x00000000397f0000)]
  0x0000000033d05800 JavaThread "Netty Server IO #4" daemon [_thread_in_native, id=1272, stack(0x00000000392f0000,0x00000000393f0000)]
  0x0000000033d04000 JavaThread "Netty Server IO #3" daemon [_thread_in_native, id=11708, stack(0x00000000391f0000,0x00000000392f0000)]
  0x0000000033d02800 JavaThread "Netty Server IO #2" daemon [_thread_in_native, id=4192, stack(0x0000000038ff0000,0x00000000390f0000)]
  0x0000000033d00000 JavaThread "File IO Thread" [_thread_blocked, id=2044, stack(0x00000000397f0000,0x00000000398f0000)]
  0x0000000033d04800 JavaThread "Thread-28" [_thread_blocked, id=15036, stack(0x00000000395f0000,0x00000000396f0000)]
  0x0000000033d07000 JavaThread "Thread-23" [_thread_blocked, id=5660, stack(0x00000000390f0000,0x00000000391f0000)]
  0x000000002ceff000 JavaThread "threadDeathWatcher-2-1" daemon [_thread_blocked, id=14008, stack(0x0000000037bc0000,0x0000000037cc0000)]
  0x000000002cf03800 JavaThread "Server Watchdog" daemon [_thread_blocked, id=7316, stack(0x0000000037ce0000,0x0000000037de0000)]
  0x000000002cf02800 JavaThread "Netty Server IO #1" daemon [_thread_in_native, id=9684, stack(0x0000000037ac0000,0x0000000037bc0000)]
  0x000000002cf00800 JavaThread "_net.minecraft.world.World.INIT-126-3r" daemon [_thread_blocked, id=9364, stack(0x00000000379c0000,0x0000000037ac0000)]
  0x000000002cf02000 JavaThread "_net.minecraft.world.World.INIT-126-3q" daemon [_thread_blocked, id=4840, stack(0x00000000378c0000,0x00000000379c0000)]
  0x000000002cefd800 JavaThread "_net.minecraft.world.World.INIT-126-3p" daemon [_thread_blocked, id=7232, stack(0x00000000377c0000,0x00000000378c0000)]
  0x000000002cefe000 JavaThread "_net.minecraft.world.World.INIT-126-3o" daemon [_thread_blocked, id=8636, stack(0x00000000376c0000,0x00000000377c0000)]
  0x000000002cf01000 JavaThread "_net.minecraft.world.World.INIT-126-3n" daemon [_thread_blocked, id=6440, stack(0x00000000375c0000,0x00000000376c0000)]
  0x000000002ceff800 JavaThread "_net.minecraft.world.World.INIT-126-3m" daemon [_thread_blocked, id=12484, stack(0x00000000374c0000,0x00000000375c0000)]
  0x000000002cefc800 JavaThread "_net.minecraft.world.World.INIT-126-3l" daemon [_thread_blocked, id=1980, stack(0x00000000373c0000,0x00000000374c0000)]
  0x000000002cef6800 JavaThread "_net.minecraft.world.World.INIT-126-3k" daemon [_thread_blocked, id=3824, stack(0x00000000372c0000,0x00000000373c0000)]
  0x000000002cef5000 JavaThread "_net.minecraft.world.World.INIT-126-3j" daemon [_thread_blocked, id=10872, stack(0x00000000371c0000,0x00000000372c0000)]
  0x000000002cef8000 JavaThread "_net.minecraft.world.World.INIT-126-3i" daemon [_thread_blocked, id=2152, stack(0x00000000370c0000,0x00000000371c0000)]
  0x000000002cefc000 JavaThread "_net.minecraft.world.World.INIT-126-3h" daemon [_thread_blocked, id=7540, stack(0x0000000036fc0000,0x00000000370c0000)]
  0x000000002cef4800 JavaThread "_net.minecraft.world.World.INIT-126-3g" daemon [_thread_blocked, id=4300, stack(0x0000000036ec0000,0x0000000036fc0000)]
  0x000000002cef9800 JavaThread "_net.minecraft.world.World.INIT-126-3f" daemon [_thread_blocked, id=14920, stack(0x0000000036950000,0x0000000036a50000)]
  0x0000000029c3a800 JavaThread "_net.minecraft.world.World.INIT-126-3e" daemon [_thread_blocked, id=9912, stack(0x00000000365f0000,0x00000000366f0000)]
  0x0000000029c3e800 JavaThread "Netty Server IO #0" daemon [_thread_in_native, id=11208, stack(0x0000000000e60000,0x0000000000f60000)]
  0x0000000029c3f000 JavaThread "Timer-0" [_thread_blocked, id=4048, stack(0x000000002f0e0000,0x000000002f1e0000)]
  0x0000000029c3a000 JavaThread "Keep-Alive-SocketCleaner" daemon [_thread_blocked, id=9988, stack(0x000000002efe0000,0x000000002f0e0000)]
  0x0000000029c3d000 JavaThread "JLine terminal non blocking reader thread" daemon [_thread_blocked, id=8072, stack(0x000000002fb80000,0x000000002fc80000)]
  0x000000002c003800 JavaThread "Server console handler" daemon [_thread_blocked, id=8920, stack(0x000000002f980000,0x000000002fa80000)]
  0x0000000002982800 JavaThread "DestroyJavaVM" [_thread_blocked, id=5540, stack(0x0000000002870000,0x0000000002970000)]
  0x0000000028ba8000 JavaThread "Server thread" [_thread_in_Java, id=4664, stack(0x000000002f880000,0x000000002f980000)]
  0x000000002a48d000 JavaThread "Server Infinisleeper" daemon [_thread_blocked, id=8352, stack(0x000000002f780000,0x000000002f880000)]
  0x000000002a316000 JavaThread "Snooper Timer" daemon [_thread_blocked, id=4968, stack(0x000000002f1f0000,0x000000002f2f0000)]
  0x000000002963d000 JavaThread "WindowsStreamPump" daemon [_thread_in_native, id=14804, stack(0x000000002b140000,0x000000002b240000)]
  0x00000000278eb000 JavaThread "Service Thread" daemon [_thread_blocked, id=11948, stack(0x0000000027cc0000,0x0000000027dc0000)]
  0x0000000026e4c800 JavaThread "C1 CompilerThread2" daemon [_thread_blocked, id=8032, stack(0x00000000277c0000,0x00000000278c0000)]
=>0x0000000026e4b800 JavaThread "C2 CompilerThread1" daemon [_thread_in_native, id=9448, stack(0x00000000276c0000,0x00000000277c0000)]
  0x0000000026e43800 JavaThread "C2 CompilerThread0" daemon [_thread_in_native, id=13764, stack(0x00000000275c0000,0x00000000276c0000)]
  0x0000000026e40000 JavaThread "Attach Listener" daemon [_thread_blocked, id=12828, stack(0x00000000274c0000,0x00000000275c0000)]
  0x0000000026e3e000 JavaThread "Signal Dispatcher" daemon [_thread_blocked, id=7252, stack(0x00000000273c0000,0x00000000274c0000)]
  0x0000000026e3d000 JavaThread "Surrogate Locker Thread (Concurrent GC)" daemon [_thread_blocked, id=14036, stack(0x00000000272c0000,0x00000000273c0000)]
  0x0000000026e23800 JavaThread "Finalizer" daemon [_thread_blocked, id=14360, stack(0x00000000270a0000,0x00000000271a0000)]
  0x0000000026e1a800 JavaThread "Reference Handler" daemon [_thread_blocked, id=15152, stack(0x0000000026fa0000,0x00000000270a0000)]

Other Threads:
  0x0000000026e17800 VMThread [stack: 0x0000000026ea0000,0x0000000026fa0000] [id=3416]
  0x00000000278f2000 WatcherThread [stack: 0x0000000027dc0000,0x0000000027ec0000] [id=11584]

VM state:not at safepoint (normal execution)

VM Mutex/Monitor currently owned by a thread: None

heap address: 0x0000000616000000, size: 6816 MB, Compressed Oops mode: Zero based, Oop shift amount: 3
Narrow klass base: 0x0000000000000000, Narrow klass shift: 3
Compressed class space size: 1073741824 Address: 0x00000007c0000000

Heap:
 garbage-first heap   total 4489216K, used 1973132K [0x0000000616000000, 0x0000000618000448, 0x00000007c0000000)
  region size 32768K, 47 young (1540096K), 4 survivors (131072K)
 Metaspace       used 138602K, capacity 143683K, committed 143872K, reserved 1169408K
  class space    used 22274K, capacity 23493K, committed 23552K, reserved 1048576K

Heap Regions: (Y=young(eden), SU=young(survivor), HS=humongous(starts), HC=humongous(continues), CS=collection set, F=free, TS=gc time stamp, PTAMS=previous top-at-mark-start, NTAMS=next top-at-mark-start)
AC   0  O    TS     0 PTAMS 0x0000000618000000 NTAMS 0x0000000618000000 space 32768K, 100% used [0x0000000616000000, 0x0000000618000000)
AC   0  O    TS    23 PTAMS 0x0000000618000000 NTAMS 0x0000000618000000 space 32768K, 100% used [0x0000000618000000, 0x000000061a000000)
AC   0  O    TS     0 PTAMS 0x000000061c000000 NTAMS 0x000000061c000000 space 32768K, 100% used [0x000000061a000000, 0x000000061c000000)
AC   0  O    TS     0 PTAMS 0x000000061e000000 NTAMS 0x000000061e000000 space 32768K, 100% used [0x000000061c000000, 0x000000061e000000)
AC   0  O    TS     0 PTAMS 0x0000000620000000 NTAMS 0x0000000620000000 space 32768K, 100% used [0x000000061e000000, 0x0000000620000000)
AC   0  O    TS     0 PTAMS 0x0000000622000000 NTAMS 0x0000000622000000 space 32768K, 100% used [0x0000000620000000, 0x0000000622000000)
AC   0  O    TS     7 PTAMS 0x0000000622000000 NTAMS 0x0000000622000000 space 32768K, 100% used [0x0000000622000000, 0x0000000624000000)
AC   0  O    TS     3 PTAMS 0x0000000625463a00 NTAMS 0x0000000625463a00 space 32768K, 100% used [0x0000000624000000, 0x0000000626000000)
AC   0  O    TS     7 PTAMS 0x0000000626000000 NTAMS 0x0000000626000000 space 32768K, 100% used [0x0000000626000000, 0x0000000628000000)
AC   0  O    TS    45 PTAMS 0x0000000628000000 NTAMS 0x0000000628000000 space 32768K,  32% used [0x0000000628000000, 0x000000062a000000)
AC   0  O    TS     9 PTAMS 0x000000062a000000 NTAMS 0x000000062a000000 space 32768K, 100% used [0x000000062a000000, 0x000000062c000000)
AC   0  O    TS     9 PTAMS 0x000000062c000000 NTAMS 0x000000062c000000 space 32768K, 100% used [0x000000062c000000, 0x000000062e000000)
AC   0  O    TS     0 PTAMS 0x0000000630000000 NTAMS 0x0000000630000000 space 32768K, 100% used [0x000000062e000000, 0x0000000630000000)
AC   0  O    TS    23 PTAMS 0x0000000630000000 NTAMS 0x0000000630000000 space 32768K, 100% used [0x0000000630000000, 0x0000000632000000)
AC   0  O    TS     5 PTAMS 0x0000000632000000 NTAMS 0x0000000632000000 space 32768K, 100% used [0x0000000632000000, 0x0000000634000000)
AC   0  F    TS     0 PTAMS 0x0000000634000000 NTAMS 0x0000000634000000 space 32768K,   0% used [0x0000000634000000, 0x0000000636000000)
AC   0  F    TS     0 PTAMS 0x0000000636000000 NTAMS 0x0000000636000000 space 32768K,   0% used [0x0000000636000000, 0x0000000638000000)
AC   0  F    TS     0 PTAMS 0x0000000638000000 NTAMS 0x0000000638000000 space 32768K,   0% used [0x0000000638000000, 0x000000063a000000)
AC   0  F    TS     0 PTAMS 0x000000063a000000 NTAMS 0x000000063a000000 space 32768K,   0% used [0x000000063a000000, 0x000000063c000000)
AC   0  F    TS     0 PTAMS 0x000000063c000000 NTAMS 0x000000063c000000 space 32768K,   0% used [0x000000063c000000, 0x000000063e000000)
AC   0  F    TS     0 PTAMS 0x000000063e000000 NTAMS 0x000000063e000000 space 32768K,   0% used [0x000000063e000000, 0x0000000640000000)
AC   0  F    TS     0 PTAMS 0x0000000640000000 NTAMS 0x0000000640000000 space 32768K,   0% used [0x0000000640000000, 0x0000000642000000)
AC   0  F    TS     0 PTAMS 0x0000000642000000 NTAMS 0x0000000642000000 space 32768K,   0% used [0x0000000642000000, 0x0000000644000000)
AC   0  F    TS     0 PTAMS 0x0000000644000000 NTAMS 0x0000000644000000 space 32768K,   0% used [0x0000000644000000, 0x0000000646000000)
AC   0  F    TS     0 PTAMS 0x0000000646000000 NTAMS 0x0000000646000000 space 32768K,   0% used [0x0000000646000000, 0x0000000648000000)
AC   0  F    TS     9 PTAMS 0x0000000648000000 NTAMS 0x0000000648000000 space 32768K,   0% used [0x0000000648000000, 0x000000064a000000)
AC   0  F    TS     7 PTAMS 0x000000064a000000 NTAMS 0x000000064a000000 space 32768K,   0% used [0x000000064a000000, 0x000000064c000000)
AC   0  F    TS     0 PTAMS 0x000000064c000000 NTAMS 0x000000064c000000 space 32768K,   0% used [0x000000064c000000, 0x000000064e000000)
AC   0  F    TS     0 PTAMS 0x000000064e000000 NTAMS 0x000000064e000000 space 32768K,   0% used [0x000000064e000000, 0x0000000650000000)
AC   0  F    TS     0 PTAMS 0x0000000650000000 NTAMS 0x0000000650000000 space 32768K,   0% used [0x0000000650000000, 0x0000000652000000)
AC   0  F    TS     0 PTAMS 0x0000000652000000 NTAMS 0x0000000652000000 space 32768K,   0% used [0x0000000652000000, 0x0000000654000000)
AC   0  F    TS     0 PTAMS 0x0000000654000000 NTAMS 0x0000000654000000 space 32768K,   0% used [0x0000000654000000, 0x0000000656000000)
AC   0  F    TS     9 PTAMS 0x0000000656000000 NTAMS 0x0000000656000000 space 32768K,   0% used [0x0000000656000000, 0x0000000658000000)
AC   0  F    TS     9 PTAMS 0x0000000658000000 NTAMS 0x0000000658000000 space 32768K,   0% used [0x0000000658000000, 0x000000065a000000)
AC   0  F    TS     9 PTAMS 0x000000065a000000 NTAMS 0x000000065a000000 space 32768K,   0% used [0x000000065a000000, 0x000000065c000000)
AC   0  F    TS     9 PTAMS 0x000000065c000000 NTAMS 0x000000065c000000 space 32768K,   0% used [0x000000065c000000, 0x000000065e000000)
AC   0  F    TS     9 PTAMS 0x000000065e000000 NTAMS 0x000000065e000000 space 32768K,   0% used [0x000000065e000000, 0x0000000660000000)
AC   0  F    TS     9 PTAMS 0x0000000660000000 NTAMS 0x0000000660000000 space 32768K,   0% used [0x0000000660000000, 0x0000000662000000)
AC   0  F    TS     9 PTAMS 0x0000000662000000 NTAMS 0x0000000662000000 space 32768K,   0% used [0x0000000662000000, 0x0000000664000000)
AC   0  F    TS     9 PTAMS 0x0000000664000000 NTAMS 0x0000000664000000 space 32768K,   0% used [0x0000000664000000, 0x0000000666000000)
AC   0  F    TS     9 PTAMS 0x0000000666000000 NTAMS 0x0000000666000000 space 32768K,   0% used [0x0000000666000000, 0x0000000668000000)
AC   0  F    TS     9 PTAMS 0x0000000668000000 NTAMS 0x0000000668000000 space 32768K,   0% used [0x0000000668000000, 0x000000066a000000)
AC   0  F    TS     9 PTAMS 0x000000066a000000 NTAMS 0x000000066a000000 space 32768K,   0% used [0x000000066a000000, 0x000000066c000000)
AC   0  F    TS     9 PTAMS 0x000000066c000000 NTAMS 0x000000066c000000 space 32768K,   0% used [0x000000066c000000, 0x000000066e000000)
AC   0  F    TS     9 PTAMS 0x000000066e000000 NTAMS 0x000000066e000000 space 32768K,   0% used [0x000000066e000000, 0x0000000670000000)
AC   0  F    TS     9 PTAMS 0x0000000670000000 NTAMS 0x0000000670000000 space 32768K,   0% used [0x0000000670000000, 0x0000000672000000)
AC   0  F    TS     9 PTAMS 0x0000000672000000 NTAMS 0x0000000672000000 space 32768K,   0% used [0x0000000672000000, 0x0000000674000000)
AC   0  F    TS    15 PTAMS 0x0000000674000000 NTAMS 0x0000000674000000 space 32768K,   0% used [0x0000000674000000, 0x0000000676000000)
AC   0  F    TS     9 PTAMS 0x0000000676000000 NTAMS 0x0000000676000000 space 32768K,   0% used [0x0000000676000000, 0x0000000678000000)
AC   0  F    TS     9 PTAMS 0x0000000678000000 NTAMS 0x0000000678000000 space 32768K,   0% used [0x0000000678000000, 0x000000067a000000)
AC   0  F    TS    17 PTAMS 0x000000067a000000 NTAMS 0x000000067a000000 space 32768K,   0% used [0x000000067a000000, 0x000000067c000000)
AC   0  S CS TS    45 PTAMS 0x000000067c000000 NTAMS 0x000000067c000000 space 32768K,  89% used [0x000000067c000000, 0x000000067e000000)
AC   0  S CS TS    45 PTAMS 0x000000067e000000 NTAMS 0x000000067e000000 space 32768K, 100% used [0x000000067e000000, 0x0000000680000000)
AC   0  S CS TS    45 PTAMS 0x0000000680000000 NTAMS 0x0000000680000000 space 32768K, 100% used [0x0000000680000000, 0x0000000682000000)
AC   0  S CS TS    45 PTAMS 0x0000000682000000 NTAMS 0x0000000682000000 space 32768K, 100% used [0x0000000682000000, 0x0000000684000000)
AC   0  F    TS    39 PTAMS 0x0000000684000000 NTAMS 0x0000000684000000 space 32768K,   0% used [0x0000000684000000, 0x0000000686000000)
AC   0  F    TS    43 PTAMS 0x0000000686000000 NTAMS 0x0000000686000000 space 32768K,   0% used [0x0000000686000000, 0x0000000688000000)
AC   0  F    TS    43 PTAMS 0x0000000688000000 NTAMS 0x0000000688000000 space 32768K,   0% used [0x0000000688000000, 0x000000068a000000)
AC   0  F    TS    43 PTAMS 0x000000068a000000 NTAMS 0x000000068a000000 space 32768K,   0% used [0x000000068a000000, 0x000000068c000000)
AC   0  F    TS     9 PTAMS 0x000000068c000000 NTAMS 0x000000068c000000 space 32768K,   0% used [0x000000068c000000, 0x000000068e000000)
AC   0  F    TS     9 PTAMS 0x000000068e000000 NTAMS 0x000000068e000000 space 32768K,   0% used [0x000000068e000000, 0x0000000690000000)
AC   0  F    TS     9 PTAMS 0x0000000690000000 NTAMS 0x0000000690000000 space 32768K,   0% used [0x0000000690000000, 0x0000000692000000)
AC   0  F    TS     9 PTAMS 0x0000000692000000 NTAMS 0x0000000692000000 space 32768K,   0% used [0x0000000692000000, 0x0000000694000000)
AC   0  F    TS     9 PTAMS 0x0000000694000000 NTAMS 0x0000000694000000 space 32768K,   0% used [0x0000000694000000, 0x0000000696000000)
AC   0  F    TS    11 PTAMS 0x0000000696000000 NTAMS 0x0000000696000000 space 32768K,   0% used [0x0000000696000000, 0x0000000698000000)
AC   0  F    TS    11 PTAMS 0x0000000698000000 NTAMS 0x0000000698000000 space 32768K,   0% used [0x0000000698000000, 0x000000069a000000)
AC   0  F    TS    11 PTAMS 0x000000069a000000 NTAMS 0x000000069a000000 space 32768K,   0% used [0x000000069a000000, 0x000000069c000000)
AC   0  F    TS    11 PTAMS 0x000000069c000000 NTAMS 0x000000069c000000 space 32768K,   0% used [0x000000069c000000, 0x000000069e000000)
AC   0  F    TS    11 PTAMS 0x000000069e000000 NTAMS 0x000000069e000000 space 32768K,   0% used [0x000000069e000000, 0x00000006a0000000)
AC   0  F    TS    11 PTAMS 0x00000006a0000000 NTAMS 0x00000006a0000000 space 32768K,   0% used [0x00000006a0000000, 0x00000006a2000000)
AC   0  F    TS    11 PTAMS 0x00000006a2000000 NTAMS 0x00000006a2000000 space 32768K,   0% used [0x00000006a2000000, 0x00000006a4000000)
AC   0  F    TS    11 PTAMS 0x00000006a4000000 NTAMS 0x00000006a4000000 space 32768K,   0% used [0x00000006a4000000, 0x00000006a6000000)
AC   0  F    TS    11 PTAMS 0x00000006a6000000 NTAMS 0x00000006a6000000 space 32768K,   0% used [0x00000006a6000000, 0x00000006a8000000)
AC   0  F    TS    11 PTAMS 0x00000006a8000000 NTAMS 0x00000006a8000000 space 32768K,   0% used [0x00000006a8000000, 0x00000006aa000000)
AC   0  F    TS    11 PTAMS 0x00000006aa000000 NTAMS 0x00000006aa000000 space 32768K,   0% used [0x00000006aa000000, 0x00000006ac000000)
AC   0  F    TS    11 PTAMS 0x00000006ac000000 NTAMS 0x00000006ac000000 space 32768K,   0% used [0x00000006ac000000, 0x00000006ae000000)
AC   0  F    TS    35 PTAMS 0x00000006ae000000 NTAMS 0x00000006ae000000 space 32768K,   0% used [0x00000006ae000000, 0x00000006b0000000)
AC   0  F    TS    35 PTAMS 0x00000006b0000000 NTAMS 0x00000006b0000000 space 32768K,   0% used [0x00000006b0000000, 0x00000006b2000000)
AC   0  F    TS    35 PTAMS 0x00000006b2000000 NTAMS 0x00000006b2000000 space 32768K,   0% used [0x00000006b2000000, 0x00000006b4000000)
AC   0  F    TS    35 PTAMS 0x00000006b4000000 NTAMS 0x00000006b4000000 space 32768K,   0% used [0x00000006b4000000, 0x00000006b6000000)
AC   0  F    TS    11 PTAMS 0x00000006b6000000 NTAMS 0x00000006b6000000 space 32768K,   0% used [0x00000006b6000000, 0x00000006b8000000)
AC   0  F    TS    11 PTAMS 0x00000006b8000000 NTAMS 0x00000006b8000000 space 32768K,   0% used [0x00000006b8000000, 0x00000006ba000000)
AC   0  F    TS    11 PTAMS 0x00000006ba000000 NTAMS 0x00000006ba000000 space 32768K,   0% used [0x00000006ba000000, 0x00000006bc000000)
AC   0  F    TS    11 PTAMS 0x00000006bc000000 NTAMS 0x00000006bc000000 space 32768K,   0% used [0x00000006bc000000, 0x00000006be000000)
AC   0  F    TS    11 PTAMS 0x00000006be000000 NTAMS 0x00000006be000000 space 32768K,   0% used [0x00000006be000000, 0x00000006c0000000)
AC   0  F    TS    11 PTAMS 0x00000006c0000000 NTAMS 0x00000006c0000000 space 32768K,   0% used [0x00000006c0000000, 0x00000006c2000000)
AC   0  F    TS    11 PTAMS 0x00000006c2000000 NTAMS 0x00000006c2000000 space 32768K,   0% used [0x00000006c2000000, 0x00000006c4000000)
AC   0  F    TS    11 PTAMS 0x00000006c4000000 NTAMS 0x00000006c4000000 space 32768K,   0% used [0x00000006c4000000, 0x00000006c6000000)
AC   0  F    TS    11 PTAMS 0x00000006c6000000 NTAMS 0x00000006c6000000 space 32768K,   0% used [0x00000006c6000000, 0x00000006c8000000)
AC   0  F    TS    11 PTAMS 0x00000006c8000000 NTAMS 0x00000006c8000000 space 32768K,   0% used [0x00000006c8000000, 0x00000006ca000000)
AC   0  F    TS    11 PTAMS 0x00000006ca000000 NTAMS 0x00000006ca000000 space 32768K,   0% used [0x00000006ca000000, 0x00000006cc000000)
AC   0  F    TS    11 PTAMS 0x00000006cc000000 NTAMS 0x00000006cc000000 space 32768K,   0% used [0x00000006cc000000, 0x00000006ce000000)
AC   0  F    TS    11 PTAMS 0x00000006ce000000 NTAMS 0x00000006ce000000 space 32768K,   0% used [0x00000006ce000000, 0x00000006d0000000)
AC   0  F    TS    11 PTAMS 0x00000006d0000000 NTAMS 0x00000006d0000000 space 32768K,   0% used [0x00000006d0000000, 0x00000006d2000000)
AC   0  E    TS    13 PTAMS 0x00000006d2000000 NTAMS 0x00000006d2000000 space 32768K,   4% used [0x00000006d2000000, 0x00000006d4000000)
AC   0  E CS TS    13 PTAMS 0x00000006d4000000 NTAMS 0x00000006d4000000 space 32768K, 100% used [0x00000006d4000000, 0x00000006d6000000)
AC   0  E CS TS    13 PTAMS 0x00000006d6000000 NTAMS 0x00000006d6000000 space 32768K, 100% used [0x00000006d6000000, 0x00000006d8000000)
AC   0  E CS TS    13 PTAMS 0x00000006d8000000 NTAMS 0x00000006d8000000 space 32768K, 100% used [0x00000006d8000000, 0x00000006da000000)
AC   0  E CS TS    13 PTAMS 0x00000006da000000 NTAMS 0x00000006da000000 space 32768K, 100% used [0x00000006da000000, 0x00000006dc000000)
AC   0  E CS TS    13 PTAMS 0x00000006dc000000 NTAMS 0x00000006dc000000 space 32768K, 100% used [0x00000006dc000000, 0x00000006de000000)
AC   0  E CS TS    13 PTAMS 0x00000006de000000 NTAMS 0x00000006de000000 space 32768K, 100% used [0x00000006de000000, 0x00000006e0000000)
AC   0  E CS TS    13 PTAMS 0x00000006e0000000 NTAMS 0x00000006e0000000 space 32768K, 100% used [0x00000006e0000000, 0x00000006e2000000)
AC   0  E CS TS    13 PTAMS 0x00000006e2000000 NTAMS 0x00000006e2000000 space 32768K, 100% used [0x00000006e2000000, 0x00000006e4000000)
AC   0  E CS TS    13 PTAMS 0x00000006e4000000 NTAMS 0x00000006e4000000 space 32768K, 100% used [0x00000006e4000000, 0x00000006e6000000)
AC   0  E CS TS    13 PTAMS 0x00000006e6000000 NTAMS 0x00000006e6000000 space 32768K, 100% used [0x00000006e6000000, 0x00000006e8000000)
AC   0  E CS TS    13 PTAMS 0x00000006e8000000 NTAMS 0x00000006e8000000 space 32768K, 100% used [0x00000006e8000000, 0x00000006ea000000)
AC   0  E CS TS    21 PTAMS 0x00000006ea000000 NTAMS 0x00000006ea000000 space 32768K, 100% used [0x00000006ea000000, 0x00000006ec000000)
AC   0  E CS TS    33 PTAMS 0x00000006ec000000 NTAMS 0x00000006ec000000 space 32768K, 100% used [0x00000006ec000000, 0x00000006ee000000)
AC   0  E CS TS    33 PTAMS 0x00000006ee000000 NTAMS 0x00000006ee000000 space 32768K, 100% used [0x00000006ee000000, 0x00000006f0000000)
AC   0  E CS TS    33 PTAMS 0x00000006f0000000 NTAMS 0x00000006f0000000 space 32768K, 100% used [0x00000006f0000000, 0x00000006f2000000)
AC   0  E CS TS    31 PTAMS 0x00000006f2000000 NTAMS 0x00000006f2000000 space 32768K, 100% used [0x00000006f2000000, 0x00000006f4000000)
AC   0  E CS TS    31 PTAMS 0x00000006f4000000 NTAMS 0x00000006f4000000 space 32768K, 100% used [0x00000006f4000000, 0x00000006f6000000)
AC   0  E CS TS    31 PTAMS 0x00000006f6000000 NTAMS 0x00000006f6000000 space 32768K, 100% used [0x00000006f6000000, 0x00000006f8000000)
AC   0  E CS TS    23 PTAMS 0x00000006f8000000 NTAMS 0x00000006f8000000 space 32768K, 100% used [0x00000006f8000000, 0x00000006fa000000)
AC   0  E CS TS    19 PTAMS 0x00000006fa000000 NTAMS 0x00000006fa000000 space 32768K, 100% used [0x00000006fa000000, 0x00000006fc000000)
AC   0  E CS TS    19 PTAMS 0x00000006fc000000 NTAMS 0x00000006fc000000 space 32768K, 100% used [0x00000006fc000000, 0x00000006fe000000)
AC   0  E CS TS    13 PTAMS 0x00000006fe000000 NTAMS 0x00000006fe000000 space 32768K, 100% used [0x00000006fe000000, 0x0000000700000000)
AC   0  E CS TS    13 PTAMS 0x0000000700000000 NTAMS 0x0000000700000000 space 32768K, 100% used [0x0000000700000000, 0x0000000702000000)
AC   0  E CS TS    15 PTAMS 0x0000000702000000 NTAMS 0x0000000702000000 space 32768K, 100% used [0x0000000702000000, 0x0000000704000000)
AC   0  E CS TS    15 PTAMS 0x0000000704000000 NTAMS 0x0000000704000000 space 32768K, 100% used [0x0000000704000000, 0x0000000706000000)
AC   0  E CS TS    15 PTAMS 0x0000000706000000 NTAMS 0x0000000706000000 space 32768K, 100% used [0x0000000706000000, 0x0000000708000000)
AC   0  E CS TS    15 PTAMS 0x0000000708000000 NTAMS 0x0000000708000000 space 32768K, 100% used [0x0000000708000000, 0x000000070a000000)
AC   0  E CS TS    15 PTAMS 0x000000070a000000 NTAMS 0x000000070a000000 space 32768K, 100% used [0x000000070a000000, 0x000000070c000000)
AC   0  E CS TS    15 PTAMS 0x000000070c000000 NTAMS 0x000000070c000000 space 32768K, 100% used [0x000000070c000000, 0x000000070e000000)
AC   0  E CS TS    15 PTAMS 0x000000070e000000 NTAMS 0x000000070e000000 space 32768K, 100% used [0x000000070e000000, 0x0000000710000000)
AC   0  E CS TS    15 PTAMS 0x0000000710000000 NTAMS 0x0000000710000000 space 32768K, 100% used [0x0000000710000000, 0x0000000712000000)
AC   0  E CS TS    15 PTAMS 0x0000000712000000 NTAMS 0x0000000712000000 space 32768K, 100% used [0x0000000712000000, 0x0000000714000000)
AC   0  E CS TS    15 PTAMS 0x0000000714000000 NTAMS 0x0000000714000000 space 32768K, 100% used [0x0000000714000000, 0x0000000716000000)
AC   0  E CS TS    15 PTAMS 0x0000000716000000 NTAMS 0x0000000716000000 space 32768K, 100% used [0x0000000716000000, 0x0000000718000000)
AC   0  E CS TS    15 PTAMS 0x0000000718000000 NTAMS 0x0000000718000000 space 32768K, 100% used [0x0000000718000000, 0x000000071a000000)
AC   0  E CS TS    15 PTAMS 0x000000071a000000 NTAMS 0x000000071a000000 space 32768K, 100% used [0x000000071a000000, 0x000000071c000000)
AC   0  E CS TS    15 PTAMS 0x000000071c000000 NTAMS 0x000000071c000000 space 32768K, 100% used [0x000000071c000000, 0x000000071e000000)
AC   0  E CS TS    15 PTAMS 0x000000071e000000 NTAMS 0x000000071e000000 space 32768K, 100% used [0x000000071e000000, 0x0000000720000000)
AC   0  E CS TS    15 PTAMS 0x0000000720000000 NTAMS 0x0000000720000000 space 32768K, 100% used [0x0000000720000000, 0x0000000722000000)
AC   0  E CS TS    15 PTAMS 0x0000000722000000 NTAMS 0x0000000722000000 space 32768K, 100% used [0x0000000722000000, 0x0000000724000000)
AC   0  E CS TS    15 PTAMS 0x0000000724000000 NTAMS 0x0000000724000000 space 32768K, 100% used [0x0000000724000000, 0x0000000726000000)
AC   0  E CS TS    15 PTAMS 0x0000000726000000 NTAMS 0x0000000726000000 space 32768K, 100% used [0x0000000726000000, 0x0000000728000000)

Card table byte_map: [0x0000000014630000,0x0000000015380000] byte_map_base: 0x0000000011580000

Marking Bits (Prev, Next): (CMBitMap*) 0x00000000029e7f68, (CMBitMap*) 0x00000000029e7fc0
 Prev Bits: [0x00000000160d0000, 0x000000001cb50000)
 Next Bits: [0x000000001cb50000, 0x00000000235d0000)

Polling page: 0x0000000000f80000

CodeCache: size=245760Kb used=69967Kb max_used=70519Kb free=175792Kb
 bounds [0x0000000002a90000, 0x0000000007040000, 0x0000000011a90000]
 total_blobs=18795 nmethods=17664 adapters=1037
 compilation: enabled

Compilation events (10 events):
Event: 488.156 Thread 0x0000000026e4c800 nmethod 25933 0x0000000005ec3490 code [0x0000000005ec3600, 0x0000000005ec3768]
Event: 488.156 Thread 0x0000000026e4b800 nmethod 25931 0x0000000002d36790 code [0x0000000002d36920, 0x0000000002d370d8]
Event: 488.198 Thread 0x0000000026e43800 25934       4       net.minecraft.world.World::func_72866_a (608 bytes)
Event: 488.233 Thread 0x0000000026e4b800 25935   !   4       net.minecraft.entity.Entity::func_70091_d (2602 bytes)
Event: 488.294 Thread 0x0000000026e43800 nmethod 25934 0x00000000066465d0 code [0x0000000006646a00, 0x00000000066493c8]
Event: 488.315 Thread 0x0000000026e43800 25936       4       net.minecraft.entity.EntityTrackerEntry::func_73122_a (1344 bytes)
Event: 488.454 Thread 0x0000000026e43800 nmethod 25936 0x00000000068da6d0 code [0x00000000068dab80, 0x00000000068dddb8]
Event: 488.506 Thread 0x0000000026e43800 25937       4       net.minecraft.world.World::func_184144_a (216 bytes)
Event: 488.550 Thread 0x0000000026e43800 nmethod 25937 0x0000000006df4350 code [0x0000000006df45e0, 0x0000000006df5b90]
Event: 488.561 Thread 0x0000000026e43800 25938       4       net.minecraft.entity.EntityLiving::func_70626_be (332 bytes)

GC Heap History (10 events):
Event: 397.107 GC heap before
{Heap before GC invocations=167 (full 0):
 garbage-first heap   total 4489216K, used 3145781K [0x0000000616000000, 0x0000000618000448, 0x00000007c0000000)
  region size 32768K, 82 young (2686976K), 4 survivors (131072K)
 Metaspace       used 138317K, capacity 143367K, committed 143616K, reserved 1169408K
  class space    used 22261K, capacity 23481K, committed 23552K, reserved 1048576K
Event: 397.143 GC heap after
Heap after GC invocations=168 (full 0):
 garbage-first heap   total 4489216K, used 593267K [0x0000000616000000, 0x0000000618000448, 0x00000007c0000000)
  region size 32768K, 4 young (131072K), 4 survivors (131072K)
 Metaspace       used 138317K, capacity 143367K, committed 143616K, reserved 1169408K
  class space    used 22261K, capacity 23481K, committed 23552K, reserved 1048576K
}
Event: 406.381 GC heap before
{Heap before GC invocations=168 (full 0):
 garbage-first heap   total 4489216K, used 3149171K [0x0000000616000000, 0x0000000618000448, 0x00000007c0000000)
  region size 32768K, 82 young (2686976K), 4 survivors (131072K)
 Metaspace       used 138383K, capacity 143459K, committed 143616K, reserved 1169408K
  class space    used 22265K, capacity 23485K, committed 23552K, reserved 1048576K
Event: 406.434 GC heap after
Heap after GC invocations=169 (full 0):
 garbage-first heap   total 4489216K, used 592242K [0x0000000616000000, 0x0000000618000448, 0x00000007c0000000)
  region size 32768K, 4 young (131072K), 4 survivors (131072K)
 Metaspace       used 138383K, capacity 143459K, committed 143616K, reserved 1169408K
  class space    used 22265K, capacity 23485K, committed 23552K, reserved 1048576K
}
Event: 415.220 GC heap before
{Heap before GC invocations=169 (full 0):
 garbage-first heap   total 4489216K, used 3148146K [0x0000000616000000, 0x0000000618000448, 0x00000007c0000000)
  region size 32768K, 82 young (2686976K), 4 survivors (131072K)
 Metaspace       used 138437K, capacity 143479K, committed 143616K, reserved 1169408K
  class space    used 22271K, capacity 23491K, committed 23552K, reserved 1048576K
Event: 415.267 GC heap after
Heap after GC invocations=170 (full 0):
 garbage-first heap   total 4489216K, used 583992K [0x0000000616000000, 0x0000000618000448, 0x00000007c0000000)
  region size 32768K, 4 young (131072K), 4 survivors (131072K)
 Metaspace       used 138437K, capacity 143479K, committed 143616K, reserved 1169408K
  class space    used 22271K, capacity 23491K, committed 23552K, reserved 1048576K
}
Event: 434.286 GC heap before
{Heap before GC invocations=170 (full 0):
 garbage-first heap   total 4489216K, used 3139896K [0x0000000616000000, 0x0000000618000448, 0x00000007c0000000)
  region size 32768K, 82 young (2686976K), 4 survivors (131072K)
 Metaspace       used 138502K, capacity 143543K, committed 143616K, reserved 1169408K
  class space    used 22271K, capacity 23491K, committed 23552K, reserved 1048576K
Event: 434.334 GC heap after
Heap after GC invocations=171 (full 0):
 garbage-first heap   total 4489216K, used 564612K [0x0000000616000000, 0x0000000618000448, 0x00000007c0000000)
  region size 32768K, 3 young (98304K), 3 survivors (98304K)
 Metaspace       used 138502K, capacity 143543K, committed 143616K, reserved 1169408K
  class space    used 22271K, capacity 23491K, committed 23552K, reserved 1048576K
}
Event: 456.150 GC heap before
{Heap before GC invocations=171 (full 0):
 garbage-first heap   total 4489216K, used 3153284K [0x0000000616000000, 0x0000000618000448, 0x00000007c0000000)
  region size 32768K, 82 young (2686976K), 3 survivors (98304K)
 Metaspace       used 138541K, capacity 143607K, committed 143872K, reserved 1169408K
  class space    used 22272K, capacity 23491K, committed 23552K, reserved 1048576K
Event: 456.194 GC heap after
Heap after GC invocations=172 (full 0):
 garbage-first heap   total 4489216K, used 596876K [0x0000000616000000, 0x0000000618000448, 0x00000007c0000000)
  region size 32768K, 4 young (131072K), 4 survivors (131072K)
 Metaspace       used 138541K, capacity 143607K, committed 143872K, reserved 1169408K
  class space    used 22272K, capacity 23491K, committed 23552K, reserved 1048576K
}

Deoptimization events (10 events):
Event: 487.691 Thread 0x0000000028ba8000 Uncommon trap: reason=unstable_if action=reinterpret pc=0x0000000004f82454 method=net.minecraft.entity.Entity.func_184218_aH()Z @ 4
Event: 487.692 Thread 0x0000000028ba8000 Uncommon trap: reason=unstable_if action=reinterpret pc=0x0000000003aa6a00 method=net.minecraft.entity.Entity.func_184218_aH()Z @ 4
Event: 487.692 Thread 0x0000000028ba8000 Uncommon trap: reason=unstable_if action=reinterpret pc=0x0000000003a26fbc method=net.minecraft.entity.Entity.func_184218_aH()Z @ 4
Event: 487.692 Thread 0x0000000028ba8000 Uncommon trap: reason=unstable_if action=reinterpret pc=0x0000000005b90a94 method=net.minecraft.entity.Entity.func_184188_bt()Ljava/util/List; @ 9
Event: 487.692 Thread 0x0000000028ba8000 Uncommon trap: reason=class_check action=maybe_recompile pc=0x000000000652def0 method=java.util.AbstractList.equals(Ljava/lang/Object;)Z @ 8
Event: 487.991 Thread 0x0000000028ba8000 Uncommon trap: reason=bimorphic action=maybe_recompile pc=0x000000000652de1c method=java.util.AbstractList.equals(Ljava/lang/Object;)Z @ 82
Event: 488.051 Thread 0x0000000028ba8000 Uncommon trap: reason=class_check action=maybe_recompile pc=0x0000000006d95ca8 method=net.minecraft.world.gen.feature.WorldGenReed.func_180709_b(Lnet/minecraft/world/World;Ljava/util/Random;Lnet/minecraft/util/math/BlockPos;)Z @ 84
Event: 488.101 Thread 0x0000000028ba8000 Uncommon trap: reason=bimorphic action=maybe_recompile pc=0x000000000652de1c method=java.util.AbstractList.equals(Ljava/lang/Object;)Z @ 82
Event: 488.121 Thread 0x0000000028ba8000 Uncommon trap: reason=bimorphic action=maybe_recompile pc=0x000000000652de1c method=java.util.AbstractList.equals(Ljava/lang/Object;)Z @ 82
Event: 488.128 Thread 0x0000000028ba8000 Uncommon trap: reason=bimorphic action=maybe_recompile pc=0x000000000652de1c method=java.util.AbstractList.equals(Ljava/lang/Object;)Z @ 82

Classes redefined (0 events):
No events

Internal exceptions (10 events):
Event: 487.875 Thread 0x0000000028ba8000 NullPointerException in IC check 0x0000000002fb4f60
Event: 487.875 Thread 0x0000000028ba8000 Exception <a 'java/lang/NullPointerException'> (0x00000006d9b13550) thrown at [C:\ade\jenkins\workspace\8-2-build-windows-amd64-cygwin\jdk8u241\331\hotspot\src\share\vm\runtime\sharedRuntime.cpp, line 605]
Event: 487.875 Thread 0x0000000028ba8000 NullPointerException in IC check 0x0000000002fb4f60
Event: 487.875 Thread 0x0000000028ba8000 Exception <a 'java/lang/NullPointerException'> (0x00000006d9b149a0) thrown at [C:\ade\jenkins\workspace\8-2-build-windows-amd64-cygwin\jdk8u241\331\hotspot\src\share\vm\runtime\sharedRuntime.cpp, line 605]
Event: 487.875 Thread 0x0000000028ba8000 NullPointerException in IC check 0x0000000002fb4f60
Event: 487.875 Thread 0x0000000028ba8000 Exception <a 'java/lang/NullPointerException'> (0x00000006d9b15b10) thrown at [C:\ade\jenkins\workspace\8-2-build-windows-amd64-cygwin\jdk8u241\331\hotspot\src\share\vm\runtime\sharedRuntime.cpp, line 605]
Event: 487.875 Thread 0x0000000028ba8000 NullPointerException in IC check 0x0000000002fb4f60
Event: 487.875 Thread 0x0000000028ba8000 Exception <a 'java/lang/NullPointerException'> (0x00000006d9b16db8) thrown at [C:\ade\jenkins\workspace\8-2-build-windows-amd64-cygwin\jdk8u241\331\hotspot\src\share\vm\runtime\sharedRuntime.cpp, line 605]
Event: 487.928 Thread 0x0000000028ba8000 NullPointerException in IC check 0x0000000002fb4f60
Event: 487.928 Thread 0x0000000028ba8000 Exception <a 'java/lang/NullPointerException'> (0x00000006d63e62d8) thrown at [C:\ade\jenkins\workspace\8-2-build-windows-amd64-cygwin\jdk8u241\331\hotspot\src\share\vm\runtime\sharedRuntime.cpp, line 605]

Events (10 events):
Event: 488.101 Thread 0x0000000028ba8000 DEOPT PACKING pc=0x000000000652de1c sp=0x000000002f97ee60
Event: 488.101 Thread 0x0000000028ba8000 DEOPT UNPACKING pc=0x0000000002ad583b sp=0x000000002f97ee40 mode 2
Event: 488.121 Thread 0x0000000028ba8000 Uncommon trap: trap_request=0xffffffc6 fr.pc=0x000000000652de1c
Event: 488.121 Thread 0x0000000028ba8000 DEOPT PACKING pc=0x000000000652de1c sp=0x000000002f97ee60
Event: 488.121 Thread 0x0000000028ba8000 DEOPT UNPACKING pc=0x0000000002ad583b sp=0x000000002f97ee40 mode 2
Event: 488.128 Thread 0x0000000028ba8000 Uncommon trap: trap_request=0xffffffc6 fr.pc=0x000000000652de1c
Event: 488.128 Thread 0x0000000028ba8000 DEOPT PACKING pc=0x000000000652de1c sp=0x000000002f97ee60
Event: 488.128 Thread 0x0000000028ba8000 DEOPT UNPACKING pc=0x0000000002ad583b sp=0x000000002f97ee40 mode 2
Event: 488.455 Thread 0x0000000026e43800 flushing nmethod 0x0000000002ed0ad0
Event: 488.455 Thread 0x0000000026e43800 flushing nmethod 0x0000000002ef68d0


Dynamic libraries:
0x00007ff653a20000 - 0x00007ff653a57000 	C:\Program Files (x86)\Common Files\Oracle\Java\javapath\java.exe
0x00007fff63a20000 - 0x00007fff63c10000 	C:\WINDOWS\SYSTEM32\ntdll.dll
0x00007fff62a50000 - 0x00007fff62b02000 	C:\WINDOWS\System32\KERNEL32.DLL
0x00007fff609b0000 - 0x00007fff60c53000 	C:\WINDOWS\System32\KERNELBASE.dll
0x00007fff62e00000 - 0x00007fff62ea3000 	C:\WINDOWS\System32\ADVAPI32.dll
0x00007fff62d00000 - 0x00007fff62d9e000 	C:\WINDOWS\System32\msvcrt.dll
0x00007fff62c60000 - 0x00007fff62cf7000 	C:\WINDOWS\System32\sechost.dll
0x00007fff62eb0000 - 0x00007fff62fd0000 	C:\WINDOWS\System32\RPCRT4.dll
0x00007fff628b0000 - 0x00007fff62a44000 	C:\WINDOWS\System32\USER32.dll
0x00007fff60c90000 - 0x00007fff60cb1000 	C:\WINDOWS\System32\win32u.dll
0x00007fff63800000 - 0x00007fff63826000 	C:\WINDOWS\System32\GDI32.dll
0x00007fff60e10000 - 0x00007fff60fa4000 	C:\WINDOWS\System32\gdi32full.dll
0x00007fff61980000 - 0x00007fff61a1e000 	C:\WINDOWS\System32\msvcp_win.dll
0x00007fff60cc0000 - 0x00007fff60dba000 	C:\WINDOWS\System32\ucrtbase.dll
0x00007fff4d2d0000 - 0x00007fff4d555000 	C:\WINDOWS\WinSxS\amd64_microsoft.windows.common-controls_6595b64144ccf1df_6.0.18362.720_none_e6beb5c51314836b\COMCTL32.dll
0x00007fff63180000 - 0x00007fff634b6000 	C:\WINDOWS\System32\combase.dll
0x00007fff61900000 - 0x00007fff61980000 	C:\WINDOWS\System32\bcryptPrimitives.dll
0x00007fff634e0000 - 0x00007fff6350e000 	C:\WINDOWS\System32\IMM32.DLL
0x0000000062700000 - 0x00000000627d2000 	C:\Program Files\Java\jre1.8.0_241\bin\msvcr100.dll
0x0000000060c60000 - 0x000000006150c000 	C:\Program Files\Java\jre1.8.0_241\bin\server\jvm.dll
0x00007fff628a0000 - 0x00007fff628a8000 	C:\WINDOWS\System32\PSAPI.DLL
0x00007fff5aff0000 - 0x00007fff5affa000 	C:\WINDOWS\SYSTEM32\VERSION.dll
0x00007fff5db30000 - 0x00007fff5db54000 	C:\WINDOWS\SYSTEM32\WINMM.dll
0x00007fff5d890000 - 0x00007fff5d899000 	C:\WINDOWS\SYSTEM32\WSOCK32.dll
0x00007fff62fd0000 - 0x00007fff6303f000 	C:\WINDOWS\System32\WS2_32.dll
0x00007fff5db00000 - 0x00007fff5db2d000 	C:\WINDOWS\SYSTEM32\winmmbase.dll
0x00007fff60dc0000 - 0x00007fff60e0a000 	C:\WINDOWS\System32\cfgmgr32.dll
0x00007fff5c360000 - 0x00007fff5c36f000 	C:\Program Files\Java\jre1.8.0_241\bin\verify.dll
0x00007fff55030000 - 0x00007fff55059000 	C:\Program Files\Java\jre1.8.0_241\bin\java.dll
0x00007fff5c0c0000 - 0x00007fff5c0d6000 	C:\Program Files\Java\jre1.8.0_241\bin\zip.dll
0x00007fff61ce0000 - 0x00007fff623c5000 	C:\WINDOWS\System32\SHELL32.dll
0x00007fff63750000 - 0x00007fff637f9000 	C:\WINDOWS\System32\shcore.dll
0x00007fff61180000 - 0x00007fff61900000 	C:\WINDOWS\System32\windows.storage.dll
0x00007fff60910000 - 0x00007fff60933000 	C:\WINDOWS\System32\profapi.dll
0x00007fff60960000 - 0x00007fff609aa000 	C:\WINDOWS\System32\powrprof.dll
0x00007fff608e0000 - 0x00007fff608f0000 	C:\WINDOWS\System32\UMPDC.dll
0x00007fff623d0000 - 0x00007fff62422000 	C:\WINDOWS\System32\shlwapi.dll
0x00007fff60940000 - 0x00007fff60951000 	C:\WINDOWS\System32\kernel.appcore.dll
0x00007fff60fb0000 - 0x00007fff60fc7000 	C:\WINDOWS\System32\cryptsp.dll
0x00007fff5c350000 - 0x00007fff5c35d000 	C:\Program Files\Java\jre1.8.0_241\bin\management.dll
0x00007fff5be90000 - 0x00007fff5beaa000 	C:\Program Files\Java\jre1.8.0_241\bin\net.dll
0x00007fff600f0000 - 0x00007fff60157000 	C:\WINDOWS\system32\mswsock.dll
0x00007fff42240000 - 0x00007fff42256000 	C:\WINDOWS\system32\napinsp.dll
0x00007fff42220000 - 0x00007fff4223a000 	C:\WINDOWS\system32\pnrpnsp.dll
0x00007fff44630000 - 0x00007fff44645000 	C:\WINDOWS\system32\wshbth.dll
0x00007fff5d4e0000 - 0x00007fff5d4fc000 	C:\WINDOWS\system32\NLAapi.dll
0x00007fff5fe00000 - 0x00007fff5fe3a000 	C:\WINDOWS\SYSTEM32\IPHLPAPI.DLL
0x00007fff5fe40000 - 0x00007fff5ff0a000 	C:\WINDOWS\SYSTEM32\DNSAPI.dll
0x00007fff62b10000 - 0x00007fff62b18000 	C:\WINDOWS\System32\NSI.dll
0x00007fff41f20000 - 0x00007fff41f2e000 	C:\WINDOWS\System32\winrnr.dll
0x0000000062b80000 - 0x0000000062ba6000 	C:\Program Files\Bonjour\mdnsNSP.dll
0x00007fff59090000 - 0x00007fff5909a000 	C:\Windows\System32\rasadhlp.dll
0x00007fff5aa90000 - 0x00007fff5ab07000 	C:\WINDOWS\System32\fwpuclnt.dll
0x00007fff60c60000 - 0x00007fff60c86000 	C:\WINDOWS\System32\bcrypt.dll
0x00007fff5fc60000 - 0x00007fff5fc93000 	C:\WINDOWS\system32\rsaenh.dll
0x00007fff60800000 - 0x00007fff60825000 	C:\WINDOWS\SYSTEM32\USERENV.dll
0x00007fff602c0000 - 0x00007fff602cc000 	C:\WINDOWS\SYSTEM32\CRYPTBASE.dll
0x00007fff5b090000 - 0x00007fff5b0a6000 	C:\WINDOWS\SYSTEM32\dhcpcsvc6.DLL
0x00007fff5b070000 - 0x00007fff5b08c000 	C:\WINDOWS\SYSTEM32\dhcpcsvc.DLL
0x00007fff55370000 - 0x00007fff55382000 	C:\Program Files\Java\jre1.8.0_241\bin\nio.dll
0x00007fff3bbc0000 - 0x00007fff3bc02000 	C:\Users\Fruksus\AppData\Local\Temp\jna-1075825295\jna2823169067840865634.dll
0x00007fff47a80000 - 0x00007fff47aa4000 	C:\Program Files\Java\jre1.8.0_241\bin\sunec.dll
0x00007fff5db70000 - 0x00007fff5db87000 	C:\Program Files\Java\jre1.8.0_241\bin\unpack.dll
0x00007fff14990000 - 0x00007fff14b2a000 	C:\Program Files\Java\jre1.8.0_241\bin\awt.dll
0x00007fff62b90000 - 0x00007fff62c54000 	C:\WINDOWS\System32\OLEAUT32.dll
0x00007fff5dc30000 - 0x00007fff5dcbf000 	C:\WINDOWS\SYSTEM32\apphelp.dll
0x00007fff544a0000 - 0x00007fff544ab000 	C:\Program Files\Java\jre1.8.0_241\bin\sunmscapi.dll
0x00007fff61030000 - 0x00007fff61179000 	C:\WINDOWS\System32\CRYPT32.dll
0x00007fff608f0000 - 0x00007fff60902000 	C:\WINDOWS\System32\MSASN1.dll

VM Arguments:
jvm_args: -Xms500M -Xmx6800M -XX:+UseG1GC -Dsun.rmi.dgc.server.gcInterval=2147483646 -XX:+UnlockExperimentalVMOptions -XX:G1NewSizePercent=20 -XX:G1ReservePercent=20 -XX:MaxGCPauseMillis=50 -XX:G1HeapRegionSize=32M -Dfml.readTimeout=180 
java_command: forge-1.12.2-14.23.5.2838-universal.jar nogui
java_class_path (initial): forge-1.12.2-14.23.5.2838-universal.jar
Launcher Type: SUN_STANDARD

Environment Variables:
PATH=C:\Program Files (x86)\Common Files\Oracle\Java\javapath;C:\WINDOWS\system32;C:\WINDOWS;C:\WINDOWS\System32\Wbem;C:\WINDOWS\System32\WindowsPowerShell\v1.0\;C:\WINDOWS\System32\OpenSSH\;C:\Program Files\NVIDIA Corporation\NVIDIA NvDLISR;E:\PO\Git\cmd;C:\Program Files\Git LFS;C:\Program Files\dotnet\;C:\Program Files (x86)\NVIDIA Corporation\PhysX\Common;C:\Users\Fruksus\AppData\Local\Microsoft\WindowsApps;C:\Users\Fruksus\AppData\Local\GitHubDesktop\bin
USERNAME=Fruksus
OS=Windows_NT
PROCESSOR_IDENTIFIER=Intel64 Family 6 Model 158 Stepping 9, GenuineIntel



---------------  S Y S T E M  ---------------

OS: Windows 10.0 , 64 bit Build 18362 (10.0.18362.329)

CPU:total 4 (initial active 4) (2 cores per cpu, 2 threads per core) family 6 model 158 stepping 9, cmov, cx8, fxsr, mmx, sse, sse2, sse3, ssse3, sse4.1, sse4.2, popcnt, aes, clmul, erms, 3dnowpref, lzcnt, ht, tsc, tscinvbit

Memory: 4k page, physical 16728504k(901040k free), swap 22872504k(5136k free)

vm_info: Java HotSpot(TM) 64-Bit Server VM (25.241-b07) for windows-amd64 JRE (1.8.0_241-b07), built on Dec 11 2019 10:21:40 by "rejava" with MS VC++ 10.0 (VS2010)

time: Wed Apr 08 03:12:46 2020
timezone: RTZ 4 (зима)
elapsed time: 488 seconds (0d 0h 8m 8s)

