2020-04-14 13:49:30,311 main 
2020-04-14 13:49:30,312 main -------------------------------------------------------------------
2020-04-14 13:49:33,197 main run double running protectin
2020-04-14 13:49:33,208 main [Downloader2] Loaded configuration: normal
2020-04-14 13:49:35,466 main [Bootstrapper] createLauncher
2020-04-14 13:49:35,466 main path C:\Program Files\Java\jre1.8.0_241
2020-04-14 13:49:35,466 main [Bootstrapper] choose jvm:C:\Program Files\Java\jre1.8.0_241\bin\javaw.exe
2020-04-14 13:49:35,468 main [Bootstrapper] validate files
2020-04-14 13:49:35,468 main [Bootstrapper] end validated files
2020-04-14 13:49:35,469 main [Bootstrapper] Starting launcher...
2020-04-14 13:49:35,912 Thread-2 > [TLAUNCHER][STATIC] initialize inner config
2020-04-14 13:49:35,995 Thread-2 > [Loading] INITIALIZING
2020-04-14 13:49:44,984 Thread-2 > Starting TLauncher 2.69 RELEASE
2020-04-14 13:49:44,984 Thread-2 > For more information, visit https://tlauncher.org/
2020-04-14 13:49:44,986 Thread-2 > Startup time: 14.04.2020 13:49:44
2020-04-14 13:49:44,986 Thread-2 > ---
2020-04-14 13:49:45,003 Thread-2 > run double running protectin
2020-04-14 13:49:45,293 Thread-2 > [Loading] LOADING_CONFIGURATION
2020-04-14 13:49:45,294 Thread-2 > Loading configuration from file: C:\Users\Fruksus\AppData\Roaming\.tlauncher\tlauncher-2.0.properties
2020-04-14 13:49:45,332 Thread-2 > [Configuration] Constant values: {}
2020-04-14 13:49:45,380 Thread-2 > Machine info: -------------------------------------------------------
2020-04-14 13:49:45,380 Thread-2 > Windows 10 10.0, Java 1.8.0_241, jvm bit x64, 16336 MB RAM
2020-04-14 13:49:45,380 Thread-2 > java path=C:\Program Files\Java\jre1.8.0_241\bin\javaw.exe
2020-04-14 13:49:45,380 Thread-2 > Intel(R) Pentium(R) CPU G4600 @ 3.60GHz
2020-04-14 13:49:45,380 Thread-2 >  NVIDIA GeForce GT 1030, GeForce GT 1030, 10150 MB, spacedesk Graphics Adapter, Unknown, 8168 MB
2020-04-14 13:49:45,380 Thread-2 > -------------------------------------------------------
2020-04-14 13:49:45,381 Thread-2 > Selected locale: ru_RU
2020-04-14 13:49:45,550 Thread-2 > [Loading] LOADING_CONSOLE
2020-04-14 13:49:46,113 Thread-2 > [Swing] Favicons loaded: 256px, 128px, 96px, 64px, 48px, 32px, 24px, 16px
2020-04-14 13:49:47,620 Thread-2 > 
2020-04-14 13:49:47,837 Thread-2 > [Downloader2] Loaded configuration: good
2020-04-14 13:49:48,035 Thread-2 > [Updater] Requesting an update...
2020-04-14 13:49:48,040 Thread-2 > [Updater] Requesting from: http://repo.tlauncher.org/update/lch/update_2.0.json
2020-04-14 13:49:48,041 Thread-2 > [Updater] Making request: http://repo.tlauncher.org/update/lch/update_2.0.json?version=2.69&client=dc242789-ec95-40cc-aa3b-9202199e3f32
2020-04-14 13:49:48,282 Thread-2 > [Updater] Request time: 240 ms
2020-04-14 13:49:48,288 Thread-2 > [Updater] Successfully requested from: http://repo.tlauncher.org/update/lch/update_2.0.json
2020-04-14 13:49:49,253 Thread-2 > [Browser] Loading resources...
2020-04-14 13:49:49,594 Thread-2 > [Browser] Loading background...
2020-04-14 13:49:49,671 Thread-2 > [Browser] Cleaning up after loading:
2020-04-14 13:49:49,671 Thread-2 > Starting garbage collector: 67 / 146 MB
2020-04-14 13:49:49,839 Thread-2 > Garbage collector completed: 14 / 146 MB
2020-04-14 13:49:49,843 Thread-2 > [Loading] LOADING_MANAGERS
2020-04-14 13:49:49,860 Thread-2 > [LocalVersionList] Base directory: D:\BILD\MAIN1.12.2\>20O_?0?:0
2020-04-14 13:49:49,895 Thread-2 > [ProfileManager] Refreshing profiles from: D:\BILD\MAIN1.12.2\>20O_?0?:0\TlauncherProfiles.json
2020-04-14 13:49:49,913 Thread-2 > [AdvertisingStatusObserver]  started to get ad information
2020-04-14 13:49:49,913 Thread-2 > [AdvertisingStatusObserver]  finished to get add information
2020-04-14 13:49:49,914 Thread-2 > [GsonUtil]  request to http://repo.tlauncher.org/update/downloads/libraries/org/tlauncher/authlib/libraries-1.6.json
2020-04-14 13:49:50,152 Thread-2 > [Loading] LOADING_WINDOW
2020-04-14 13:49:50,578 Thread-2 > [REPO][SERVER_LIST_REPO] Success: Reached the repo in 365 ms.
2020-04-14 13:49:50,901 Thread-2 > [Loading] PREPARING_MAINPANE
2020-04-14 13:49:52,726 Thread-2 > [JFXStartPageLoader]  start load page: http://page.tlauncher.org/update/downloads/configs/client/index.html
2020-04-14 13:49:52,736 Thread-2 > [Browser] Running in JavaFX Thread
2020-04-14 13:49:52,736 Thread-2 > [Browser] Preparing JavaFX...
2020-04-14 13:49:52,847 Thread-2 > [Browser] Initializing...
2020-04-14 13:49:56,949 Thread-2 > [Downloader2] Loaded configuration: good
2020-04-14 13:50:02,800 Thread-2 > [JFXStartPageLoader]  succeeded load page: http://page.tlauncher.org/update/downloads/configs/client/index.html during 10
2020-04-14 13:50:02,800 Thread-2 > [Browser@332216992] Loaded successfully: "http://page.tlauncher.org/update/downloads/configs/client/index.html"
2020-04-14 13:50:03,117 Thread-2 > [Browser] add listens into server_choose
2020-04-14 13:50:03,118 Thread-2 > [Browser] finished listens into server_choose
2020-04-14 13:50:05,085 Thread-2 > [Loading] POSTINIT_GUI
2020-04-14 13:50:05,086 Thread-2 > [Frame] Packing main frame...
2020-04-14 13:50:06,532 Thread-2 > [Frame] Resizing main pane...
2020-04-14 13:50:06,535 Thread-2 > Updater is already closed. Showing up...
2020-04-14 13:50:06,535 Thread-2 > Visibility set.
2020-04-14 13:50:06,540 Thread-2 > [Loading] REFRESHING_INFO
2020-04-14 13:50:06,547 Thread-2 > Started! (21255 ms.)
2020-04-14 13:50:06,547 Thread-2 > [Loading] SUCCESS
2020-04-14 13:50:06,548 Thread-2 [Bootstrapper] I can be terminated now: 0
2020-04-14 18:22:51,110 main 
2020-04-14 18:22:51,111 main -------------------------------------------------------------------
2020-04-14 18:22:52,212 main run double running protectin
2020-04-14 18:22:52,216 main [Downloader2] Loaded configuration: normal
2020-04-14 18:22:52,703 main [Bootstrapper] createLauncher
2020-04-14 18:22:52,703 main path C:\Program Files\Java\jre1.8.0_241
2020-04-14 18:22:52,703 main [Bootstrapper] choose jvm:C:\Program Files\Java\jre1.8.0_241\bin\javaw.exe
2020-04-14 18:22:52,705 main [Bootstrapper] validate files
2020-04-14 18:22:52,705 main [Bootstrapper] end validated files
2020-04-14 18:22:52,709 main [Bootstrapper] Starting launcher...
2020-04-14 18:22:52,976 Thread-2 > [TLAUNCHER][STATIC] initialize inner config
2020-04-14 18:22:53,025 Thread-2 > [Loading] INITIALIZING
2020-04-14 18:22:55,506 Thread-2 > Starting TLauncher 2.69 RELEASE
2020-04-14 18:22:55,506 Thread-2 > For more information, visit https://tlauncher.org/
2020-04-14 18:22:55,507 Thread-2 > Startup time: 14.04.2020 18:22:55
2020-04-14 18:22:55,507 Thread-2 > ---
2020-04-14 18:22:55,509 Thread-2 > run double running protectin
2020-04-14 18:22:55,654 Thread-2 > [Loading] LOADING_CONFIGURATION
2020-04-14 18:22:55,655 Thread-2 > Loading configuration from file: C:\Users\Fruksus\AppData\Roaming\.tlauncher\tlauncher-2.0.properties
2020-04-14 18:22:55,663 Thread-2 > [Configuration] Constant values: {}
2020-04-14 18:22:55,700 Thread-2 > Machine info: -------------------------------------------------------
2020-04-14 18:22:55,700 Thread-2 > Windows 10 10.0, Java 1.8.0_241, jvm bit x64, 16336 MB RAM
2020-04-14 18:22:55,700 Thread-2 > java path=C:\Program Files\Java\jre1.8.0_241\bin\javaw.exe
2020-04-14 18:22:55,701 Thread-2 > Intel(R) Pentium(R) CPU G4600 @ 3.60GHz
2020-04-14 18:22:55,701 Thread-2 >  NVIDIA GeForce GT 1030, GeForce GT 1030, 10150 MB, spacedesk Graphics Adapter, Unknown, 8168 MB
2020-04-14 18:22:55,702 Thread-2 > -------------------------------------------------------
2020-04-14 18:22:55,702 Thread-2 > Selected locale: ru_RU
2020-04-14 18:22:55,770 Thread-2 > [Loading] LOADING_CONSOLE
2020-04-14 18:22:56,014 Thread-2 > [Swing] Favicons loaded: 256px, 128px, 96px, 64px, 48px, 32px, 24px, 16px
2020-04-14 18:22:56,228 Thread-2 > 
2020-04-14 18:22:56,370 Thread-2 > [Downloader2] Loaded configuration: good
2020-04-14 18:22:56,504 Thread-2 > [Updater] Requesting an update...
2020-04-14 18:22:56,512 Thread-2 > [Updater] Requesting from: http://repo.tlauncher.org/update/lch/update_2.0.json
2020-04-14 18:22:56,513 Thread-2 > [Updater] Making request: http://repo.tlauncher.org/update/lch/update_2.0.json?version=2.69&client=dc242789-ec95-40cc-aa3b-9202199e3f32
2020-04-14 18:22:56,599 Thread-2 > [Updater] Request time: 86 ms
2020-04-14 18:22:56,599 Thread-2 > [Updater] Successfully requested from: http://repo.tlauncher.org/update/lch/update_2.0.json
2020-04-14 18:22:56,745 Thread-2 > [Browser] Loading resources...
2020-04-14 18:22:56,903 Thread-2 > [Browser] Loading background...
2020-04-14 18:22:56,993 Thread-2 > [Browser] Cleaning up after loading:
2020-04-14 18:22:56,994 Thread-2 > Starting garbage collector: 69 / 189 MB
2020-04-14 18:22:57,079 Thread-2 > Garbage collector completed: 14 / 189 MB
2020-04-14 18:22:57,081 Thread-2 > [Loading] LOADING_MANAGERS
2020-04-14 18:22:57,099 Thread-2 > [LocalVersionList] Base directory: D:\BILD\MAIN1.12.2\>20O_?0?:0
2020-04-14 18:22:57,122 Thread-2 > [ProfileManager] Refreshing profiles from: D:\BILD\MAIN1.12.2\>20O_?0?:0\TlauncherProfiles.json
2020-04-14 18:22:57,140 Thread-2 > [AdvertisingStatusObserver]  started to get ad information
2020-04-14 18:22:57,141 Thread-2 > [GsonUtil]  request to http://repo.tlauncher.org/update/downloads/libraries/org/tlauncher/authlib/libraries-1.6.json
2020-04-14 18:22:57,141 Thread-2 > [AdvertisingStatusObserver]  finished to get add information
2020-04-14 18:22:57,148 Thread-2 > [Loading] LOADING_WINDOW
2020-04-14 18:22:57,498 Thread-2 > [REPO][SERVER_LIST_REPO] Success: Reached the repo in 335 ms.
2020-04-14 18:22:57,620 Thread-2 > [Loading] PREPARING_MAINPANE
2020-04-14 18:22:57,788 Thread-2 > [JFXStartPageLoader]  start load page: http://page.tlauncher.org/update/downloads/configs/client/index.html
2020-04-14 18:22:57,794 Thread-2 > [Browser] Running in JavaFX Thread
2020-04-14 18:22:57,803 Thread-2 > [Browser] Preparing JavaFX...
2020-04-14 18:22:57,895 Thread-2 > [Browser] Initializing...
2020-04-14 18:22:58,635 Thread-2 > [Downloader2] Loaded configuration: good
2020-04-14 18:22:59,483 Thread-2 > [JFXStartPageLoader]  succeeded load page: http://page.tlauncher.org/update/downloads/configs/client/index.html during 1
2020-04-14 18:22:59,484 Thread-2 > [Browser@1389948764] Loaded successfully: "http://page.tlauncher.org/update/downloads/configs/client/index.html"
2020-04-14 18:22:59,585 Thread-2 > [Browser] add listens into server_choose
2020-04-14 18:22:59,591 Thread-2 > [Browser] finished listens into server_choose
2020-04-14 18:23:00,513 Thread-2 > [Loading] POSTINIT_GUI
2020-04-14 18:23:00,514 Thread-2 > [Frame] Packing main frame...
2020-04-14 18:23:00,613 Thread-2 > [Frame] Resizing main pane...
2020-04-14 18:23:00,613 Thread-2 > Updater is already closed. Showing up...
2020-04-14 18:23:00,614 Thread-2 > Visibility set.
2020-04-14 18:23:00,615 Thread-2 > [Loading] REFRESHING_INFO
2020-04-14 18:23:00,622 Thread-2 > [REPO][EXTRA_VERSION_REPO] Attempt #1; timeout: 45000 ms; url: http://repo.tlauncher.org/update/downloads/versions/new3/
2020-04-14 18:23:00,624 Thread-2 > Started! (4968 ms.)
2020-04-14 18:23:00,624 Thread-2 > [Loading] SUCCESS
2020-04-14 18:23:00,624 Thread-2 [Bootstrapper] I can be terminated now: 0
