2020-04-14 18:33:16,577 main 
2020-04-14 18:33:16,578 main -------------------------------------------------------------------
2020-04-14 18:33:17,567 main run double running protectin
2020-04-14 18:33:17,572 main [Downloader2] Loaded configuration: normal
2020-04-14 18:33:17,934 main [Bootstrapper] createLauncher
2020-04-14 18:33:17,934 main path C:\Program Files\Java\jre1.8.0_241
2020-04-14 18:33:17,935 main [Bootstrapper] choose jvm:C:\Program Files\Java\jre1.8.0_241\bin\javaw.exe
2020-04-14 18:33:17,936 main [Bootstrapper] validate files
2020-04-14 18:33:17,936 main [Bootstrapper] end validated files
2020-04-14 18:33:17,936 main [Bootstrapper] Starting launcher...
2020-04-14 18:33:18,143 Thread-2 > [TLAUNCHER][STATIC] initialize inner config
2020-04-14 18:33:18,230 Thread-2 > [Loading] INITIALIZING
2020-04-14 18:33:22,824 Thread-2 > Starting TLauncher 2.69 RELEASE
2020-04-14 18:33:22,824 Thread-2 > For more information, visit https://tlauncher.org/
2020-04-14 18:33:22,824 Thread-2 > Startup time: 14.04.2020 18:33:22
2020-04-14 18:33:22,825 Thread-2 > ---
2020-04-14 18:33:22,828 Thread-2 > run double running protectin
2020-04-14 18:33:23,049 Thread-2 > [Loading] LOADING_CONFIGURATION
2020-04-14 18:33:23,051 Thread-2 > Loading configuration from file: C:\Users\Fruksus\AppData\Roaming\.tlauncher\tlauncher-2.0.properties
2020-04-14 18:33:23,061 Thread-2 > [Configuration] Constant values: {}
2020-04-14 18:33:23,097 Thread-2 > Machine info: -------------------------------------------------------
2020-04-14 18:33:23,098 Thread-2 > Windows 10 10.0, Java 1.8.0_241, jvm bit x64, 16336 MB RAM
2020-04-14 18:33:23,098 Thread-2 > java path=C:\Program Files\Java\jre1.8.0_241\bin\javaw.exe
2020-04-14 18:33:23,098 Thread-2 > Intel(R) Pentium(R) CPU G4600 @ 3.60GHz
2020-04-14 18:33:23,098 Thread-2 >  NVIDIA GeForce GT 1030, GeForce GT 1030, 10150 MB, spacedesk Graphics Adapter, Unknown, 8168 MB
2020-04-14 18:33:23,099 Thread-2 > -------------------------------------------------------
2020-04-14 18:33:23,099 Thread-2 > Selected locale: ru_RU
2020-04-14 18:33:23,207 Thread-2 > [Loading] LOADING_CONSOLE
2020-04-14 18:33:23,611 Thread-2 > [Swing] Favicons loaded: 256px, 128px, 96px, 64px, 48px, 32px, 24px, 16px
2020-04-14 18:33:24,063 Thread-2 > 
2020-04-14 18:33:24,407 Thread-2 > [Downloader2] Loaded configuration: good
2020-04-14 18:33:24,543 Thread-2 > [Updater] Requesting an update...
2020-04-14 18:33:24,548 Thread-2 > [Updater] Requesting from: http://repo.tlauncher.org/update/lch/update_2.0.json
2020-04-14 18:33:24,551 Thread-2 > [Updater] Making request: http://repo.tlauncher.org/update/lch/update_2.0.json?version=2.69&client=dc242789-ec95-40cc-aa3b-9202199e3f32
2020-04-14 18:33:24,634 Thread-2 > [Updater] Request time: 85 ms
2020-04-14 18:33:24,634 Thread-2 > [Updater] Successfully requested from: http://repo.tlauncher.org/update/lch/update_2.0.json
2020-04-14 18:33:24,883 Thread-2 > [Browser] Loading resources...
2020-04-14 18:33:25,115 Thread-2 > [Browser] Loading background...
2020-04-14 18:33:25,200 Thread-2 > [Browser] Cleaning up after loading:
2020-04-14 18:33:25,201 Thread-2 > Starting garbage collector: 70 / 195 MB
2020-04-14 18:33:25,286 Thread-2 > Garbage collector completed: 14 / 195 MB
2020-04-14 18:33:25,290 Thread-2 > [Loading] LOADING_MANAGERS
2020-04-14 18:33:25,311 Thread-2 > [LocalVersionList] Base directory: D:\BILD\MAIN1.12.2\>20O_?0?:0
2020-04-14 18:33:25,338 Thread-2 > [ProfileManager] Refreshing profiles from: D:\BILD\MAIN1.12.2\>20O_?0?:0\TlauncherProfiles.json
2020-04-14 18:33:25,348 Thread-2 > [AdvertisingStatusObserver]  started to get ad information
2020-04-14 18:33:25,348 Thread-2 > [AdvertisingStatusObserver]  finished to get add information
2020-04-14 18:33:25,354 Thread-2 > [GsonUtil]  request to http://repo.tlauncher.org/update/downloads/libraries/org/tlauncher/authlib/libraries-1.6.json
2020-04-14 18:33:25,379 Thread-2 > [Loading] LOADING_WINDOW
2020-04-14 18:33:25,517 Thread-2 > [JFXStartPageLoader]  start load page: http://page.tlauncher.org/update/downloads/configs/client/index.html
2020-04-14 18:33:25,565 Thread-2 > [Browser] Running in JavaFX Thread
2020-04-14 18:33:25,565 Thread-2 > [Browser] Preparing JavaFX...
2020-04-14 18:33:25,689 Thread-2 > [REPO][SERVER_LIST_REPO] Success: Reached the repo in 256 ms.
2020-04-14 18:33:25,712 Thread-2 > [Browser] Initializing...
2020-04-14 18:33:26,228 Thread-2 > [Loading] PREPARING_MAINPANE
2020-04-14 18:33:27,337 Thread-2 > [JFXStartPageLoader]  succeeded load page: http://page.tlauncher.org/update/downloads/configs/client/index.html during 1
2020-04-14 18:33:27,337 Thread-2 > [Browser@1290635559] Loaded successfully: "http://page.tlauncher.org/update/downloads/configs/client/index.html"
2020-04-14 18:33:27,373 Thread-2 > [Downloader2] Loaded configuration: good
2020-04-14 18:33:27,458 Thread-2 > [Browser] add listens into server_choose
2020-04-14 18:33:27,459 Thread-2 > [Browser] finished listens into server_choose
2020-04-14 18:33:29,562 Thread-2 > [Loading] POSTINIT_GUI
2020-04-14 18:33:29,563 Thread-2 > [Frame] Packing main frame...
2020-04-14 18:33:29,714 Thread-2 > [Frame] Resizing main pane...
2020-04-14 18:33:29,715 Thread-2 > Updater is already closed. Showing up...
2020-04-14 18:33:29,715 Thread-2 > Visibility set.
2020-04-14 18:33:29,716 Thread-2 > [Loading] REFRESHING_INFO
2020-04-14 18:33:29,721 Thread-2 > Started! (6672 ms.)
2020-04-14 18:33:29,722 Thread-2 > [Loading] SUCCESS
2020-04-14 18:33:29,722 Thread-2 [Bootstrapper] I can be terminated now: 0
