2020-04-14 15:24:11,416 main 
2020-04-14 15:24:11,417 main -------------------------------------------------------------------
2020-04-14 15:24:12,100 main run double running protectin
2020-04-14 15:24:12,104 main [Downloader2] Loaded configuration: normal
2020-04-14 15:24:12,503 main [Bootstrapper] createLauncher
2020-04-14 15:24:12,503 main path C:\Program Files\Java\jre1.8.0_241
2020-04-14 15:24:12,503 main [Bootstrapper] choose jvm:C:\Program Files\Java\jre1.8.0_241\bin\javaw.exe
2020-04-14 15:24:12,503 main [Bootstrapper] validate files
2020-04-14 15:24:12,504 main [Bootstrapper] end validated files
2020-04-14 15:24:12,504 main [Bootstrapper] Starting launcher...
2020-04-14 15:24:12,732 Thread-2 > [TLAUNCHER][STATIC] initialize inner config
2020-04-14 15:24:12,825 Thread-2 > [Loading] INITIALIZING
2020-04-14 15:24:14,769 Thread-2 > Starting TLauncher 2.69 RELEASE
2020-04-14 15:24:14,770 Thread-2 > For more information, visit https://tlauncher.org/
2020-04-14 15:24:14,770 Thread-2 > Startup time: 14.04.2020 15:24:14
2020-04-14 15:24:14,777 Thread-2 > ---
2020-04-14 15:24:14,778 Thread-2 > run double running protectin
2020-04-14 15:24:14,943 Thread-2 > [Loading] LOADING_CONFIGURATION
2020-04-14 15:24:14,957 Thread-2 > Loading configuration from file: C:\Users\Fruksus\AppData\Roaming\.tlauncher\tlauncher-2.0.properties
2020-04-14 15:24:14,957 Thread-2 > [Configuration] Constant values: {}
2020-04-14 15:24:14,984 Thread-2 > Machine info: -------------------------------------------------------
2020-04-14 15:24:14,984 Thread-2 > Windows 10 10.0, Java 1.8.0_241, jvm bit x64, 16336 MB RAM
2020-04-14 15:24:14,984 Thread-2 > java path=C:\Program Files\Java\jre1.8.0_241\bin\javaw.exe
2020-04-14 15:24:14,984 Thread-2 > Intel(R) Pentium(R) CPU G4600 @ 3.60GHz
2020-04-14 15:24:14,984 Thread-2 >  NVIDIA GeForce GT 1030, GeForce GT 1030, 10150 MB, spacedesk Graphics Adapter, Unknown, 8168 MB
2020-04-14 15:24:14,985 Thread-2 > -------------------------------------------------------
2020-04-14 15:24:14,985 Thread-2 > Selected locale: ru_RU
2020-04-14 15:24:15,047 Thread-2 > [Loading] LOADING_CONSOLE
2020-04-14 15:24:15,274 Thread-2 > [Swing] Favicons loaded: 256px, 128px, 96px, 64px, 48px, 32px, 24px, 16px
2020-04-14 15:24:15,487 Thread-2 > 
2020-04-14 15:24:15,679 Thread-2 > [Downloader2] Loaded configuration: good
2020-04-14 15:24:15,808 Thread-2 > [Updater] Requesting an update...
2020-04-14 15:24:15,812 Thread-2 > [Updater] Requesting from: http://repo.tlauncher.org/update/lch/update_2.0.json
2020-04-14 15:24:15,813 Thread-2 > [Updater] Making request: http://repo.tlauncher.org/update/lch/update_2.0.json?version=2.69&client=dc242789-ec95-40cc-aa3b-9202199e3f32
2020-04-14 15:24:15,907 Thread-2 > [Updater] Request time: 96 ms
2020-04-14 15:24:15,908 Thread-2 > [Updater] Successfully requested from: http://repo.tlauncher.org/update/lch/update_2.0.json
2020-04-14 15:24:16,067 Thread-2 > [Browser] Loading resources...
2020-04-14 15:24:16,283 Thread-2 > [Browser] Loading background...
2020-04-14 15:24:16,375 Thread-2 > [Browser] Cleaning up after loading:
2020-04-14 15:24:16,375 Thread-2 > Starting garbage collector: 71 / 193 MB
2020-04-14 15:24:16,460 Thread-2 > Garbage collector completed: 15 / 193 MB
2020-04-14 15:24:16,460 Thread-2 > [Loading] LOADING_MANAGERS
2020-04-14 15:24:16,461 Thread-2 > [LocalVersionList] Base directory: D:\BILD\MAIN1.12.2\>20O_?0?:0
2020-04-14 15:24:16,477 Thread-2 > [ProfileManager] Refreshing profiles from: D:\BILD\MAIN1.12.2\>20O_?0?:0\TlauncherProfiles.json
2020-04-14 15:24:16,488 Thread-2 > [AdvertisingStatusObserver]  started to get ad information
2020-04-14 15:24:16,489 Thread-2 > [GsonUtil]  request to http://repo.tlauncher.org/update/downloads/libraries/org/tlauncher/authlib/libraries-1.6.json
2020-04-14 15:24:16,489 Thread-2 > [AdvertisingStatusObserver]  finished to get add information
2020-04-14 15:24:16,499 Thread-2 > [Loading] LOADING_WINDOW
2020-04-14 15:24:16,516 Thread-2 > [JFXStartPageLoader]  start load page: http://page.tlauncher.org/update/downloads/configs/client/index.html
2020-04-14 15:24:16,587 Thread-2 > [Browser] Running in JavaFX Thread
2020-04-14 15:24:16,587 Thread-2 > [Browser] Preparing JavaFX...
2020-04-14 15:24:16,677 Thread-2 > [Loading] PREPARING_MAINPANE
2020-04-14 15:24:16,782 Thread-2 > [Browser] Initializing...
2020-04-14 15:24:16,836 Thread-2 > [REPO][SERVER_LIST_REPO] Success: Reached the repo in 315 ms.
2020-04-14 15:24:17,537 Thread-2 > [Downloader2] Loaded configuration: good
2020-04-14 15:24:18,216 Thread-2 > [JFXStartPageLoader]  succeeded load page: http://page.tlauncher.org/update/downloads/configs/client/index.html during 1
2020-04-14 15:24:18,217 Thread-2 > [Browser@678998548] Loaded successfully: "http://page.tlauncher.org/update/downloads/configs/client/index.html"
2020-04-14 15:24:18,326 Thread-2 > [Browser] add listens into server_choose
2020-04-14 15:24:18,327 Thread-2 > [Browser] finished listens into server_choose
2020-04-14 15:24:19,272 Thread-2 > [Loading] POSTINIT_GUI
2020-04-14 15:24:19,273 Thread-2 > [Frame] Packing main frame...
2020-04-14 15:24:19,387 Thread-2 > [Frame] Resizing main pane...
2020-04-14 15:24:19,388 Thread-2 > Updater is already closed. Showing up...
2020-04-14 15:24:19,388 Thread-2 > Visibility set.
2020-04-14 15:24:19,390 Thread-2 > [Loading] REFRESHING_INFO
2020-04-14 15:24:19,393 Thread-2 > [REPO][EXTRA_VERSION_REPO] Attempt #1; timeout: 45000 ms; url: http://repo.tlauncher.org/update/downloads/versions/new3/
2020-04-14 15:24:19,394 Thread-2 > [VersionManager] Refreshing versions remotely...
2020-04-14 15:24:19,395 Thread-2 > Started! (4452 ms.)
2020-04-14 15:24:19,395 Thread-2 > [Loading] SUCCESS
2020-04-14 15:24:19,396 Thread-2 [Bootstrapper] I can be terminated now: 0
2020-04-14 18:29:03,634 main 
2020-04-14 18:29:03,635 main -------------------------------------------------------------------
2020-04-14 18:29:04,740 main run double running protectin
2020-04-14 18:29:04,744 main [Downloader2] Loaded configuration: normal
2020-04-14 18:29:05,395 main [Bootstrapper] createLauncher
2020-04-14 18:29:05,395 main path C:\Program Files\Java\jre1.8.0_241
2020-04-14 18:29:05,396 main [Bootstrapper] choose jvm:C:\Program Files\Java\jre1.8.0_241\bin\javaw.exe
2020-04-14 18:29:05,397 main [Bootstrapper] validate files
2020-04-14 18:29:05,397 main [Bootstrapper] end validated files
2020-04-14 18:29:05,398 main [Bootstrapper] Starting launcher...
2020-04-14 18:29:05,593 Thread-2 > [TLAUNCHER][STATIC] initialize inner config
2020-04-14 18:29:05,630 Thread-2 > [Loading] INITIALIZING
2020-04-14 18:29:08,060 Thread-2 > Starting TLauncher 2.69 RELEASE
2020-04-14 18:29:08,060 Thread-2 > For more information, visit https://tlauncher.org/
2020-04-14 18:29:08,063 Thread-2 > Startup time: 14.04.2020 18:29:08
2020-04-14 18:29:08,064 Thread-2 > ---
2020-04-14 18:29:08,065 Thread-2 > run double running protectin
2020-04-14 18:29:08,220 Thread-2 > [Loading] LOADING_CONFIGURATION
2020-04-14 18:29:08,222 Thread-2 > Loading configuration from file: C:\Users\Fruksus\AppData\Roaming\.tlauncher\tlauncher-2.0.properties
2020-04-14 18:29:08,234 Thread-2 > [Configuration] Constant values: {}
2020-04-14 18:29:08,268 Thread-2 > Machine info: -------------------------------------------------------
2020-04-14 18:29:08,269 Thread-2 > Windows 10 10.0, Java 1.8.0_241, jvm bit x64, 16336 MB RAM
2020-04-14 18:29:08,269 Thread-2 > java path=C:\Program Files\Java\jre1.8.0_241\bin\javaw.exe
2020-04-14 18:29:08,269 Thread-2 > Intel(R) Pentium(R) CPU G4600 @ 3.60GHz
2020-04-14 18:29:08,269 Thread-2 >  NVIDIA GeForce GT 1030, GeForce GT 1030, 10150 MB, spacedesk Graphics Adapter, Unknown, 8168 MB
2020-04-14 18:29:08,269 Thread-2 > -------------------------------------------------------
2020-04-14 18:29:08,270 Thread-2 > Selected locale: ru_RU
2020-04-14 18:29:08,336 Thread-2 > [Loading] LOADING_CONSOLE
2020-04-14 18:29:08,624 Thread-2 > [Swing] Favicons loaded: 256px, 128px, 96px, 64px, 48px, 32px, 24px, 16px
2020-04-14 18:29:08,836 Thread-2 > 
2020-04-14 18:29:08,965 Thread-2 > [Downloader2] Loaded configuration: good
2020-04-14 18:29:09,095 Thread-2 > [Updater] Requesting an update...
2020-04-14 18:29:09,099 Thread-2 > [Updater] Requesting from: http://repo.tlauncher.org/update/lch/update_2.0.json
2020-04-14 18:29:09,100 Thread-2 > [Updater] Making request: http://repo.tlauncher.org/update/lch/update_2.0.json?version=2.69&client=dc242789-ec95-40cc-aa3b-9202199e3f32
2020-04-14 18:29:09,194 Thread-2 > [Updater] Request time: 96 ms
2020-04-14 18:29:09,194 Thread-2 > [Updater] Successfully requested from: http://repo.tlauncher.org/update/lch/update_2.0.json
2020-04-14 18:29:09,319 Thread-2 > [Browser] Loading resources...
2020-04-14 18:29:09,552 Thread-2 > [Browser] Loading background...
2020-04-14 18:29:09,647 Thread-2 > [Browser] Cleaning up after loading:
2020-04-14 18:29:09,648 Thread-2 > Starting garbage collector: 69 / 192 MB
2020-04-14 18:29:09,741 Thread-2 > Garbage collector completed: 14 / 192 MB
2020-04-14 18:29:09,743 Thread-2 > [Loading] LOADING_MANAGERS
2020-04-14 18:29:09,756 Thread-2 > [LocalVersionList] Base directory: D:\BILD\MAIN1.12.2\>20O_?0?:0
2020-04-14 18:29:09,773 Thread-2 > [ProfileManager] Refreshing profiles from: D:\BILD\MAIN1.12.2\>20O_?0?:0\TlauncherProfiles.json
2020-04-14 18:29:09,789 Thread-2 > [GsonUtil]  request to http://repo.tlauncher.org/update/downloads/libraries/org/tlauncher/authlib/libraries-1.6.json
2020-04-14 18:29:09,790 Thread-2 > [AdvertisingStatusObserver]  started to get ad information
2020-04-14 18:29:09,790 Thread-2 > [AdvertisingStatusObserver]  finished to get add information
2020-04-14 18:29:09,920 Thread-2 > [Loading] LOADING_WINDOW
2020-04-14 18:29:10,086 Thread-2 > [REPO][SERVER_LIST_REPO] Success: Reached the repo in 113 ms.
2020-04-14 18:29:10,206 Thread-2 > [Loading] PREPARING_MAINPANE
2020-04-14 18:29:10,361 Thread-2 > [JFXStartPageLoader]  start load page: http://page.tlauncher.org/update/downloads/configs/client/index.html
2020-04-14 18:29:10,367 Thread-2 > [Browser] Running in JavaFX Thread
2020-04-14 18:29:10,367 Thread-2 > [Browser] Preparing JavaFX...
2020-04-14 18:29:10,468 Thread-2 > [Browser] Initializing...
2020-04-14 18:29:11,571 Thread-2 > [Downloader2] Loaded configuration: good
2020-04-14 18:29:12,420 Thread-2 > [JFXStartPageLoader]  succeeded load page: http://page.tlauncher.org/update/downloads/configs/client/index.html during 2
2020-04-14 18:29:12,421 Thread-2 > [Browser@1650584381] Loaded successfully: "http://page.tlauncher.org/update/downloads/configs/client/index.html"
2020-04-14 18:29:12,546 Thread-2 > [Browser] add listens into server_choose
2020-04-14 18:29:12,549 Thread-2 > [Browser] finished listens into server_choose
2020-04-14 18:29:14,046 Thread-2 > [Loading] POSTINIT_GUI
2020-04-14 18:29:14,046 Thread-2 > [Frame] Packing main frame...
2020-04-14 18:29:14,292 Thread-2 > [Frame] Resizing main pane...
2020-04-14 18:29:14,292 Thread-2 > Updater is already closed. Showing up...
2020-04-14 18:29:14,292 Thread-2 > Visibility set.
2020-04-14 18:29:14,293 Thread-2 > [Loading] REFRESHING_INFO
2020-04-14 18:29:14,303 Thread-2 > [VersionManager] Refreshing versions remotely...
2020-04-14 18:29:14,303 Thread-2 > Started! (6087 ms.)
2020-04-14 18:29:14,303 Thread-2 > [Loading] SUCCESS
2020-04-14 18:29:14,303 Thread-2 [Bootstrapper] I can be terminated now: 0
