2020-04-14 15:45:49,079 main 
2020-04-14 15:45:49,080 main -------------------------------------------------------------------
2020-04-14 15:45:49,763 main run double running protectin
2020-04-14 15:45:49,768 main [Downloader2] Loaded configuration: normal
2020-04-14 15:45:50,096 main [Bootstrapper] createLauncher
2020-04-14 15:45:50,096 main path C:\Program Files\Java\jre1.8.0_241
2020-04-14 15:45:50,097 main [Bootstrapper] choose jvm:C:\Program Files\Java\jre1.8.0_241\bin\javaw.exe
2020-04-14 15:45:50,097 main [Bootstrapper] validate files
2020-04-14 15:45:50,098 main [Bootstrapper] end validated files
2020-04-14 15:45:50,098 main [Bootstrapper] Starting launcher...
2020-04-14 15:45:50,291 Thread-2 > [TLAUNCHER][STATIC] initialize inner config
2020-04-14 15:45:50,326 Thread-2 > [Loading] INITIALIZING
2020-04-14 15:45:52,173 Thread-2 > Starting TLauncher 2.69 RELEASE
2020-04-14 15:45:52,173 Thread-2 > For more information, visit https://tlauncher.org/
2020-04-14 15:45:52,174 Thread-2 > Startup time: 14.04.2020 15:45:52
2020-04-14 15:45:52,174 Thread-2 > ---
2020-04-14 15:45:52,176 Thread-2 > run double running protectin
2020-04-14 15:45:52,361 Thread-2 > [Loading] LOADING_CONFIGURATION
2020-04-14 15:45:52,364 Thread-2 > Loading configuration from file: C:\Users\Fruksus\AppData\Roaming\.tlauncher\tlauncher-2.0.properties
2020-04-14 15:45:52,377 Thread-2 > [Configuration] Constant values: {}
2020-04-14 15:45:52,408 Thread-2 > Machine info: -------------------------------------------------------
2020-04-14 15:45:52,409 Thread-2 > Windows 10 10.0, Java 1.8.0_241, jvm bit x64, 16336 MB RAM
2020-04-14 15:45:52,409 Thread-2 > java path=C:\Program Files\Java\jre1.8.0_241\bin\javaw.exe
2020-04-14 15:45:52,410 Thread-2 > Intel(R) Pentium(R) CPU G4600 @ 3.60GHz
2020-04-14 15:45:52,410 Thread-2 >  NVIDIA GeForce GT 1030, GeForce GT 1030, 10150 MB, spacedesk Graphics Adapter, Unknown, 8168 MB
2020-04-14 15:45:52,410 Thread-2 > -------------------------------------------------------
2020-04-14 15:45:52,410 Thread-2 > Selected locale: ru_RU
2020-04-14 15:45:52,505 Thread-2 > [Loading] LOADING_CONSOLE
2020-04-14 15:45:52,786 Thread-2 > [Swing] Favicons loaded: 256px, 128px, 96px, 64px, 48px, 32px, 24px, 16px
2020-04-14 15:45:52,997 Thread-2 > 
2020-04-14 15:45:53,125 Thread-2 > [Downloader2] Loaded configuration: good
2020-04-14 15:45:53,250 Thread-2 > [Updater] Requesting an update...
2020-04-14 15:45:53,255 Thread-2 > [Updater] Requesting from: http://repo.tlauncher.org/update/lch/update_2.0.json
2020-04-14 15:45:53,255 Thread-2 > [Updater] Making request: http://repo.tlauncher.org/update/lch/update_2.0.json?version=2.69&client=dc242789-ec95-40cc-aa3b-9202199e3f32
2020-04-14 15:45:53,337 Thread-2 > [Updater] Request time: 82 ms
2020-04-14 15:45:53,337 Thread-2 > [Updater] Successfully requested from: http://repo.tlauncher.org/update/lch/update_2.0.json
2020-04-14 15:45:53,440 Thread-2 > [Browser] Loading resources...
2020-04-14 15:45:53,655 Thread-2 > [Browser] Loading background...
2020-04-14 15:45:53,786 Thread-2 > [Browser] Cleaning up after loading:
2020-04-14 15:45:53,786 Thread-2 > Starting garbage collector: 70 / 197 MB
2020-04-14 15:45:53,862 Thread-2 > Garbage collector completed: 15 / 197 MB
2020-04-14 15:45:53,865 Thread-2 > [Loading] LOADING_MANAGERS
2020-04-14 15:45:53,883 Thread-2 > [LocalVersionList] Base directory: C:\Users\Fruksus\Twitch\Minecraft\Instances\123
2020-04-14 15:45:53,901 Thread-2 > [ProfileManager] Refreshing profiles from: C:\Users\Fruksus\Twitch\Minecraft\Instances\123\TlauncherProfiles.json
2020-04-14 15:45:53,933 Thread-2 > [AdvertisingStatusObserver]  started to get ad information
2020-04-14 15:45:53,933 Thread-2 > [AdvertisingStatusObserver]  finished to get add information
2020-04-14 15:45:53,934 Thread-2 > [GsonUtil]  request to http://repo.tlauncher.org/update/downloads/libraries/org/tlauncher/authlib/libraries-1.6.json
2020-04-14 15:45:53,941 Thread-2 > [Loading] LOADING_WINDOW
2020-04-14 15:45:53,949 Thread-2 > [JFXStartPageLoader]  start load page: http://page.tlauncher.org/update/downloads/configs/client/index.html
2020-04-14 15:45:53,987 Thread-2 > [Browser] Running in JavaFX Thread
2020-04-14 15:45:53,987 Thread-2 > [Browser] Preparing JavaFX...
2020-04-14 15:45:54,090 Thread-2 > [Browser] Initializing...
2020-04-14 15:45:54,091 Thread-2 > [Loading] PREPARING_MAINPANE
2020-04-14 15:45:54,331 Thread-2 > [REPO][SERVER_LIST_REPO] Success: Reached the repo in 387 ms.
2020-04-14 15:45:55,062 Thread-2 > [Downloader2] Loaded configuration: good
2020-04-14 15:45:55,599 Thread-2 > [JFXStartPageLoader]  succeeded load page: http://page.tlauncher.org/update/downloads/configs/client/index.html during 1
2020-04-14 15:45:55,599 Thread-2 > [Browser@1631289851] Loaded successfully: "http://page.tlauncher.org/update/downloads/configs/client/index.html"
2020-04-14 15:45:55,691 Thread-2 > [Browser] add listens into server_choose
2020-04-14 15:45:55,692 Thread-2 > [Browser] finished listens into server_choose
2020-04-14 15:45:56,616 Thread-2 > [Loading] POSTINIT_GUI
2020-04-14 15:45:56,617 Thread-2 > [Frame] Packing main frame...
2020-04-14 15:45:56,685 Thread-2 > [Frame] Resizing main pane...
2020-04-14 15:45:56,686 Thread-2 > Updater is already closed. Showing up...
2020-04-14 15:45:56,686 Thread-2 > Visibility set.
2020-04-14 15:45:56,687 Thread-2 > [Loading] REFRESHING_INFO
2020-04-14 15:45:56,691 Thread-2 > [REPO][EXTRA_VERSION_REPO] Attempt #1; timeout: 45000 ms; url: http://repo.tlauncher.org/update/downloads/versions/new3/
2020-04-14 15:45:56,692 Thread-2 > Started! (4330 ms.)
2020-04-14 15:45:56,692 Thread-2 > [Loading] SUCCESS
2020-04-14 15:45:56,692 Thread-2 [Bootstrapper] I can be terminated now: 0
