2020-04-08 17:26:04,129 main 
2020-04-08 17:26:04,130 main -------------------------------------------------------------------
2020-04-08 17:26:05,424 main run double running protectin
2020-04-08 17:26:05,428 main [Downloader2] Loaded configuration: normal
2020-04-08 17:26:05,746 main [TLAUNCHER][STATIC] initialize inner config
2020-04-08 17:26:05,754 MD#1 [Downloader2] Files in queue 14
2020-04-08 17:26:05,755 MD#1 [Downloader2] Starting download 14 files...
2020-04-08 17:26:06,098 DT#2#3 [D#2] >  http://central.maven.org/maven2/javax/inject/javax.inject/1/javax.inject-1.jar 
2020-04-08 17:26:06,098 DT#1#2 [D#1] >  http://repo.tlauncher.org/update/downloads/libraries/com/google/inject/guice/4.1.0/guice-4.1.0.jar 
2020-04-08 17:26:06,163 DT#2#3 [D#2] >  Failed to download from:  http://central.maven.org/maven2/javax/inject/javax.inject/1/javax.inject-1.jar
java.net.UnknownHostException: central.maven.org
at java.net.AbstractPlainSocketImpl.connect(Unknown Source)
at java.net.PlainSocketImpl.connect(Unknown Source)
at java.net.SocksSocketImpl.connect(Unknown Source)
at java.net.Socket.connect(Unknown Source)
at sun.net.NetworkClient.doConnect(Unknown Source)
at sun.net.www.http.HttpClient.openServer(Unknown Source)
at sun.net.www.http.HttpClient.openServer(Unknown Source)
at sun.net.www.http.HttpClient.<init>(Unknown Source)
at sun.net.www.http.HttpClient.New(Unknown Source)
at sun.net.www.http.HttpClient.New(Unknown Source)
at sun.net.www.protocol.http.HttpURLConnection.getNewHttpClient(Unknown Source)
at sun.net.www.protocol.http.HttpURLConnection.plainConnect0(Unknown Source)
at sun.net.www.protocol.http.HttpURLConnection.plainConnect(Unknown Source)
at sun.net.www.protocol.http.HttpURLConnection.connect(Unknown Source)
at org.tlauncher.tlauncher.downloader.DownloaderThread.downloadURL(DownloaderThread.java:181)
at org.tlauncher.tlauncher.downloader.DownloaderThread.download(DownloaderThread.java:153)
at org.tlauncher.tlauncher.downloader.DownloaderThread.run(DownloaderThread.java:92)
Thread called by: org.tlauncher.util.async.ExtendedThread$ExtendedThreadCaller
at org.tlauncher.util.async.ExtendedThread.<init>(ExtendedThread.java:17)
at org.tlauncher.tlauncher.downloader.DownloaderThread.<init>(DownloaderThread.java:41)
at org.tlauncher.tlauncher.downloader.Downloader.sortOut(Downloader.java:243)
at org.tlauncher.tlauncher.downloader.Downloader.run(Downloader.java:194)

2020-04-08 17:26:06,165 DT#2#3 [D#2] >  https://securerepository.net/update/downloads/libraries/javax/inject/javax.inject/1/javax.inject-1.jar 
2020-04-08 17:26:06,326 DT#1#2 [D#1] >  https://securerepository.net/update/downloads/libraries/com/google/inject/extentions/guice-assistedinject/4.1.0/guice-assistedinject-4.1.0.jar 
2020-04-08 17:26:07,736 DT#2#3 [D#2] >  http://repo.tlauncher.org/update/downloads/libraries/aopalliance/aopalliance/1.0/aopalliance-1.0.jar 
2020-04-08 17:26:07,774 DT#2#3 [D#2] >  http://repo.tlauncher.org/update/downloads/libraries/net/sf/jopt-simple/jopt-simple/4.9/jopt-simple-4.9.jar 
2020-04-08 17:26:07,799 DT#1#2 [D#1] >  http://central.maven.org/maven2/com/google/guava/guava/19.0/guava-19.0.jar 
2020-04-08 17:26:07,800 DT#1#2 [D#1] >  Failed to download from:  http://central.maven.org/maven2/com/google/guava/guava/19.0/guava-19.0.jar
java.net.UnknownHostException: central.maven.org
at java.net.AbstractPlainSocketImpl.connect(Unknown Source)
at java.net.PlainSocketImpl.connect(Unknown Source)
at java.net.SocksSocketImpl.connect(Unknown Source)
at java.net.Socket.connect(Unknown Source)
at sun.net.NetworkClient.doConnect(Unknown Source)
at sun.net.www.http.HttpClient.openServer(Unknown Source)
at sun.net.www.http.HttpClient.openServer(Unknown Source)
at sun.net.www.http.HttpClient.<init>(Unknown Source)
at sun.net.www.http.HttpClient.New(Unknown Source)
at sun.net.www.http.HttpClient.New(Unknown Source)
at sun.net.www.protocol.http.HttpURLConnection.getNewHttpClient(Unknown Source)
at sun.net.www.protocol.http.HttpURLConnection.plainConnect0(Unknown Source)
at sun.net.www.protocol.http.HttpURLConnection.plainConnect(Unknown Source)
at sun.net.www.protocol.http.HttpURLConnection.connect(Unknown Source)
at org.tlauncher.tlauncher.downloader.DownloaderThread.downloadURL(DownloaderThread.java:181)
at org.tlauncher.tlauncher.downloader.DownloaderThread.download(DownloaderThread.java:153)
at org.tlauncher.tlauncher.downloader.DownloaderThread.run(DownloaderThread.java:92)
Thread called by: org.tlauncher.util.async.ExtendedThread$ExtendedThreadCaller
at org.tlauncher.util.async.ExtendedThread.<init>(ExtendedThread.java:17)
at org.tlauncher.tlauncher.downloader.DownloaderThread.<init>(DownloaderThread.java:41)
at org.tlauncher.tlauncher.downloader.Downloader.sortOut(Downloader.java:243)
at org.tlauncher.tlauncher.downloader.Downloader.run(Downloader.java:194)

2020-04-08 17:26:07,801 DT#1#2 [D#1] >  https://securerepository.net/update/downloads/libraries/com/google/guava/guava/19.0/guava-19.0.jar 
2020-04-08 17:26:07,814 DT#2#3 [D#2] >  http://central.maven.org/maven2/log4j/log4j/1.2.17/log4j-1.2.17.jar 
2020-04-08 17:26:07,814 DT#2#3 [D#2] >  Failed to download from:  http://central.maven.org/maven2/log4j/log4j/1.2.17/log4j-1.2.17.jar
java.net.UnknownHostException: central.maven.org
at java.net.AbstractPlainSocketImpl.connect(Unknown Source)
at java.net.PlainSocketImpl.connect(Unknown Source)
at java.net.SocksSocketImpl.connect(Unknown Source)
at java.net.Socket.connect(Unknown Source)
at sun.net.NetworkClient.doConnect(Unknown Source)
at sun.net.www.http.HttpClient.openServer(Unknown Source)
at sun.net.www.http.HttpClient.openServer(Unknown Source)
at sun.net.www.http.HttpClient.<init>(Unknown Source)
at sun.net.www.http.HttpClient.New(Unknown Source)
at sun.net.www.http.HttpClient.New(Unknown Source)
at sun.net.www.protocol.http.HttpURLConnection.getNewHttpClient(Unknown Source)
at sun.net.www.protocol.http.HttpURLConnection.plainConnect0(Unknown Source)
at sun.net.www.protocol.http.HttpURLConnection.plainConnect(Unknown Source)
at sun.net.www.protocol.http.HttpURLConnection.connect(Unknown Source)
at org.tlauncher.tlauncher.downloader.DownloaderThread.downloadURL(DownloaderThread.java:181)
at org.tlauncher.tlauncher.downloader.DownloaderThread.download(DownloaderThread.java:153)
at org.tlauncher.tlauncher.downloader.DownloaderThread.run(DownloaderThread.java:92)
Thread called by: org.tlauncher.util.async.ExtendedThread$ExtendedThreadCaller
at org.tlauncher.util.async.ExtendedThread.<init>(ExtendedThread.java:17)
at org.tlauncher.tlauncher.downloader.DownloaderThread.<init>(DownloaderThread.java:41)
at org.tlauncher.tlauncher.downloader.Downloader.sortOut(Downloader.java:243)
at org.tlauncher.tlauncher.downloader.Downloader.run(Downloader.java:194)

2020-04-08 17:26:07,815 DT#2#3 [D#2] >  https://securerepository.net/update/downloads/libraries/log4j/log4j/1.2.17/log4j-1.2.17.jar 
2020-04-08 17:26:08,370 DT#1#2 [D#1] >  http://central.maven.org/maven2/org/apache/commons/commons-lang3/3.4/commons-lang3-3.4.jar 
2020-04-08 17:26:08,372 DT#1#2 [D#1] >  Failed to download from:  http://central.maven.org/maven2/org/apache/commons/commons-lang3/3.4/commons-lang3-3.4.jar
java.net.UnknownHostException: central.maven.org
at java.net.AbstractPlainSocketImpl.connect(Unknown Source)
at java.net.PlainSocketImpl.connect(Unknown Source)
at java.net.SocksSocketImpl.connect(Unknown Source)
at java.net.Socket.connect(Unknown Source)
at sun.net.NetworkClient.doConnect(Unknown Source)
at sun.net.www.http.HttpClient.openServer(Unknown Source)
at sun.net.www.http.HttpClient.openServer(Unknown Source)
at sun.net.www.http.HttpClient.<init>(Unknown Source)
at sun.net.www.http.HttpClient.New(Unknown Source)
at sun.net.www.http.HttpClient.New(Unknown Source)
at sun.net.www.protocol.http.HttpURLConnection.getNewHttpClient(Unknown Source)
at sun.net.www.protocol.http.HttpURLConnection.plainConnect0(Unknown Source)
at sun.net.www.protocol.http.HttpURLConnection.plainConnect(Unknown Source)
at sun.net.www.protocol.http.HttpURLConnection.connect(Unknown Source)
at org.tlauncher.tlauncher.downloader.DownloaderThread.downloadURL(DownloaderThread.java:181)
at org.tlauncher.tlauncher.downloader.DownloaderThread.download(DownloaderThread.java:153)
at org.tlauncher.tlauncher.downloader.DownloaderThread.run(DownloaderThread.java:92)
Thread called by: org.tlauncher.util.async.ExtendedThread$ExtendedThreadCaller
at org.tlauncher.util.async.ExtendedThread.<init>(ExtendedThread.java:17)
at org.tlauncher.tlauncher.downloader.DownloaderThread.<init>(DownloaderThread.java:41)
at org.tlauncher.tlauncher.downloader.Downloader.sortOut(Downloader.java:243)
at org.tlauncher.tlauncher.downloader.Downloader.run(Downloader.java:194)

2020-04-08 17:26:08,378 DT#1#2 [D#1] >  http://repo.tlauncher.org/update/downloads/libraries/org/apache/commons/commons-lang3/3.4/commons-lang3-3.4.jar 
2020-04-08 17:26:08,462 DT#2#3 [D#2] >  https://securerepository.net/update/downloads/libraries/org/tlauncher/tlauncher-resource/1.4/tlauncher-resource-1.4.jar 
2020-04-08 17:26:08,521 DT#1#2 [D#1] >  http://repo.tlauncher.org/update/downloads/libraries/org/tukaani/xz/1.5/xz-1.5.jar 
2020-04-08 17:26:08,563 DT#1#2 [D#1] >  http://repo.tlauncher.org/update/downloads/libraries/org/tlauncher/picture-bundle/2.8/picture-bundle-2.8.jar 
2020-04-08 17:26:08,850 DT#1#2 [D#1] >  http://repo.tlauncher.org/update/downloads/libraries/org/tlauncher/skin-server-API/1.0/skin-server-API-1.0.jar 
2020-04-08 17:26:09,794 DT#2#3 [D#2] >  http://repo.tlauncher.org/update/downloads/libraries/com/github/junrar/junrar/0.7/junrar-0.7.jar 
2020-04-08 17:26:09,842 DT#2#3 [D#2] >  http://central.maven.org/maven2/dnsjava/dnsjava/2.1.8/dnsjava-2.1.8.jar 
2020-04-08 17:26:09,843 DT#2#3 [D#2] >  Failed to download from:  http://central.maven.org/maven2/dnsjava/dnsjava/2.1.8/dnsjava-2.1.8.jar
java.net.UnknownHostException: central.maven.org
at java.net.AbstractPlainSocketImpl.connect(Unknown Source)
at java.net.PlainSocketImpl.connect(Unknown Source)
at java.net.SocksSocketImpl.connect(Unknown Source)
at java.net.Socket.connect(Unknown Source)
at sun.net.NetworkClient.doConnect(Unknown Source)
at sun.net.www.http.HttpClient.openServer(Unknown Source)
at sun.net.www.http.HttpClient.openServer(Unknown Source)
at sun.net.www.http.HttpClient.<init>(Unknown Source)
at sun.net.www.http.HttpClient.New(Unknown Source)
at sun.net.www.http.HttpClient.New(Unknown Source)
at sun.net.www.protocol.http.HttpURLConnection.getNewHttpClient(Unknown Source)
at sun.net.www.protocol.http.HttpURLConnection.plainConnect0(Unknown Source)
at sun.net.www.protocol.http.HttpURLConnection.plainConnect(Unknown Source)
at sun.net.www.protocol.http.HttpURLConnection.connect(Unknown Source)
at org.tlauncher.tlauncher.downloader.DownloaderThread.downloadURL(DownloaderThread.java:181)
at org.tlauncher.tlauncher.downloader.DownloaderThread.download(DownloaderThread.java:153)
at org.tlauncher.tlauncher.downloader.DownloaderThread.run(DownloaderThread.java:92)
Thread called by: org.tlauncher.util.async.ExtendedThread$ExtendedThreadCaller
at org.tlauncher.util.async.ExtendedThread.<init>(ExtendedThread.java:17)
at org.tlauncher.tlauncher.downloader.DownloaderThread.<init>(DownloaderThread.java:41)
at org.tlauncher.tlauncher.downloader.Downloader.sortOut(Downloader.java:243)
at org.tlauncher.tlauncher.downloader.Downloader.run(Downloader.java:194)

2020-04-08 17:26:09,843 DT#2#3 [D#2] >  http://repo.tlauncher.org/update/downloads/libraries/dnsjava/dnsjava/2.1.8/dnsjava-2.1.8.jar 
2020-04-08 17:26:09,912 main [Bootstrapper] createLauncher
2020-04-08 17:26:09,913 main path C:\Program Files\Java\jre1.8.0_241
2020-04-08 17:26:09,913 main [Bootstrapper] choose jvm:C:\Program Files\Java\jre1.8.0_241\bin\javaw.exe
2020-04-08 17:26:09,914 main [Bootstrapper] validate files
2020-04-08 17:26:09,914 main [Bootstrapper] end validated files
2020-04-08 17:26:09,914 main [Bootstrapper] Starting launcher...
2020-04-08 17:26:10,366 Thread-3 > [TLAUNCHER][STATIC] initialize inner config
2020-04-08 17:26:10,436 Thread-3 > [Loading] INITIALIZING
2020-04-08 17:26:15,660 Thread-3 > Starting TLauncher 2.69 RELEASE
2020-04-08 17:26:15,661 Thread-3 > For more information, visit https://tlauncher.org/
2020-04-08 17:26:15,661 Thread-3 > Startup time: 08.04.2020 17:26:15
2020-04-08 17:26:15,662 Thread-3 > ---
2020-04-08 17:26:15,663 Thread-3 > run double running protectin
2020-04-08 17:26:15,798 Thread-3 > [Loading] LOADING_CONFIGURATION
2020-04-08 17:26:15,799 Thread-3 > Loading configuration from file: C:\Users\Fruksus\AppData\Roaming\.tlauncher\tlauncher-2.0.properties
2020-04-08 17:26:15,855 Thread-3 > [Configuration] Constant values: {}
2020-04-08 17:26:15,905 Thread-3 > Machine info: -------------------------------------------------------
2020-04-08 17:26:15,905 Thread-3 > Windows 10 10.0, Java 1.8.0_241, jvm bit x64, 16336 MB RAM
2020-04-08 17:26:15,906 Thread-3 > java path=C:\Program Files\Java\jre1.8.0_241\bin\javaw.exe
2020-04-08 17:26:15,906 Thread-3 > Intel(R) Pentium(R) CPU G4600 @ 3.60GHz
2020-04-08 17:26:15,906 Thread-3 >  NVIDIA GeForce GT 1030, GeForce GT 1030, 10150 MB, spacedesk Graphics Adapter, Unknown, 8168 MB
2020-04-08 17:26:15,906 Thread-3 > -------------------------------------------------------
2020-04-08 17:26:15,906 Thread-3 > Selected locale: ru_RU
2020-04-08 17:26:15,978 Thread-3 > [Loading] LOADING_CONSOLE
2020-04-08 17:26:16,229 Thread-3 > [Swing] Favicons loaded: 256px, 128px, 96px, 64px, 48px, 32px, 24px, 16px
2020-04-08 17:26:16,444 Thread-3 > 
2020-04-08 17:26:16,480 Thread-3 > [Downloader2] Loaded configuration: good
2020-04-08 17:26:16,615 Thread-3 > [Updater] Requesting an update...
2020-04-08 17:26:16,618 Thread-3 > [Updater] Requesting from: http://repo.tlauncher.org/update/lch/update_2.0.json
2020-04-08 17:26:16,618 Thread-3 > [Updater] Making request: http://repo.tlauncher.org/update/lch/update_2.0.json?version=2.69&client=dc242789-ec95-40cc-aa3b-9202199e3f32
2020-04-08 17:26:16,706 Thread-3 > [Updater] Request time: 89 ms
2020-04-08 17:26:16,708 Thread-3 > [Updater] Successfully requested from: http://repo.tlauncher.org/update/lch/update_2.0.json
2020-04-08 17:26:16,923 Thread-3 > [Browser] Loading resources...
2020-04-08 17:26:17,065 Thread-3 > [Browser] Loading background...
2020-04-08 17:26:17,120 Thread-3 > [Browser] Cleaning up after loading:
2020-04-08 17:26:17,124 Thread-3 > Starting garbage collector: 67 / 146 MB
2020-04-08 17:26:17,211 Thread-3 > Garbage collector completed: 13 / 146 MB
2020-04-08 17:26:17,215 Thread-3 > [Loading] LOADING_MANAGERS
2020-04-08 17:26:17,225 Thread-3 > [LocalVersionList] Base directory: D:\BILD\MAIN1.12.2
2020-04-08 17:26:17,246 Thread-3 > [ProfileManager] Refreshing profiles from: D:\BILD\MAIN1.12.2\TlauncherProfiles.json
2020-04-08 17:26:17,251 Thread-3 > [AdvertisingStatusObserver]  started to get ad information
2020-04-08 17:26:17,251 Thread-3 > [GsonUtil]  request to http://repo.tlauncher.org/update/downloads/libraries/org/tlauncher/authlib/libraries-1.6.json
2020-04-08 17:26:17,251 Thread-3 > [AdvertisingStatusObserver]  finished to get add information
2020-04-08 17:26:17,258 Thread-3 > [Loading] LOADING_WINDOW
2020-04-08 17:26:17,545 Thread-3 > [REPO][SERVER_LIST_REPO] Success: Reached the repo in 163 ms.
2020-04-08 17:26:17,590 Thread-3 > [JFXStartPageLoader]  start load page: http://page.tlauncher.org/update/downloads/configs/client/index.html
2020-04-08 17:26:17,592 Thread-3 > [Browser] Running in JavaFX Thread
2020-04-08 17:26:17,593 Thread-3 > [Browser] Preparing JavaFX...
2020-04-08 17:26:17,699 Thread-3 > [Loading] PREPARING_MAINPANE
2020-04-08 17:26:17,700 Thread-3 > [Browser] Initializing...
2020-04-08 17:26:18,653 Thread-3 > [Downloader2] Loaded configuration: good
2020-04-08 17:26:19,380 Thread-3 > [JFXStartPageLoader]  succeeded load page: http://page.tlauncher.org/update/downloads/configs/client/index.html during 1
2020-04-08 17:26:19,381 Thread-3 > [Browser@931976367] Loaded successfully: "http://page.tlauncher.org/update/downloads/configs/client/index.html"
2020-04-08 17:26:19,482 Thread-3 > [Browser] add listens into server_choose
2020-04-08 17:26:19,483 Thread-3 > [Browser] finished listens into server_choose
2020-04-08 17:26:20,641 Thread-3 > [Loading] POSTINIT_GUI
2020-04-08 17:26:20,642 Thread-3 > [Frame] Packing main frame...
2020-04-08 17:26:20,801 Thread-3 > [Frame] Resizing main pane...
2020-04-08 17:26:20,802 Thread-3 > Updater is already closed. Showing up...
2020-04-08 17:26:20,802 Thread-3 > Visibility set.
2020-04-08 17:26:20,804 Thread-3 > [Loading] REFRESHING_INFO
2020-04-08 17:26:20,807 Thread-3 > [REPO][EXTRA_VERSION_REPO] Attempt #1; timeout: 45000 ms; url: http://repo.tlauncher.org/update/downloads/versions/new3/
2020-04-08 17:26:20,810 Thread-3 > Started! (5010 ms.)
2020-04-08 17:26:20,811 Thread-3 > [Loading] SUCCESS
2020-04-08 17:26:20,812 Thread-3 [Bootstrapper] I can be terminated now: 0
2020-04-14 16:42:46,625 main 
2020-04-14 16:42:46,626 main -------------------------------------------------------------------
2020-04-14 16:42:47,648 main run double running protectin
2020-04-14 16:42:47,653 main [Downloader2] Loaded configuration: normal
2020-04-14 16:42:48,168 main [Bootstrapper] createLauncher
2020-04-14 16:42:48,169 main path C:\Program Files\Java\jre1.8.0_241
2020-04-14 16:42:48,169 main [Bootstrapper] choose jvm:C:\Program Files\Java\jre1.8.0_241\bin\javaw.exe
2020-04-14 16:42:48,170 main [Bootstrapper] validate files
2020-04-14 16:42:48,171 main [Bootstrapper] end validated files
2020-04-14 16:42:48,171 main [Bootstrapper] Starting launcher...
2020-04-14 16:42:48,504 Thread-2 > [TLAUNCHER][STATIC] initialize inner config
2020-04-14 16:42:48,565 Thread-2 > [Loading] INITIALIZING
2020-04-14 16:42:51,234 Thread-2 > Starting TLauncher 2.69 RELEASE
2020-04-14 16:42:51,234 Thread-2 > For more information, visit https://tlauncher.org/
2020-04-14 16:42:51,236 Thread-2 > Startup time: 14.04.2020 16:42:51
2020-04-14 16:42:51,236 Thread-2 > ---
2020-04-14 16:42:51,237 Thread-2 > run double running protectin
2020-04-14 16:42:51,431 Thread-2 > [Loading] LOADING_CONFIGURATION
2020-04-14 16:42:51,433 Thread-2 > Loading configuration from file: C:\Users\Fruksus\AppData\Roaming\.tlauncher\tlauncher-2.0.properties
2020-04-14 16:42:51,442 Thread-2 > [Configuration] Constant values: {}
2020-04-14 16:42:51,474 Thread-2 > Machine info: -------------------------------------------------------
2020-04-14 16:42:51,475 Thread-2 > Windows 10 10.0, Java 1.8.0_241, jvm bit x64, 16336 MB RAM
2020-04-14 16:42:51,475 Thread-2 > java path=C:\Program Files\Java\jre1.8.0_241\bin\javaw.exe
2020-04-14 16:42:51,476 Thread-2 > Intel(R) Pentium(R) CPU G4600 @ 3.60GHz
2020-04-14 16:42:51,476 Thread-2 >  NVIDIA GeForce GT 1030, GeForce GT 1030, 10150 MB, spacedesk Graphics Adapter, Unknown, 8168 MB
2020-04-14 16:42:51,477 Thread-2 > -------------------------------------------------------
2020-04-14 16:42:51,477 Thread-2 > Selected locale: ru_RU
2020-04-14 16:42:51,539 Thread-2 > [Loading] LOADING_CONSOLE
2020-04-14 16:42:51,816 Thread-2 > [Swing] Favicons loaded: 256px, 128px, 96px, 64px, 48px, 32px, 24px, 16px
2020-04-14 16:42:52,029 Thread-2 > 
2020-04-14 16:42:52,194 Thread-2 > [Downloader2] Loaded configuration: good
2020-04-14 16:42:52,327 Thread-2 > [Updater] Requesting an update...
2020-04-14 16:42:52,332 Thread-2 > [Updater] Requesting from: http://repo.tlauncher.org/update/lch/update_2.0.json
2020-04-14 16:42:52,332 Thread-2 > [Updater] Making request: http://repo.tlauncher.org/update/lch/update_2.0.json?version=2.69&client=dc242789-ec95-40cc-aa3b-9202199e3f32
2020-04-14 16:42:52,414 Thread-2 > [Updater] Request time: 84 ms
2020-04-14 16:42:52,414 Thread-2 > [Updater] Successfully requested from: http://repo.tlauncher.org/update/lch/update_2.0.json
2020-04-14 16:42:52,616 Thread-2 > [Browser] Loading resources...
2020-04-14 16:42:52,854 Thread-2 > [Browser] Loading background...
2020-04-14 16:42:52,946 Thread-2 > [Browser] Cleaning up after loading:
2020-04-14 16:42:52,947 Thread-2 > Starting garbage collector: 69 / 193 MB
2020-04-14 16:42:53,075 Thread-2 > Garbage collector completed: 15 / 193 MB
2020-04-14 16:42:53,088 Thread-2 > [Loading] LOADING_MANAGERS
2020-04-14 16:42:53,103 Thread-2 > [LocalVersionList] Base directory: D:\BILD\MAIN1.12.2\>20O_?0?:0
2020-04-14 16:42:53,132 Thread-2 > [ProfileManager] Refreshing profiles from: D:\BILD\MAIN1.12.2\>20O_?0?:0\TlauncherProfiles.json
2020-04-14 16:42:53,165 Thread-2 > [AdvertisingStatusObserver]  started to get ad information
2020-04-14 16:42:53,166 Thread-2 > [AdvertisingStatusObserver]  finished to get add information
2020-04-14 16:42:53,167 Thread-2 > [GsonUtil]  request to http://repo.tlauncher.org/update/downloads/libraries/org/tlauncher/authlib/libraries-1.6.json
2020-04-14 16:42:53,180 Thread-2 > [Loading] LOADING_WINDOW
2020-04-14 16:42:53,534 Thread-2 > [REPO][SERVER_LIST_REPO] Success: Reached the repo in 341 ms.
2020-04-14 16:42:53,688 Thread-2 > [Loading] PREPARING_MAINPANE
2020-04-14 16:42:53,940 Thread-2 > [JFXStartPageLoader]  start load page: http://page.tlauncher.org/update/downloads/configs/client/index.html
2020-04-14 16:42:53,945 Thread-2 > [Browser] Running in JavaFX Thread
2020-04-14 16:42:53,946 Thread-2 > [Browser] Preparing JavaFX...
2020-04-14 16:42:54,042 Thread-2 > [Browser] Initializing...
2020-04-14 16:42:55,202 Thread-2 > [Downloader2] Loaded configuration: good
2020-04-14 16:42:56,548 Thread-2 > [JFXStartPageLoader]  succeeded load page: http://page.tlauncher.org/update/downloads/configs/client/index.html during 2
2020-04-14 16:42:56,548 Thread-2 > [Browser@1381674925] Loaded successfully: "http://page.tlauncher.org/update/downloads/configs/client/index.html"
2020-04-14 16:42:56,685 Thread-2 > [Browser] add listens into server_choose
2020-04-14 16:42:56,686 Thread-2 > [Browser] finished listens into server_choose
2020-04-14 16:42:57,716 Thread-2 > [Loading] POSTINIT_GUI
2020-04-14 16:42:57,716 Thread-2 > [Frame] Packing main frame...
2020-04-14 16:42:57,858 Thread-2 > [Frame] Resizing main pane...
2020-04-14 16:42:57,859 Thread-2 > Updater is already closed. Showing up...
2020-04-14 16:42:57,859 Thread-2 > Visibility set.
2020-04-14 16:42:57,860 Thread-2 > [Loading] REFRESHING_INFO
2020-04-14 16:42:57,865 Thread-2 > [VersionManager] Refreshing versions remotely...
2020-04-14 16:42:57,867 Thread-2 > Started! (6434 ms.)
2020-04-14 16:42:57,868 Thread-2 > [Loading] SUCCESS
2020-04-14 16:42:57,873 Thread-2 [Bootstrapper] I can be terminated now: 0
