2020-04-14 15:49:54,340 main 
2020-04-14 15:49:54,342 main -------------------------------------------------------------------
2020-04-14 15:49:55,003 main run double running protectin
2020-04-14 15:49:55,006 main [Downloader2] Loaded configuration: normal
2020-04-14 15:49:55,355 main [Bootstrapper] createLauncher
2020-04-14 15:49:55,355 main path C:\Program Files\Java\jre1.8.0_241
2020-04-14 15:49:55,355 main [Bootstrapper] choose jvm:C:\Program Files\Java\jre1.8.0_241\bin\javaw.exe
2020-04-14 15:49:55,356 main [Bootstrapper] validate files
2020-04-14 15:49:55,356 main [Bootstrapper] end validated files
2020-04-14 15:49:55,356 main [Bootstrapper] Starting launcher...
2020-04-14 15:49:55,486 Thread-2 > [TLAUNCHER][STATIC] initialize inner config
2020-04-14 15:49:55,524 Thread-2 > [Loading] INITIALIZING
2020-04-14 15:49:57,520 Thread-2 > Starting TLauncher 2.69 RELEASE
2020-04-14 15:49:57,520 Thread-2 > For more information, visit https://tlauncher.org/
2020-04-14 15:49:57,521 Thread-2 > Startup time: 14.04.2020 15:49:57
2020-04-14 15:49:57,521 Thread-2 > ---
2020-04-14 15:49:57,522 Thread-2 > run double running protectin
2020-04-14 15:49:57,755 Thread-2 > [Loading] LOADING_CONFIGURATION
2020-04-14 15:49:57,757 Thread-2 > Loading configuration from file: C:\Users\Fruksus\AppData\Roaming\.tlauncher\tlauncher-2.0.properties
2020-04-14 15:49:57,771 Thread-2 > [Configuration] Constant values: {}
2020-04-14 15:49:57,843 Thread-2 > Machine info: -------------------------------------------------------
2020-04-14 15:49:57,843 Thread-2 > Windows 10 10.0, Java 1.8.0_241, jvm bit x64, 16336 MB RAM
2020-04-14 15:49:57,843 Thread-2 > java path=C:\Program Files\Java\jre1.8.0_241\bin\javaw.exe
2020-04-14 15:49:57,843 Thread-2 > Intel(R) Pentium(R) CPU G4600 @ 3.60GHz
2020-04-14 15:49:57,844 Thread-2 >  NVIDIA GeForce GT 1030, GeForce GT 1030, 10150 MB, spacedesk Graphics Adapter, Unknown, 8168 MB
2020-04-14 15:49:57,844 Thread-2 > -------------------------------------------------------
2020-04-14 15:49:57,844 Thread-2 > Selected locale: ru_RU
2020-04-14 15:49:57,878 Thread-2 > [Loading] LOADING_CONSOLE
2020-04-14 15:49:58,133 Thread-2 > [Swing] Favicons loaded: 256px, 128px, 96px, 64px, 48px, 32px, 24px, 16px
2020-04-14 15:49:58,346 Thread-2 > 
2020-04-14 15:49:58,471 Thread-2 > [Downloader2] Loaded configuration: good
2020-04-14 15:49:58,601 Thread-2 > [Updater] Requesting an update...
2020-04-14 15:49:58,606 Thread-2 > [Updater] Requesting from: http://repo.tlauncher.org/update/lch/update_2.0.json
2020-04-14 15:49:58,607 Thread-2 > [Updater] Making request: http://repo.tlauncher.org/update/lch/update_2.0.json?version=2.69&client=dc242789-ec95-40cc-aa3b-9202199e3f32
2020-04-14 15:49:58,787 Thread-2 > [Updater] Request time: 184 ms
2020-04-14 15:49:58,789 Thread-2 > [Updater] Successfully requested from: http://repo.tlauncher.org/update/lch/update_2.0.json
2020-04-14 15:49:58,808 Thread-2 > [Browser] Loading resources...
2020-04-14 15:49:58,950 Thread-2 > [Browser] Loading background...
2020-04-14 15:49:59,046 Thread-2 > [Browser] Cleaning up after loading:
2020-04-14 15:49:59,046 Thread-2 > Starting garbage collector: 71 / 190 MB
2020-04-14 15:49:59,155 Thread-2 > Garbage collector completed: 14 / 190 MB
2020-04-14 15:49:59,156 Thread-2 > [Loading] LOADING_MANAGERS
2020-04-14 15:49:59,156 Thread-2 > [LocalVersionList] Base directory: C:\Users\Fruksus\Twitch\Minecraft\Instances\123
2020-04-14 15:49:59,170 Thread-2 > [ProfileManager] Refreshing profiles from: C:\Users\Fruksus\Twitch\Minecraft\Instances\123\TlauncherProfiles.json
2020-04-14 15:49:59,194 Thread-2 > [AdvertisingStatusObserver]  started to get ad information
2020-04-14 15:49:59,195 Thread-2 > [AdvertisingStatusObserver]  finished to get add information
2020-04-14 15:49:59,195 Thread-2 > [GsonUtil]  request to http://repo.tlauncher.org/update/downloads/libraries/org/tlauncher/authlib/libraries-1.6.json
2020-04-14 15:49:59,214 Thread-2 > [Loading] LOADING_WINDOW
2020-04-14 15:49:59,214 Thread-2 > [JFXStartPageLoader]  start load page: http://page.tlauncher.org/update/downloads/configs/client/index.html
2020-04-14 15:49:59,286 Thread-2 > [Browser] Running in JavaFX Thread
2020-04-14 15:49:59,287 Thread-2 > [Browser] Preparing JavaFX...
2020-04-14 15:49:59,430 Thread-2 > [Browser] Initializing...
2020-04-14 15:49:59,499 Thread-2 > [REPO][SERVER_LIST_REPO] Success: Reached the repo in 260 ms.
2020-04-14 15:49:59,535 Thread-2 > [Loading] PREPARING_MAINPANE
2020-04-14 15:50:00,271 Thread-2 > [Downloader2] Loaded configuration: good
2020-04-14 15:50:00,885 Thread-2 > [JFXStartPageLoader]  succeeded load page: http://page.tlauncher.org/update/downloads/configs/client/index.html during 1
2020-04-14 15:50:00,885 Thread-2 > [Browser@1801410621] Loaded successfully: "http://page.tlauncher.org/update/downloads/configs/client/index.html"
2020-04-14 15:50:00,982 Thread-2 > [Browser] add listens into server_choose
2020-04-14 15:50:00,984 Thread-2 > [Browser] finished listens into server_choose
2020-04-14 15:50:01,814 Thread-2 > [Loading] POSTINIT_GUI
2020-04-14 15:50:01,814 Thread-2 > [Frame] Packing main frame...
2020-04-14 15:50:01,876 Thread-2 > [Frame] Resizing main pane...
2020-04-14 15:50:01,877 Thread-2 > Updater is already closed. Showing up...
2020-04-14 15:50:01,878 Thread-2 > Visibility set.
2020-04-14 15:50:01,879 Thread-2 > [Loading] REFRESHING_INFO
2020-04-14 15:50:01,883 Thread-2 > [REPO][EXTRA_VERSION_REPO] Attempt #1; timeout: 45000 ms; url: http://repo.tlauncher.org/update/downloads/versions/new3/
2020-04-14 15:50:01,884 Thread-2 > [VersionManager] Refreshing versions remotely...
2020-04-14 15:50:01,884 Thread-2 > Started! (4129 ms.)
2020-04-14 15:50:01,884 Thread-2 > [Loading] SUCCESS
2020-04-14 15:50:01,884 Thread-2 [Bootstrapper] I can be terminated now: 0
