2020-04-11 16:09:35,645 main 
2020-04-11 16:09:35,646 main -------------------------------------------------------------------
2020-04-11 16:09:36,726 main run double running protectin
2020-04-11 16:09:36,733 main [Downloader2] Loaded configuration: normal
2020-04-11 16:09:37,222 main [Bootstrapper] createLauncher
2020-04-11 16:09:37,223 main path C:\Program Files\Java\jre1.8.0_241
2020-04-11 16:09:37,223 main [Bootstrapper] choose jvm:C:\Program Files\Java\jre1.8.0_241\bin\javaw.exe
2020-04-11 16:09:37,224 main [Bootstrapper] validate files
2020-04-11 16:09:37,225 main [Bootstrapper] end validated files
2020-04-11 16:09:37,225 main [Bootstrapper] Starting launcher...
2020-04-11 16:09:37,428 Thread-2 > [TLAUNCHER][STATIC] initialize inner config
2020-04-11 16:09:37,486 Thread-2 > [Loading] INITIALIZING
2020-04-11 16:09:40,582 Thread-2 > Starting TLauncher 2.69 RELEASE
2020-04-11 16:09:40,582 Thread-2 > For more information, visit https://tlauncher.org/
2020-04-11 16:09:40,584 Thread-2 > Startup time: 11.04.2020 16:09:40
2020-04-11 16:09:40,585 Thread-2 > ---
2020-04-11 16:09:40,587 Thread-2 > run double running protectin
2020-04-11 16:09:40,756 Thread-2 > [Loading] LOADING_CONFIGURATION
2020-04-11 16:09:40,756 Thread-2 > Loading configuration from file: C:\Users\Fruksus\AppData\Roaming\.tlauncher\tlauncher-2.0.properties
2020-04-11 16:09:40,766 Thread-2 > [Configuration] Constant values: {}
2020-04-11 16:09:40,798 Thread-2 > Machine info: -------------------------------------------------------
2020-04-11 16:09:40,798 Thread-2 > Windows 10 10.0, Java 1.8.0_241, jvm bit x64, 16336 MB RAM
2020-04-11 16:09:40,799 Thread-2 > java path=C:\Program Files\Java\jre1.8.0_241\bin\javaw.exe
2020-04-11 16:09:40,800 Thread-2 > Intel(R) Pentium(R) CPU G4600 @ 3.60GHz
2020-04-11 16:09:40,800 Thread-2 >  NVIDIA GeForce GT 1030, GeForce GT 1030, 10150 MB, spacedesk Graphics Adapter, Unknown, 8168 MB
2020-04-11 16:09:40,800 Thread-2 > -------------------------------------------------------
2020-04-11 16:09:40,800 Thread-2 > Selected locale: ru_RU
2020-04-11 16:09:40,870 Thread-2 > [Loading] LOADING_CONSOLE
2020-04-11 16:09:41,112 Thread-2 > [Swing] Favicons loaded: 256px, 128px, 96px, 64px, 48px, 32px, 24px, 16px
2020-04-11 16:09:41,329 Thread-2 > 
2020-04-11 16:09:41,367 Thread-2 > [Downloader2] Loaded configuration: good
2020-04-11 16:09:41,503 Thread-2 > [Updater] Requesting an update...
2020-04-11 16:09:41,505 Thread-2 > [Updater] Requesting from: http://repo.tlauncher.org/update/lch/update_2.0.json
2020-04-11 16:09:41,507 Thread-2 > [Updater] Making request: http://repo.tlauncher.org/update/lch/update_2.0.json?version=2.69&client=dc242789-ec95-40cc-aa3b-9202199e3f32
2020-04-11 16:09:41,688 Thread-2 > [Updater] Request time: 183 ms
2020-04-11 16:09:41,688 Thread-2 > [Updater] Successfully requested from: http://repo.tlauncher.org/update/lch/update_2.0.json
2020-04-11 16:09:41,947 Thread-2 > [Browser] Loading resources...
2020-04-11 16:09:42,082 Thread-2 > [Browser] Loading background...
2020-04-11 16:09:42,136 Thread-2 > [Browser] Cleaning up after loading:
2020-04-11 16:09:42,136 Thread-2 > Starting garbage collector: 66 / 190 MB
2020-04-11 16:09:42,204 Thread-2 > Garbage collector completed: 13 / 190 MB
2020-04-11 16:09:42,206 Thread-2 > [Loading] LOADING_MANAGERS
2020-04-11 16:09:42,216 Thread-2 > [LocalVersionList] Base directory: D:\BILD\MAIN1.12.2\>20O_?0?:0
2020-04-11 16:09:42,233 Thread-2 > [ProfileManager] Refreshing profiles from: D:\BILD\MAIN1.12.2\>20O_?0?:0\TlauncherProfiles.json
2020-04-11 16:09:42,237 Thread-2 > [AdvertisingStatusObserver]  started to get ad information
2020-04-11 16:09:42,241 Thread-2 > [GsonUtil]  request to http://repo.tlauncher.org/update/downloads/libraries/org/tlauncher/authlib/libraries-1.6.json
2020-04-11 16:09:42,242 Thread-2 > [AdvertisingStatusObserver]  finished to get add information
2020-04-11 16:09:42,248 Thread-2 > [Loading] LOADING_WINDOW
2020-04-11 16:09:42,447 Thread-2 > [Loading] PREPARING_MAINPANE
2020-04-11 16:09:42,570 Thread-2 > [REPO][SERVER_LIST_REPO] Success: Reached the repo in 274 ms.
2020-04-11 16:09:43,055 Thread-2 > [JFXStartPageLoader]  start load page: http://page.tlauncher.org/update/downloads/configs/client/index.html
2020-04-11 16:09:43,060 Thread-2 > [Browser] Running in JavaFX Thread
2020-04-11 16:09:43,061 Thread-2 > [Browser] Preparing JavaFX...
2020-04-11 16:09:43,174 Thread-2 > [Browser] Initializing...
2020-04-11 16:09:43,500 Thread-2 > [Downloader2] Loaded configuration: good
2020-04-11 16:09:45,500 Thread-2 > [JFXStartPageLoader]  succeeded load page: http://page.tlauncher.org/update/downloads/configs/client/index.html during 2
2020-04-11 16:09:45,501 Thread-2 > [Browser@1682634723] Loaded successfully: "http://page.tlauncher.org/update/downloads/configs/client/index.html"
2020-04-11 16:09:45,693 Thread-2 > [Browser] add listens into server_choose
2020-04-11 16:09:45,694 Thread-2 > [Browser] finished listens into server_choose
2020-04-11 16:09:46,882 Thread-2 > [Loading] POSTINIT_GUI
2020-04-11 16:09:46,883 Thread-2 > [Frame] Packing main frame...
2020-04-11 16:09:46,984 Thread-2 > [Frame] Resizing main pane...
2020-04-11 16:09:46,986 Thread-2 > Updater is already closed. Showing up...
2020-04-11 16:09:46,986 Thread-2 > Visibility set.
2020-04-11 16:09:46,987 Thread-2 > [Loading] REFRESHING_INFO
2020-04-11 16:09:46,993 Thread-2 > Started! (6245 ms.)
2020-04-11 16:09:46,993 Thread-2 > [Loading] SUCCESS
2020-04-11 16:09:46,994 Thread-2 [Bootstrapper] I can be terminated now: 0
2020-04-14 18:15:24,079 main 
2020-04-14 18:15:24,079 main -------------------------------------------------------------------
2020-04-14 18:15:25,497 main run double running protectin
2020-04-14 18:15:25,507 main [Downloader2] Loaded configuration: normal
2020-04-14 18:15:26,476 main [Bootstrapper] createLauncher
2020-04-14 18:15:26,476 main path C:\Program Files\Java\jre1.8.0_241
2020-04-14 18:15:26,476 main [Bootstrapper] choose jvm:C:\Program Files\Java\jre1.8.0_241\bin\javaw.exe
2020-04-14 18:15:26,477 main [Bootstrapper] validate files
2020-04-14 18:15:26,477 main [Bootstrapper] end validated files
2020-04-14 18:15:26,477 main [Bootstrapper] Starting launcher...
2020-04-14 18:15:26,649 Thread-2 > [TLAUNCHER][STATIC] initialize inner config
2020-04-14 18:15:26,741 Thread-2 > [Loading] INITIALIZING
2020-04-14 18:15:30,379 Thread-2 > Starting TLauncher 2.69 RELEASE
2020-04-14 18:15:30,380 Thread-2 > For more information, visit https://tlauncher.org/
2020-04-14 18:15:30,381 Thread-2 > Startup time: 14.04.2020 18:15:30
2020-04-14 18:15:30,382 Thread-2 > ---
2020-04-14 18:15:30,386 Thread-2 > run double running protectin
2020-04-14 18:15:30,803 Thread-2 > [Loading] LOADING_CONFIGURATION
2020-04-14 18:15:30,805 Thread-2 > Loading configuration from file: C:\Users\Fruksus\AppData\Roaming\.tlauncher\tlauncher-2.0.properties
2020-04-14 18:15:30,839 Thread-2 > [Configuration] Constant values: {}
2020-04-14 18:15:30,881 Thread-2 > Machine info: -------------------------------------------------------
2020-04-14 18:15:30,881 Thread-2 > Windows 10 10.0, Java 1.8.0_241, jvm bit x64, 16336 MB RAM
2020-04-14 18:15:30,881 Thread-2 > java path=C:\Program Files\Java\jre1.8.0_241\bin\javaw.exe
2020-04-14 18:15:30,882 Thread-2 > Intel(R) Pentium(R) CPU G4600 @ 3.60GHz
2020-04-14 18:15:30,882 Thread-2 >  NVIDIA GeForce GT 1030, GeForce GT 1030, 10150 MB, spacedesk Graphics Adapter, Unknown, 8168 MB
2020-04-14 18:15:30,882 Thread-2 > -------------------------------------------------------
2020-04-14 18:15:30,882 Thread-2 > Selected locale: ru_RU
2020-04-14 18:15:30,972 Thread-2 > [Loading] LOADING_CONSOLE
2020-04-14 18:15:31,515 Thread-2 > [Swing] Favicons loaded: 256px, 128px, 96px, 64px, 48px, 32px, 24px, 16px
2020-04-14 18:15:31,957 Thread-2 > 
2020-04-14 18:15:32,146 Thread-2 > [Downloader2] Loaded configuration: good
2020-04-14 18:15:32,293 Thread-2 > [Updater] Requesting an update...
2020-04-14 18:15:32,304 Thread-2 > [Updater] Requesting from: http://repo.tlauncher.org/update/lch/update_2.0.json
2020-04-14 18:15:32,305 Thread-2 > [Updater] Making request: http://repo.tlauncher.org/update/lch/update_2.0.json?version=2.69&client=dc242789-ec95-40cc-aa3b-9202199e3f32
2020-04-14 18:15:32,493 Thread-2 > [Updater] Request time: 191 ms
2020-04-14 18:15:32,493 Thread-2 > [Updater] Successfully requested from: http://repo.tlauncher.org/update/lch/update_2.0.json
2020-04-14 18:15:32,664 Thread-2 > [Browser] Loading resources...
2020-04-14 18:15:32,939 Thread-2 > [Browser] Loading background...
2020-04-14 18:15:32,999 Thread-2 > [Browser] Cleaning up after loading:
2020-04-14 18:15:33,000 Thread-2 > Starting garbage collector: 71 / 200 MB
2020-04-14 18:15:33,093 Thread-2 > Garbage collector completed: 15 / 201 MB
2020-04-14 18:15:33,096 Thread-2 > [Loading] LOADING_MANAGERS
2020-04-14 18:15:33,120 Thread-2 > [LocalVersionList] Base directory: D:\BILD\MAIN1.12.2\>20O_?0?:0
2020-04-14 18:15:33,145 Thread-2 > [ProfileManager] Refreshing profiles from: D:\BILD\MAIN1.12.2\>20O_?0?:0\TlauncherProfiles.json
2020-04-14 18:15:33,166 Thread-2 > [AdvertisingStatusObserver]  started to get ad information
2020-04-14 18:15:33,167 Thread-2 > [AdvertisingStatusObserver]  finished to get add information
2020-04-14 18:15:33,172 Thread-2 > [GsonUtil]  request to http://repo.tlauncher.org/update/downloads/libraries/org/tlauncher/authlib/libraries-1.6.json
2020-04-14 18:15:33,191 Thread-2 > [Loading] LOADING_WINDOW
2020-04-14 18:15:33,193 Thread-2 > [JFXStartPageLoader]  start load page: http://page.tlauncher.org/update/downloads/configs/client/index.html
2020-04-14 18:15:33,303 Thread-2 > [Browser] Running in JavaFX Thread
2020-04-14 18:15:33,303 Thread-2 > [Browser] Preparing JavaFX...
2020-04-14 18:15:33,469 Thread-2 > [Browser] Initializing...
2020-04-14 18:15:33,715 Thread-2 > [REPO][SERVER_LIST_REPO] Success: Reached the repo in 510 ms.
2020-04-14 18:15:33,953 Thread-2 > [Loading] PREPARING_MAINPANE
2020-04-14 18:15:36,543 Thread-2 > [Downloader2] Loaded configuration: good
2020-04-14 18:15:37,303 Thread-2 > [JFXStartPageLoader]  succeeded load page: http://page.tlauncher.org/update/downloads/configs/client/index.html during 4
2020-04-14 18:15:37,303 Thread-2 > [Browser@1427836270] Loaded successfully: "http://page.tlauncher.org/update/downloads/configs/client/index.html"
2020-04-14 18:15:37,412 Thread-2 > [Browser] add listens into server_choose
2020-04-14 18:15:37,413 Thread-2 > [Browser] finished listens into server_choose
2020-04-14 18:15:38,759 Thread-2 > [Loading] POSTINIT_GUI
2020-04-14 18:15:38,759 Thread-2 > [Frame] Packing main frame...
2020-04-14 18:15:38,839 Thread-2 > [Frame] Resizing main pane...
2020-04-14 18:15:38,840 Thread-2 > Updater is already closed. Showing up...
2020-04-14 18:15:38,840 Thread-2 > Visibility set.
2020-04-14 18:15:38,841 Thread-2 > [Loading] REFRESHING_INFO
2020-04-14 18:15:38,845 Thread-2 > [VersionManager] Refreshing versions remotely...
2020-04-14 18:15:38,846 Thread-2 > [REPO][EXTRA_VERSION_REPO] Attempt #1; timeout: 45000 ms; url: http://repo.tlauncher.org/update/downloads/versions/new3/
2020-04-14 18:15:38,849 Thread-2 > Started! (8044 ms.)
2020-04-14 18:15:38,849 Thread-2 > [Loading] SUCCESS
2020-04-14 18:15:38,849 Thread-2 [Bootstrapper] I can be terminated now: 0
